Magma V2.21-3     Sat May 30 2015 11:26:28 on atkin    [Seed = 589007124]
Type ? for help.  Type <Ctrl>-D to quit.
Field 2.2.76.1
Isogeny class  9.2-a
Curve [w + 1,w + 1,w,2*w + 32,9*w + 29]
Isogeny class  9.2-b
Curve [0,0,w,-4759*w + 20744,231623*w - 1009626]
Isogeny class  9.2-c
Curve [0,0,1,-16*w - 70,73*w + 318]
Curve [0,0,w,-16*w - 70,-73*w - 323]
Isogeny class  9.2-d
Curve [0,0,1,-4759*w + 20744,-231623*w + 1009621]
Isogeny class  9.3-a
Curve [w + 1,w + 1,w,-76*w + 372,23*w - 32]
Isogeny class  9.3-b
Curve [0,0,w,4759*w + 20744,-231623*w - 1009626]
Isogeny class  9.3-c
Curve [0,0,w,16*w - 70,73*w - 323]
Curve [0,0,1,16*w - 70,-73*w + 318]
Isogeny class  9.3-d
Curve [0,0,1,4759*w + 20744,231623*w + 1009621]
Isogeny class  16.1-a
Curve [w + 1,w + 1,0,6*w + 26,8*w + 36]
Isogeny class  16.1-b
Curve [0,0,0,-8,2*w]
Curve [0,0,0,-8,-2*w]
Isogeny class  16.1-c
Curve [-w + 1,-w + 1,0,-6*w + 26,-8*w + 36]
Isogeny class  18.1-a
Curve [w,-w - 1,w + 1,-46792*w - 203947,11319975*w + 49342644]
Isogeny class  18.1-b
Curve [w,w - 1,w + 1,46791*w - 203947,-11319976*w + 49342644]
Isogeny class  18.1-c
Curve [1,w - 1,w,-46790*w - 203942,-11366766*w - 49546594]
Isogeny class  18.1-d
Curve [1,-w - 1,w,46789*w - 203942,11366766*w - 49546594]
Isogeny class  18.2-a
Curve [1,-1,w,-w - 2,-9*w - 44]
Isogeny class  18.2-b
Curve [w,-1,w + 1,-w - 7,8*w + 34]
Isogeny class  18.3-a
Curve [1,-1,w,-2,9*w - 44]
Isogeny class  18.3-b
Curve [w,-1,w + 1,-7,-9*w + 34]
Isogeny class  19.1-a
Curve [0,-1,w,-9,10]
Isogeny class  19.1-b
Curve [0,1,1,-9,-15]
Isogeny class  20.1-a
Curve [w + 1,w - 1,w + 1,-85*w - 374,-2930*w - 12775]
Isogeny class  20.1-b
Curve [w + 1,w,w + 1,-84*w - 371,2293*w + 9992]
Isogeny class  20.2-a
Curve [w + 1,w - 1,0,92*w - 364,2556*w - 11098]
Isogeny class  20.2-b
Curve [w + 1,w,0,93*w - 361,-2664*w + 11669]
Isogeny class  24.1-a
Curve [0,1,w + 1,-52701*w - 229718,-17439999*w - 76019196]
Isogeny class  24.1-b
Curve [0,w,w + 1,w + 2,-3*w + 9]
Isogeny class  24.1-c
Curve [0,-1,w + 1,-52701*w - 229718,17439998*w + 76019186]
Isogeny class  24.1-d
Curve [0,-w,w + 1,w + 2,2*w - 19]
Isogeny class  24.2-a
Curve [0,1,w + 1,52701*w - 229718,17439998*w - 76019196]
Isogeny class  24.2-b
Curve [0,-w,w + 1,-w + 2,2*w + 9]
Isogeny class  24.2-c
Curve [0,-1,w + 1,52701*w - 229718,-17439999*w + 76019186]
Isogeny class  24.2-d
Curve [0,w,w + 1,-w + 2,-3*w - 19]
Isogeny class  25.2-a
Curve [w,-w,w,99*w - 441,1483*w - 6469]
Isogeny class  25.2-b
Curve [1,w + 1,1,103*w - 439,-1281*w + 5590]
Isogeny class  25.2-c
Curve [0,0,1,2112*w - 9206,110412*w - 481275]
Curve [0,0,w,2112*w - 9206,-110412*w + 481270]
Isogeny class  25.2-d
Curve [w + 1,w + 1,w,80*w - 308,-5*w + 90]
Isogeny class  25.3-a
Curve [w,w,w,-99*w - 441,-1483*w - 6469]
Isogeny class  25.3-b
Curve [1,-w + 1,1,-103*w - 439,1281*w + 5590]
Isogeny class  25.3-c
Curve [0,0,w,-2112*w - 9206,110412*w + 481270]
Curve [0,0,1,-2112*w - 9206,-110412*w - 481275]
Isogeny class  25.3-d
Curve [w + 1,w + 1,1,-69*w - 299,-303*w - 1321]
Isogeny class  27.1-a
Curve [1,w,0,4032*w - 17568,170540*w - 743363]
Isogeny class  27.1-b
Curve [0,-w - 1,w,-8*w - 20,-16*w - 25]
Isogeny class  27.1-c
Curve [0,-w - 1,1,205*w - 884,4135*w - 18030]
Isogeny class  27.1-d
Curve [w,-w + 1,0,4028*w - 17557,-162480*w + 708234]
Isogeny class  27.1-e
Curve [w + 1,-w - 1,1,12*w - 54,-31*w + 135]
Isogeny class  27.1-f
Curve [w + 1,0,1,15*w - 51,73*w - 305]
Isogeny class  27.1-g
Curve [0,w + 1,w,205*w - 884,-4135*w + 18025]
Isogeny class  27.1-h
Curve [0,w + 1,1,-8*w - 20,16*w + 20]
Isogeny class  27.2-a
Curve [1,-w,0,-4032*w - 17568,-170540*w - 743363]
Isogeny class  27.2-b
Curve [0,w - 1,1,-692*w + 3020,52898*w - 230576]
Isogeny class  27.2-c
Curve [0,w - 1,1,-205*w - 884,-4135*w - 18030]
Isogeny class  27.2-d
Curve [w,w + 1,0,-4028*w - 17557,162480*w + 708234]
Isogeny class  27.2-e
Curve [w + 1,-1,w,7512*w - 32743,744059*w - 3243274]
Isogeny class  27.2-f
Curve [w + 1,-w,w,7509*w - 32740,-721526*w + 3145055]
Isogeny class  27.2-g
Curve [0,-w + 1,w,-205*w - 884,4135*w + 18025]
Isogeny class  27.2-h
Curve [0,-w + 1,w,-692*w + 3020,-52898*w + 230571]
Isogeny class  30.2-a
Curve [w,w + 1,0,3*w + 13,0]
Isogeny class  30.2-b
Curve [w,-w,w + 1,-1566*w - 6857,185553*w + 808824]
Isogeny class  30.2-c
Curve [1,w + 1,0,32*w - 129,425*w - 1846]
Isogeny class  30.2-d
Curve [1,1,w,w - 6,-13*w + 52]
Isogeny class  30.2-e
Curve [w,0,1,w + 1,16*w - 66]
Isogeny class  30.2-f
Curve [w,-w,0,28*w - 122,-365*w + 1591]
Isogeny class  30.2-g
Curve [1,w + 1,w + 1,-1562*w - 6855,-188681*w - 822540]
Isogeny class  30.2-h
Curve [1,-w,0,-w + 2,2*w + 11]
Isogeny class  30.3-a
Curve [w,-w + 1,0,-3*w + 13,0]
Isogeny class  30.3-b
Curve [w,w,w + 1,1565*w - 6857,-185554*w + 808824]
Isogeny class  30.3-c
Curve [1,-w + 1,0,-32*w - 129,-425*w - 1846]
Isogeny class  30.3-d
Curve [1,1,w,-2*w - 6,13*w + 52]
Isogeny class  30.3-e
Curve [w,0,1,-2*w + 1,-16*w - 66]
Isogeny class  30.3-f
Curve [w,w,0,-28*w - 122,365*w + 1591]
Isogeny class  30.3-g
Curve [1,-w + 1,w + 1,1561*w - 6855,188680*w - 822540]
Isogeny class  30.3-h
Curve [1,w,0,w + 2,-2*w + 11]
Isogeny class  31.1-a
Curve [1,-w + 1,1,-37*w + 164,38*w - 167]
Isogeny class  31.1-b
Curve [w,w,w,-33*w + 162,-108*w + 494]
Isogeny class  31.2-a
Curve [1,w + 1,1,37*w + 164,-38*w - 167]
Isogeny class  31.2-b
Curve [w,-w,w,33*w + 162,108*w + 494]
Isogeny class  32.1-a
Curve [0,1,0,-678*w - 2955,-20928*w - 91223]
Isogeny class  32.1-b
Curve [0,1,0,678*w - 2955,20928*w - 91223]
Isogeny class  32.1-c
Curve [0,-1,0,-678*w - 2955,20928*w + 91223]
Isogeny class  32.1-d
Curve [0,-1,0,678*w - 2955,-20928*w + 91223]
Isogeny class  36.1-a
Curve [w + 1,1,0,129*w - 540,-1398*w + 6114]
Isogeny class  36.1-b
Curve [w + 1,-w + 1,0,-129*w - 540,1398*w + 6114]
Isogeny class  36.1-c
Curve [w + 1,-w + 1,0,125*w - 540,1906*w - 8306]
Isogeny class  36.1-d
Curve [w + 1,1,0,-125*w - 540,-1906*w - 8306]
Isogeny class  36.2-a
Curve [0,w + 1,w + 1,-211*w - 916,-3878*w - 16908]
Isogeny class  36.2-b
Curve [0,-w - 1,w + 1,-211*w - 916,3877*w + 16898]
Isogeny class  36.3-a
Curve [0,-w + 1,w + 1,211*w - 916,3877*w - 16908]
Isogeny class  36.3-b
Curve [0,w - 1,w + 1,211*w - 916,-3878*w + 16898]
Isogeny class  38.1-a
Curve [1,0,1,9,90]
Isogeny class  38.1-b
Curve [w,0,w + 1,33*w - 148,-321*w + 1396]
Isogeny class  38.1-c
Curve [w,0,w + 1,-34*w - 148,320*w + 1396]
Isogeny class  38.1-d
Curve [w,1,w,11,-69]
Isogeny class  38.1-e
Curve [1,1,w + 1,33*w - 146,387*w - 1694]
Isogeny class  38.1-f
Curve [1,1,w + 1,-34*w - 146,-388*w - 1694]
Isogeny class  38.1-g
Curve [w,0,w,-2,-2]
Isogeny class  38.1-h
Curve [1,1,1,0,1]
Isogeny class  40.1-a
Curve [0,w - 1,0,3172*w + 13836,140320*w + 611635]
Isogeny class  40.1-b
Curve [w + 1,-1,0,-797*w - 3473,27882*w + 121535]
Isogeny class  40.1-c
Curve [w + 1,-w,w + 1,-801*w - 3480,-30278*w - 131968]
Isogeny class  40.1-d
Curve [0,-w + 1,0,3172*w + 13836,-140320*w - 611635]
Isogeny class  40.2-a
Curve [0,-w - 1,0,-3172*w + 13836,-140320*w + 611635]
Isogeny class  40.2-b
Curve [w + 1,-w - 1,0,797*w - 3473,-27882*w + 121535]
Isogeny class  40.2-c
Curve [w + 1,0,w + 1,799*w - 3480,30277*w - 131968]
Isogeny class  40.2-d
Curve [0,w + 1,0,-3172*w + 13836,140320*w - 611635]
Isogeny class  45.1-a
Curve [w + 1,1,1,-78*w - 340,599*w + 2598]
Isogeny class  45.1-b
Curve [w + 1,w,w,77436*w - 337503,-24455190*w + 106597754]
Isogeny class  45.1-c
Curve [w,0,1,-13822*w - 60239,59699101*w + 260222352]
Isogeny class  45.1-d
Curve [1,1,w,-13822*w - 60246,-59726744*w - 260342846]
Isogeny class  45.1-e
Curve [w + 1,w - 1,1,77435*w - 337497,24349980*w - 106139059]
Isogeny class  45.1-f
Curve [w + 1,-w + 1,w,-82*w - 349,-917*w - 3993]
Isogeny class  45.3-a
Curve [w,-1,w,59*w - 262,1246*w - 5434]
Isogeny class  45.3-b
Curve [w + 1,-1,1,-8988*w - 39175,949936*w + 4140675]
Isogeny class  45.3-c
Curve [w + 1,w + 1,1,3177*w - 13798,201421*w - 877899]
Isogeny class  45.3-d
Curve [w,-1,1,-412*w - 1789,-23666*w - 103156]
Isogeny class  45.3-e
Curve [1,-1,w + 1,-412*w - 1794,23254*w + 101359]
Isogeny class  45.3-f
Curve [w + 1,w + 1,1,3177*w - 13798,-202542*w + 882935]
Isogeny class  45.3-g
Curve [w + 1,-w,1,-8991*w - 39172,-976903*w - 4258208]
Isogeny class  45.3-h
Curve [1,-1,0,59*w - 257,-1187*w + 5174]
Isogeny class  45.4-a
Curve [w,w + 1,0,4266*w - 18561,414421*w - 1806381]
Isogeny class  45.4-b
Curve [w,-1,w,-8*w + 30,-8*w + 32]
Isogeny class  45.4-c
Curve [1,-w,0,4262*w - 18572,-405893*w + 1769244]
Isogeny class  45.4-d
Curve [1,-1,0,-8*w + 35,0]
Isogeny class  45.4-e
Curve [1,-1,1,8435*w + 36767,4867956*w + 21218928]
Isogeny class  45.4-f
Curve [w,-1,0,8435*w + 36772,-4859521*w - 21182159]
Isogeny class  45.4-g
Curve [w,w + 1,w + 1,4*w + 4,3*w + 14]
Isogeny class  45.4-h
Curve [1,-w,w + 1,2,w - 12]
Isogeny class  45.2-a
Curve [w + 1,-w + 1,1,77*w - 340,-599*w + 2598]
Isogeny class  45.2-b
Curve [w + 1,w,1,-77427*w - 337494,24117687*w + 105126560]
Isogeny class  45.2-c
Curve [w,0,1,13821*w - 60239,-59699101*w + 260222352]
Isogeny class  45.2-d
Curve [1,1,w,13821*w - 60246,59726744*w - 260342846]
Isogeny class  45.2-e
Curve [w + 1,w - 1,w,-77428*w - 337506,-24687486*w - 107610262]
Isogeny class  45.2-f
Curve [w + 1,1,w,81*w - 349,917*w - 3993]
Isogeny class  45.6-a
Curve [w,-1,w,-59*w - 262,-1246*w - 5434]
Isogeny class  45.6-b
Curve [w + 1,-w - 1,1,8987*w - 39175,-949936*w + 4140675]
Isogeny class  45.6-c
Curve [w + 1,w + 1,w,-3166*w - 13807,-215228*w - 938162]
Isogeny class  45.6-d
Curve [w,-1,1,411*w - 1789,23666*w - 103156]
Isogeny class  45.6-e
Curve [1,-1,w + 1,411*w - 1794,-23255*w + 101359]
Isogeny class  45.6-f
Curve [w + 1,w + 1,w,-3166*w - 13807,188735*w + 822672]
Isogeny class  45.6-g
Curve [w + 1,0,1,8990*w - 39172,976903*w - 4258208]
Isogeny class  45.6-h
Curve [1,-1,0,-59*w - 257,1187*w + 5174]
Isogeny class  45.5-a
Curve [w,-w + 1,0,-4266*w - 18561,-414421*w - 1806381]
Isogeny class  45.5-b
Curve [w,-1,w,8*w + 30,8*w + 32]
Isogeny class  45.5-c
Curve [1,w,0,-4262*w - 18572,405893*w + 1769244]
Isogeny class  45.5-d
Curve [1,-1,0,8*w + 35,0]
Isogeny class  45.5-e
Curve [1,-1,1,-8435*w + 36767,-4867956*w + 21218928]
Isogeny class  45.5-f
Curve [w,-1,0,-8435*w + 36772,4859521*w - 21182159]
Isogeny class  45.5-g
Curve [w,-w + 1,w + 1,-5*w + 4,-4*w + 14]
Isogeny class  45.5-h
Curve [1,w,w + 1,-w + 2,-2*w - 12]
Isogeny class  48.1-a
Curve [0,-1,w + 1,3403*w - 14833,-275248*w + 1199771]
Isogeny class  48.1-b
Curve [0,w - 1,w + 1,108*w - 467,1104*w - 4818]
Isogeny class  48.1-c
Curve [0,-w + 1,0,-6346*w - 27652,-669012*w - 2916150]
Isogeny class  48.1-d
Curve [0,1,w + 1,3403*w - 14833,275247*w - 1199781]
Isogeny class  48.1-e
Curve [0,-w + 1,w + 1,108*w - 467,-1105*w + 4808]
Isogeny class  48.1-f
Curve [0,w - 1,0,-6346*w - 27652,669012*w + 2916150]
Isogeny class  48.2-a
Curve [0,-1,w + 1,-3403*w - 14833,275247*w + 1199771]
Isogeny class  48.2-b
Curve [0,-w - 1,w + 1,-108*w - 467,-1105*w - 4818]
Isogeny class  48.2-c
Curve [0,w + 1,0,6346*w - 27652,669012*w - 2916150]
Isogeny class  48.2-d
Curve [0,1,w + 1,-3403*w - 14833,-275248*w - 1199781]
Isogeny class  48.2-e
Curve [0,w + 1,w + 1,-108*w - 467,1104*w + 4808]
Isogeny class  48.2-f
Curve [0,-w - 1,0,6346*w - 27652,-669012*w + 2916150]
Isogeny class  50.2-a
Curve [w,-1,0,-66*w - 283,-13884*w - 60517]
Isogeny class  50.2-b
Curve [w,1,w,-5886*w + 25658,873333*w - 3806768]
Isogeny class  50.2-c
Curve [w,w - 1,0,-9*w - 39,-78*w - 340]
Isogeny class  50.2-d
Curve [w,w,0,-50670*w - 220867,-13203048*w - 57550753]
Isogeny class  50.2-e
Curve [1,-1,1,1277*w + 5566,-76277*w - 332484]
Isogeny class  50.2-f
Curve [w,w,w + 1,-2*w - 16,-20*w - 90]
Isogeny class  50.2-g
Curve [1,-w - 1,0,128*w - 549,-1500*w + 6533]
Isogeny class  50.2-h
Curve [w,w - 1,w,130*w - 554,1629*w - 7085]
Isogeny class  50.2-i
Curve [1,-w + 1,w + 1,-6*w - 14,12*w + 56]
Isogeny class  50.2-j
Curve [w,-1,0,1277*w + 5571,77554*w + 338052]
Isogeny class  50.2-k
Curve [1,-w + 1,0,-50674*w - 220874,13101704*w + 57109008]
Isogeny class  50.2-l
Curve [1,-w - 1,1,-11*w - 44,68*w + 298]
Isogeny class  50.2-m
Curve [1,0,1,-5886*w + 25656,-885105*w + 3858083]
Isogeny class  50.2-n
Curve [1,-1,1,-66*w - 288,13818*w + 60231]
Isogeny class  50.3-a
Curve [w,-1,0,66*w - 283,13884*w - 60517]
Isogeny class  50.3-b
Curve [w,1,w,5886*w + 25658,-873333*w - 3806768]
Isogeny class  50.3-c
Curve [w,-w - 1,0,9*w - 39,78*w - 340]
Isogeny class  50.3-d
Curve [w,-w,0,50670*w - 220867,13203048*w - 57550753]
Isogeny class  50.3-e
Curve [1,-1,1,-1277*w + 5566,76277*w - 332484]
Isogeny class  50.3-f
Curve [w,-w,w + 1,w - 16,19*w - 90]
Isogeny class  50.3-g
Curve [1,w - 1,0,-128*w - 549,1500*w + 6533]
Isogeny class  50.3-h
Curve [w,-w - 1,w,-130*w - 554,-1629*w - 7085]
Isogeny class  50.3-i
Curve [1,w + 1,w + 1,5*w - 14,-13*w + 56]
Isogeny class  50.3-j
Curve [w,-1,0,-1277*w + 5571,-77554*w + 338052]
Isogeny class  50.3-k
Curve [1,w + 1,0,50674*w - 220874,-13101704*w + 57109008]
Isogeny class  50.3-l
Curve [1,w - 1,1,11*w - 44,-68*w + 298]
Isogeny class  50.3-m
Curve [1,0,1,5886*w + 25656,885105*w + 3858083]
Isogeny class  50.3-n
Curve [1,-1,1,66*w - 288,-13818*w + 60231]
Isogeny class  51.2-a
Curve [1,1,0,-w + 3,-2*w + 9]
Isogeny class  51.2-b
Curve [w,-w + 1,1,-2094*w + 9126,-1054378*w + 4595927]
Isogeny class  51.2-c
Curve [1,w,w,-2090*w + 9115,1050195*w - 4577695]
Isogeny class  51.2-d
Curve [w,0,0,-w + 10,0]
Isogeny class  51.3-a
Curve [1,1,0,w + 3,2*w + 9]
Isogeny class  51.3-b
Curve [w,w + 1,1,2093*w + 9126,1054378*w + 4595927]
Isogeny class  51.3-c
Curve [1,-w,w,2089*w + 9115,-1050195*w - 4577695]
Isogeny class  51.3-d
Curve [w,0,0,w + 10,0]
Isogeny class  54.1-a
Curve [1,w,1,501*w - 2183,-13450*w + 58623]
Isogeny class  54.1-b
Curve [w,w,w,-49815*w - 217148,10424254*w + 45438265]
Isogeny class  54.1-c
Curve [1,w,0,92*w - 394,712*w - 3100]
Isogeny class  54.1-d
Curve [w,w,w,2936*w + 12543,-169053*w - 738400]
Isogeny class  54.1-e
Curve [w,-w + 1,0,88*w - 383,-532*w + 2319]
Isogeny class  54.1-f
Curve [1,-w + 1,1,-49819*w - 217146,-10523888*w - 45872558]
Isogeny class  54.1-g
Curve [w,-w + 1,w,497*w - 2181,14448*w - 62986]
Isogeny class  54.1-h
Curve [1,-w + 1,1,2932*w + 12545,174921*w + 763489]
Isogeny class  54.3-a
Curve [1,-1,0,-4*w - 17,-8*w - 35]
Isogeny class  54.3-b
Curve [1,-1,w + 1,-412*w - 1794,9994*w + 43560]
Isogeny class  54.3-c
Curve [1,w + 1,0,3,-3*w - 14]
Isogeny class  54.3-d
Curve [w,-1,w,-4*w - 22,4*w + 15]
Isogeny class  54.3-e
Curve [w,-1,1,-412*w - 1789,-10406*w - 45357]
Isogeny class  54.3-f
Curve [w,-w,0,-4*w + 10,-w + 23]
Isogeny class  54.2-a
Curve [1,-w,1,-501*w - 2183,13450*w + 58623]
Isogeny class  54.2-b
Curve [w,-w,w,49815*w - 217148,-10424254*w + 45438265]
Isogeny class  54.2-c
Curve [1,-w,0,-92*w - 394,-712*w - 3100]
Isogeny class  54.2-d
Curve [w,-w,w,15264*w - 66497,2188701*w - 9540448]
Isogeny class  54.2-e
Curve [w,w + 1,0,-88*w - 383,532*w + 2319]
Isogeny class  54.2-f
Curve [1,w + 1,1,49819*w - 217146,10523888*w - 45872558]
Isogeny class  54.2-g
Curve [w,w + 1,w,-497*w - 2181,-14448*w - 62986]
Isogeny class  54.2-h
Curve [1,w + 1,1,15268*w - 66495,-2158169*w + 9407457]
Isogeny class  54.4-a
Curve [1,-1,0,4*w - 17,8*w - 35]
Isogeny class  54.4-b
Curve [1,-1,w + 1,411*w - 1794,-9995*w + 43560]
Isogeny class  54.4-c
Curve [1,-w + 1,0,3,3*w - 14]
Isogeny class  54.4-d
Curve [w,-1,w,4*w - 22,-4*w + 15]
Isogeny class  54.4-e
Curve [w,-1,1,411*w - 1789,10406*w - 45357]
Isogeny class  54.4-f
Curve [w,w,0,4*w + 10,w + 23]
Isogeny class  57.1-a
Curve [1,-w,0,7,-w - 1]
Isogeny class  57.1-b
Curve [w,w + 1,0,4*w + 18,5*w + 22]
Isogeny class  57.2-a
Curve [1,w,0,7,w - 1]
Isogeny class  57.2-b
Curve [w,-w + 1,0,-4*w + 18,-5*w + 22]
Isogeny class  62.1-a
Curve [1,0,0,-14004*w - 61042,-1891056*w - 8242922]
Isogeny class  62.1-b
Curve [w,1,0,-14004*w - 61031,1863048*w + 8120845]
Isogeny class  62.2-a
Curve [1,0,0,14004*w - 61042,1891056*w - 8242922]
Isogeny class  62.2-b
Curve [w,1,0,14004*w - 61031,-1863048*w + 8120845]
Isogeny class  64.1-a
Curve [0,w,0,-203320*w - 886245,-104484367*w - 455436800]
Curve [0,w,0,203320*w - 886245,-104484367*w + 455436800]
Isogeny class  64.1-b
Curve [0,-w,0,7,-w]
Isogeny class  64.1-c
Curve [w + 1,w + 1,0,6*w - 16,-37*w - 48]
Isogeny class  64.1-d
Curve [0,0,0,-1,0]
Isogeny class  64.1-e
Curve [w + 1,1,w + 1,-9*w - 40,-62*w - 271]
Curve [-w + 1,w + 1,-w + 1,13*w - 40,-21*w + 109]
Isogeny class  64.1-f
Curve [w + 1,w + 1,w + 1,5*w - 26,11*w - 53]
Isogeny class  64.1-g
Curve [-w + 1,1,-w + 1,9*w - 40,62*w - 271]
Curve [w + 1,-w + 1,w + 1,-13*w - 40,21*w + 109]
Isogeny class  64.1-h
Curve [0,-w,0,203320*w - 886245,104484367*w - 455436800]
Curve [0,-w,0,-203320*w - 886245,104484367*w + 455436800]
Isogeny class  64.1-i
Curve [0,w,0,7,w]
Isogeny class  72.1-a
Curve [w + 1,w,w + 1,14369*w - 62603,-1468403*w + 6400670]
Isogeny class  72.1-b
Curve [w + 1,-w + 1,w + 1,4518*w - 19703,334729*w - 1459055]
Isogeny class  72.1-c
Curve [w + 1,1,w + 1,-4520*w - 19703,-334730*w - 1459055]
Isogeny class  72.1-d
Curve [w + 1,w - 1,0,-449*w - 1955,-12428*w - 54173]
Isogeny class  72.1-e
Curve [w + 1,w - 1,w + 1,456*w - 1965,10463*w - 45571]
Isogeny class  72.1-f
Curve [w + 1,w,0,-448*w - 1952,9106*w + 39692]
Isogeny class  72.1-g
Curve [w + 1,w,w + 1,457*w - 1962,-11068*w + 48294]
Isogeny class  72.1-h
Curve [w + 1,1,w + 1,4522*w - 19703,-316646*w + 1380241]
Isogeny class  72.1-i
Curve [w + 1,-w + 1,w + 1,-4524*w - 19703,316645*w + 1380241]
Isogeny class  72.1-j
Curve [w + 1,w - 1,w + 1,14368*w - 62606,1448893*w - 6315542]
Isogeny class  72.2-a
Curve [0,0,w + 1,326*w + 1421,152998*w + 666900]
Isogeny class  72.2-b
Curve [0,0,w + 1,326*w + 1421,-152999*w - 666910]
Isogeny class  72.3-a
Curve [0,0,w + 1,-326*w + 1421,-152999*w + 666900]
Isogeny class  72.3-b
Curve [0,0,w + 1,-326*w + 1421,152998*w - 666910]
Isogeny class  75.3-a
Curve [1,-w,1,-178*w + 781,-15182*w + 66174]
Isogeny class  75.3-b
Curve [0,w - 1,1,-101*w + 444,-529*w + 2307]
Isogeny class  75.3-c
Curve [w,-w,w,1050*w + 4595,3159*w + 13793]
Isogeny class  75.3-d
Curve [1,-w - 1,0,12479*w - 54386,-71823839*w + 313072851]
Isogeny class  75.3-e
Curve [w,w - 1,w,12481*w - 54391,71836319*w - 313127240]
Isogeny class  75.3-f
Curve [1,w + 1,1,1054*w + 4597,-1055*w - 4600]
Isogeny class  75.3-g
Curve [0,-w + 1,w,-101*w + 444,529*w - 2312]
Isogeny class  75.3-h
Curve [w,w + 1,w,-174*w + 783,14830*w - 64609]
Isogeny class  75.4-a
Curve [w,w + 1,w,-31*w - 144,-274*w - 1199]
Isogeny class  75.4-b
Curve [1,-w,1,-35*w - 146,208*w + 910]
Isogeny class  75.4-c
Curve [w + 1,w - 1,w,106*w - 437,-1258*w + 5521]
Isogeny class  75.4-d
Curve [0,-w + 1,1,-5*w - 12,-8*w - 29]
Isogeny class  75.4-e
Curve [0,w - 1,w,-5*w - 12,8*w + 24]
Isogeny class  75.4-f
Curve [w + 1,w,1,107*w - 425,1130*w - 4870]
Isogeny class  75.4-g
Curve [w + 1,-w + 1,1,-35*w - 129,700*w + 3070]
Isogeny class  75.4-h
Curve [w + 1,-1,1,-4082*w + 17802,113761*w - 495866]
Isogeny class  75.4-i
Curve [w + 1,-w,1,-4085*w + 17805,-126010*w + 549264]
Isogeny class  75.4-j
Curve [w + 1,1,w,-31*w - 138,-830*w - 3621]
Isogeny class  75.6-a
Curve [1,w,1,178*w + 781,15182*w + 66174]
Isogeny class  75.6-b
Curve [0,-w - 1,1,101*w + 444,529*w + 2307]
Isogeny class  75.6-c
Curve [w,w,w,-1050*w + 4595,-3159*w + 13793]
Isogeny class  75.6-d
Curve [1,w - 1,0,-12479*w - 54386,71823839*w + 313072851]
Isogeny class  75.6-e
Curve [w,-w - 1,w,-12481*w - 54391,-71836319*w - 313127240]
Isogeny class  75.6-f
Curve [1,-w + 1,1,-1054*w + 4597,1055*w - 4600]
Isogeny class  75.6-g
Curve [0,w + 1,w,101*w + 444,-529*w - 2312]
Isogeny class  75.6-h
Curve [w,-w + 1,w,174*w + 783,-14830*w - 64609]
Isogeny class  75.5-a
Curve [w,-w + 1,w,31*w - 144,274*w - 1199]
Isogeny class  75.5-b
Curve [1,w,1,35*w - 146,-208*w + 910]
Isogeny class  75.5-c
Curve [w + 1,w - 1,1,-99*w - 428,821*w + 3578]
Isogeny class  75.5-d
Curve [0,w + 1,1,5*w - 12,8*w - 29]
Isogeny class  75.5-e
Curve [0,-w - 1,w,5*w - 12,-8*w + 24]
Isogeny class  75.5-f
Curve [w + 1,w,w,-98*w - 434,-1564*w - 6822]
Isogeny class  75.5-g
Curve [w + 1,1,1,34*w - 129,-700*w + 3070]
Isogeny class  75.5-h
Curve [w + 1,-w - 1,1,4081*w + 17802,-113761*w - 495866]
Isogeny class  75.5-i
Curve [w + 1,0,1,4084*w + 17805,126010*w + 549264]
Isogeny class  75.5-j
Curve [w + 1,-w + 1,w,30*w - 138,830*w - 3621]
Isogeny class  76.1-a
Curve [0,-1,w + 1,70720*w - 308261,21432885*w - 93423787]
Isogeny class  76.1-b
Curve [0,1,w + 1,70720*w - 308261,-21432886*w + 93423777]
Isogeny class  80.1-a
Curve [w + 1,w,0,-159027*w + 693227,4919808*w - 21444889]
Isogeny class  80.1-b
Curve [w + 1,w - 1,0,-159028*w + 693224,-4703688*w + 20502944]
Isogeny class  80.1-c
Curve [w + 1,-1,0,-2*w - 8,-22*w - 96]
Isogeny class  80.1-d
Curve [w + 1,-w,w + 1,-6*w - 15,11*w + 58]
Isogeny class  80.1-e
Curve [w + 1,-w - 1,0,-1730*w + 7542,50076*w - 218276]
Isogeny class  80.1-f
Curve [w + 1,-1,0,-254*w - 1298,-5688*w - 25940]
Isogeny class  80.1-g
Curve [w + 1,-w,w + 1,-258*w - 1305,4921*w + 22032]
Isogeny class  80.1-h
Curve [w + 1,0,w + 1,-1728*w + 7535,-55262*w + 240888]
Isogeny class  80.1-i
Curve [w + 1,w,w + 1,22*w + 91,-81*w - 356]
Isogeny class  80.1-j
Curve [w + 1,w - 1,w + 1,21*w + 88,224*w + 973]
Isogeny class  80.2-a
Curve [w + 1,w,w + 1,159036*w + 693217,-4226591*w - 18423286]
Isogeny class  80.2-b
Curve [w + 1,w - 1,w + 1,159035*w + 693214,5396902*w + 23524547]
Isogeny class  80.2-c
Curve [w + 1,-w - 1,0,2*w - 8,22*w - 96]
Isogeny class  80.2-d
Curve [w + 1,0,w + 1,4*w - 15,-12*w + 58]
Isogeny class  80.2-e
Curve [w + 1,-1,0,1730*w + 7542,-50076*w - 218276]
Isogeny class  80.2-f
Curve [w + 1,-w - 1,0,254*w - 1298,5688*w - 25940]
Isogeny class  80.2-g
Curve [w + 1,0,w + 1,256*w - 1305,-4922*w + 22032]
Isogeny class  80.2-h
Curve [w + 1,-w,w + 1,1726*w + 7535,55261*w + 240888]
Isogeny class  80.2-i
Curve [w + 1,w,0,-13*w + 101,172*w - 693]
Isogeny class  80.2-j
Curve [w + 1,w - 1,0,-14*w + 98,-136*w + 636]
Isogeny class  81.1-a
Curve [w,-1,w + 1,36286*w - 158174,4799016*w - 20918431]
Isogeny class  81.1-b
Curve [w,-1,w + 1,-36287*w - 158174,-4799017*w - 20918431]
Isogeny class  81.1-c
Curve [1,-1,w,36286*w - 158169,-4762730*w + 20760254]
Isogeny class  81.1-d
Curve [w + 1,w + 1,w,-728*w + 3214,140*w - 542]
Isogeny class  81.1-e
Curve [1,-1,w,-36287*w - 158169,4762730*w + 20760254]
Isogeny class  81.1-f
Curve [-w + 1,-w + 1,-w,728*w + 3214,-140*w - 542]
Isogeny class  81.2-a
Curve [w,w,w + 1,3*w + 3,3*w + 8]
Isogeny class  81.2-b
Curve [1,-w + 1,w + 1,-w + 5,-w - 4]
Isogeny class  81.4-a
Curve [w,-1,w + 1,-9,w - 11]
Isogeny class  81.4-b
Curve [1,-1,w,-4,-w - 1]
Isogeny class  81.3-a
Curve [w,-w,w + 1,-4*w + 3,-4*w + 8]
Isogeny class  81.3-b
Curve [1,w + 1,w + 1,5,-4]
Isogeny class  81.5-a
Curve [w,-1,w + 1,-w - 9,-2*w - 11]
Isogeny class  81.5-b
Curve [1,-1,w,-w - 4,w - 1]
Isogeny class  85.1-a
Curve [w + 1,w - 1,1,-1610*w - 7014,68211*w + 297324]
Isogeny class  85.1-b
Curve [w + 1,w,w,-1609*w - 7020,-80073*w - 349035]
Isogeny class  85.4-a
Curve [w + 1,w - 1,w,1617*w - 7023,-75234*w + 327976]
Isogeny class  85.4-b
Curve [w + 1,w,1,1618*w - 7011,73053*w - 318374]
Isogeny class  90.1-a
Curve [1,-w - 1,w,9739*w - 42445,-1080539*w + 4709951]
Isogeny class  90.1-b
Curve [1,-w - 1,w,-159*w - 663,-2089*w - 7943]
Isogeny class  90.1-c
Curve [w,w - 1,w + 1,9741*w - 42450,1090279*w - 4752404]
Isogeny class  90.1-d
Curve [1,1,1,26656*w - 116192,4957030*w - 21607193]
Isogeny class  90.1-e
Curve [w,-w - 1,w,-3*w - 1,14]
Isogeny class  90.1-f
Curve [w,w - 1,w + 1,3*w - 8,-w + 8]
Isogeny class  90.1-g
Curve [1,w - 1,w,-79*w - 345,-809*w - 3539]
Isogeny class  90.1-h
Curve [1,0,0,66027*w - 287805,-3427182*w + 14938740]
Isogeny class  90.1-i
Curve [w,1,0,66027*w - 287794,3559236*w - 15514343]
Isogeny class  90.1-j
Curve [w,0,w,26656*w - 116194,-4903718*w + 21374808]
Isogeny class  90.1-k
Curve [1,w - 1,0,-w + 4,-2*w - 13]
Isogeny class  90.1-l
Curve [w,-w - 1,w + 1,-81*w - 350,729*w + 3186]
Isogeny class  90.3-a
Curve [w,-w,1,-3*w + 16,-2*w + 17]
Isogeny class  90.3-b
Curve [1,w + 1,w,w + 9,w - 1]
Isogeny class  90.3-c
Curve [1,-w,w,-152*w + 666,2178*w - 9501]
Isogeny class  90.3-d
Curve [1,-w,w,375*w - 1709,9261*w - 40004]
Isogeny class  90.3-e
Curve [w,w + 1,w,-123*w - 545,-1826*w - 7964]
Isogeny class  90.3-f
Curve [w,-w,w + 1,-6050*w - 26351,-540629*w - 2356522]
Isogeny class  90.3-g
Curve [w,w + 1,1,-148*w + 677,-2477*w + 10835]
Isogeny class  90.3-h
Curve [w,w + 1,1,379*w - 1698,-8506*w + 36588]
Isogeny class  90.3-i
Curve [1,w + 1,w + 1,-6046*w - 26349,528533*w + 2303818]
Isogeny class  90.3-j
Curve [w,-w,1,357*w - 1559,-6697*w + 29190]
Isogeny class  90.3-k
Curve [1,-w,1,-127*w - 547,1576*w + 6873]
Isogeny class  90.3-l
Curve [1,w + 1,w,361*w - 1566,7416*w - 32324]
Isogeny class  90.4-a
Curve [w,-w + 1,w + 1,310*w + 1378,11548*w + 50372]
Isogeny class  90.4-b
Curve [1,-1,0,-4*w - 13,8*w + 21]
Isogeny class  90.4-c
Curve [w,w,w,-5118*w + 22327,-28623*w + 124788]
Isogeny class  90.4-d
Curve [w,-1,0,-4844*w - 21116,-389280*w - 1696832]
Isogeny class  90.4-e
Curve [1,-1,1,-4844*w - 21121,384436*w + 1675713]
Isogeny class  90.4-f
Curve [1,-w + 1,1,-5122*w + 22329,18383*w - 80131]
Isogeny class  90.4-g
Curve [w,-1,w,-4*w - 18,-12*w - 37]
Isogeny class  90.4-h
Curve [1,w,w + 1,314*w + 1376,-10924*w - 47622]
Isogeny class  90.2-a
Curve [1,w - 1,w,-9740*w - 42445,1080539*w + 4709951]
Isogeny class  90.2-b
Curve [1,w - 1,w,158*w - 663,2089*w - 7943]
Isogeny class  90.2-c
Curve [w,-w - 1,w + 1,-9742*w - 42450,-1090280*w - 4752404]
Isogeny class  90.2-d
Curve [1,1,1,-26656*w - 116192,-4957030*w - 21607193]
Isogeny class  90.2-e
Curve [w,w - 1,w,3*w - 1,14]
Isogeny class  90.2-f
Curve [w,-w - 1,w + 1,156*w - 668,-1932*w + 7272]
Isogeny class  90.2-g
Curve [1,-w - 1,w,78*w - 345,809*w - 3539]
Isogeny class  90.2-h
Curve [1,0,0,-66027*w - 287805,3427182*w + 14938740]
Isogeny class  90.2-i
Curve [w,1,0,-66027*w - 287794,-3559236*w - 15514343]
Isogeny class  90.2-j
Curve [w,0,w,-26656*w - 116194,4903718*w + 21374808]
Isogeny class  90.2-k
Curve [1,-w - 1,0,w + 4,2*w - 13]
Isogeny class  90.2-l
Curve [w,w - 1,w + 1,80*w - 350,-730*w + 3186]
Isogeny class  90.6-a
Curve [w,w,1,2*w + 16,2*w + 17]
Isogeny class  90.6-b
Curve [1,-w + 1,w,-2*w + 9,-w - 1]
Isogeny class  90.6-c
Curve [1,w,w,151*w + 666,-2178*w - 9501]
Isogeny class  90.6-d
Curve [1,w,w,-376*w - 1709,-9261*w - 40004]
Isogeny class  90.6-e
Curve [w,-w + 1,w,123*w - 545,1826*w - 7964]
Isogeny class  90.6-f
Curve [w,w,w + 1,6049*w - 26351,540628*w - 2356522]
Isogeny class  90.6-g
Curve [w,-w + 1,1,147*w + 677,2477*w + 10835]
Isogeny class  90.6-h
Curve [w,-w + 1,1,-380*w - 1698,8506*w + 36588]
Isogeny class  90.6-i
Curve [1,-w + 1,w + 1,6045*w - 26349,-528534*w + 2303818]
Isogeny class  90.6-j
Curve [w,w,1,-358*w - 1559,6697*w + 29190]
Isogeny class  90.6-k
Curve [1,w,1,127*w - 547,-1576*w + 6873]
Isogeny class  90.6-l
Curve [1,-w + 1,w,-362*w - 1566,-7416*w - 32324]
Isogeny class  90.5-a
Curve [w,w + 1,w + 1,-311*w + 1378,-11549*w + 50372]
Isogeny class  90.5-b
Curve [1,-1,0,4*w - 13,-8*w + 21]
Isogeny class  90.5-c
Curve [w,-w,w,5118*w + 22327,28623*w + 124788]
Isogeny class  90.5-d
Curve [w,-1,0,4844*w - 21116,389280*w - 1696832]
Isogeny class  90.5-e
Curve [1,-1,1,4844*w - 21121,-384436*w + 1675713]
Isogeny class  90.5-f
Curve [1,w + 1,1,5122*w + 22329,-18383*w - 80131]
Isogeny class  90.5-g
Curve [w,-1,w,4*w - 18,12*w - 37]
Isogeny class  90.5-h
Curve [1,-w,w + 1,-315*w + 1376,10923*w - 47622]
Isogeny class  93.1-a
Curve [0,-w + 1,w,60*w + 271,714*w + 3113]
Isogeny class  93.1-b
Curve [0,-w + 1,w,-11,14*w - 77]
Isogeny class  93.1-c
Curve [0,w - 1,1,60*w + 271,-714*w - 3118]
Isogeny class  93.1-d
Curve [0,w - 1,1,-11,-14*w + 72]
Isogeny class  93.4-a
Curve [0,w + 1,w,-60*w + 271,-714*w + 3113]
Isogeny class  93.4-b
Curve [0,w + 1,w,-11,-14*w - 77]
Isogeny class  93.4-c
Curve [0,-w - 1,1,-60*w + 271,714*w - 3118]
Isogeny class  93.4-d
Curve [0,-w - 1,1,-11,14*w + 72]
Isogeny class  96.1-a
Curve [0,-w,0,-26*w - 107,-159*w - 690]
Isogeny class  96.1-b
Curve [0,w,0,-26*w - 107,159*w + 690]
Isogeny class  96.1-c
Curve [0,-1,0,6*w - 29,16*w - 71]
Isogeny class  96.1-d
Curve [0,1,0,6*w - 29,-16*w + 71]
Isogeny class  96.2-a
Curve [0,w,0,26*w - 107,159*w - 690]
Isogeny class  96.2-b
Curve [0,-w,0,26*w - 107,-159*w + 690]
Isogeny class  96.2-c
Curve [0,-1,0,-6*w - 29,-16*w - 71]
Isogeny class  96.2-d
Curve [0,1,0,-6*w - 29,16*w + 71]
Isogeny class  98.1-a
Curve [1,0,1,4,-6]
Isogeny class  98.1-b
Curve [w,1,w,6,17]
Isogeny class  100.1-a
Curve [w + 1,w,0,12160*w + 53005,-1497775*w - 6528650]
Isogeny class  100.1-b
Curve [w + 1,w - 1,0,12159*w + 53002,1587234*w + 6918592]
Isogeny class  102.1-a
Curve [w,0,w + 1,-73*w - 318,-1101*w - 4798]
Isogeny class  102.1-b
Curve [1,1,w + 1,-73*w - 316,955*w + 4160]
Isogeny class  102.2-a
Curve [w,-w - 1,w + 1,-7377*w - 32141,855149*w + 3727525]
Isogeny class  102.2-b
Curve [1,w - 1,w,-7375*w - 32136,-862525*w - 3759669]
Isogeny class  102.4-a
Curve [w,0,w + 1,72*w - 318,1100*w - 4798]
Isogeny class  102.4-b
Curve [1,1,w + 1,72*w - 316,-956*w + 4160]
Isogeny class  102.3-a
Curve [w,w - 1,w + 1,7376*w - 32141,-855150*w + 3727525]
Isogeny class  102.3-b
Curve [1,-w - 1,w,7374*w - 32136,862525*w - 3759669]
Isogeny class  103.1-a
Curve [1,1,1,-14*w - 61,59*w + 257]
Isogeny class  103.1-b
Curve [w,0,w,-14*w - 63,-87*w - 380]
Isogeny class  103.2-a
Curve [1,1,1,14*w - 61,-59*w + 257]
Isogeny class  103.2-b
Curve [w,0,w,14*w - 63,87*w - 380]
Isogeny class  107.1-a
Curve [0,-1,1,18697*w - 81498,2899222*w - 12637416]
Isogeny class  107.1-b
Curve [0,1,w,18697*w - 81498,-2899222*w + 12637411]
Isogeny class  107.2-a
Curve [0,-1,1,-18697*w - 81498,-2899222*w - 12637416]
Isogeny class  107.2-b
Curve [0,1,w,-18697*w - 81498,2899222*w + 12637411]
Isogeny class  108.1-a
Curve [w + 1,0,w + 1,755839*w - 3294623,-496839115*w + 2165671500]
Isogeny class  108.1-b
Curve [0,-w - 1,w + 1,2278*w - 9920,-216158*w + 942198]
Isogeny class  108.1-c
Curve [0,w + 1,w + 1,-w - 4,2]
Isogeny class  108.1-d
Curve [0,w + 1,w + 1,2278*w - 9920,216157*w - 942208]
Isogeny class  108.1-e
Curve [w + 1,-w - 1,0,755837*w - 3294616,499106630*w - 2175555362]
Isogeny class  108.1-f
Curve [0,-w - 1,w + 1,-w - 4,-w - 12]
Isogeny class  108.2-a
Curve [w + 1,-w,0,-11340*w - 49413,1361411*w + 5934266]
Isogeny class  108.2-b
Curve [0,w - 1,w + 1,-2278*w - 9920,216157*w + 942198]
Isogeny class  108.2-c
Curve [0,-w + 1,w + 1,w - 4,-w + 2]
Isogeny class  108.2-d
Curve [0,-w + 1,w + 1,-2278*w - 9920,-216158*w - 942208]
Isogeny class  108.2-e
Curve [w + 1,-1,w + 1,-11338*w - 49426,-1395427*w - 6082528]
Isogeny class  108.2-f
Curve [0,w - 1,w + 1,w - 4,-12]
Isogeny class  114.1-a
Curve [w,0,1,13495*w - 58818,-1656481*w + 7220437]
Isogeny class  114.1-b
Curve [w,w + 1,w + 1,405*w - 1743,-8958*w + 39078]
Isogeny class  114.1-c
Curve [1,-w,w,-1913*w - 8330,-92430*w - 402895]
Isogeny class  114.1-d
Curve [w,-w - 1,0,26877*w - 117154,4425176*w - 19288895]
Isogeny class  114.1-e
Curve [1,w - 1,1,26879*w - 117159,-4398298*w + 19171738]
Isogeny class  114.1-f
Curve [w,w + 1,1,-1909*w - 8319,88609*w + 386237]
Isogeny class  114.1-g
Curve [1,-w,w + 1,401*w - 1745,9764*w - 42570]
Isogeny class  114.1-h
Curve [1,1,w,13495*w - 58825,1683472*w - 7338089]
Isogeny class  114.2-a
Curve [w,0,1,-13496*w - 58818,1656481*w + 7220437]
Isogeny class  114.2-b
Curve [w,-w + 1,w + 1,-406*w - 1743,8957*w + 39078]
Isogeny class  114.2-c
Curve [1,w,w,1912*w - 8330,92430*w - 402895]
Isogeny class  114.2-d
Curve [w,w - 1,0,-26877*w - 117154,-4425176*w - 19288895]
Isogeny class  114.2-e
Curve [1,-w - 1,1,-26879*w - 117159,4398298*w + 19171738]
Isogeny class  114.2-f
Curve [w,-w + 1,1,1908*w - 8319,-88609*w + 386237]
Isogeny class  114.2-g
Curve [1,w,w + 1,-402*w - 1745,-9765*w - 42570]
Isogeny class  114.2-h
Curve [1,1,w,-13496*w - 58825,-1683472*w - 7338089]
Isogeny class  118.1-a
Curve [w,1,w,-620*w - 2701,16352*w + 71279]
Isogeny class  118.1-b
Curve [1,0,1,-620*w - 2703,-17592*w - 76682]
Isogeny class  118.1-c
Curve [w,-w + 1,0,517*w - 2253,-11758*w + 51252]
Isogeny class  118.1-d
Curve [1,1,w,756*w - 3297,23690*w - 103267]
Isogeny class  118.1-e
Curve [w,0,1,756*w - 3290,-22177*w + 96671]
Isogeny class  118.1-f
Curve [1,w,0,521*w - 2264,12796*w - 55773]
Isogeny class  118.2-a
Curve [w,1,w,620*w - 2701,-16352*w + 71279]
Isogeny class  118.2-b
Curve [1,0,1,620*w - 2703,17592*w - 76682]
Isogeny class  118.2-c
Curve [w,w + 1,0,-517*w - 2253,11758*w + 51252]
Isogeny class  118.2-d
Curve [1,1,w,-757*w - 3297,-23690*w - 103267]
Isogeny class  118.2-e
Curve [w,0,1,-757*w - 3290,22177*w + 96671]
Isogeny class  118.2-f
Curve [1,-w,0,-521*w - 2264,-12796*w - 55773]
Isogeny class  120.1-a
Curve [w + 1,-w,0,19974*w - 87062,-3160698*w + 13777164]
Isogeny class  120.1-b
Curve [w + 1,-1,w + 1,19976*w - 87075,3220624*w - 14038373]
Isogeny class  120.2-a
Curve [w + 1,-w,0,-672*w - 2912,19856*w + 86564]
Isogeny class  120.2-b
Curve [w + 1,-1,w + 1,-670*w - 2925,-21868*w - 95323]
Isogeny class  120.4-a
Curve [w + 1,0,0,-19974*w - 87062,3160698*w + 13777164]
Isogeny class  120.4-b
Curve [w + 1,-w - 1,w + 1,-19978*w - 87075,-3220625*w - 14038373]
Isogeny class  120.3-a
Curve [w + 1,0,0,672*w - 2912,-19856*w + 86564]
Isogeny class  120.3-b
Curve [w + 1,-w - 1,w + 1,668*w - 2925,21867*w - 95323]
Isogeny class  121.1-a
Curve [0,-w - 1,1,129*w + 566,1092*w + 4761]
Isogeny class  121.1-b
Curve [0,-w + 1,w,-129*w + 566,1092*w - 4766]
Isogeny class  121.1-c
Curve [0,1,w,-10,15]
Isogeny class  121.1-d
Curve [0,-1,1,-10,-20]
Isogeny class  121.1-e
Curve [0,w - 1,1,-129*w + 566,-1092*w + 4761]
Isogeny class  121.1-f
Curve [0,w + 1,w,129*w + 566,-1092*w - 4766]
Isogeny class  122.1-a
Curve [w,w + 1,w + 1,-11369*w - 49563,1632612*w + 7116388]
Isogeny class  122.1-b
Curve [1,-w,w + 1,-11373*w - 49565,-1655354*w - 7215520]
Isogeny class  122.2-a
Curve [w,-w + 1,w + 1,11368*w - 49563,-1632613*w + 7116388]
Isogeny class  122.2-b
Curve [1,w,w + 1,11372*w - 49565,1655353*w - 7215520]
Isogeny class  124.1-a
Curve [0,-w + 1,w + 1,-1587*w - 6908,-231778*w - 1010294]
Isogeny class  124.1-b
Curve [0,w - 1,w + 1,-1587*w - 6908,231777*w + 1010284]
Isogeny class  124.2-a
Curve [0,w + 1,w + 1,1587*w - 6908,231777*w - 1010294]
Isogeny class  124.2-b
Curve [0,-w - 1,w + 1,1587*w - 6908,-231778*w + 1010284]
Isogeny class  125.1-a
Curve [1,-w + 1,1,7773*w - 33879,1787413*w - 7791154]
Isogeny class  125.1-b
Curve [w + 1,1,1,w + 10,1]
Isogeny class  125.1-c
Curve [w + 1,-w + 1,w,-3*w + 1,-2*w + 4]
Isogeny class  125.1-d
Curve [w,w,w,7777*w - 33881,-1771863*w + 7723395]
Isogeny class  125.2-a
Curve [1,w + 1,1,-7773*w - 33879,-1787413*w - 7791154]
Isogeny class  125.2-b
Curve [w + 1,-w + 1,1,-2*w + 10,1]
Isogeny class  125.2-c
Curve [w + 1,1,w,2*w + 1,2*w + 4]
Isogeny class  125.2-d
Curve [w,-w,w,-7777*w - 33881,1771863*w + 7723395]
Isogeny class  128.1-a
Curve [0,w - 1,0,-1926*w + 8399,165329*w - 720651]
Isogeny class  128.1-b
Curve [0,-w - 1,0,1926*w + 8399,-165329*w - 720651]
Isogeny class  128.1-c
Curve [0,w + 1,0,1926*w + 8399,165329*w + 720651]
Isogeny class  128.1-d
Curve [0,-w + 1,0,-1926*w + 8399,-165329*w + 720651]
Isogeny class  134.1-a
Curve [1,w - 1,w + 1,16583*w + 72294,1731757*w + 7548546]
Isogeny class  134.1-b
Curve [w,-w - 1,1,16581*w + 72299,-1715175*w - 7476255]
Isogeny class  134.2-a
Curve [1,-w - 1,w + 1,-16584*w + 72294,-1731758*w + 7548546]
Isogeny class  134.2-b
Curve [w,w - 1,1,-16582*w + 72299,1715175*w - 7476255]
Isogeny class  135.1-a
Curve [w + 1,-1,1,-36*w + 116,31*w - 371]
Isogeny class  135.1-b
Curve [w,-w,w + 1,-1656*w - 7198,-52812*w - 230177]
Isogeny class  135.1-c
Curve [w + 1,-1,1,-1543*w - 6723,-67016*w - 292116]
Isogeny class  135.1-d
Curve [w + 1,-w,1,-1546*w - 6720,62384*w + 271939]
Isogeny class  135.1-e
Curve [1,w + 1,w + 1,-1652*w - 7196,49504*w + 215779]
Isogeny class  135.1-f
Curve [w + 1,-w,1,-39*w + 119,-142*w + 711]
Isogeny class  135.1-g
Curve [w,-w,1,434981*w + 1896068,1436865936*w + 6263153438]
Isogeny class  135.1-h
Curve [w + 1,-w,1,3597*w - 15679,253566*w - 1105268]
Isogeny class  135.1-i
Curve [w + 1,-w,w,-1546*w - 6729,241394*w + 1052221]
Isogeny class  135.1-j
Curve [w + 1,-1,w,-1543*w - 6732,-246026*w - 1072407]
Isogeny class  135.1-k
Curve [w + 1,-1,1,3600*w - 15682,-242769*w + 1058214]
Isogeny class  135.1-l
Curve [1,w + 1,w,434985*w + 1896061,-1435995969*w - 6259361318]
Isogeny class  135.2-a
Curve [w + 1,-w - 1,w,w - 17,14*w - 66]
Isogeny class  135.2-b
Curve [1,w,0,251*w - 1087,4223*w - 18404]
Isogeny class  135.2-c
Curve [w + 1,0,w,7*w - 32,26*w - 114]
Isogeny class  135.2-d
Curve [w,w,w,11*w - 30,37*w - 137]
Isogeny class  135.2-e
Curve [1,-w + 1,1,7*w - 28,-19*w + 80]
Isogeny class  135.2-f
Curve [w,-w + 1,w + 1,-8*w - 8,-8*w + 1]
Isogeny class  135.2-g
Curve [w + 1,-w - 1,w,4*w - 35,-8*w + 19]
Isogeny class  135.2-h
Curve [w + 1,0,w,4*w - 14,-5*w + 25]
Isogeny class  135.2-i
Curve [w + 1,-w - 1,w,8987*w - 39184,688000*w - 2998927]
Isogeny class  135.2-j
Curve [w + 1,0,w,-664*w - 2899,-20981*w - 91458]
Isogeny class  135.2-k
Curve [w,-w + 1,1,57*w - 250,-332*w + 1447]
Isogeny class  135.2-l
Curve [w,-w + 1,0,247*w - 1076,-3725*w + 16237]
Isogeny class  135.2-m
Curve [w + 1,0,w,8990*w - 39181,-661033*w + 2881385]
Isogeny class  135.2-n
Curve [1,w,w + 1,-4*w - 10,-4*w - 23]
Isogeny class  135.2-o
Curve [1,w,1,164338*w - 716326,75485507*w - 329033693]
Isogeny class  135.2-p
Curve [w + 1,-w - 1,w,-667*w - 2902,18986*w + 82762]
Isogeny class  135.2-q
Curve [1,w,w,61*w - 261,451*w - 1967]
Isogeny class  135.2-r
Curve [w,-w + 1,w,164334*w - 716324,-75156835*w + 327601044]
Isogeny class  135.5-a
Curve [0,0,w,19727*w - 85988,-3128568*w + 13637107]
Isogeny class  135.5-b
Curve [0,0,1,19727*w - 85988,3128568*w - 13637112]
Isogeny class  135.5-c
Curve [0,-w + 1,w,-570*w - 2475,19390*w + 84520]
Isogeny class  135.5-d
Curve [0,w - 1,1,-570*w - 2475,-19390*w - 84525]
Isogeny class  135.6-a
Curve [1,-1,w + 1,32*w - 142,-190*w + 821]
Isogeny class  135.6-b
Curve [w,-1,1,32*w - 137,222*w - 966]
Isogeny class  135.4-a
Curve [w + 1,-w - 1,1,35*w + 116,-31*w - 371]
Isogeny class  135.4-b
Curve [w,w,w + 1,1655*w - 7198,52811*w - 230177]
Isogeny class  135.4-c
Curve [w + 1,-w - 1,1,1542*w - 6723,67016*w - 292116]
Isogeny class  135.4-d
Curve [w + 1,0,1,1545*w - 6720,-62384*w + 271939]
Isogeny class  135.4-e
Curve [1,-w + 1,w + 1,1651*w - 7196,-49505*w + 215779]
Isogeny class  135.4-f
Curve [w + 1,0,1,38*w + 119,142*w + 711]
Isogeny class  135.4-g
Curve [w,w,1,-434982*w + 1896068,-1436865936*w + 6263153438]
Isogeny class  135.4-h
Curve [w + 1,0,1,-3598*w - 15679,-253566*w - 1105268]
Isogeny class  135.4-i
Curve [w + 1,0,w,1545*w - 6729,-241394*w + 1052221]
Isogeny class  135.4-j
Curve [w + 1,-w - 1,w,1542*w - 6732,246026*w - 1072407]
Isogeny class  135.4-k
Curve [w + 1,-w - 1,1,-3601*w - 15682,242769*w + 1058214]
Isogeny class  135.4-l
Curve [1,-w + 1,w,-434986*w + 1896061,1435995969*w - 6259361318]
Isogeny class  135.3-a
Curve [w + 1,-1,w,-2*w - 17,-14*w - 66]
Isogeny class  135.3-b
Curve [1,-w,0,-251*w - 1087,-4223*w - 18404]
Isogeny class  135.3-c
Curve [w + 1,-w,w,-8*w - 32,-26*w - 114]
Isogeny class  135.3-d
Curve [w,-w,w,-11*w - 30,-37*w - 137]
Isogeny class  135.3-e
Curve [1,w + 1,1,-7*w - 28,19*w + 80]
Isogeny class  135.3-f
Curve [w,w + 1,w + 1,7*w - 8,7*w + 1]
Isogeny class  135.3-g
Curve [w + 1,-1,w,-5*w - 35,8*w + 19]
Isogeny class  135.3-h
Curve [w + 1,-w,w,-5*w - 14,5*w + 25]
Isogeny class  135.3-i
Curve [w + 1,-1,w,-8988*w - 39184,-688000*w - 2998927]
Isogeny class  135.3-j
Curve [w + 1,-w,w,663*w - 2899,20981*w - 91458]
Isogeny class  135.3-k
Curve [w,w + 1,1,-58*w - 250,332*w + 1447]
Isogeny class  135.3-l
Curve [w,w + 1,0,-247*w - 1076,3725*w + 16237]
Isogeny class  135.3-m
Curve [w + 1,-w,w,-8991*w - 39181,661033*w + 2881385]
Isogeny class  135.3-n
Curve [1,-w,w + 1,3*w - 10,3*w - 23]
Isogeny class  135.3-o
Curve [1,-w,1,-164338*w - 716326,-75485507*w - 329033693]
Isogeny class  135.3-p
Curve [w + 1,-1,w,666*w - 2902,-18986*w + 82762]
Isogeny class  135.3-q
Curve [1,-w,w,-62*w - 261,-451*w - 1967]
Isogeny class  135.3-r
Curve [w,w + 1,w,-164334*w - 716324,75156835*w + 327601044]
Isogeny class  135.8-a
Curve [0,0,w,-19727*w - 85988,3128568*w + 13637107]
Isogeny class  135.8-b
Curve [0,0,1,-19727*w - 85988,-3128568*w - 13637112]
Isogeny class  135.8-c
Curve [0,w + 1,w,570*w - 2475,-19390*w + 84520]
Isogeny class  135.8-d
Curve [0,-w - 1,1,570*w - 2475,19390*w - 84525]
Isogeny class  135.7-a
Curve [1,-1,w + 1,-33*w - 142,189*w + 821]
Isogeny class  135.7-b
Curve [w,-1,1,-33*w - 137,-222*w - 966]
Isogeny class  136.1-a
Curve [w + 1,0,w + 1,6773*w - 29520,-1257489*w + 5481274]
Isogeny class  136.1-b
Curve [w + 1,-w - 1,0,6771*w - 29513,1277806*w - 5569827]
Isogeny class  136.2-a
Curve [w + 1,-w,w + 1,-6775*w - 29520,1257488*w + 5481274]
Isogeny class  136.2-b
Curve [w + 1,-1,0,-6771*w - 29513,-1277806*w - 5569827]
Isogeny class  137.1-a
Curve [0,-w - 1,w,-4*w + 27,-4*w + 7]
Isogeny class  137.1-b
Curve [0,w + 1,1,-4*w + 27,4*w - 12]
Isogeny class  137.2-a
Curve [0,w - 1,w,4*w + 27,4*w + 7]
Isogeny class  137.2-b
Curve [0,-w + 1,1,4*w + 27,-4*w - 12]
Isogeny class  144.1-a
Curve [w + 1,w - 1,w + 1,53*w - 215,232*w - 1005]
Curve [-w + 1,-w - 1,-w + 1,-53*w - 215,-232*w - 1005]
Isogeny class  144.1-b
Curve [-w + 1,w + 1,0,2*w - 190,216*w - 396]
Isogeny class  144.1-c
Curve [0,-1,0,-430*w - 1874,-9986*w - 43528]
Curve [0,-1,0,430*w - 1874,9986*w - 43528]
Isogeny class  144.1-d
Curve [0,1,0,-40*w + 171,694*w - 3029]
Curve [0,1,0,40*w + 171,-694*w - 3029]
Isogeny class  144.1-e
Curve [-w + 1,1,0,-2*w - 190,-216*w - 396]
Isogeny class  144.1-f
Curve [w + 1,w,0,-2847*w - 12409,133896*w + 583639]
Isogeny class  144.1-g
Curve [-w + 1,w + 1,0,2*w + 13,2*w + 10]
Isogeny class  144.1-h
Curve [0,1,0,430*w - 1874,-9986*w + 43528]
Curve [0,1,0,-430*w - 1874,9986*w + 43528]
Isogeny class  144.1-i
Curve [0,w,w + 1,5,-5]
Isogeny class  144.1-j
Curve [w + 1,w,w + 1,54*w - 212,-296*w + 1321]
Curve [-w + 1,-w,-w + 1,-54*w - 212,296*w + 1321]
Isogeny class  144.1-k
Curve [-w + 1,1,0,-2*w + 13,-2*w + 10]
Isogeny class  144.1-l
Curve [0,-w,w + 1,5,-w - 5]
Isogeny class  144.1-m
Curve [w + 1,w,w + 1,2856*w - 12419,-146315*w + 637822]
Isogeny class  144.1-n
Curve [w + 1,w - 1,0,-2848*w - 12412,-154872*w - 675072]
Isogeny class  144.1-o
Curve [0,-w,w + 1,-48,166*w - 5]
Isogeny class  144.1-p
Curve [w + 1,w - 1,w + 1,2855*w - 12422,142450*w - 620889]
Isogeny class  144.1-q
Curve [0,w,-w + 1,-48,-166*w - 5]
Isogeny class  144.1-r
Curve [0,-1,0,-40*w + 171,-694*w + 3029]
Curve [0,-1,0,40*w + 171,694*w + 3029]
Isogeny class  144.2-a
Curve [0,-w - 1,w + 1,14847*w - 64707,3212732*w - 14003987]
Isogeny class  144.2-b
Curve [0,-w - 1,w + 1,-31*w - 133,-203*w - 889]
Isogeny class  144.2-c
Curve [0,0,0,22778*w + 99287,0]
Isogeny class  144.2-d
Curve [0,w + 1,w + 1,14847*w - 64707,-3212733*w + 14003977]
Isogeny class  144.2-e
Curve [0,w + 1,w + 1,-31*w - 133,202*w + 879]
Isogeny class  144.3-a
Curve [0,w - 1,w + 1,-14847*w - 64707,-3212733*w - 14003987]
Isogeny class  144.3-b
Curve [0,w - 1,w + 1,31*w - 133,202*w - 889]
Isogeny class  144.3-c
Curve [0,0,0,2*w + 7,0]
Isogeny class  144.3-d
Curve [0,-w + 1,w + 1,-14847*w - 64707,3212732*w + 14003977]
Isogeny class  144.3-e
Curve [0,-w + 1,w + 1,31*w - 133,-203*w + 879]
Isogeny class  147.1-a
Curve [1,w + 1,0,w + 7,w + 4]
Isogeny class  147.1-b
Curve [w,-w,0,-3*w + 14,-3*w + 13]
Isogeny class  147.2-a
Curve [1,-w + 1,0,-w + 7,-w + 4]
Isogeny class  147.2-b
Curve [w,w,0,3*w + 14,3*w + 13]
Isogeny class  150.1-a
Curve [1,1,w,-23*w - 98,-131*w - 576]
Isogeny class  150.1-b
Curve [w,w + 1,w + 1,-90*w - 399,-845*w - 3686]
Isogeny class  150.1-c
Curve [1,-w,w + 1,-469084*w - 2044681,-504560763*w - 2199329376]
Isogeny class  150.1-d
Curve [w,0,1,51*w - 413,-2538*w + 14860]
Isogeny class  150.1-e
Curve [w,1,w + 1,402*w - 1952,-9074*w + 40252]
Isogeny class  150.1-f
Curve [1,1,w,51*w - 420,2641*w - 15702]
Isogeny class  150.1-g
Curve [1,-w,w + 1,-94*w - 401,661*w + 2882]
Isogeny class  150.1-h
Curve [w,0,0,16*w - 103,140*w - 595]
Isogeny class  150.1-i
Curve [1,0,w + 1,402*w - 1954,9878*w - 44162]
Isogeny class  150.1-j
Curve [1,1,0,16*w - 110,-108*w + 378]
Isogeny class  150.1-k
Curve [w,w - 1,0,185570*w + 808881,27109556*w + 118167815]
Isogeny class  150.1-l
Curve [w,w + 1,0,423853*w + 1847533,101258898846*w + 441377307204]
Isogeny class  150.1-m
Curve [w,0,1,-23*w - 91,86*w + 378]
Isogeny class  150.1-n
Curve [1,-w - 1,1,185568*w + 808876,-26923987*w - 117358937]
Isogeny class  150.1-o
Curve [1,1,0,-33894*w - 147740,7742012*w + 33746648]
Isogeny class  150.1-p
Curve [1,-w,0,423849*w + 1847522,-101258051144*w - 441373612153]
Isogeny class  150.1-q
Curve [w,0,0,-33894*w - 147733,-7809800*w - 34042125]
Isogeny class  150.1-r
Curve [w,w + 1,w + 1,-469080*w - 2044679,503622599*w + 2195240012]
Isogeny class  150.3-a
Curve [w,0,w + 1,-47532*w - 207187,-11855123*w - 51675282]
Isogeny class  150.3-b
Curve [1,w - 1,w,-17*w - 2,104*w - 284]
Isogeny class  150.3-c
Curve [w,-w - 1,w + 1,-5*w + 10,-3*w + 6]
Isogeny class  150.3-d
Curve [1,w - 1,w + 1,-11*w - 37,24*w + 96]
Isogeny class  150.3-e
Curve [w,w + 1,w + 1,3*w + 3,2*w + 2]
Isogeny class  150.3-f
Curve [w,w - 1,w,402*w - 1743,16065*w - 70017]
Isogeny class  150.3-g
Curve [1,-w,w + 1,-w + 1,-2]
Isogeny class  150.3-h
Curve [1,-w - 1,0,400*w - 1738,-15664*w + 68276]
Isogeny class  150.3-i
Curve [w,-w - 1,1,-13*w - 32,-36*w - 136]
Isogeny class  150.3-j
Curve [w,-w - 1,w + 1,-19*w - 7,-122*w + 274]
Isogeny class  150.3-k
Curve [1,1,w + 1,-47532*w - 207185,11760059*w + 51260906]
Isogeny class  150.3-l
Curve [1,w - 1,w,-3*w + 15,-w + 1]
Isogeny class  150.4-a
Curve [w,-w,w + 1,667*w - 2919,21702*w - 94604]
Isogeny class  150.4-b
Curve [w,-w - 1,0,9*w + 61,-104*w - 434]
Isogeny class  150.4-c
Curve [w,1,w + 1,5359*w - 23360,-434613*w + 1894434]
Isogeny class  150.4-d
Curve [w,w + 1,0,-34823*w + 151824,28023580*w - 122151915]
Isogeny class  150.4-e
Curve [w,1,1,13229902*w - 57667797,-54661942046*w + 238265881443]
Isogeny class  150.4-f
Curve [w,w - 1,w + 1,-579*w - 2531,3970*w + 17302]
Isogeny class  150.4-g
Curve [1,-w - 1,w,14*w - 111,159*w - 443]
Isogeny class  150.4-h
Curve [1,-w,0,-131873*w - 574814,54941620*w + 239484973]
Isogeny class  150.4-i
Curve [w,-w - 1,w + 1,7940*w - 34633,-923567*w + 4025746]
Isogeny class  150.4-j
Curve [w,w + 1,0,242*w - 1021,-3236*w + 14143]
Isogeny class  150.4-k
Curve [1,w - 1,w,w + 15,-629*w - 2751]
Isogeny class  150.4-l
Curve [w,-w - 1,w + 1,-w + 10,629*w + 2758]
Isogeny class  150.4-m
Curve [1,-w,0,238*w - 1032,3716*w - 16200]
Isogeny class  150.4-n
Curve [1,w - 1,w,7942*w - 34628,931508*w - 4060382]
Isogeny class  150.4-o
Curve [w,w + 1,0,-131869*w - 574803,-55205362*w - 240634594]
Isogeny class  150.4-p
Curve [w,w - 1,w + 1,16*w - 116,-144*w + 324]
Isogeny class  150.4-q
Curve [1,-w - 1,w,-581*w - 2526,-4550*w - 19836]
Isogeny class  150.4-r
Curve [1,0,w,13229902*w - 57667808,54688401851*w - 238381217057]
Isogeny class  150.4-s
Curve [1,-w,0,-34827*w + 151813,-28093230*w + 122455548]
Isogeny class  150.4-t
Curve [1,0,w + 1,5359*w - 23362,445331*w - 1941160]
Isogeny class  150.4-u
Curve [1,w - 1,1,11*w + 56,114*w + 492]
Isogeny class  150.4-v
Curve [1,w + 1,w + 1,671*w - 2917,-20364*w + 88764]
Isogeny class  150.2-a
Curve [1,1,w,22*w - 98,131*w - 576]
Isogeny class  150.2-b
Curve [w,-w + 1,w + 1,89*w - 399,844*w - 3686]
Isogeny class  150.2-c
Curve [1,w,w + 1,469083*w - 2044681,504560762*w - 2199329376]
Isogeny class  150.2-d
Curve [w,0,1,-52*w - 413,2538*w + 14860]
Isogeny class  150.2-e
Curve [w,1,w + 1,-403*w - 1952,9073*w + 40252]
Isogeny class  150.2-f
Curve [1,1,w,-52*w - 420,-2641*w - 15702]
Isogeny class  150.2-g
Curve [1,w,w + 1,93*w - 401,-662*w + 2882]
Isogeny class  150.2-h
Curve [w,0,0,-16*w - 103,-140*w - 595]
Isogeny class  150.2-i
Curve [1,0,w + 1,-403*w - 1954,-9879*w - 44162]
Isogeny class  150.2-j
Curve [1,1,0,-16*w - 110,108*w + 378]
Isogeny class  150.2-k
Curve [w,-w - 1,0,-185570*w + 808881,-27109556*w + 118167815]
Isogeny class  150.2-l
Curve [w,-w + 1,0,-423853*w + 1847533,-101258898846*w + 441377307204]
Isogeny class  150.2-m
Curve [w,0,1,22*w - 91,-86*w + 378]
Isogeny class  150.2-n
Curve [1,w - 1,1,-185568*w + 808876,26923987*w - 117358937]
Isogeny class  150.2-o
Curve [1,1,0,33894*w - 147740,-7742012*w + 33746648]
Isogeny class  150.2-p
Curve [1,w,0,-423849*w + 1847522,101258051144*w - 441373612153]
Isogeny class  150.2-q
Curve [w,0,0,33894*w - 147733,7809800*w - 34042125]
Isogeny class  150.2-r
Curve [w,-w + 1,w + 1,469079*w - 2044679,-503622600*w + 2195240012]
Isogeny class  150.6-a
Curve [w,0,w + 1,47531*w - 207187,11855122*w - 51675282]
Isogeny class  150.6-b
Curve [1,-w - 1,w,16*w - 2,-104*w - 284]
Isogeny class  150.6-c
Curve [w,w - 1,w + 1,4*w + 10,2*w + 6]
Isogeny class  150.6-d
Curve [1,-w - 1,w + 1,10*w - 37,-25*w + 96]
Isogeny class  150.6-e
Curve [w,-w + 1,w + 1,-4*w + 3,-3*w + 2]
Isogeny class  150.6-f
Curve [w,-w - 1,w,-402*w - 1743,-16065*w - 70017]
Isogeny class  150.6-g
Curve [1,w,w + 1,1,-w - 2]
Isogeny class  150.6-h
Curve [1,w - 1,0,-400*w - 1738,15664*w + 68276]
Isogeny class  150.6-i
Curve [w,w - 1,1,12*w - 32,36*w - 136]
Isogeny class  150.6-j
Curve [w,w - 1,w + 1,18*w - 7,121*w + 274]
Isogeny class  150.6-k
Curve [1,1,w + 1,47531*w - 207185,-11760060*w + 51260906]
Isogeny class  150.6-l
Curve [1,-w - 1,w,2*w + 15,w + 1]
Isogeny class  150.5-a
Curve [w,w,w + 1,-668*w - 2919,-21703*w - 94604]
Isogeny class  150.5-b
Curve [w,w - 1,0,-9*w + 61,104*w - 434]
Isogeny class  150.5-c
Curve [w,1,w + 1,-5360*w - 23360,434612*w + 1894434]
Isogeny class  150.5-d
Curve [w,-w + 1,0,34823*w + 151824,-28023580*w - 122151915]
Isogeny class  150.5-e
Curve [w,1,1,-13229903*w - 57667797,54661942046*w + 238265881443]
Isogeny class  150.5-f
Curve [w,-w - 1,w + 1,578*w - 2531,-3971*w + 17302]
Isogeny class  150.5-g
Curve [1,w - 1,w,-15*w - 111,-159*w - 443]
Isogeny class  150.5-h
Curve [1,w,0,131873*w - 574814,-54941620*w + 239484973]
Isogeny class  150.5-i
Curve [w,w - 1,w + 1,-7941*w - 34633,923566*w + 4025746]
Isogeny class  150.5-j
Curve [w,-w + 1,0,-242*w - 1021,3236*w + 14143]
Isogeny class  150.5-k
Curve [1,-w - 1,w,-2*w + 15,629*w - 2751]
Isogeny class  150.5-l
Curve [w,w - 1,w + 1,10,-630*w + 2758]
Isogeny class  150.5-m
Curve [1,w,0,-238*w - 1032,-3716*w - 16200]
Isogeny class  150.5-n
Curve [1,-w - 1,w,-7943*w - 34628,-931508*w - 4060382]
Isogeny class  150.5-o
Curve [w,-w + 1,0,131869*w - 574803,55205362*w - 240634594]
Isogeny class  150.5-p
Curve [w,-w - 1,w + 1,-17*w - 116,143*w + 324]
Isogeny class  150.5-q
Curve [1,w - 1,w,580*w - 2526,4550*w - 19836]
Isogeny class  150.5-r
Curve [1,0,w,-13229903*w - 57667808,-54688401851*w - 238381217057]
Isogeny class  150.5-s
Curve [1,w,0,34827*w + 151813,28093230*w + 122455548]
Isogeny class  150.5-t
Curve [1,0,w + 1,-5360*w - 23362,-445332*w - 1941160]
Isogeny class  150.5-u
Curve [1,-w - 1,1,-11*w + 56,-114*w + 492]
Isogeny class  150.5-v
Curve [1,-w + 1,w + 1,-672*w - 2917,20363*w + 88764]
Isogeny class  152.1-a
Curve [0,-1,w + 1,4420*w - 19266,1918754*w - 8363662]
Isogeny class  152.1-b
Curve [w + 1,w - 1,0,27629*w - 120395,7448822*w - 32468619]
Isogeny class  152.1-c
Curve [w + 1,w,0,27630*w - 120392,-7486350*w + 32632300]
Isogeny class  152.1-d
Curve [0,1,w + 1,4420*w - 19266,-1918755*w + 8363652]
Isogeny class  153.1-a
Curve [w,1,w + 1,274*w - 1195,5653*w - 24641]
Isogeny class  153.1-b
Curve [1,0,w + 1,274*w - 1197,-5105*w + 22245]
Isogeny class  153.2-a
Curve [w,1,w + 1,-275*w - 1195,-5654*w - 24641]
Isogeny class  153.2-b
Curve [1,0,w + 1,-275*w - 1197,5104*w + 22245]
Isogeny class  155.2-a
Curve [1,w - 1,w,1126*w + 4919,197584*w + 861239]
Isogeny class  155.2-b
Curve [w,-w - 1,w + 1,1124*w + 4914,-196459*w - 856328]
Isogeny class  155.3-a
Curve [1,-w - 1,w,-1127*w + 4919,-197584*w + 861239]
Isogeny class  155.3-b
Curve [w,w - 1,w + 1,-1125*w + 4914,196458*w - 856328]
Isogeny class  158.1-a
Curve [w,-w,1,-9172*w - 39950,-997174*w - 4346553]
Isogeny class  158.1-b
Curve [1,w + 1,w,-9168*w - 39957,978835*w + 4266637]
Isogeny class  158.2-a
Curve [w,w,1,9171*w - 39950,997174*w - 4346553]
Isogeny class  158.2-b
Curve [1,-w + 1,w,9167*w - 39957,-978835*w + 4266637]
Isogeny class  162.1-a
Curve [w,-1,0,-421101*w - 1835532,-305909368*w - 1333428019]
Isogeny class  162.1-b
Curve [1,-1,w,272032*w - 1185762,-161311689*w + 703141346]
Isogeny class  162.1-c
Curve [w,-1,w + 1,-65*w - 287,-656*w - 2862]
Isogeny class  162.1-d
Curve [1,-1,-w,65*w - 282,-591*w + 2572]
Isogeny class  162.1-e
Curve [w,-1,0,421101*w - 1835532,305909368*w - 1333428019]
Isogeny class  162.1-f
Curve [1,-1,w,-272033*w - 1185762,161311689*w + 703141346]
Isogeny class  162.1-g
Curve [w,-1,w + 1,-272033*w - 1185767,-161583722*w - 704327116]
Isogeny class  162.1-h
Curve [1,-1,1,421101*w - 1835537,-305488267*w + 1331592484]
Isogeny class  162.1-i
Curve [1,-1,-w,-64*w - 282,591*w + 2572]
Isogeny class  162.1-j
Curve [-w,-1,-w + 1,65*w - 287,656*w - 2862]
Isogeny class  162.1-k
Curve [w,-1,w + 1,272032*w - 1185767,161583721*w - 704327116]
Isogeny class  162.1-l
Curve [1,-1,1,-421101*w - 1835537,305488267*w + 1331592484]
Isogeny class  162.2-a
Curve [1,-w + 1,1,-886*w - 3852,-27209*w - 118595]
Isogeny class  162.2-b
Curve [1,w,1,-3*w - 8,16*w + 67]
Isogeny class  162.2-c
Curve [w,w,w + 1,-315*w + 1389,29208*w - 127294]
Isogeny class  162.2-d
Curve [w,-w + 1,1,-38*w - 132,207*w + 929]
Isogeny class  162.2-e
Curve [w,-w + 1,1,349172*w - 1522007,-233311785*w + 1016982493]
Isogeny class  162.2-f
Curve [1,w,1,545821*w - 2379172,-579828482*w + 2527413761]
Isogeny class  162.2-g
Curve [w,w,w,-882*w - 3854,25441*w + 110890]
Isogeny class  162.2-h
Curve [w,-w + 1,w,-7*w - 6,-26*w - 80]
Isogeny class  162.2-i
Curve [1,w,w,349176*w - 1522018,234010134*w - 1020026527]
Isogeny class  162.2-j
Curve [w,-w + 1,1,w + 51,w + 127]
Isogeny class  162.2-k
Curve [1,-w + 1,w + 1,-319*w + 1391,-29842*w + 130070]
Isogeny class  162.2-l
Curve [1,w,w,-34*w - 143,-278*w - 1213]
Isogeny class  162.2-m
Curve [w,-w + 1,w,545817*w - 2379170,580920120*w - 2532172102]
Isogeny class  162.2-n
Curve [1,w,w,5*w + 40,6*w - 45]
Isogeny class  162.4-a
Curve [w,w + 1,1,178*w - 744,-4224*w + 18450]
Isogeny class  162.4-b
Curve [w,-w,w,-4035*w - 17570,-291573*w - 1270914]
Isogeny class  162.4-c
Curve [1,w + 1,1,-4031*w - 17568,283507*w + 1235777]
Isogeny class  162.4-d
Curve [1,-w,w,174*w - 755,4577*w - 19958]
Isogeny class  162.4-e
Curve [1,-w,w,47*w - 202,-286*w + 1241]
Isogeny class  162.4-f
Curve [w,w + 1,1,51*w - 191,385*w - 1643]
Isogeny class  162.3-a
Curve [1,w + 1,1,886*w - 3852,27209*w - 118595]
Isogeny class  162.3-b
Curve [1,-w,1,3*w - 8,-16*w + 67]
Isogeny class  162.3-c
Curve [w,-w,w + 1,314*w + 1389,-29209*w - 127294]
Isogeny class  162.3-d
Curve [w,w + 1,1,37*w - 132,-207*w + 929]
Isogeny class  162.3-e
Curve [w,w + 1,1,-349173*w - 1522007,233311785*w + 1016982493]
Isogeny class  162.3-f
Curve [1,-w,1,-545821*w - 2379172,579828482*w + 2527413761]
Isogeny class  162.3-g
Curve [w,-w,w,882*w - 3854,-25441*w + 110890]
Isogeny class  162.3-h
Curve [w,w + 1,w,7*w - 6,26*w - 80]
Isogeny class  162.3-i
Curve [1,-w,w,-349177*w - 1522018,-234010134*w - 1020026527]
Isogeny class  162.3-j
Curve [w,w + 1,1,-2*w + 51,-w + 127]
Isogeny class  162.3-k
Curve [1,w + 1,w + 1,318*w + 1391,29841*w + 130070]
Isogeny class  162.3-l
Curve [1,-w,w,33*w - 143,278*w - 1213]
Isogeny class  162.3-m
Curve [w,w + 1,w,-545817*w - 2379170,-580920120*w - 2532172102]
Isogeny class  162.3-n
Curve [1,-w,w,-6*w + 40,-6*w - 45]
Isogeny class  162.5-a
Curve [w,-w + 1,1,-179*w - 744,4224*w + 18450]
Isogeny class  162.5-b
Curve [w,w,w,4035*w - 17570,291573*w - 1270914]
Isogeny class  162.5-c
Curve [1,-w + 1,1,4031*w - 17568,-283507*w + 1235777]
Isogeny class  162.5-d
Curve [1,w,w,-175*w - 755,-4577*w - 19958]
Isogeny class  162.5-e
Curve [1,w,w,-48*w - 202,286*w + 1241]
Isogeny class  162.5-f
Curve [w,-w + 1,1,-52*w - 191,-385*w - 1643]
Isogeny class  170.1-a
Curve [1,-w - 1,1,-186*w - 807,-4409*w - 19217]
Isogeny class  170.1-b
Curve [1,1,0,287737*w - 1254216,-175286367*w + 764055560]
Isogeny class  170.1-c
Curve [w,w - 1,w,-350*w + 1538,-1371*w + 5991]
Isogeny class  170.1-d
Curve [1,-w - 1,0,-352*w + 1543,1020*w - 4451]
Isogeny class  170.1-e
Curve [w,0,0,287737*w - 1254209,175861841*w - 766563989]
Isogeny class  170.1-f
Curve [w,w - 1,0,-184*w - 802,4224*w + 18412]
Isogeny class  170.4-a
Curve [1,w - 1,1,186*w - 807,4409*w - 19217]
Isogeny class  170.4-b
Curve [1,1,0,-287737*w - 1254216,175286367*w + 764055560]
Isogeny class  170.4-c
Curve [w,-w - 1,w,350*w + 1538,1371*w + 5991]
Isogeny class  170.4-d
Curve [1,w - 1,0,352*w + 1543,-1020*w - 4451]
Isogeny class  170.4-e
Curve [w,0,0,-287737*w - 1254209,-175861841*w - 766563989]
Isogeny class  170.4-f
Curve [w,-w - 1,0,184*w - 802,-4224*w + 18412]
Isogeny class  171.1-a
Curve [1,1,w,-659572*w - 2875005,608482693*w + 2652314563]
Isogeny class  171.1-b
Curve [0,1,1,20,-32]
Isogeny class  171.1-c
Curve [1,1,w,659571*w - 2875005,-608482693*w + 2652314563]
Isogeny class  171.1-d
Curve [w,0,1,-659572*w - 2874998,-609801836*w - 2658064575]
Isogeny class  171.1-e
Curve [0,-1,1,-2,2]
Isogeny class  171.1-f
Curve [w,1,w,-5,-16]
Isogeny class  171.1-g
Curve [w,0,1,659571*w - 2874998,609801836*w - 2658064575]
Isogeny class  171.1-h
Curve [0,-1,w,20,27]
Isogeny class  171.1-i
Curve [1,0,1,-7,5]
Isogeny class  171.1-j
Curve [0,1,w,-2,-7]
Isogeny class  171.2-a
Curve [1,-1,w + 1,1029*w - 4488,37400*w - 163030]
Isogeny class  171.2-b
Curve [w,-1,1,1029*w - 4483,-36371*w + 158539]
Isogeny class  171.3-a
Curve [1,-1,w + 1,-1030*w - 4488,-37401*w - 163030]
Isogeny class  171.3-b
Curve [w,-1,1,-1030*w - 4483,36371*w + 158539]
Isogeny class  177.2-a
Curve [0,-1,w,-4785*w - 20857,-599303*w - 2612306]
Isogeny class  177.2-b
Curve [0,1,1,-4785*w - 20857,599303*w + 2612301]
Isogeny class  177.3-a
Curve [0,-1,w,4785*w - 20857,599303*w - 2612306]
Isogeny class  177.3-b
Curve [0,1,1,4785*w - 20857,-599303*w + 2612301]
Isogeny class  179.1-a
Curve [w,-w - 1,1,245*w + 1092,531*w + 2334]
Isogeny class  179.1-b
Curve [1,w - 1,w + 1,247*w + 1087,-285*w - 1250]
Isogeny class  179.2-a
Curve [w,w - 1,1,-246*w + 1092,-531*w + 2334]
Isogeny class  179.2-b
Curve [1,-w - 1,w + 1,-248*w + 1087,284*w - 1250]
Isogeny class  180.1-a
Curve [0,-1,0,8*w + 35,0]
Isogeny class  180.1-b
Curve [0,1,0,140762*w - 613567,59187558*w - 257992584]
Isogeny class  180.1-c
Curve [0,1,0,8*w + 35,0]
Isogeny class  180.1-d
Curve [0,w,0,1356*w + 5917,-988239*w - 4307637]
Isogeny class  180.1-e
Curve [0,-1,0,140762*w - 613567,-59187558*w + 257992584]
Isogeny class  180.1-f
Curve [0,-w,0,1356*w + 5917,988239*w + 4307637]
Isogeny class  180.3-a
Curve [0,-w + 1,0,-88*w - 374,-4070*w - 17735]
Isogeny class  180.3-b
Curve [0,w - 1,0,-88*w - 374,4070*w + 17735]
Isogeny class  180.4-a
Curve [w + 1,-w,0,-15275*w - 66565,2404296*w + 10480097]
Isogeny class  180.4-b
Curve [w + 1,-1,0,21*w - 102,-106*w + 466]
Isogeny class  180.4-c
Curve [w + 1,-1,w + 1,-15273*w - 66578,-2450117*w - 10679815]
Isogeny class  180.4-d
Curve [w + 1,-w,w + 1,17*w - 109,164*w - 786]
Isogeny class  180.4-e
Curve [w + 1,-w,w + 1,-4*w - 1,-19*w - 2]
Isogeny class  180.4-f
Curve [w + 1,-1,0,6,14*w + 6]
Isogeny class  180.2-a
Curve [0,-1,0,-8*w + 35,0]
Isogeny class  180.2-b
Curve [0,1,0,-140762*w - 613567,-59187558*w - 257992584]
Isogeny class  180.2-c
Curve [0,1,0,-8*w + 35,0]
Isogeny class  180.2-d
Curve [0,-w,0,-1356*w + 5917,988239*w - 4307637]
Isogeny class  180.2-e
Curve [0,-1,0,-140762*w - 613567,59187558*w + 257992584]
Isogeny class  180.2-f
Curve [0,w,0,-1356*w + 5917,-988239*w + 4307637]
Isogeny class  180.6-a
Curve [0,w + 1,0,88*w - 374,4070*w - 17735]
Isogeny class  180.6-b
Curve [0,-w - 1,0,88*w - 374,-4070*w + 17735]
Isogeny class  180.5-a
Curve [w + 1,0,0,15275*w - 66565,-2404296*w + 10480097]
Isogeny class  180.5-b
Curve [w + 1,-w - 1,0,-21*w - 102,106*w + 466]
Isogeny class  180.5-c
Curve [w + 1,-w - 1,w + 1,15271*w - 66578,2450116*w - 10679815]
Isogeny class  180.5-d
Curve [w + 1,0,w + 1,-19*w - 109,-165*w - 786]
Isogeny class  180.5-e
Curve [w + 1,0,w + 1,2*w - 1,18*w - 2]
Isogeny class  180.5-f
Curve [w + 1,-w - 1,0,6,-14*w + 6]
Isogeny class  186.1-a
Curve [w,w,w,-111*w + 479,-4192*w + 18195]
Isogeny class  186.1-b
Curve [w,w,0,3*w + 13,0]
Isogeny class  186.1-c
Curve [1,-w + 1,1,-115*w + 481,3966*w - 17234]
Isogeny class  186.1-d
Curve [1,-w + 1,0,-w + 6,2*w + 15]
Isogeny class  186.2-a
Curve [w,-w - 1,1,50*w - 220,-4052*w + 17662]
Isogeny class  186.2-b
Curve [w,1,1,3123*w - 13604,317267*w - 1382928]
Isogeny class  186.2-c
Curve [w,-w - 1,0,-881*w + 3837,-51462*w + 224316]
Isogeny class  186.2-d
Curve [1,w - 1,w + 1,52*w - 225,4103*w - 17890]
Isogeny class  186.2-e
Curve [1,0,w,3123*w - 13615,-311020*w + 1355700]
Isogeny class  186.2-f
Curve [1,w - 1,1,-879*w + 3832,50582*w - 220482]
Isogeny class  186.4-a
Curve [w,-w,w,111*w + 479,4192*w + 18195]
Isogeny class  186.4-b
Curve [w,-w,0,-3*w + 13,0]
Isogeny class  186.4-c
Curve [1,w + 1,1,115*w + 481,-3966*w - 17234]
Isogeny class  186.4-d
Curve [1,w + 1,0,w + 6,-2*w + 15]
Isogeny class  186.3-a
Curve [w,w - 1,1,-51*w - 220,4052*w + 17662]
Isogeny class  186.3-b
Curve [w,1,1,-3124*w - 13604,-317267*w - 1382928]
Isogeny class  186.3-c
Curve [w,w - 1,0,881*w + 3837,51462*w + 224316]
Isogeny class  186.3-d
Curve [1,-w - 1,w + 1,-53*w - 225,-4104*w - 17890]
Isogeny class  186.3-e
Curve [1,0,w,-3124*w - 13615,311020*w + 1355700]
Isogeny class  186.3-f
Curve [1,-w - 1,1,879*w + 3832,-50582*w - 220482]
Isogeny class  190.1-a
Curve [w,w,w,378*w + 1638,4165*w + 18150]
Isogeny class  190.1-b
Curve [w,-1,w + 1,92377*w - 402669,153835696*w - 670554258]
Isogeny class  190.1-c
Curve [1,-1,1,27*w - 118,133*w - 580]
Isogeny class  190.1-d
Curve [w,-1,0,27*w - 113,-106*w + 464]
Isogeny class  190.1-e
Curve [1,-1,w,92377*w - 402664,-153743319*w + 670151586]
Isogeny class  190.1-f
Curve [1,-w + 1,1,374*w + 1640,-3413*w - 14871]
Isogeny class  190.2-a
Curve [w,-w,w,-378*w + 1638,-4165*w + 18150]
Isogeny class  190.2-b
Curve [w,-1,w + 1,-92378*w - 402669,-153835697*w - 670554258]
Isogeny class  190.2-c
Curve [1,-1,1,-27*w - 118,-133*w - 580]
Isogeny class  190.2-d
Curve [w,-1,0,-27*w - 113,106*w + 464]
Isogeny class  190.2-e
Curve [1,-1,w,-92378*w - 402664,153743319*w + 670151586]
Isogeny class  190.2-f
Curve [1,w + 1,1,-374*w + 1640,3413*w - 14871]
Isogeny class  197.1-a
Curve [0,w,w,339*w + 1484,-105696*w - 460726]
Isogeny class  197.1-b
Curve [0,-w,1,339*w + 1484,105696*w + 460721]
Isogeny class  197.2-a
Curve [0,-w,w,-339*w + 1484,105696*w - 460726]
Isogeny class  197.2-b
Curve [0,w,1,-339*w + 1484,-105696*w + 460721]
Isogeny class  200.1-a
Curve [0,-w,0,-14420*w - 62849,835717*w + 3642809]
Isogeny class  200.1-b
Curve [w + 1,w + 1,0,23211*w - 101122,3377115*w - 14720430]
Isogeny class  200.1-c
Curve [0,w,0,14420*w - 62849,-835717*w + 3642809]
Isogeny class  200.1-d
Curve [0,-w,0,14420*w - 62849,835717*w - 3642809]
Isogeny class  200.1-e
Curve [w + 1,w + 1,w + 1,23210*w - 101132,-3385427*w + 14756800]
Isogeny class  200.1-f
Curve [0,w,0,-14420*w - 62849,-835717*w - 3642809]
Isogeny class  200.2-a
Curve [w + 1,-1,0,139*w + 607,1490*w + 6495]
Isogeny class  200.2-b
Curve [w + 1,0,w + 1,671*w - 2922,270501*w - 1179080]
Isogeny class  200.2-c
Curve [w + 1,-w - 1,0,669*w - 2915,-268490*w + 1170321]
Isogeny class  200.2-d
Curve [w + 1,-w,w + 1,135*w + 600,-1078*w - 4688]
Isogeny class  200.3-a
Curve [w + 1,-w - 1,0,-139*w + 607,-1490*w + 6495]
Isogeny class  200.3-b
Curve [w + 1,-w,w + 1,-673*w - 2922,-270502*w - 1179080]
Isogeny class  200.3-c
Curve [w + 1,-1,0,-669*w - 2915,268490*w + 1170321]
Isogeny class  200.3-d
Curve [w + 1,0,w + 1,-137*w + 600,1077*w - 4688]

Total time: 3300.989 seconds, Total memory usage: 87.44MB
