Magma V2.21-3     Sat May 30 2015 18:52:30 on atkin    [Seed = 3973222814]
Type ? for help.  Type <Ctrl>-D to quit.
Field 2.2.93.1
Isogeny class  12.1-a
Curve [w,0,1,13*w,72*w + 8]
Isogeny class  12.1-b
Curve [w + 1,-w + 1,w + 1,4794*w + 20735,-616277*w - 2663425]
Isogeny class  12.1-c
Curve [w + 1,-w,1,-14*w + 13,-72*w + 80]
Isogeny class  12.1-d
Curve [w,1,w,-4796*w + 25531,616276*w - 3279701]
Isogeny class  16.1-a
Curve [0,w - 2,0,-w + 9,w - 5]
Isogeny class  16.1-b
Curve [0,-w - 1,0,w + 8,2*w + 10]
Curve [0,w - 2,0,-w + 9,-2*w + 12]
Isogeny class  16.1-c
Curve [0,-w - 1,0,w + 8,-w - 4]
Isogeny class  27.1-a
Curve [w + 1,-w - 1,w,40*w + 178,604*w + 2614]
Isogeny class  27.1-b
Curve [w + 1,0,w + 1,144*w - 753,2163*w - 11484]
Isogeny class  27.1-c
Curve [w,-1,w + 1,-42*w + 219,-605*w + 3218]
Isogeny class  27.1-d
Curve [w,-w + 1,w,-146*w - 607,-2164*w - 9320]
Isogeny class  27.1-e
Curve [w + 1,-w - 1,w + 1,-4*w - 10,-w + 2]
Isogeny class  27.1-f
Curve [1,-1,w + 1,-5*w + 22,-18*w + 87]
Isogeny class  27.1-g
Curve [w,-1,w,2*w - 12,2]
Isogeny class  27.1-h
Curve [1,-1,w,4*w + 18,17*w + 70]
Isogeny class  28.1-a
Curve [1,-w - 1,1,-21*w - 87,-135*w - 582]
Isogeny class  28.1-b
Curve [w + 1,w,w + 1,6*w + 26,18*w + 26]
Isogeny class  28.2-a
Curve [1,w + 1,0,23*w - 108,157*w - 825]
Isogeny class  28.2-b
Curve [w,w - 1,w + 1,4*w + 10,2*w + 6]
Isogeny class  33.1-a
Curve [0,w,w,51*w - 306,-566*w + 3045]
Isogeny class  33.1-b
Curve [0,-w,w,-3830*w - 16547,-276573*w - 1195303]
Isogeny class  33.2-a
Curve [0,-w + 1,w + 1,-51*w - 255,565*w + 2479]
Isogeny class  33.2-b
Curve [0,w - 1,w + 1,3830*w - 20377,276572*w - 1471876]
Isogeny class  36.1-a
Curve [w + 1,w + 1,0,601*w - 3104,-17273*w + 92124]
Isogeny class  36.1-b
Curve [1,w,1,-497*w + 2648,21517*w - 114523]
Isogeny class  36.1-c
Curve [1,-w + 1,1,497*w + 2151,-21517*w - 93006]
Isogeny class  36.1-d
Curve [w,w,1,-587*w - 2529,14745*w + 63734]
Isogeny class  48.1-a
Curve [0,w - 1,0,5*w - 20,-23*w + 126]
Isogeny class  48.1-b
Curve [0,w,0,-33*w + 185,191*w - 1011]
Isogeny class  48.1-c
Curve [0,-w + 1,0,33*w + 152,-191*w - 820]
Isogeny class  48.1-d
Curve [0,-w,0,-5*w - 15,23*w + 103]
Isogeny class  51.1-a
Curve [w,-w - 1,1,-1067*w - 4588,41232*w + 178216]
Isogeny class  51.1-b
Curve [1,-w,1,45*w + 201,148*w + 643]
Isogeny class  51.1-c
Curve [1,1,0,4*w - 33,14*w - 96]
Isogeny class  51.1-d
Curve [w + 1,w - 1,1,2*w + 55,24*w - 17]
Isogeny class  51.2-a
Curve [w + 1,1,w,1067*w - 5655,-40165*w + 213793]
Isogeny class  51.2-b
Curve [1,w - 1,1,-45*w + 246,-148*w + 791]
Isogeny class  51.2-c
Curve [1,1,0,-4*w - 29,-14*w - 82]
Isogeny class  51.2-d
Curve [w,w + 1,w,10*w + 35,20*w + 82]
Isogeny class  53.1-a
Curve [1,0,w,-2*w + 8,-22*w + 110]
Isogeny class  53.1-b
Curve [w,-w,0,-3*w + 14,-3*w + 14]
Isogeny class  53.2-a
Curve [1,0,w + 1,w + 6,21*w + 88]
Isogeny class  53.2-b
Curve [w + 1,-1,0,3*w + 11,3*w + 11]
Isogeny class  68.1-a
Curve [1,w + 1,w + 1,-2265*w - 9784,-133734*w - 577979]
Isogeny class  68.1-b
Curve [1,w + 1,0,-394*w - 1731,-10388*w - 44791]
Isogeny class  68.1-c
Curve [1,w - 1,w,927*w - 4929,-35381*w + 188288]
Isogeny class  68.1-d
Curve [w,w + 1,1,9*w + 31,26*w + 94]
Isogeny class  68.1-e
Curve [w + 1,-w + 1,1,2725*w - 14499,191553*w - 1019410]
Isogeny class  68.1-f
Curve [w + 1,-w + 1,w,-16*w + 53,-135*w + 720]
Isogeny class  68.2-a
Curve [1,-w - 1,w + 1,2266*w - 12050,131467*w - 699663]
Isogeny class  68.2-b
Curve [1,-w - 1,1,396*w - 2127,9993*w - 53053]
Isogeny class  68.2-c
Curve [1,-w,w + 1,-928*w - 4002,35380*w + 152907]
Isogeny class  68.2-d
Curve [w + 1,w - 1,w + 1,2*w + 27,w + 29]
Isogeny class  68.2-e
Curve [w,1,1,-2726*w - 11773,-191553*w - 827857]
Isogeny class  68.2-f
Curve [w,1,w + 1,14*w + 38,134*w + 585]
Isogeny class  69.1-a
Curve [w + 1,-w,w,-11*w - 38,17*w + 82]
Isogeny class  69.1-b
Curve [0,-1,w + 1,110*w - 586,-1338*w + 7113]
Isogeny class  69.1-c
Curve [w,-w - 1,0,-3*w + 8,-3*w + 5]
Isogeny class  69.1-d
Curve [w,1,1,19,87*w - 444]
Isogeny class  69.1-e
Curve [1,1,1,28*w - 149,-187*w + 995]
Isogeny class  69.1-f
Curve [0,1,w + 1,-81*w - 351,-5358*w - 23160]
Isogeny class  69.2-a
Curve [w,0,w + 1,9*w - 48,-18*w + 99]
Isogeny class  69.2-b
Curve [0,-1,w,-110*w - 476,1337*w + 5776]
Isogeny class  69.2-c
Curve [w + 1,1,w + 1,3*w + 4,6*w + 6]
Isogeny class  69.2-d
Curve [w + 1,-w + 1,1,-w + 19,-87*w - 357]
Isogeny class  69.2-e
Curve [1,1,1,-28*w - 121,187*w + 808]
Isogeny class  69.2-f
Curve [0,1,w,81*w - 432,5357*w - 28517]
Isogeny class  75.1-a
Curve [w,-w - 1,0,-874*w - 3756,14008*w + 60559]
Isogeny class  75.1-b
Curve [1,1,1,-10,-10]
Isogeny class  77.1-a
Curve [w + 1,-w - 1,1,w - 4,8*w - 41]
Isogeny class  77.1-b
Curve [1,w,1,5,-4*w - 20]
Isogeny class  77.4-a
Curve [w,-1,1,-2*w - 2,-8*w - 33]
Isogeny class  77.4-b
Curve [1,-w + 1,1,5,4*w - 24]
Isogeny class  81.1-a
Curve [w + 1,0,0,-138*w - 594,1539*w + 6652]
Curve [-w + 2,0,0,138*w - 732,-1539*w + 8191]
Isogeny class  81.1-b
Curve [w,-w + 1,w + 1,26*w - 160,303*w - 1635]
Isogeny class  81.1-c
Curve [1,-w + 1,w + 1,6*w - 33,33*w - 181]
Isogeny class  81.1-d
Curve [0,0,1,0,21*w - 112]
Curve [0,0,1,0,-21*w - 91]
Isogeny class  81.1-e
Curve [0,0,w,0,-22*w + 110]
Isogeny class  81.1-f
Curve [w + 1,-w - 1,w,297*w - 1593,6779*w - 36082]
Isogeny class  81.1-g
Curve [1,-1,-w + 2,2*w - 10,3*w - 17]
Curve [w + 1,0,w,107*w - 553,3725*w - 19794]
Isogeny class  81.1-h
Curve [w,-1,w + 1,-299*w - 1295,-6780*w - 29303]
Isogeny class  81.1-i
Curve [0,0,-w + 1,0,22*w + 88]
Isogeny class  81.1-j
Curve [0,0,-w + 1,0,w - 3]
Isogeny class  81.1-k
Curve [w,-w + 1,w + 1,635*w - 3394,-14298*w + 76082]
Isogeny class  81.1-l
Curve [1,w,w,-7*w - 26,-34*w - 147]
Isogeny class  81.1-m
Curve [w,-w + 1,1,7*w - 39,153*w - 816]
Curve [-w + 1,w,1,-7*w - 32,-153*w - 663]
Isogeny class  81.1-n
Curve [0,0,w,0,608*w + 2623]
Isogeny class  81.1-o
Curve [0,0,1,0,0]
Isogeny class  81.1-p
Curve [w + 1,0,w,-28*w - 133,-304*w - 1331]
Isogeny class  81.1-q
Curve [1,-1,w + 1,-2*w - 8,-3*w - 14]
Curve [-w + 2,0,-w + 1,-107*w - 446,-3725*w - 16069]
Isogeny class  81.1-r
Curve [w + 1,0,w,-637*w - 2758,14297*w + 61785]
Isogeny class  84.1-a
Curve [1,1,w,7*w - 40,-22*w + 110]
Isogeny class  84.1-b
Curve [w + 1,-w,w + 1,-373*w - 1599,9011*w + 38966]
Isogeny class  84.1-c
Curve [w,0,1,-6*w + 41,12*w - 67]
Isogeny class  84.1-d
Curve [w,-w - 1,w + 1,-56*w - 228,-472*w - 2024]
Isogeny class  84.1-e
Curve [w,1,0,-160*w + 869,18051*w - 96060]
Isogeny class  84.1-f
Curve [w + 1,-w + 1,w + 1,-436*w - 1868,9962*w + 43071]
Isogeny class  84.2-a
Curve [1,1,w + 1,-8*w - 33,21*w + 88]
Isogeny class  84.2-b
Curve [w,0,w,371*w - 1970,-9012*w + 47978]
Isogeny class  84.2-c
Curve [w + 1,-w,1,5*w + 35,-12*w - 55]
Isogeny class  84.2-d
Curve [w + 1,1,1,56*w - 261,527*w - 2756]
Isogeny class  84.2-e
Curve [w + 1,-w + 1,0,160*w + 709,-18051*w - 78009]
Isogeny class  84.2-f
Curve [w,1,w,434*w - 2302,-9963*w + 53034]
Isogeny class  99.1-a
Curve [w,-1,w,-270*w - 1172,-5860*w - 25329]
Isogeny class  99.1-b
Curve [w,-w + 1,w,1936*w - 10315,-95656*w + 509058]
Isogeny class  99.1-c
Curve [1,-w + 1,w,21*w - 112,167*w - 892]
Isogeny class  99.1-d
Curve [w + 1,0,w + 1,-24*w - 129,-261*w - 1191]
Isogeny class  99.1-e
Curve [0,-w - 1,w + 1,392*w - 2128,9911*w - 52490]
Isogeny class  99.1-f
Curve [0,w + 1,w + 1,-4798*w - 20737,-407543*w - 1761325]
Isogeny class  99.2-a
Curve [w + 1,-w - 1,w + 1,268*w - 1442,5859*w - 31189]
Isogeny class  99.2-b
Curve [w + 1,0,w + 1,-1938*w - 8379,95655*w + 413402]
Isogeny class  99.2-c
Curve [1,w,w + 1,-22*w - 91,-168*w - 725]
Isogeny class  99.2-d
Curve [w,-w + 1,w,22*w - 151,260*w - 1451]
Isogeny class  99.2-e
Curve [0,w + 1,w,-390*w - 1737,-10303*w - 44315]
Isogeny class  99.2-f
Curve [0,-w - 1,w,4800*w - 25536,402743*w - 2143331]
Isogeny class  100.1-a
Curve [w + 1,-w - 1,0,5*w + 34,11*w + 56]
Isogeny class  100.1-b
Curve [-w + 2,w - 2,0,-5*w + 39,-11*w + 67]
Isogeny class  108.1-a
Curve [w + 1,0,0,-45*w - 189,240*w + 1041]
Isogeny class  108.1-b
Curve [1,w,1,4*w + 17,7*w + 30]
Isogeny class  108.1-c
Curve [1,-w + 1,w,-14*w - 48,-400*w - 1727]
Isogeny class  108.1-d
Curve [1,-w + 1,1,-4*w + 21,-7*w + 37]
Isogeny class  108.1-e
Curve [w,w,w + 1,4*w + 10,5*w + 19]
Isogeny class  108.1-f
Curve [w + 1,0,w + 1,3*w - 3,18*w - 70]
Isogeny class  108.1-g
Curve [w + 1,0,1,259*w + 1123,162*w + 700]
Isogeny class  108.1-h
Curve [w,-1,1,-462*w - 1990,10945*w + 47304]
Isogeny class  108.1-i
Curve [1,-1,w + 1,28*w - 152,-174*w + 916]
Isogeny class  108.1-j
Curve [1,-1,w,-29*w - 123,173*w + 743]
Isogeny class  108.1-k
Curve [w + 1,w + 1,w + 1,8*w + 26,16*w + 65]
Isogeny class  108.1-l
Curve [w,-w + 1,1,-260*w + 1383,-162*w + 862]
Isogeny class  108.1-m
Curve [w + 1,-w - 1,1,461*w - 2452,-10945*w + 58249]
Isogeny class  108.1-n
Curve [1,w,w + 1,13*w - 62,399*w - 2127]
Isogeny class  108.1-o
Curve [w,-w + 1,w,-5*w + 2,-19*w - 51]
Isogeny class  108.1-p
Curve [w,-w + 1,0,45*w - 234,-240*w + 1281]
Isogeny class  119.1-a
Curve [1,-w,1,1511*w - 8036,72514*w - 385909]
Isogeny class  119.1-b
Curve [w + 1,-w - 1,w + 1,-18*w - 71,-98*w - 418]
Isogeny class  119.1-c
Curve [w,-1,w + 1,w - 10,-2]
Isogeny class  119.1-d
Curve [w,0,w,-241*w - 1061,3962*w + 17123]
Isogeny class  119.2-a
Curve [0,w + 1,w,4*w - 9,-11*w + 59]
Isogeny class  119.2-b
Curve [0,-1,w,4100*w - 21819,-315159*w + 1677214]
Isogeny class  119.2-c
Curve [0,-w,w,19*w - 94,-72*w + 376]
Isogeny class  119.2-d
Curve [0,w,w,-202*w - 867,-3799*w - 16426]
Isogeny class  119.2-e
Curve [0,1,w,18*w + 31,12*w - 93]
Isogeny class  119.2-f
Curve [0,-w - 1,w,-89*w - 381,-726*w - 3141]
Isogeny class  119.4-a
Curve [1,w - 1,1,-1511*w - 6525,-72514*w - 313395]
Isogeny class  119.4-b
Curve [w,-1,w,16*w - 87,97*w - 515]
Isogeny class  119.4-c
Curve [w + 1,-w - 1,w,-3*w - 8,-w - 1]
Isogeny class  119.4-d
Curve [w + 1,-w,w + 1,239*w - 1302,-3963*w + 21085]
Isogeny class  119.3-a
Curve [0,-w - 1,w + 1,-2*w - 6,13*w + 54]
Isogeny class  119.3-b
Curve [0,-1,w + 1,-4100*w - 17719,315158*w + 1362055]
Isogeny class  119.3-c
Curve [0,w - 1,w + 1,-19*w - 75,71*w + 304]
Isogeny class  119.3-d
Curve [0,-w + 1,w + 1,202*w - 1069,3798*w - 20225]
Isogeny class  119.3-e
Curve [0,1,w + 1,-18*w + 49,-13*w - 81]
Isogeny class  119.3-f
Curve [0,w + 1,w + 1,91*w - 471,815*w - 4338]
Isogeny class  121.1-a
Curve [w + 1,w + 1,1,7*w + 32,7*w + 30]
Isogeny class  121.1-b
Curve [0,-1,1,-10,-20]
Isogeny class  121.1-c
Curve [-w + 2,-w + 2,1,-7*w + 39,-7*w + 37]
Isogeny class  121.1-d
Curve [0,1,1,899*w - 4784,-58057*w + 308969]
Isogeny class  124.1-a
Curve [w + 1,0,w,2*w + 4,9*w + 35]
Isogeny class  124.1-b
Curve [w,w,1,21*w - 63,87*w - 392]
Isogeny class  124.1-c
Curve [1,-1,1,-1,1]
Isogeny class  124.1-d
Curve [w + 1,w + 1,0,-7*w - 30,-149*w - 644]
Isogeny class  124.1-e
Curve [-w + 2,w - 2,0,49*w - 249,-799*w + 4259]
Isogeny class  124.1-f
Curve [w,w,1,-8*w + 91,-29*w + 224]
Isogeny class  124.1-g
Curve [w + 1,w + 1,0,22*w + 95,121*w + 523]
Isogeny class  124.1-h
Curve [w,-w + 1,0,-63*w - 239,-2815*w - 12129]
Isogeny class  124.1-i
Curve [-w + 2,0,-w + 1,-2*w + 6,-9*w + 44]
Isogeny class  124.1-j
Curve [w + 1,-w - 1,0,-49*w - 200,799*w + 3460]
Isogeny class  132.1-a
Curve [w,-w,1,-91,-45*w - 136]
Isogeny class  132.1-b
Curve [w + 1,-1,1,4*w + 20,-3*w - 13]
Isogeny class  132.1-c
Curve [w + 1,1,1,-7772*w - 33583,785589*w + 3395180]
Isogeny class  132.1-d
Curve [w,-w - 1,w + 1,-5*w + 10,-3*w + 6]
Isogeny class  132.2-a
Curve [w + 1,-1,1,-w - 91,45*w - 181]
Isogeny class  132.2-b
Curve [w,-w,1,-5*w + 25,3*w - 16]
Isogeny class  132.2-c
Curve [w,-w - 1,w + 1,7772*w - 41378,-793362*w + 4222124]
Isogeny class  132.2-d
Curve [w + 1,1,1,5*w + 28,7*w + 32]
Isogeny class  133.1-a
Curve [1,1,0,5*w + 22,0]
Isogeny class  133.1-b
Curve [w + 1,1,w,14*w - 51,-27*w + 186]
Isogeny class  133.2-a
Curve [w + 1,-w - 1,1,w - 4,95*w - 504]
Isogeny class  133.2-b
Curve [1,w,1,5,-w - 7]
Isogeny class  133.4-a
Curve [1,1,0,-5*w + 27,0]
Isogeny class  133.4-b
Curve [w,-w - 1,1,-14*w - 37,41*w + 196]
Isogeny class  133.3-a
Curve [w,-1,1,-2*w - 2,-95*w - 409]
Isogeny class  133.3-b
Curve [1,-w + 1,1,5,w - 8]
Isogeny class  144.1-a
Curve [0,w + 1,0,-3*w + 24,9*w - 45]
Isogeny class  144.1-b
Curve [0,0,0,0,1]
Isogeny class  144.1-c
Curve [0,w + 1,0,461*w - 2440,11287*w - 60058]
Isogeny class  144.1-d
Curve [0,-w - 1,0,-459*w - 1980,-10827*w - 46791]
Isogeny class  144.1-e
Curve [0,0,0,0,-87*w + 463]
Isogeny class  144.1-f
Curve [0,0,0,0,87*w + 376]
Isogeny class  144.1-g
Curve [0,-w - 1,0,5*w + 20,-13*w - 56]
Isogeny class  147.1-a
Curve [1,0,0,-4,-1]
Isogeny class  147.1-b
Curve [w,w - 1,1,145*w - 731,1627*w - 8604]
Isogeny class  147.1-c
Curve [w,w + 1,w + 1,12*w - 1,-25*w - 8]
Isogeny class  147.1-d
Curve [w + 1,w,0,-133*w - 574,-2358*w - 10191]
Isogeny class  147.1-e
Curve [w + 1,w - 1,0,22,35*w - 175]
Isogeny class  147.1-f
Curve [w,w - 1,w + 1,-1720*w + 9180,-777581*w + 4138195]
Isogeny class  147.1-g
Curve [w,w + 1,0,7*w + 21,8*w + 40]
Isogeny class  147.1-h
Curve [w + 1,w,w + 1,1730*w + 7472,786771*w + 3400284]
Isogeny class  147.1-i
Curve [w + 1,w - 1,w,5*w + 15,7*w + 27]
Isogeny class  147.1-j
Curve [w + 1,-1,w + 1,351*w - 1861,-1470*w + 7840]
Isogeny class  147.2-a
Curve [1,0,w,6*w - 35,49*w - 268]
Isogeny class  147.2-b
Curve [w,-w,0,-40*w - 146,265*w + 1172]
Isogeny class  147.3-a
Curve [1,0,w + 1,-7*w - 29,-50*w - 219]
Isogeny class  147.3-b
Curve [w + 1,-1,0,40*w - 186,-265*w + 1437]
Isogeny class  153.1-a
Curve [w + 1,w + 1,1,-101*w - 440,801*w + 3458]
Isogeny class  153.1-b
Curve [w,w,w,9*w + 34,34*w + 140]
Isogeny class  153.1-c
Curve [w,w,0,463*w - 2414,-11314*w + 60276]
Isogeny class  153.1-d
Curve [1,w,w,-383*w + 2046,-6496*w + 34570]
Isogeny class  153.2-a
Curve [w,w,0,115*w - 566,-1366*w + 7314]
Isogeny class  153.2-b
Curve [w + 1,w + 1,w,4*w + 55,12*w + 111]
Isogeny class  153.2-c
Curve [w + 1,w + 1,1,-449*w - 1940,8901*w + 38468]
Isogeny class  153.2-d
Curve [1,-w + 1,w + 1,382*w + 1663,6495*w + 28074]
Isogeny class  161.1-a
Curve [1,-1,0,-2*w - 9,-3*w - 13]
Isogeny class  161.1-b
Curve [w + 1,0,1,50*w - 236,-343*w + 1862]
Isogeny class  161.4-a
Curve [1,-1,0,2*w - 11,3*w - 16]
Isogeny class  161.4-b
Curve [w,-w + 1,1,-51*w - 185,343*w + 1519]
Isogeny class  167.1-a
Curve [w + 1,w + 1,1,11*w + 27,14*w + 86]
Isogeny class  167.1-b
Curve [1,-w + 1,0,-w + 6,2*w + 15]
Isogeny class  167.2-a
Curve [w,w,0,3*w + 13,0]
Isogeny class  167.2-b
Curve [1,w,0,w + 5,-2*w + 17]
Isogeny class  187.2-a
Curve [w,w,0,5*w + 22,6*w + 26]
Isogeny class  187.2-b
Curve [w,-1,w,402*w - 2142,10931*w - 58173]
Isogeny class  187.2-c
Curve [1,w,0,-30*w + 170,110*w - 579]
Isogeny class  187.2-d
Curve [w + 1,-w - 1,w,-70*w - 302,-657*w - 2841]
Isogeny class  187.3-a
Curve [w + 1,w + 1,1,9*w + 38,17*w + 72]
Isogeny class  187.3-b
Curve [w + 1,-w - 1,w + 1,-404*w - 1740,-10932*w - 47242]
Isogeny class  187.3-c
Curve [1,-w + 1,0,30*w + 140,-110*w - 469]
Isogeny class  187.3-d
Curve [w,-1,w + 1,68*w - 371,656*w - 3498]
Isogeny class  192.1-a
Curve [0,-w + 1,0,-9*w + 54,243*w - 1296]
Isogeny class  192.1-b
Curve [0,-1,0,-4,4]
Isogeny class  192.1-c
Curve [0,w,0,9*w + 45,-243*w - 1053]
Isogeny class  192.1-d
Curve [0,w - 1,0,-11*w - 38,-57*w - 252]
Isogeny class  192.1-e
Curve [0,-w,0,11*w - 49,57*w - 309]
Isogeny class  192.1-f
Curve [0,w,0,0,12]
Isogeny class  192.1-g
Curve [0,-w + 1,0,0,12]
Isogeny class  192.1-h
Curve [0,w - 1,0,-20*w - 77,819*w + 3534]
Isogeny class  192.1-i
Curve [0,-w,0,542*w - 2875,15951*w - 84894]
Isogeny class  192.1-j
Curve [0,-w,0,20*w - 97,-819*w + 4353]
Isogeny class  192.1-k
Curve [0,w - 1,0,-542*w - 2333,-15951*w - 68943]
Isogeny class  192.1-l
Curve [0,-w + 1,0,6,-3]
Isogeny class  192.1-m
Curve [0,1,0,377*w - 2006,6659*w - 35438]
Isogeny class  192.1-n
Curve [0,w,0,6,-3]
Isogeny class  196.1-a
Curve [w + 1,-1,0,66*w - 331,651*w - 3451]
Isogeny class  196.1-b
Curve [w,-w,w + 1,386*w + 1688,15657*w + 67691]
Isogeny class  196.1-c
Curve [1,-w + 1,w,-32*w - 133,243*w + 1046]
Isogeny class  196.1-d
Curve [1,0,w,583*w - 3106,16907*w - 89983]
Isogeny class  196.1-e
Curve [w,w,w + 1,-623*w - 2700,-21366*w - 92343]
Isogeny class  196.1-f
Curve [1,w,w + 1,31*w - 165,-244*w + 1289]
Isogeny class  196.1-g
Curve [w,-w,0,-66*w - 265,-651*w - 2800]
Isogeny class  196.1-h
Curve [w + 1,w + 1,w + 1,635*w - 3311,18677*w - 99247]
Isogeny class  196.1-i
Curve [1,0,1,4,-6]
Isogeny class  196.1-j
Curve [1,0,w + 1,-584*w - 2523,-16908*w - 73076]
Isogeny class  196.2-a
Curve [w + 1,-w - 1,0,378*w - 2023,9641*w - 51301]
Isogeny class  196.2-b
Curve [w + 1,-w - 1,w + 1,-13*w + 43,-21*w + 77]
Isogeny class  196.2-c
Curve [1,w,w + 1,-930*w - 4012,32348*w + 139797]
Isogeny class  196.2-d
Curve [1,w,0,-1377*w - 5950,-63699*w - 275289]
Isogeny class  196.3-a
Curve [w,-1,0,-378*w - 1645,-9641*w - 41660]
Isogeny class  196.3-b
Curve [w,-1,w,11*w + 32,20*w + 57]
Isogeny class  196.3-c
Curve [1,-w + 1,w,929*w - 4941,-32349*w + 172146]
Isogeny class  196.3-d
Curve [1,-w + 1,0,1377*w - 7327,63699*w - 338988]
Isogeny class  197.1-a
Curve [w + 1,-w,w,-11*w - 38,14*w + 69]
Isogeny class  197.1-b
Curve [w,1,1,19,19]
Isogeny class  197.2-a
Curve [w,0,w + 1,9*w - 48,-15*w + 83]
Isogeny class  197.2-b
Curve [w + 1,-w + 1,1,-w + 19,19]

Total time: 568.070 seconds, Total memory usage: 87.44MB
