Magma V2.21-3     Mon Jun  1 2015 11:04:59 on atkin    [Seed = 588904203]
Type ? for help.  Type <Ctrl>-D to quit.
Field 2.2.205.1
Isogeny class  4.1-a
Curve [0,0,0,-10980455124240*w - 73118066354091,52297855376022601200*w + 348246741004477047270]
Isogeny class  4.1-b
Curve [0,0,0,10980455124240*w - 84098521478331,-52297855376022601200*w + 400544596380499648470]
Isogeny class  12.1-a
Curve [0,0,0,2619*w - 20196,-187488*w + 1435374]
Isogeny class  12.1-b
Curve [0,0,0,-17712*w - 117963,-3214512*w - 21405114]
Isogeny class  12.2-a
Curve [0,0,0,-2619*w - 17577,187488*w + 1247886]
Isogeny class  12.2-b
Curve [0,0,0,-4855005*w - 32329044,14879207952*w + 99079314534]
Isogeny class  20.1-a
Curve [0,0,0,-23969009045520*w - 159607919162043,162329248734079601520*w + 1080935947275313795542]
Isogeny class  20.1-b
Curve [0,0,0,23969009045520*w - 183576928207563,-162329248734079601520*w + 1243265196009393397062]
Isogeny class  27.1-a
Curve [0,0,0,-193753728*w - 1290188736,-5765987662848*w - 38395195973424]
Isogeny class  27.1-b
Curve [0,0,0,-105408*w - 694656,-72696960*w - 483261552]
Isogeny class  27.2-a
Curve [0,0,0,-21528192*w - 143354304,213555098624*w + 1422044295312]
Isogeny class  27.2-b
Curve [0,0,0,-11712*w - 77184,2692480*w + 17898576]
Isogeny class  28.1-a
Curve [0,0,0,-11446029*w - 76218084,56327835456*w + 375082016742]
Isogeny class  28.1-b
Curve [0,0,0,-6075*w - 42201,711504*w + 4710798]
Isogeny class  28.2-a
Curve [0,0,0,-225504*w - 1501659,-149929056*w - 998364042]
Isogeny class  28.2-b
Curve [0,0,0,6075*w - 48276,-711504*w + 5422302]
Isogeny class  36.1-a
Curve [0,0,0,-17529723*w - 116728857,-86313721392*w - 574755348402]
Isogeny class  36.1-b
Curve [0,0,0,-58725*w - 391500,-28215000*w - 187886250]
Isogeny class  36.1-c
Curve [0,0,0,1944*w + 12933,-649080*w - 4322106]
Isogeny class  36.1-d
Curve [0,0,0,221805*w - 1706697,152727336*w - 1169410986]
Isogeny class  36.1-e
Curve [0,0,0,-230087709*w - 1532133468,19135767407832*w + 127423363122990]
Isogeny class  36.1-f
Curve [0,0,0,9485883*w - 113830596,60619603392*w - 573991869618]
Isogeny class  36.1-g
Curve [0,0,0,24165*w + 160839,31761936*w + 211499694]
Isogeny class  36.1-h
Curve [0,0,0,-221805*w - 1484892,-152727336*w - 1016683650]
Isogeny class  36.1-i
Curve [0,0,0,9504*w - 72603,1087776*w - 8325450]
Isogeny class  36.1-j
Curve [0,0,0,-410694408*w - 2734777323,-12121449569496*w - 80715648197034]
Isogeny class  36.1-k
Curve [0,0,0,-9485883*w - 104344713,-60619603392*w - 513372266226]
Isogeny class  36.1-l
Curve [0,0,0,-124659*w - 828873,241077384*w + 1605227382]
Isogeny class  36.1-m
Curve [0,0,0,-1020573*w - 6797628,1740907512*w + 11592519822]
Isogeny class  36.1-n
Curve [0,0,0,1539*w - 11772,-330696*w + 2532654]
Isogeny class  36.1-o
Curve [0,0,0,-9504*w - 63099,-1087776*w - 7237674]
Isogeny class  36.1-p
Curve [0,0,0,58725*w - 450225,28215000*w - 216101250]
Isogeny class  45.1-a
Curve [0,0,0,-156592411920*w - 1042737685803,88871437586139120*w + 591786953503742502]
Isogeny class  45.1-b
Curve [0,0,0,-1675323*w - 11155833,-1460655504*w - 9726374322]
Isogeny class  45.1-c
Curve [0,0,0,-12987,-263466]
Isogeny class  45.1-d
Curve [0,0,0,156592411920*w - 1199330097723,-88871437586139120*w + 680658391089881622]
Isogeny class  45.2-a
Curve [0,0,0,31293*w - 260361,8702424*w - 65506266]
Isogeny class  45.2-b
Curve [0,0,0,1323*w - 10476,30024*w - 231066]
Isogeny class  45.2-c
Curve [0,0,0,-2669085*w - 17773452,6346886760*w + 42263349534]
Isogeny class  45.2-d
Curve [0,0,0,-44280*w - 294867,-6180840*w - 41157666]
Isogeny class  45.3-a
Curve [0,0,0,-31293*w - 229068,-8702424*w - 56803842]
Isogeny class  45.3-b
Curve [0,0,0,-1323*w - 9153,-30024*w - 201042]
Isogeny class  45.3-c
Curve [0,0,0,-60467256*w - 402646059,-684434125512*w - 4557585606570]
Isogeny class  45.3-d
Curve [0,0,0,-2487861*w - 16566444,-2389425912*w - 15910973370]

Total time: 74.409 seconds, Total memory usage: 55.41MB
