Magma V2.21-4     Wed Jun  3 2015 15:58:28 on atkin    [Seed = 104386388]
Type ? for help.  Type <Ctrl>-D to quit.
Field 2.2.417.1
Isogeny class  4.1-a
Curve [1,-w,1,816765673272*w - 8747796347450,-1478955604013312315*w + 15840041831156966876]
Isogeny class  4.1-b
Curve [1,w + 1,1,-414422*w - 4024134,-465684459*w - 4521930669]
Isogeny class  4.1-c
Curve [1,w - 1,1,-816765673272*w - 7931030674178,1478955604013312315*w + 14361086227143654561]
Isogeny class  4.1-d
Curve [1,-w - 1,0,414424*w - 4438557,465270036*w - 4983176571]
Isogeny class  6.1-a
Curve [w,-w - 1,1,319033*w - 3416845,327893300*w - 3511831800]
Isogeny class  6.1-b
Curve [1,-w - 1,w,1176798388324*w + 11427052361052,-27402560590331692861*w - 266086780708219106651]
Isogeny class  6.1-c
Curve [w,-w,1,-120059948719*w - 1165816790408,72656766242637349*w + 705518192814221346]
Isogeny class  6.1-d
Curve [1,w - 1,w + 1,-18*w + 220,-8*w + 88]
Isogeny class  6.2-a
Curve [w + 1,1,w,-319033*w - 3097812,-328212333*w - 3187036312]
Isogeny class  6.2-b
Curve [1,w + 1,w,-1176798388323*w + 12603850749376,27402559413533304537*w - 293489328694700050136]
Isogeny class  6.2-c
Curve [w + 1,-1,1,120059948718*w - 1285876739127,-72656766242637349*w + 778174959056858695]
Isogeny class  6.2-d
Curve [1,-w,w,17*w + 203,7*w + 81]
Isogeny class  8.1-a
Curve [w,w - 1,w,21*w + 211,100*w + 1022]
Isogeny class  8.1-b
Curve [w,0,0,1306338746985816*w - 13991265418491792,-82216526281907524966625*w + 880562751162954476365301]
Isogeny class  8.2-a
Curve [w + 1,w,w + 1,30*w + 284,162*w + 1590]
Isogeny class  8.2-b
Curve [w + 1,-w,0,-1306338746985816*w - 12684926671505976,82216526281907524966625*w + 798346224881046951398676]

Total time: 18.859 seconds, Total memory usage: 56.06MB
