Magma V2.21-4     Wed Jun  3 2015 15:58:44 on atkin    [Seed = 137441124]
Type ? for help.  Type <Ctrl>-D to quit.
Field 2.2.429.1
Isogeny class  3.1-a
Curve [0,0,0,-628284384*w - 6192469899,27599894938080*w + 272028913938630]
Isogeny class  3.1-b
Curve [0,0,0,189*w + 567,3888*w + 20358]
Isogeny class  3.1-c
Curve [0,0,0,-30051*w - 292761,-9059040*w - 89193690]
Isogeny class  3.1-d
Curve [0,0,0,2658096*w + 26198613,-9207822096*w - 90753745626]
Isogeny class  3.1-e
Curve [0,0,0,1269750195*w + 12514858020,-96134298126912*w - 947514792008682]
Isogeny class  3.1-f
Curve [0,0,0,-1315251*w - 12963321,2643540624*w + 26055152982]
Isogeny class  3.1-g
Curve [0,0,0,60480*w + 594405,31539456*w + 310830966]
Isogeny class  3.1-h
Curve [0,0,0,-189*w + 756,-3888*w + 24246]
Isogeny class  4.1-a
Curve [0,0,0,-1137989580739011*w - 11217325867284537,67526629048502104152672*w + 665552638488956750750790]
Isogeny class  4.1-b
Curve [0,0,0,1137989580739011*w - 12355315448023548,-67526629048502104152672*w + 733079267537458854903462]
Isogeny class  4.1-c
Curve [0,0,0,-9404872568091*w - 92705172456897,-50733755859130055712*w - 500039548075850301090]
Isogeny class  4.1-d
Curve [0,0,0,9404872568091*w - 102110045024988,50733755859130055712*w - 550773303934980356802]

Total time: 9.310 seconds, Total memory usage: 56.06MB
