Magma V2.21-3     Mon Jun  1 2015 10:45:20 on atkin    [Seed = 4240863472]
Type ? for help.  Type <Ctrl>-D to quit.
Field 2.2.201.1
Isogeny class  4.2-a
Curve [0,w + 1,w + 1,w + 17,-11621086910*w + 88189214630]
Isogeny class  4.3-a
Curve [0,w + 1,w,w + 17,-17334*w + 131552]
Isogeny class  6.1-a
Curve [1,w + 1,0,91686871*w - 695786281,1321324052350*w - 10027162807058]
Isogeny class  6.1-b
Curve [1,w - 1,1,40*w + 281,-114*w - 766]
Isogeny class  6.2-a
Curve [1,-w - 1,1,-91686869*w - 604099412,-1321232365480*w - 8705234655297]
Isogeny class  6.2-b
Curve [1,-w,1,-40*w + 321,114*w - 880]
Isogeny class  8.1-a
Curve [w,1,w,-255*w - 1655,4702*w + 31031]
Isogeny class  8.1-b
Curve [w,0,w,-25561331*w + 193977912,-1004825194159*w + 7625340503489]
Isogeny class  8.2-a
Curve [w + 1,-w + 1,w + 1,253*w - 1910,-4703*w + 35733]
Isogeny class  8.2-b
Curve [w + 1,-w,w + 1,25561329*w + 168416581,1004825194158*w + 6620515309330]
Isogeny class  10.2-a
Curve [w + 1,w - 1,1,23*w + 30,6*w + 535]
Isogeny class  10.2-b
Curve [w + 1,w,1,-229925524*w - 1514915686,6836173662496*w + 45041657645752]
Isogeny class  10.3-a
Curve [w,w + 1,w + 1,2*w + 4,-w - 9]
Isogeny class  10.3-b
Curve [w,w - 1,1,229925549*w - 1744841260,-6837918503756*w + 51891072426358]
Isogeny class  12.1-a
Curve [1,w - 1,w + 1,-2*w + 7,-21]
Isogeny class  12.1-b
Curve [1,-w - 1,w,-42609173496*w - 280740060131,-4209975559945543*w - 27738364651025565]
Isogeny class  12.1-c
Curve [1,-w,w,w + 6,-w - 20]
Isogeny class  12.1-d
Curve [1,w + 1,w,42609173497*w - 323349233627,4210018169119039*w - 31948663560204735]
Isogeny class  12.2-a
Curve [w + 1,-w,w + 1,-141242*w - 930551,69805497*w + 459929217]
Isogeny class  12.2-b
Curve [w + 1,-w + 1,w + 1,-51926*w + 394062,18154185*w - 137767046]
Isogeny class  12.3-a
Curve [w,0,w,141240*w - 1071791,-69805498*w + 529734715]
Isogeny class  12.3-b
Curve [w,1,w,51924*w + 342138,-18154186*w - 119612860]
Isogeny class  15.1-a
Curve [w,0,1,264935*w + 1745626,-9627100173*w - 63430300516]
Isogeny class  15.1-b
Curve [w,-w,1,99919*w - 758246,-54573381*w + 414142307]
Isogeny class  15.2-a
Curve [w + 1,-w,1,-264936*w + 2010561,9627100173*w - 73057400689]
Isogeny class  15.2-b
Curve [w + 1,-1,1,-99920*w - 658327,54573381*w + 359568926]
Isogeny class  16.1-a
Curve [0,w + 1,0,w + 17,-14193713*w - 93518456]
Curve [0,-w + 2,0,-w + 18,14193713*w - 107712169]
Isogeny class  16.4-a
Curve [w + 1,-1,0,-284353901*w + 2157883215,9530103912546*w - 72321322940658]
Isogeny class  16.4-b
Curve [0,0,w + 1,25410*w - 192830,5870229*w - 44547563]
Curve [0,0,w + 1,-40228944910*w - 265057392270,11693784714885414*w + 77047113446016374]
Isogeny class  16.4-c
Curve [w + 1,w - 1,w + 1,18*w + 103,88*w + 572]
Isogeny class  16.5-a
Curve [w,-w,0,284353901*w + 1873529314,-9530103912546*w - 62791219028112]
Isogeny class  16.5-b
Curve [0,0,w,-25410*w - 167420,-5870230*w - 38677333]
Curve [0,0,w,40228944910*w - 305286337180,-11693784714885415*w + 88740898160901789]
Isogeny class  16.5-c
Curve [w,w + 1,0,7*w + 123,15*w + 336]
Isogeny class  18.1-a
Curve [1,w,w,-124137628*w + 942046144,1127279649150*w - 8554613496236]
Isogeny class  18.1-b
Curve [1,-w + 1,w,-268*w - 1742,7129*w + 46978]
Isogeny class  18.2-a
Curve [1,-w + 1,w + 1,124137627*w + 817908516,-1127279649151*w - 7427333847086]
Isogeny class  18.2-b
Curve [1,w,w + 1,267*w - 2010,-7130*w + 54107]
Isogeny class  20.1-a
Curve [1,-w - 1,w,247857361170*w - 1880920966314,2630191688183928028*w - 19959797314180966780]
Isogeny class  20.1-b
Curve [1,-w + 1,w + 1,71*w - 530,1080*w - 8223]
Isogeny class  20.1-c
Curve [1,0,1,-132778*w - 874838,-78238736*w - 515493394]
Isogeny class  20.1-d
Curve [1,w - 1,w + 1,-38921*w + 295372,-2728350*w + 20704687]
Isogeny class  20.1-e
Curve [1,w,w + 1,-22413328807*w - 147675224849,-4862216955413456*w - 32035802821478228]
Isogeny class  20.1-f
Curve [1,1,1,-8*w - 56,-40*w - 231]
Isogeny class  20.2-a
Curve [1,w + 1,w,-247857361169*w - 1633063605144,-2630191936041289198*w - 17329607259060643896]
Isogeny class  20.2-b
Curve [1,w,w,-72*w - 458,-1081*w - 7142]
Isogeny class  20.2-c
Curve [1,0,1,132778*w - 1007616,78238736*w - 593732130]
Isogeny class  20.2-d
Curve [1,-w,w,38920*w + 256452,2728349*w + 17976338]
Isogeny class  20.2-e
Curve [1,-w + 1,w,22413328806*w - 170088553655,4862216955413455*w - 36898019776891683]
Isogeny class  20.2-f
Curve [1,1,1,8*w - 64,40*w - 271]
Isogeny class  22.2-a
Curve [1,1,w + 1,-260317324*w - 1715158851,11536493713357*w + 76010766537435]
Isogeny class  22.2-b
Curve [1,-w - 1,0,22651*w - 171869,6468432*w - 49087163]
Isogeny class  22.3-a
Curve [1,1,w,260317323*w - 1975476174,-11536493713358*w + 87547260250793]
Isogeny class  22.3-b
Curve [1,w + 1,1,-22649*w - 149219,-6491082*w - 42767950]
Isogeny class  24.1-a
Curve [w + 1,-1,w + 1,-24196437862*w - 159423637291,8816154303203578*w + 58087202502698683]
Isogeny class  24.1-b
Curve [w + 1,-w,w + 1,474*w - 3595,17415*w - 132130]
Isogeny class  24.2-a
Curve [w,-w,w,24196437860*w - 183620075151,-8816154303203579*w + 66903356805902262]
Isogeny class  24.2-b
Curve [w,0,w,-476*w - 3119,-17416*w - 114714]
Isogeny class  25.2-a
Curve [0,0,1,-251680*w - 1658250,-182986986*w - 1205650644]
Curve [0,0,1,6346222080*w - 48159724250,732689603426592*w - 5560178767312619]
Isogeny class  25.2-b
Curve [0,w + 1,1,w + 17,-2902396235074942*w + 22025482339478344]
Isogeny class  25.3-a
Curve [0,0,1,251680*w - 1909930,182986986*w - 1388637630]
Curve [0,0,1,-6346222080*w - 41813502170,-732689603426592*w - 4827489163886027]
Isogeny class  25.3-b
Curve [0,w + 1,1,w + 17,2*w + 8]
Isogeny class  30.1-a
Curve [1,-w,1,710843937*w - 5394398029,-27465208525190*w + 208425871702524]
Isogeny class  30.1-b
Curve [1,w + 1,1,-13643*w - 89881,-2192580*w - 14446309]
Isogeny class  30.1-c
Curve [1,w - 1,0,356*w - 2686,-10095*w + 76620]
Isogeny class  30.1-d
Curve [1,-w - 1,w,14403*w - 109281,-2393312*w + 18162147]
Isogeny class  30.1-e
Curve [1,w + 1,w + 1,-189*w - 1233,3228*w + 21255]
Isogeny class  30.1-f
Curve [1,1,0,1967834788*w - 14933353980,-144782947274737*w + 1098717745606158]
Isogeny class  30.1-g
Curve [1,1,1,-3276671*w - 21589079,-8268964351*w - 54481919239]
Isogeny class  30.1-h
Curve [1,0,w,-287079970*w - 1891490524,7365464762299*w + 48529010321268]
Isogeny class  30.1-i
Curve [1,1,w,3501286057*w - 26570291572,3176209458154850*w - 24103375163476720]
Isogeny class  30.1-j
Curve [1,-w - 1,1,-12836*w - 84562,-2163984*w - 14257885]
Isogeny class  30.4-a
Curve [1,w - 1,1,-710843937*w - 4683554092,27465208525190*w + 180960663177334]
Isogeny class  30.4-b
Curve [1,-w - 1,0,13645*w - 103525,2178936*w - 16535364]
Isogeny class  30.4-c
Curve [1,-w,0,-356*w - 2330,10095*w + 66525]
Isogeny class  30.4-d
Curve [1,w + 1,w,-14402*w - 94878,2378909*w + 15673957]
Isogeny class  30.4-e
Curve [1,-w - 1,w + 1,190*w - 1423,-3419*w + 25906]
Isogeny class  30.4-f
Curve [1,1,0,-1967834788*w - 12965519192,144782947274737*w + 953934798331421]
Isogeny class  30.4-g
Curve [1,1,1,3276671*w - 24865750,8268964351*w - 62750883590]
Isogeny class  30.4-h
Curve [1,0,w + 1,287079969*w - 2178570494,-7365464762300*w + 55894475083567]
Isogeny class  30.4-i
Curve [1,1,w + 1,-3501286058*w - 23069005515,-3176209458154851*w - 20927165705321870]
Isogeny class  30.4-j
Curve [1,w + 1,0,12838*w - 97398,2176821*w - 16519267]
Isogeny class  32.3-a
Curve [w + 1,0,w + 1,-239*w - 1570,-12644*w - 83298]
Isogeny class  32.3-b
Curve [w + 1,0,0,163607300*w - 1241570439,6124521998557*w - 46477303645209]
Isogeny class  32.5-a
Curve [0,w,w,14260*w - 108196,2725974*w - 20686661]
Isogeny class  32.5-b
Curve [w,w + 1,w,-2822693*w - 18597956,6851354464*w + 45141679743]
Isogeny class  32.5-c
Curve [w,w - 1,0,-589790*w + 4475900,-1062390095*w + 8062184958]
Isogeny class  32.5-d
Curve [0,1,w,329137*w + 2168593,595454608*w + 3923285722]
Isogeny class  32.4-a
Curve [w,-w + 1,w,237*w - 1807,12643*w - 95941]
Isogeny class  32.4-b
Curve [w,-w + 1,0,-163607300*w - 1077963139,-6124521998557*w - 40352781646652]
Isogeny class  32.6-a
Curve [0,-w + 1,w + 1,-14260*w - 93936,-2725975*w - 17960687]
Isogeny class  32.6-b
Curve [w + 1,w - 1,0,2822719*w - 21420625,-6872775114*w + 52155590182]
Isogeny class  32.6-c
Curve [w + 1,w,0,589816*w + 3886135,1066865995*w + 7029284988]
Isogeny class  32.6-d
Curve [0,1,w + 1,-329137*w + 2497730,-595454609*w + 4518740330]
Isogeny class  36.1-a
Curve [1,-1,w,20366856307*w - 154558439847,4208678749135346*w - 31938499072379337]
Curve [1,-1,-w + 2,8*w - 58,9*w - 76]
Isogeny class  36.1-b
Curve [1,w,1,124082*w - 941604,-21183905*w + 160758814]
Isogeny class  36.1-c
Curve [1,w,1,4244842*w - 32212912,-11500037285*w + 87270602516]
Isogeny class  36.1-d
Curve [1,-1,-w + 1,-20366856307*w - 134191583540,-4208678749135346*w - 27729820323243991]
Curve [1,-1,w + 1,-8*w - 50,-9*w - 67]
Isogeny class  36.1-e
Curve [1,-1,1,6590*w - 50010,772972*w - 5865871]
Curve [1,-1,1,-6590*w - 43420,-772972*w - 5092899]
Isogeny class  36.1-f
Curve [1,-w + 1,1,-124082*w - 817522,21183905*w + 139574909]
Isogeny class  36.1-g
Curve [1,-w + 1,1,-4244842*w - 27968070,11500037285*w + 75770565231]
Isogeny class  36.1-h
Curve [1,-1,0,-2582065*w - 17012512,2037331147*w + 13423411482]
Curve [1,-1,0,2582065*w - 19594577,-2037331147*w + 15460742629]
Isogeny class  36.2-a
Curve [w + 1,w + 1,0,-160469283778*w + 1217757015350,100083602998089322*w - 759506783969093317]
Isogeny class  36.2-b
Curve [0,0,w + 1,0,94189674447258*w + 620589715778110]
Isogeny class  36.2-c
Curve [w + 1,-w - 1,w + 1,-4*w + 20,-7*w + 46]
Isogeny class  36.3-a
Curve [w,w,0,160469283806*w + 1057287731519,-100082545710357802*w - 659416214794545890]
Isogeny class  36.3-b
Curve [0,0,w,0,-94189674447259*w + 714779390225369]
Isogeny class  36.3-c
Curve [w,-1,w,2*w + 18,6*w + 40]
Isogeny class  40.1-a
Curve [w,-1,w,-29509*w - 194416,6644360*w + 43777875]
Isogeny class  40.1-b
Curve [w,w - 1,w,229925549*w - 1744841285,-68127590367836*w + 517001441893130]
Isogeny class  40.1-c
Curve [w,w + 1,0,3*w + 29,-89*w - 581]
Isogeny class  40.1-d
Curve [w,w,0,1028352302*w - 7803881057,47793990189840*w - 362695373614691]
Isogeny class  40.2-a
Curve [w,-w - 1,0,459263*w + 3026047,-437444320*w - 2882199480]
Isogeny class  40.2-b
Curve [w,-1,0,3*w + 38,6*w + 49]
Isogeny class  40.2-c
Curve [w,-w,w,4485547*w - 34039589,-396976125568*w + 3012542028969]
Isogeny class  40.2-d
Curve [w,0,w,67*w + 459,79*w + 557]
Isogeny class  40.2-e
Curve [w,w,w,70217943570*w + 462646610649,-99070690880798374*w - 652749383161778943]
Isogeny class  40.2-f
Curve [w,1,0,78371731*w - 594741313,-1017578989620*w + 7722125530084]
Isogeny class  40.5-a
Curve [0,w,w + 1,414136369*w + 2728630016,7203701547996*w + 47463197239553]
Isogeny class  40.5-b
Curve [0,w - 1,w + 1,11*w - 69,-387*w + 2929]
Isogeny class  40.6-a
Curve [0,0,w,-2288*w - 15075,159246*w + 1049217]
Isogeny class  40.6-b
Curve [w,-w + 1,w,-3276*w - 21493,-279018*w - 1838151]
Isogeny class  40.6-c
Curve [w,-w + 1,0,-9590382*w + 72778777,-46561826968*w + 353344827710]
Isogeny class  40.6-d
Curve [0,0,w,57692928*w - 437815675,-631914682787*w + 4795425764939]
Isogeny class  40.4-a
Curve [w + 1,-w - 1,w + 1,29507*w - 223925,-6644361*w + 50422235]
Isogeny class  40.4-b
Curve [w + 1,w,w + 1,-229925525*w - 1514915711,68125845526575*w + 448862355248444]
Isogeny class  40.4-c
Curve [w + 1,w - 1,w + 1,22*w + 5,94*w - 151]
Isogeny class  40.4-d
Curve [w + 1,w + 1,0,-1028352274*w - 6775528730,-47801794070896*w - 314952801039276]
Isogeny class  40.3-a
Curve [w + 1,1,w + 1,-459263*w + 3485309,436985057*w - 3316158491]
Isogeny class  40.3-b
Curve [w + 1,-w - 1,0,-3*w + 41,-6*w + 55]
Isogeny class  40.3-c
Curve [w + 1,-1,w + 1,-4485549*w - 29554042,396976125567*w + 2615565903401]
Isogeny class  40.3-d
Curve [w + 1,-w,w + 1,-69*w + 526,-80*w + 636]
Isogeny class  40.3-e
Curve [w + 1,w + 1,w + 1,-70217943544*w + 532864554244,99071153527409048*w - 751823584939755167]
Isogeny class  40.3-f
Curve [w + 1,-w + 1,0,-78371731*w - 516369582,1017578989620*w + 6704546540464]
Isogeny class  40.8-a
Curve [0,-w + 1,w,-414136369*w + 3142766385,-7203701547997*w + 54666898787550]
Isogeny class  40.8-b
Curve [0,-w,w,-11*w - 58,386*w + 2543]
Isogeny class  40.7-a
Curve [0,0,w + 1,2288*w - 17363,-159247*w + 1208463]
Isogeny class  40.7-b
Curve [w + 1,0,w + 1,3274*w - 24769,279017*w - 2117169]
Isogeny class  40.7-c
Curve [w + 1,0,0,9590382*w + 63188395,46561826968*w + 306783000742]
Isogeny class  40.7-d
Curve [0,0,w + 1,-57692928*w - 380122747,631914682786*w + 4163511082152]
Isogeny class  44.1-a
Curve [1,0,w,5330524136000*w - 40451873455042,-20296830451032763478*w + 154027032988851998776]
Isogeny class  44.1-b
Curve [1,w - 1,1,-540*w + 4113,-106149*w + 805547]
Isogeny class  44.1-c
Curve [1,0,w + 1,-2746634*w - 18096809,12118435025*w + 79845016890]
Isogeny class  44.1-d
Curve [1,-w,1,-117*w - 827,-57759*w - 380972]
Isogeny class  44.3-a
Curve [w,w - 1,w,16760*w - 127069,3160956*w - 23987293]
Isogeny class  44.3-b
Curve [w,w + 1,0,-263552218*w - 1736472667,-6211647231232*w - 40926825709566]
Isogeny class  44.4-a
Curve [w + 1,-w - 1,0,344896*w - 2617288,-287431650*w + 2181239335]
Isogeny class  44.4-b
Curve [w + 1,w + 1,w + 1,-22948*w - 151212,5784423*w + 38111956]
Isogeny class  44.2-a
Curve [1,0,w + 1,-5330524136001*w - 35121349319042,20296830451032763477*w + 133730202537819235298]
Isogeny class  44.2-b
Curve [1,-w,1,540*w + 3573,106149*w + 699398]
Isogeny class  44.2-c
Curve [1,0,w,2746633*w - 20843442,-12118435026*w + 91963451916]
Isogeny class  44.2-d
Curve [1,w - 1,1,117*w - 944,57759*w - 438731]
Isogeny class  44.6-a
Curve [w + 1,w,w + 1,-16736*w - 110284,-3288001*w - 21663737]
Isogeny class  44.6-b
Curve [w + 1,w - 1,w + 1,263552243*w - 2000024912,6209647206320*w - 47123295304312]
Isogeny class  44.5-a
Curve [w,-1,0,-344896*w - 2272392,287431650*w + 1893807685]
Isogeny class  44.5-b
Curve [w,w,w,22974*w - 174211,-5958609*w + 45218615]
Isogeny class  45.1-a
Curve [w + 1,w + 1,w,15*w + 93,676]
Isogeny class  45.1-b
Curve [w + 1,-w - 1,1,-308826945697*w - 2034775335763,299664944457188489*w + 1974409443505257842]
Isogeny class  45.2-a
Curve [w,w,w + 1,11*w + 56,81*w + 519]
Isogeny class  45.2-b
Curve [w,-1,1,308826945696*w - 2343602281459,-299664944457188489*w + 2274074387962446331]
Isogeny class  48.2-a
Curve [w + 1,-1,0,360721007041*w - 2737411961107,313980508385539291*w - 2382711243493449041]
Isogeny class  48.2-b
Curve [w + 1,-w + 1,w + 1,-48286228651*w + 366430835173,6272862821470175*w - 47603021125299213]
Isogeny class  48.2-c
Curve [w + 1,-1,0,-1923214611*w - 12671529171,-163626132221793*w - 1078087332664629]
Isogeny class  48.2-d
Curve [w + 1,w,0,17*w + 97,45*w + 313]
Isogeny class  48.2-e
Curve [w + 1,1,0,11232311812*w + 74006596140,3725361730221742*w + 24545378152077198]
Isogeny class  48.2-f
Curve [w + 1,-w,0,121*w - 879,2567*w - 19433]
Isogeny class  48.2-g
Curve [w + 1,-w,w + 1,-7*w + 8,-27*w - 72]
Isogeny class  48.2-h
Curve [w + 1,w - 1,w + 1,16*w + 85,63*w + 411]
Isogeny class  48.4-a
Curve [0,-1,w + 1,-154*w + 1169,-4959*w + 37614]
Isogeny class  48.4-b
Curve [w + 1,1,0,-1865*w + 14279,235106*w - 1783882]
Isogeny class  48.4-c
Curve [w + 1,w,0,98159*w + 646743,-25102116*w - 165390900]
Isogeny class  48.4-d
Curve [0,-1,w + 1,1718349*w - 13040075,-101325873652*w + 768934032380]
Isogeny class  48.4-e
Curve [w + 1,-w,0,107428363474*w - 815244139910,-62749476413444781*w + 476188422467462679]
Isogeny class  48.4-f
Curve [w + 1,-1,0,-34*w - 210,179*w + 1187]
Isogeny class  48.4-g
Curve [0,w - 1,w + 1,-1366*w - 8981,79883*w + 526303]
Isogeny class  48.4-h
Curve [w + 1,w - 1,0,223806*w - 1698193,151040592*w - 1146204700]
Isogeny class  48.4-i
Curve [w + 1,-w + 1,w + 1,2963837036*w + 19527902613,479269271754372*w + 3157772684582220]
Isogeny class  48.4-j
Curve [0,w - 1,w + 1,243811787*w + 1606408455,-9978799497993*w - 65747550149313]
Isogeny class  48.3-a
Curve [w,-w,0,-360721007041*w - 2376690954066,-313980508385539291*w - 2068730735107909750]
Isogeny class  48.3-b
Curve [w,1,w,48286228649*w + 318144606524,-6272862821470176*w - 41330158303829037]
Isogeny class  48.3-c
Curve [w,-w,0,1923214611*w - 14594743782,163626132221793*w - 1241713464886422]
Isogeny class  48.3-d
Curve [w,w - 1,0,9*w + 63,18*w + 120]
Isogeny class  48.3-e
Curve [w,-w - 1,w,-11232311811*w + 85238907901,-3725350497909931*w + 28270654643390989]
Isogeny class  48.3-f
Curve [w,0,0,-121*w - 758,-2567*w - 16866]
Isogeny class  48.3-g
Curve [w,0,w,5*w + 3,26*w - 98]
Isogeny class  48.3-h
Curve [w,w + 1,0,9*w + 103,22*w + 250]
Isogeny class  48.5-a
Curve [0,-1,w,154*w + 1015,4958*w + 32656]
Isogeny class  48.5-b
Curve [w,-w - 1,w,1866*w + 12363,-236972*w - 1561189]
Isogeny class  48.5-c
Curve [w,1,w,65790186942*w + 433473346811,-14244309852155323*w - 93851818200671699]
Isogeny class  48.5-d
Curve [0,-1,w,-1718349*w - 11321726,101325873651*w + 667608158729]
Isogeny class  48.5-e
Curve [w,0,0,-107428363474*w - 707815776436,62749476413444781*w + 413438946054017898]
Isogeny class  48.5-f
Curve [w,-w,0,34*w - 244,-179*w + 1366]
Isogeny class  48.5-g
Curve [0,-w,w,1366*w - 10347,-79884*w + 606187]
Isogeny class  48.5-h
Curve [w,0,w,2*w + 26,6*w + 55]
Isogeny class  48.5-i
Curve [w,1,w,-2963837038*w + 22491739651,-479269271754373*w + 3637041956336593]
Isogeny class  48.5-j
Curve [0,-w,w,-243811787*w + 1850220242,9978799497992*w - 75726349647305]
Isogeny class  50.1-a
Curve [1,1,0,310*w - 2352,-7455*w + 56574]
Isogeny class  50.1-b
Curve [w + 1,-w,w,-3*w + 30,-5*w + 62]
Isogeny class  50.1-c
Curve [w + 1,-w + 1,w,68531651301*w - 520067748553,-25997712736920666*w + 197289452016909607]
Isogeny class  50.1-d
Curve [1,w + 1,w + 1,-1240177371*w - 8171185701,-102141114173674*w - 672979553080377]
Isogeny class  50.3-a
Curve [1,-w - 1,w + 1,-210673992*w - 1388072655,24462051064127*w + 161173689221497]
Isogeny class  50.3-b
Curve [1,1,1,80529712*w - 611117713,-1225692622321*w + 9301442332481]
Isogeny class  50.3-c
Curve [1,w + 1,w,-3193*w - 21025,-417032*w - 2747725]
Isogeny class  50.3-d
Curve [1,-w,w + 1,137*w - 1026,2862*w - 21752]
Isogeny class  50.4-a
Curve [w + 1,-w - 1,1,615*w - 4639,-9522*w + 72295]
Isogeny class  50.4-b
Curve [w + 1,-w + 1,1,2082924*w + 13723892,5628432239*w + 37084183555]
Isogeny class  50.4-c
Curve [1,1,0,-5086824*w - 33515676,-16622935133*w - 109523922342]
Isogeny class  50.4-d
Curve [1,-w - 1,w + 1,2854746*w - 21663859,-6987485221*w + 53026092839]
Isogeny class  50.4-e
Curve [w + 1,1,w,-44003*w + 334020,-11726498*w + 88989408]
Isogeny class  50.4-f
Curve [w + 1,w + 1,w,-5344712*w - 35214846,35211237406*w + 231997105216]
Isogeny class  50.2-a
Curve [1,1,0,-310*w - 2042,7455*w + 49119]
Isogeny class  50.2-b
Curve [w,0,w + 1,w + 28,4*w + 57]
Isogeny class  50.2-c
Curve [w,1,w + 1,-68531651303*w - 451536097251,25997712736920665*w + 171291739279988941]
Isogeny class  50.2-d
Curve [1,-w - 1,w + 1,1240177372*w - 9411363073,102139873996301*w - 775111255890978]
Isogeny class  50.6-a
Curve [1,w + 1,w + 1,210673993*w - 1598746647,-24461840390136*w + 185634141538978]
Isogeny class  50.6-b
Curve [1,1,1,-80529712*w - 530588001,1225692622321*w + 8075749710160]
Isogeny class  50.6-c
Curve [1,-w - 1,w,3194*w - 24219,413838*w - 3140538]
Isogeny class  50.6-d
Curve [1,w - 1,w,-138*w - 888,-2863*w - 18889]
Isogeny class  50.5-a
Curve [w,-1,1,-616*w - 4023,9522*w + 62773]
Isogeny class  50.5-b
Curve [w,1,1,-2082925*w + 15806817,-5628432239*w + 42712615794]
Isogeny class  50.5-c
Curve [1,1,0,5086824*w - 38602500,16622935133*w - 126146857475]
Isogeny class  50.5-d
Curve [1,w + 1,w + 1,-2854745*w - 18809113,6984630474*w + 46019798506]
Isogeny class  50.5-e
Curve [w,-w - 1,1,44003*w + 290017,11682495*w + 76972893]
Isogeny class  50.5-f
Curve [w,w,w + 1,5344738*w - 40559610,-35251796991*w + 267516138481]
Isogeny class  55.2-a
Curve [0,w,1,485*w + 3210,-4544*w - 29950]
Isogeny class  55.2-b
Curve [0,w - 1,1,96837375*w - 734872043,-1381939257472*w + 10487154834986]
Isogeny class  55.3-a
Curve [0,-w + 1,1,-485*w + 3695,4544*w - 34494]
Isogeny class  55.3-b
Curve [0,-w,1,-96837375*w - 638034668,1381939257472*w + 9105215577514]
Isogeny class  60.1-a
Curve [1,-w - 1,w,-12873601*w - 84820582,32757490172*w + 215830043308]
Isogeny class  60.1-b
Curve [1,w - 1,0,627729132*w - 4763662762,21209224951880*w - 160950942523380]
Isogeny class  60.1-c
Curve [1,-w,w,156*w - 1178,-2047*w + 15518]
Isogeny class  60.1-d
Curve [1,w + 1,w + 1,9036*w + 59548,208659*w + 1374783]
Isogeny class  60.1-e
Curve [1,0,1,2*w - 16,-4*w + 30]
Isogeny class  60.1-f
Curve [1,w - 1,w,3741774529310*w - 28395292075434,-10489720788514755394*w + 79603590020342173646]
Isogeny class  60.1-g
Curve [1,0,w + 1,37997*w - 288353,-10728906*w + 81418682]
Isogeny class  60.1-h
Curve [1,1,0,2761032994498*w - 20952715802245,-3221483832698829824*w + 24446949870781825333]
Isogeny class  60.1-i
Curve [1,-w,0,-145638184*w - 959569701,-2540818266908*w - 16740748870367]
Isogeny class  60.1-j
Curve [1,-w,w,1026416*w - 7789173,1509405980*w - 11454464569]
Isogeny class  60.1-k
Curve [1,w + 1,w + 1,w - 18,-16*w - 95]
Isogeny class  60.1-l
Curve [1,0,0,31981*w + 210664,-1116859547*w - 7358678816]
Isogeny class  60.1-m
Curve [1,0,w,-26*w - 168,9218*w + 60724]
Isogeny class  60.1-n
Curve [1,-w - 1,w,-622596871941*w - 4102118603427,572732741836780671*w + 3773577640639748369]
Isogeny class  60.1-o
Curve [1,-w,w,-25705129184*w - 169363987148,5927090570861001*w + 39051960571553618]
Isogeny class  60.1-p
Curve [1,1,0,1192853*w - 9052231,824801643*w - 6259191561]
Isogeny class  60.2-a
Curve [1,w + 1,w,12873602*w - 97694183,-32744616571*w + 248489839297]
Isogeny class  60.2-b
Curve [1,-w,0,-627729132*w - 4135933630,-21209224951880*w - 139741717571500]
Isogeny class  60.2-c
Curve [1,w - 1,w + 1,-157*w - 1022,2046*w + 13471]
Isogeny class  60.2-d
Curve [1,-w - 1,w + 1,-9035*w + 68583,-199625*w + 1514859]
Isogeny class  60.2-e
Curve [1,0,1,-2*w - 14,4*w + 26]
Isogeny class  60.2-f
Curve [1,-w,w + 1,-1546190971*w - 10187424674,90633380362503*w + 597158277584572]
Isogeny class  60.2-g
Curve [1,0,w,-37998*w - 250355,10728905*w + 70689777]
Isogeny class  60.2-h
Curve [1,1,0,-2761032994498*w - 18191682807747,3221483832698829824*w + 21225466038082995509]
Isogeny class  60.2-i
Curve [1,w - 1,0,145638184*w - 1105207885,2540818266908*w - 19281567137275]
Isogeny class  60.2-j
Curve [1,w - 1,w + 1,-1026417*w - 6762757,-1509405981*w - 9945058589]
Isogeny class  60.2-k
Curve [1,-w - 1,w + 1,-18,15*w - 93]
Isogeny class  60.2-l
Curve [1,0,0,47479*w - 360305,-15022293*w + 114000027]
Isogeny class  60.2-m
Curve [1,0,w + 1,25*w - 194,-9219*w + 69942]
Isogeny class  60.2-n
Curve [1,w + 1,w,622596871942*w - 4724715475368,-572732119239908730*w + 4346305657761053672]
Isogeny class  60.2-o
Curve [1,w - 1,w + 1,25705129183*w - 195069116332,-5927090570861002*w + 44979051142414619]
Isogeny class  60.2-p
Curve [1,1,0,-1192853*w - 7859378,-824801643*w - 5434389918]

Total time: 1128.529 seconds, Total memory usage: 97.12MB
