Magma V2.21-4     Wed Jun  3 2015 15:47:17 on atkin    [Seed = 3012184629]
Type ? for help.  Type <Ctrl>-D to quit.
Field 2.2.273.1
Isogeny class  4.1-a
Curve [0,0,0,-18549*w - 150903,4883490*w + 38124918]
Curve [0,0,0,18549*w - 169452,-4883490*w + 43008408]
Isogeny class  4.1-b
Curve [0,0,0,887681187*w - 7777290735,41378458038570*w - 362531394197298]
Curve [0,0,0,-887681187*w - 6889609548,-41378458038570*w - 321152936158728]
Isogeny class  4.1-c
Curve [0,0,0,-333072*w - 2585115,360307440*w + 2796474294]
Curve [0,0,0,333072*w - 2918187,-360307440*w + 3156781734]
Isogeny class  4.1-d
Curve [0,0,0,3159648*w - 27682803,8787126240*w - 76987139634]
Curve [0,0,0,-3159648*w - 24523155,-8787126240*w - 68200013394]
Isogeny class  4.2-a
Curve [0,0,0,0,-13741039105716*w - 106649093848764]
Isogeny class  4.2-b
Curve [0,0,0,0,-1011036974904228*w - 7847017710347532]
Isogeny class  4.3-a
Curve [0,0,0,0,-456509136*w - 3543129840]
Isogeny class  4.3-b
Curve [0,0,0,0,-33588989328*w - 260696097840]

Total time: 7.030 seconds, Total memory usage: 56.06MB
