Magma V2.21-3     Sat May 30 2015 11:17:18 on atkin    [Seed = 2577852270]
Type ? for help.  Type <Ctrl>-D to quit.
Field 2.2.69.1
Isogeny class  3.1-a
Curve [-w + 1,w - 1,-w + 2,-6*w - 35,-49*w - 187]
Isogeny class  3.1-b
Curve [w,-w,w + 1,6*w - 41,49*w - 236]
Isogeny class  15.1-a
Curve [0,1,w + 1,2*w - 9,-3*w + 6]
Isogeny class  15.1-b
Curve [0,1,w + 1,-2*w - 7,-5*w - 20]
Isogeny class  15.1-c
Curve [1,-w - 1,w + 1,3*w - 7,-6*w + 14]
Isogeny class  15.1-d
Curve [0,-w + 1,w + 1,5,-w - 6]
Isogeny class  15.1-e
Curve [w,w + 1,0,9*w + 33,0]
Isogeny class  15.1-f
Curve [0,-w + 1,w + 1,41*w + 157,297*w + 1087]
Isogeny class  15.2-c
Curve [1,w + 1,w + 1,-2*w - 4,2*w + 5]
Isogeny class  15.2-d
Curve [0,w,w,5,-6]
Isogeny class  15.2-b
Curve [0,1,w,2*w - 9,4*w - 24]
Isogeny class  15.2-e
Curve [w + 1,w - 1,w,32,32*w - 96]
Isogeny class  15.2-f
Curve [0,w,w,-41*w + 198,-298*w + 1385]
Isogeny class  15.2-a
Curve [0,1,w,-2*w - 7,2*w + 4]
Isogeny class  20.1-a
Curve [w + 1,w - 1,w,-72*w - 266,-1027*w - 3756]
Isogeny class  20.1-b
Curve [w,0,1,68*w - 310,-1212*w + 5644]
Isogeny class  20.2-a
Curve [w,w + 1,0,81*w - 337,761*w - 3495]
Isogeny class  20.2-b
Curve [w + 1,-w,1,-69*w - 242,1212*w + 4432]
Isogeny class  23.1-a
Curve [w + 1,w + 1,1,8*w + 22,12*w + 38]
Isogeny class  23.1-b
Curve [1,-w + 1,1,-w + 8,2*w - 11]
Isogeny class  23.1-c
Curve [w,w,0,3*w + 11,0]
Isogeny class  23.1-d
Curve [1,w,1,w + 7,-2*w - 9]
Isogeny class  25.1-a
Curve [0,1,1,-2*w - 7,8*w + 29]
Isogeny class  25.1-b
Curve [0,1,1,2*w - 9,-8*w + 37]
Isogeny class  27.1-a
Curve [1,-1,w,-5*w - 18,23*w + 82]
Isogeny class  27.1-b
Curve [w,-w + 1,w,-134*w - 475,-1744*w - 6356]
Isogeny class  27.1-c
Curve [1,-1,w + 1,4*w - 23,-24*w + 105]
Isogeny class  27.1-d
Curve [w + 1,0,w + 1,132*w - 609,1743*w - 8100]
Isogeny class  33.1-a
Curve [1,-w - 1,w,48*w + 180,-2453*w - 8964]
Isogeny class  33.1-b
Curve [1,w - 1,0,8*w - 33,-38*w + 178]
Isogeny class  33.1-c
Curve [1,w + 1,w,-w,-5*w - 22]
Isogeny class  33.1-d
Curve [w,1,0,-63*w - 224,-286*w - 1042]
Isogeny class  33.1-e
Curve [w + 1,w - 1,w + 1,11*w - 22,71*w - 280]
Isogeny class  33.1-f
Curve [w + 1,-w,0,-w + 9,-w + 8]
Isogeny class  33.2-a
Curve [1,w + 1,w,-47*w + 228,2405*w - 11189]
Isogeny class  33.2-b
Curve [1,-w,0,-8*w - 25,38*w + 140]
Isogeny class  33.2-c
Curve [1,-w - 1,w,2*w - 2,3*w - 25]
Isogeny class  33.2-d
Curve [w + 1,-w + 1,0,63*w - 287,286*w - 1328]
Isogeny class  33.2-e
Curve [w,w + 1,1,-3*w - 9,-93*w - 340]
Isogeny class  33.2-f
Curve [w,0,0,w + 8,w + 7]
Isogeny class  39.1-a
Curve [w,w + 1,w + 1,7*w - 5,12*w - 15]
Isogeny class  39.1-b
Curve [w + 1,-w,w,-9*w - 28,1882*w + 6878]
Isogeny class  39.2-a
Curve [w + 1,w - 1,0,2*w + 10,-11*w - 42]
Isogeny class  39.2-b
Curve [w,0,w + 1,7*w - 36,-1883*w + 8760]
Isogeny class  45.1-a
Curve [w + 1,0,w,-661*w - 2419,17153*w + 62662]
Isogeny class  45.1-b
Curve [0,0,w + 1,9*w + 6,-9*w + 19]
Isogeny class  45.1-c
Curve [0,w + 1,w + 1,29*w - 124,109*w - 508]
Isogeny class  45.1-d
Curve [0,w + 1,w + 1,23*w + 86,121*w + 440]
Isogeny class  45.1-e
Curve [0,0,w + 1,3591*w + 13119,27873*w + 101827]
Isogeny class  45.1-f
Curve [w,-w + 1,w,22*w - 121,212*w - 1007]
Isogeny class  45.2-a
Curve [w,-w + 1,w + 1,659*w - 3079,-17154*w + 79815]
Isogeny class  45.2-b
Curve [0,0,w,-9*w + 15,8*w + 11]
Isogeny class  45.2-c
Curve [0,-w - 1,w,-27*w - 96,-82*w - 302]
Isogeny class  45.2-d
Curve [0,-w - 1,w,-21*w + 108,-100*w + 454]
Isogeny class  45.2-e
Curve [0,0,w,-3591*w + 16710,-27874*w + 129701]
Isogeny class  45.2-f
Curve [w + 1,0,w + 1,-24*w - 99,-213*w - 795]
Isogeny class  52.1-a
Curve [w,0,0,198*w - 914,3300*w - 15356]
Isogeny class  52.1-b
Curve [w + 1,w - 1,w + 1,-177*w - 650,2286*w + 8353]
Isogeny class  52.2-a
Curve [w + 1,-w,0,-198*w - 716,-3300*w - 12056]
Isogeny class  52.2-b
Curve [w,w + 1,1,185*w - 825,-2936*w + 13704]
Isogeny class  55.2-a
Curve [1,0,w,-2*w + 7,-19*w + 83]
Isogeny class  55.2-b
Curve [w + 1,0,w + 1,-39*w - 145,175*w + 639]
Isogeny class  55.2-c
Curve [w,-w - 1,w,-2*w - 2,-w + 1]
Isogeny class  55.2-d
Curve [1,-w - 1,w,20*w - 76,102*w - 512]
Isogeny class  55.2-e
Curve [w,w + 1,1,729*w + 2665,18976*w + 69325]
Isogeny class  55.2-f
Curve [w,-w + 1,w + 1,-w - 8,2340*w - 10897]
Isogeny class  55.3-a
Curve [1,0,w + 1,w + 5,18*w + 64]
Isogeny class  55.3-b
Curve [w,-w + 1,w,37*w - 182,-176*w + 815]
Isogeny class  55.3-c
Curve [w + 1,1,0,3*w + 13,3*w + 13]
Isogeny class  55.3-d
Curve [1,w + 1,w,-19*w - 56,-122*w - 466]
Isogeny class  55.3-e
Curve [w + 1,w - 1,w + 1,-721*w + 3384,-15592*w + 72604]
Isogeny class  55.3-f
Curve [w + 1,0,w,-w - 8,-2341*w - 8556]
Isogeny class  60.1-a
Curve [1,w - 1,w + 1,-1153*w - 4217,-44981*w - 164329]
Isogeny class  60.1-b
Curve [w + 1,-1,w + 1,-1,1]
Isogeny class  60.1-c
Curve [w,-w - 1,w + 1,-140*w - 506,1776*w + 6492]
Isogeny class  60.1-d
Curve [1,0,w + 1,123*w - 577,1529*w - 7124]
Isogeny class  60.1-e
Curve [1,1,1,-98*w - 358,1110*w + 4055]
Isogeny class  60.1-f
Curve [w + 1,w,1,943*w - 4353,-24610*w + 114551]
Isogeny class  60.2-a
Curve [1,-w,w,1152*w - 5369,44980*w - 209309]
Isogeny class  60.2-b
Curve [w,-w,w,-2*w + 1,-w + 2]
Isogeny class  60.2-c
Curve [w + 1,1,1,140*w - 629,-1637*w + 7640]
Isogeny class  60.2-d
Curve [1,0,w,-124*w - 453,-1530*w - 5594]
Isogeny class  60.2-e
Curve [1,1,1,98*w - 456,-1110*w + 5165]
Isogeny class  60.2-f
Curve [w,w - 1,0,-934*w - 3427,21183*w + 77418]
Isogeny class  64.1-a
Curve [0,-1,0,w + 4,-3*w - 11]
Isogeny class  64.1-b
Curve [0,w + 1,0,8,0]
Isogeny class  64.1-c
Curve [0,w + 1,0,-198*w - 721,2793*w + 10203]
Isogeny class  64.1-d
Curve [0,-1,0,-w + 5,3*w - 14]
Isogeny class  64.1-e
Curve [0,-w - 1,0,2*w + 7,-w - 7]
Isogeny class  64.1-f
Curve [0,-w - 1,0,200*w - 920,-2992*w + 13916]
Isogeny class  65.1-a
Curve [w + 1,1,1,-110*w - 398,-535*w - 1954]
Isogeny class  65.1-b
Curve [w,1,w,9*w - 39,-76*w + 358]
Isogeny class  65.1-c
Curve [w,-w - 1,w,-2*w - 3,-11*w + 46]
Isogeny class  65.1-d
Curve [w + 1,w,0,6*w + 23,8*w + 29]
Isogeny class  65.4-a
Curve [w,-w - 1,w + 1,110*w - 525,424*w - 1981]
Isogeny class  65.4-b
Curve [w + 1,-w + 1,w + 1,-11*w - 30,75*w + 282]
Isogeny class  65.4-c
Curve [w + 1,1,0,3*w + 12,13*w + 47]
Isogeny class  65.4-d
Curve [w,w - 1,1,3*w + 11,3*w + 13]
Isogeny class  69.1-a
Curve [w + 1,-w + 1,0,-2*w + 15,-3*w + 16]
Isogeny class  69.1-b
Curve [w,1,0,2*w + 13,3*w + 13]
Isogeny class  69.1-c
Curve [1,0,1,-1,-1]
Isogeny class  69.1-d
Curve [1,w - 1,0,43*w - 195,-341*w + 1589]
Isogeny class  69.1-e
Curve [1,-w,0,-43*w - 152,341*w + 1248]
Isogeny class  69.1-f
Curve [w + 1,1,w,41*w - 177,-1285*w + 6001]
Isogeny class  75.1-a
Curve [1,w + 1,1,69*w - 310,-673*w + 3139]
Isogeny class  75.1-b
Curve [1,-w - 1,0,-67*w - 242,741*w + 2708]
Isogeny class  75.1-c
Curve [w,w - 1,w + 1,14*w - 51,-47*w + 238]
Isogeny class  75.1-d
Curve [1,1,1,-10,-10]
Isogeny class  75.1-e
Curve [w,1,1,8*w - 26,-12*w + 65]
Isogeny class  75.1-f
Curve [w + 1,-w,w,w - 15,53*w - 252]
Isogeny class  75.1-g
Curve [w,0,w + 1,-3*w - 13,-54*w - 199]
Isogeny class  75.1-h
Curve [w + 1,w,w + 1,-7*w - 28,3*w + 9]
Isogeny class  75.1-i
Curve [w + 1,-w + 1,1,-9*w - 18,12*w + 53]
Isogeny class  75.1-j
Curve [w + 1,-1,w + 1,752*w - 3499,-10380*w + 48306]
Isogeny class  75.2-a
Curve [w,w - 1,w,40*w + 140,1343*w + 4903]
Isogeny class  75.2-b
Curve [w + 1,1,1,72*w - 311,-356*w + 1683]
Isogeny class  75.2-c
Curve [0,1,w + 1,22*w - 101,99*w - 468]
Isogeny class  75.2-d
Curve [0,1,w + 1,78*w + 285,-507*w - 1854]
Isogeny class  75.2-e
Curve [1,0,w,-6*w - 21,27*w + 95]
Isogeny class  75.2-f
Curve [1,-w,0,3*w - 7,16*w - 79]
Isogeny class  75.3-a
Curve [w + 1,w,w,-32*w + 189,-1195*w + 5630]
Isogeny class  75.3-b
Curve [w,-w - 1,w + 1,-72*w - 256,427*w + 1566]
Isogeny class  75.3-c
Curve [0,1,w,-22*w - 79,-100*w - 368]
Isogeny class  75.3-d
Curve [0,1,w,-78*w + 363,506*w - 2360]
Isogeny class  75.3-e
Curve [1,0,w + 1,5*w - 27,-28*w + 122]
Isogeny class  75.3-f
Curve [1,w - 1,0,-3*w - 4,-16*w - 63]
Isogeny class  81.1-a
Curve [0,0,w + 1,0,18*w + 64]
Isogeny class  81.1-b
Curve [w,-w + 1,0,24*w - 111,219*w - 1019]
Isogeny class  81.1-c
Curve [w,-w + 1,w + 1,-169*w - 601,-444*w - 1605]
Curve [1,-1,-w + 1,-w - 8,-2*w - 12]
Isogeny class  81.1-d
Curve [-w + 1,w,0,3*w + 12,15*w + 55]
Isogeny class  81.1-e
Curve [0,0,1,0,0]
Isogeny class  81.1-f
Curve [-w + 2,0,0,-3*w + 15,-15*w + 70]
Isogeny class  81.1-g
Curve [-w + 1,w,-w + 2,169*w - 770,444*w - 2049]
Curve [1,-1,w,w - 9,2*w - 14]
Isogeny class  81.1-h
Curve [-w + 1,w,0,-24*w - 87,-219*w - 800]
Isogeny class  81.1-i
Curve [0,0,-w + 2,0,-18*w + 82]
Isogeny class  92.1-a
Curve [1,-1,0,-10,-12]
Isogeny class  92.1-b
Curve [1,w,w + 1,w,w - 9]
Isogeny class  92.1-c
Curve [1,-w + 1,w,-2*w + 2,-2*w - 7]
Isogeny class  92.1-d
Curve [w + 1,0,1,766*w - 3546,-26752*w + 124504]
Isogeny class  92.1-e
Curve [w + 1,-w - 1,w + 1,38*w - 191,339*w - 1585]
Isogeny class  92.1-f
Curve [w,-1,w,-40*w - 151,-340*w - 1245]
Isogeny class  99.1-a
Curve [w + 1,0,w,-19*w - 94,-175*w - 692]
Isogeny class  99.1-b
Curve [w,-w + 1,w,1555*w - 7246,-65770*w + 306043]
Isogeny class  99.2-a
Curve [w,-w + 1,w + 1,17*w - 112,174*w - 867]
Isogeny class  99.2-b
Curve [w + 1,0,w + 1,-1557*w - 5691,65769*w + 240273]
Isogeny class  100.2-a
Curve [w + 1,-w - 1,1,-35*w - 120,-225*w - 819]
Isogeny class  100.2-b
Curve [1,1,w + 1,w - 14,3*w - 32]
Isogeny class  100.2-c
Curve [w,w,1,31,-9*w + 78]
Isogeny class  100.2-d
Curve [w,-w,0,-530*w - 1920,13322*w + 48682]
Isogeny class  100.3-a
Curve [w,-1,1,34*w - 154,225*w - 1044]
Isogeny class  100.3-b
Curve [1,1,w,-2*w - 12,-4*w - 28]
Isogeny class  100.3-c
Curve [w + 1,w + 1,0,11*w + 40,41*w + 150]
Isogeny class  100.3-d
Curve [w + 1,-1,0,530*w - 2450,-13322*w + 62004]
Isogeny class  108.1-a
Curve [w,-w + 1,1,-1,0]
Isogeny class  108.1-b
Curve [w + 1,0,1,-w - 1,0]
Isogeny class  108.1-c
Curve [w,-w + 1,1,-25*w + 115,-294*w + 1368]
Isogeny class  108.1-d
Curve [w + 1,0,1,24*w + 90,294*w + 1074]
Isogeny class  115.1-a
Curve [w,w,1,364*w - 1663,-5054*w + 23553]
Isogeny class  115.1-b
Curve [w + 1,-w - 1,1,-49*w - 176,338*w + 1228]
Isogeny class  115.2-a
Curve [w + 1,w + 1,0,-353*w - 1290,3392*w + 12392]
Isogeny class  115.2-b
Curve [w,-1,1,48*w - 224,-338*w + 1566]
Isogeny class  117.1-a
Curve [w + 1,-w - 1,w + 1,-26*w - 92,209*w + 765]
Isogeny class  117.1-b
Curve [w,w,w + 1,2*w + 11,30*w - 111]
Isogeny class  117.2-a
Curve [w,-1,w,24*w - 116,-210*w + 975]
Isogeny class  117.2-b
Curve [w + 1,w + 1,w + 1,7*w + 22,-11*w - 42]
Isogeny class  121.1-a
Curve [0,-1,1,775*w - 3606,-43609*w + 202926]
Isogeny class  121.1-b
Curve [0,-1,1,-10,-20]
Isogeny class  125.1-a
Curve [1,w,w + 1,-14*w - 46,-38*w - 142]
Isogeny class  125.1-b
Curve [w + 1,w + 1,w + 1,9*w + 4,8*w + 48]
Isogeny class  125.2-a
Curve [1,-w + 1,w,13*w - 59,37*w - 179]
Isogeny class  125.2-b
Curve [w,w,w + 1,-5,-5*w - 20]
Isogeny class  132.1-a
Curve [w + 1,w - 1,w,-9333*w + 43460,5410316*w - 25175841]
Isogeny class  132.1-b
Curve [w,1,0,3*w + 17,5*w + 21]
Isogeny class  132.1-c
Curve [1,w - 1,0,17*w - 74,57*w - 263]
Isogeny class  132.1-d
Curve [1,w + 1,w + 1,-119*w - 307,647*w + 5147]
Isogeny class  132.2-a
Curve [w,w + 1,0,9342*w + 34128,-5366856*w - 19606800]
Isogeny class  132.2-b
Curve [w + 1,-w + 1,0,-3*w + 20,-5*w + 26]
Isogeny class  132.2-c
Curve [1,-w,0,-17*w - 57,-57*w - 206]
Isogeny class  132.2-d
Curve [1,-w - 1,w + 1,120*w - 427,-768*w + 6221]
Isogeny class  135.1-a
Curve [0,0,w + 1,-w + 2,-w - 5]
Isogeny class  135.1-b
Curve [0,0,w + 1,-199*w - 727,3113*w + 11371]
Isogeny class  135.2-a
Curve [0,0,w,w + 1,-5]
Isogeny class  135.2-b
Curve [0,0,w,199*w - 926,-3114*w + 14485]
Isogeny class  143.1-a
Curve [w,-w,w,-2*w - 6,2*w - 12]
Isogeny class  143.1-b
Curve [1,-1,1,24*w - 112,-155*w + 721]
Isogeny class  143.1-c
Curve [w + 1,-1,w + 1,-350*w - 1282,-8093*w - 29568]
Isogeny class  143.1-d
Curve [w,-w + 1,0,-3*w + 10,-3*w + 7]
Isogeny class  143.4-a
Curve [w + 1,-1,w + 1,-8,-3*w - 10]
Isogeny class  143.4-b
Curve [1,-1,1,-24*w - 88,155*w + 566]
Isogeny class  143.4-c
Curve [w,-w,w,348*w - 1630,8092*w - 37660]
Isogeny class  143.4-d
Curve [w + 1,0,0,3*w + 7,3*w + 4]
Isogeny class  144.1-a
Curve [0,0,0,0,-75*w + 349]
Isogeny class  144.1-b
Curve [0,0,0,0,1]
Isogeny class  144.1-c
Curve [0,0,0,0,75*w + 274]

Total time: 456.279 seconds, Total memory usage: 87.44MB
