Magma V2.21-3     Mon Jun  1 2015 11:48:37 on atkin    [Seed = 1115623877]
Type ? for help.  Type <Ctrl>-D to quit.
Field 2.2.248.1
Isogeny class  4.1-a
Curve [0,-w + 1,0,2*w,24*w - 201]
Isogeny class  4.1-b
Curve [0,w + 1,0,-2*w,-24*w - 201]
Isogeny class  8.1-a
Curve [w,-w,0,-15*w + 64,-64*w - 31]
Isogeny class  8.1-b
Curve [0,w + 1,0,-178*w - 1386,3122*w + 24571]
Isogeny class  8.1-c
Curve [-w,w,0,15*w + 64,64*w - 31]
Isogeny class  8.1-d
Curve [0,-w + 1,0,178*w - 1386,-3122*w + 24571]
Isogeny class  16.1-a
Curve [0,w - 1,0,2*w,-24*w + 201]
Isogeny class  16.1-b
Curve [-w,w - 1,0,5*w + 54,14*w + 121]
Isogeny class  16.1-c
Curve [0,-w - 1,0,-178*w - 1386,-3122*w - 24571]
Isogeny class  16.1-d
Curve [0,-w - 1,0,-2*w,24*w + 201]
Isogeny class  16.1-e
Curve [w,-w - 1,0,-5*w + 54,-14*w + 121]
Isogeny class  16.1-f
Curve [0,w - 1,0,178*w - 1386,3122*w - 24571]
Isogeny class  18.1-a
Curve [w + 1,0,w,-3490*w - 27461,-5344906*w - 42085787]
Isogeny class  18.1-b
Curve [1,-w,1,25*w - 178,1100*w - 8678]
Isogeny class  18.1-c
Curve [w + 1,w - 1,w + 1,180*w - 1225,3488*w - 26779]
Isogeny class  18.1-d
Curve [w + 1,-w,w,3489*w - 27461,5344906*w - 42085787]
Isogeny class  18.1-e
Curve [w + 1,w - 1,1,-152*w - 1194,-4713*w - 37071]
Isogeny class  18.1-f
Curve [1,w,1,-25*w - 178,-1100*w - 8678]
Isogeny class  23.1-a
Curve [w,1,1,-w + 90,-2*w + 160]
Isogeny class  23.1-b
Curve [w,0,w + 1,-423*w - 3280,-15455*w - 121580]
Isogeny class  23.1-c
Curve [w,w + 1,1,2344*w - 18263,-165437*w + 1303185]
Isogeny class  23.1-d
Curve [w,1,1,-4725*w - 37110,-521984*w - 4109940]
Isogeny class  23.2-a
Curve [w,1,1,90,2*w + 160]
Isogeny class  23.2-b
Curve [w,0,w + 1,422*w - 3280,15454*w - 121580]
Isogeny class  23.2-c
Curve [w,-w + 1,1,-2345*w - 18263,165437*w + 1303185]
Isogeny class  23.2-d
Curve [w,1,1,4724*w - 37110,521984*w - 4109940]
Isogeny class  32.1-a
Curve [0,0,0,1,0]
Isogeny class  32.1-b
Curve [0,0,0,8*w + 63,0]
Isogeny class  32.1-c
Curve [0,0,0,-8*w + 63,0]
Isogeny class  32.1-d
Curve [0,0,0,-1,0]
Isogeny class  36.1-a
Curve [0,w - 1,0,74*w - 567,763*w - 5996]
Isogeny class  36.1-b
Curve [0,-w - 1,0,16,-2*w - 3]
Isogeny class  36.1-c
Curve [0,-w - 1,0,-74*w - 567,-763*w - 5996]
Isogeny class  36.1-d
Curve [0,w - 1,0,16,2*w - 3]
Isogeny class  36.1-e
Curve [0,w - 1,0,-252*w + 2000,19374*w - 152539]
Isogeny class  36.1-f
Curve [0,-w - 1,0,252*w + 2000,-19374*w - 152539]
Isogeny class  38.1-a
Curve [1,-w - 1,1,-965*w - 7605,48711*w + 383469]
Isogeny class  38.1-b
Curve [1,1,w + 1,23183*w - 182548,-5111245*w + 40245963]
Isogeny class  38.2-a
Curve [1,w - 1,1,965*w - 7605,-48711*w + 383469]
Isogeny class  38.2-b
Curve [1,1,w + 1,-23184*w - 182548,5111244*w + 40245963]
Isogeny class  46.1-a
Curve [w + 1,w - 1,1,-101*w + 1026,867*w - 6133]
Isogeny class  46.1-b
Curve [w + 1,w + 1,1,3195*w - 24890,-268457*w + 2114695]
Isogeny class  46.1-c
Curve [w + 1,-w,w,-24*w - 90,2*w + 260]
Isogeny class  46.1-d
Curve [w + 1,0,0,5*w + 86,12*w + 156]
Isogeny class  46.2-a
Curve [w + 1,w - 1,w + 1,129*w + 995,128*w + 997]
Isogeny class  46.2-b
Curve [w + 1,w + 1,w + 1,-3163*w - 24921,243536*w + 1917597]
Isogeny class  46.2-c
Curve [w + 1,0,w,23*w - 90,-2*w + 260]
Isogeny class  46.2-d
Curve [w + 1,-w,0,-5*w + 86,-12*w + 156]
Isogeny class  49.1-a
Curve [1,-1,-w,55*w - 429,-623*w + 4890]
Isogeny class  49.1-b
Curve [1,-1,w,-55*w - 429,623*w + 4890]
Isogeny class  58.1-a
Curve [w + 1,-w,1,257*w - 1984,7935*w - 62432]
Isogeny class  58.1-b
Curve [w + 1,w - 1,w,-2464*w - 19426,342682*w + 2698266]
Isogeny class  58.2-a
Curve [w + 1,0,1,-258*w - 1984,-7935*w - 62432]
Isogeny class  58.2-b
Curve [w + 1,w - 1,0,2493*w - 19395,-362108*w + 2851933]

Total time: 35.109 seconds, Total memory usage: 55.41MB
