Magma V2.21-4     Wed Jun  3 2015 16:27:05 on atkin    [Seed = 3162871177]
Type ? for help.  Type <Ctrl>-D to quit.
Field 2.2.284.1
Isogeny class  2.1-a
Curve [-w,0,-w,-87611755*w - 738229700,-1296257081305*w - 10922456311427]
Isogeny class  2.1-b
Curve [-w,-1,-w,5689075*w - 47936940,21298970685*w - 179468316850]
Isogeny class  2.1-c
Curve [w,-1,w,-5689075*w - 47936940,-21298970685*w - 179468316850]
Isogeny class  2.1-d
Curve [w,0,w,87611755*w - 738229700,1296257081305*w - 10922456311427]
Isogeny class  4.1-a
Curve [w + 1,-w,0,10293*w - 86667,-1575216*w + 13273103]
Isogeny class  4.1-b
Curve [w + 1,0,0,10305*w - 86667,1698804*w - 14313971]
Isogeny class  4.1-c
Curve [w + 1,-w,0,-10305*w - 86667,-1698804*w - 14313971]
Isogeny class  4.1-d
Curve [w + 1,0,0,-10293*w - 86667,1575216*w + 13273103]
Isogeny class  10.1-a
Curve [w,-1,0,-119756*w - 1009031,-66152968*w - 557414773]
Isogeny class  10.1-b
Curve [1,1,0,-119756*w - 1009124,65434432*w + 551360200]
Isogeny class  10.1-c
Curve [w,-w - 1,w + 1,-1133172*w - 9548097,-1890098491*w - 15926252394]
Isogeny class  10.1-d
Curve [1,w + 1,w + 1,-1133160*w - 9548155,1883299497*w + 15868963602]
Isogeny class  10.2-a
Curve [w,-1,0,119756*w - 1009031,66152968*w - 557414773]
Isogeny class  10.2-b
Curve [1,1,0,119756*w - 1009124,-65434432*w + 551360200]
Isogeny class  10.2-c
Curve [w,w - 1,w + 1,1133171*w - 9548097,1890098490*w - 15926252394]
Isogeny class  10.2-d
Curve [1,-w + 1,w + 1,1133159*w - 9548155,-1883299498*w + 15868963602]
Isogeny class  14.1-a
Curve [1,w - 1,w,-5368*w + 45247,-137982*w + 1162656]
Isogeny class  14.1-b
Curve [w,-w + 1,1,-5380*w + 45364,105741*w - 890949]
Isogeny class  14.2-a
Curve [1,-w - 1,w,5367*w + 45247,137982*w + 1162656]
Isogeny class  14.2-b
Curve [w,w + 1,1,5379*w + 45364,-105741*w - 890949]
Isogeny class  16.1-a
Curve [w + 1,w + 1,w + 1,-13*w - 124,14*w + 113]
Isogeny class  16.1-b
Curve [w + 1,w + 1,0,-684*w - 5750,198490*w + 1672516]
Isogeny class  16.1-c
Curve [w + 1,w - 1,w + 1,47*w - 148,374*w - 2213]
Isogeny class  16.1-d
Curve [w + 1,w - 1,0,720*w - 5774,206914*w - 1742524]
Isogeny class  16.1-e
Curve [w + 1,w + 1,w + 1,721*w - 5786,-204276*w + 1722411]
Isogeny class  16.1-f
Curve [w + 1,w - 1,w + 1,-687*w - 5810,-212724*w - 1792455]
Isogeny class  16.1-g
Curve [w + 1,w - 1,0,-14*w - 112,-522*w - 4396]
Isogeny class  16.1-h
Curve [w + 1,w + 1,0,50*w - 88,-138*w + 2332]

Total time: 26.339 seconds, Total memory usage: 56.06MB
