Magma V2.21-4     Wed Jun  3 2015 15:51:54 on atkin    [Seed = 3990072778]
Type ? for help.  Type <Ctrl>-D to quit.
Field 2.2.329.1
Isogeny class  7.1-a
Curve [1,w,1,-86651220145*w - 742529779021,40618477847953029*w + 348066990067271675]
Isogeny class  7.1-b
Curve [1,w,0,23,2*w - 4]
Isogeny class  7.1-c
Curve [1,-w + 1,0,23,-2*w - 2]
Isogeny class  7.1-d
Curve [1,-w + 1,1,86651220145*w - 829180999166,-40618477847953029*w + 388685467915224704]
Isogeny class  9.1-a
Curve [0,-w + 2,1,-1222817*w - 10478500,2215087057*w + 18981476591]
Isogeny class  9.1-b
Curve [0,w + 1,1,1222817*w - 11701317,-2215087057*w + 21196563648]
Isogeny class  10.2-a
Curve [w,0,w + 1,-1502191285*w + 14374736782,1853709133516168*w - 17738473722144927]
Isogeny class  10.2-b
Curve [w,0,1,-16935614*w - 145124184,333842621240*w + 2860757037116]
Isogeny class  10.2-c
Curve [w,w + 1,w + 1,-27*w - 225,84*w + 752]
Isogeny class  10.2-d
Curve [w,w + 1,1,3678*w - 34827,386057*w - 3692861]
Isogeny class  10.3-a
Curve [w + 1,-w,w,1502191283*w + 12872545498,-1853709133516169*w - 15884764588628758]
Isogeny class  10.3-b
Curve [w + 1,-w,1,16935613*w - 162059798,-333842621240*w + 3194599658356]
Isogeny class  10.3-c
Curve [w + 1,w - 1,1,68*w - 212,-337*w + 5025]
Isogeny class  10.3-d
Curve [w + 1,w - 1,w,-3637*w - 31191,-417248*w - 3575487]
Isogeny class  14.1-a
Curve [w,w + 1,1,-449*w + 4665,-34261*w + 329237]
Isogeny class  14.1-b
Curve [w,0,1,16338323*w + 140006124,289384674674*w + 2479788953976]
Isogeny class  14.2-a
Curve [w + 1,w - 1,w,490*w + 4174,38435*w + 329342]
Isogeny class  14.2-b
Curve [w + 1,-w,1,-16338324*w + 156344447,-289384674674*w + 2769173628650]
Isogeny class  16.4-a
Curve [w + 1,1,0,375401097*w - 3592279855,-11921220378254*w + 114076286615750]
Isogeny class  16.4-b
Curve [w + 1,-1,0,7588190157*w + 65024556565,-739342422888466*w - 6335557248775570]
Isogeny class  16.4-c
Curve [w + 1,-w + 1,0,43343*w - 414632,-40183061*w + 384519155]
Isogeny class  16.4-d
Curve [w + 1,1,0,-113822852193*w - 975368346121,-77405770422828100*w - 663303869380959088]
Curve [w + 1,1,0,12*w + 164,45*w + 465]
Isogeny class  16.4-e
Curve [w + 1,w + 1,0,-3706960*w - 31765587,-12820705128*w - 109862911670]
Isogeny class  16.4-f
Curve [w + 1,0,w + 1,9*w + 118,19*w + 597]
Isogeny class  16.4-g
Curve [w + 1,1,0,-2006868*w - 17197132,4641112291*w + 39770520135]
Isogeny class  16.5-a
Curve [w,-w - 1,w,-375401096*w - 3216878841,11921595779350*w + 102158283116255]
Isogeny class  16.5-b
Curve [w,-w,0,-7588190157*w + 72612746722,739342422888466*w - 7074899671664036]
Isogeny class  16.5-c
Curve [w,1,0,-43343*w - 371289,40183061*w + 344336094]
Isogeny class  16.5-d
Curve [w,-w - 1,w,-26*w - 37,8*w + 683]
Curve [w,-w - 1,w,1934988487459*w - 18516250374367,4412083078573592438*w - 42220010860467168673]
Isogeny class  16.5-e
Curve [w,w,0,3707004*w - 35472632,12785232497*w - 122344171602]
Isogeny class  16.5-f
Curve [w,-w + 1,w,-11*w + 129,-20*w + 617]
Isogeny class  16.5-g
Curve [w,-w - 1,w,2006869*w - 19204083,-4643119160*w + 44430836427]
Isogeny class  18.1-a
Curve [1,-w + 1,w,-1473*w - 12586,205105*w + 1757598]
Isogeny class  18.1-b
Curve [1,w,w + 1,-12547824349*w - 107524547530,2304050494800106*w + 19743820132553158]
Isogeny class  18.1-c
Curve [w + 1,0,1,-2373741971*w - 20341018765,-194859609910683*w - 1669786794108232]
Isogeny class  18.1-d
Curve [w + 1,-1,w,7588190156*w + 65024556524,4281150250572824*w + 36685940997607490]
Isogeny class  18.1-e
Curve [1,-w + 1,w,353148*w - 3379318,344894323*w - 3300355410]
Isogeny class  18.1-f
Curve [w + 1,-1,w,457*w - 4182,-15320*w + 147300]
Isogeny class  18.1-g
Curve [1,w,w + 1,29025534282*w - 277750520712,-8121685120264595*w + 77717855234431164]
Isogeny class  18.1-h
Curve [w + 1,0,1,10*w + 159,36*w + 462]
Isogeny class  18.2-a
Curve [1,w,w + 1,1472*w - 14059,-205106*w + 1962703]
Isogeny class  18.2-b
Curve [1,-w + 1,w,12547824348*w - 120072371878,-2304050494800107*w + 22047870627353265]
Isogeny class  18.2-c
Curve [w,-w + 1,1,2373741970*w - 22714760735,194859609910683*w - 1864646404018915]
Isogeny class  18.2-d
Curve [w,-w,w + 1,-7588190158*w + 72612746681,-4281150250572825*w + 40967091248180314]
Isogeny class  18.2-e
Curve [1,w,w + 1,-353149*w - 3026170,-344894324*w - 2955461087]
Isogeny class  18.2-f
Curve [w,-w,w + 1,-459*w - 3724,15319*w + 131980]
Isogeny class  18.2-g
Curve [1,-w + 1,w,-29025534283*w - 248724986429,8121685120264594*w + 69596170114166570]
Isogeny class  18.2-h
Curve [w,-w + 1,1,-11*w + 170,-36*w + 498]

Total time: 222.199 seconds, Total memory usage: 88.09MB
