Magma V2.21-3     Sat May 30 2015 18:51:21 on atkin    [Seed = 1449677273]
Type ? for help.  Type <Ctrl>-D to quit.
Field 2.2.77.1
Isogeny class  1.1-a
Curve [w + 1,1,w + 1,2*w + 4,3*w + 10]
Curve [-w + 2,1,-w + 2,-2*w + 6,-3*w + 13]
Isogeny class  7.1-a
Curve [1,-w + 1,1,116*w - 566,-1240*w + 6064]
Isogeny class  7.1-b
Curve [w,-w + 1,w,22*w - 131,228*w - 1147]
Isogeny class  7.1-c
Curve [1,w,1,-116*w - 450,1240*w + 4824]
Isogeny class  7.1-d
Curve [w + 1,0,w + 1,-24*w - 109,-229*w - 919]
Isogeny class  11.1-a
Curve [0,w + 1,1,-92*w - 355,1671*w + 6495]
Isogeny class  11.1-b
Curve [0,-1,1,-10,-20]
Isogeny class  17.1-a
Curve [0,0,1,-2*w - 5,w - 27]
Isogeny class  17.1-b
Curve [0,0,1,-25*w + 122,-2451*w + 11979]
Isogeny class  17.2-a
Curve [0,0,1,2*w - 7,-w - 26]
Isogeny class  17.2-b
Curve [0,0,1,25*w + 97,2451*w + 9528]
Isogeny class  23.1-a
Curve [1,w,w + 1,-2*w - 2,11*w + 39]
Isogeny class  23.1-b
Curve [w,-w + 1,0,-2*w + 11,0]
Isogeny class  23.2-a
Curve [1,-w + 1,w,w - 3,-12*w + 51]
Isogeny class  23.2-b
Curve [w + 1,0,0,2*w + 9,0]
Isogeny class  25.1-a
Curve [0,0,1,-w - 4,-2*w - 8]
Isogeny class  25.1-b
Curve [0,0,1,w - 5,2*w - 10]
Isogeny class  28.1-a
Curve [w,0,1,-40*w + 205,-540*w + 2647]
Isogeny class  28.1-b
Curve [1,0,1,4,-6]
Isogeny class  36.1-a
Curve [w,w - 1,0,4*w + 16,0]
Isogeny class  36.1-b
Curve [-w + 1,-w,0,-4*w + 20,0]
Isogeny class  41.1-a
Curve [w,-w - 1,w,-12,222*w - 1091]
Isogeny class  41.1-b
Curve [1,-1,w,-w - 2,-1]
Isogeny class  41.2-a
Curve [w + 1,1,0,w + 7,-222*w - 862]
Isogeny class  41.2-b
Curve [1,-1,w + 1,-3,-w - 1]
Isogeny class  44.1-a
Curve [1,-1,w + 1,-w - 2,-w - 6]
Isogeny class  44.1-b
Curve [1,-1,w,-2,-6]
Isogeny class  44.1-c
Curve [w + 1,-w - 1,w + 1,-4*w + 5,-3*w + 7]
Isogeny class  44.1-d
Curve [w + 1,1,1,5*w + 24,7*w + 28]
Isogeny class  44.1-e
Curve [-w + 2,w - 2,-w + 2,4*w + 1,3*w + 4]
Isogeny class  44.1-f
Curve [w,-w - 1,w + 1,-5*w + 10,-3*w + 6]
Isogeny class  49.1-a
Curve [w,1,0,72*w - 520,1215*w - 5391]
Isogeny class  49.1-b
Curve [1,-w - 1,1,-1657*w - 6449,-73928*w - 287391]
Isogeny class  49.1-c
Curve [w + 1,-w + 1,0,-72*w - 448,-1215*w - 4176]
Isogeny class  49.1-d
Curve [1,-1,0,-2,-1]
Curve [w,-w - 1,0,18*w - 88,-80*w + 391]
Isogeny class  49.1-e
Curve [1,w + 1,0,1659*w - 8106,75586*w - 369425]
Isogeny class  63.1-a
Curve [w,0,0,37*w - 169,-7*w + 42]
Isogeny class  63.1-b
Curve [1,0,0,-4,-1]
Isogeny class  76.1-a
Curve [w + 1,-w,0,-21*w - 70,-5*w - 12]
Isogeny class  76.1-b
Curve [1,0,0,2*w - 12,4*w - 20]
Isogeny class  76.1-c
Curve [1,-w + 1,w + 1,8*w - 38,-17*w + 73]
Isogeny class  76.1-d
Curve [w + 1,0,1,-w - 2,-1]
Isogeny class  76.2-a
Curve [w,0,0,21*w - 91,5*w - 17]
Isogeny class  76.2-b
Curve [1,0,0,-2*w - 10,-4*w - 16]
Isogeny class  76.2-c
Curve [1,w,w,-9*w - 29,16*w + 57]
Isogeny class  76.2-d
Curve [w,-w + 1,1,-2,-1]
Isogeny class  77.1-a
Curve [w + 1,w - 1,1,12*w - 15,20*w - 44]
Isogeny class  77.1-b
Curve [0,0,1,2,0]
Isogeny class  77.1-c
Curve [w + 1,-1,1,55*w - 253,466*w - 2263]
Isogeny class  77.1-d
Curve [w,w + 1,0,-26*w + 174,756*w - 3633]
Isogeny class  77.1-e
Curve [0,1,1,-49,600]
Isogeny class  77.1-f
Curve [w,w + 1,w,-2*w - 21,-44*w - 171]
Isogeny class  77.1-g
Curve [w,-w,1,-56*w - 197,-466*w - 1797]
Isogeny class  77.1-h
Curve [0,0,1,-18*w + 88,20*w - 98]
Isogeny class  77.1-i
Curve [1,1,0,4,11]
Isogeny class  77.1-j
Curve [0,-w - 1,1,-443*w - 1720,-48462*w - 188396]
Isogeny class  81.1-a
Curve [w + 1,1,w,5*w - 8,13*w - 37]
Curve [-w + 2,1,-w + 1,-5*w - 3,-13*w - 24]
Isogeny class  91.1-a
Curve [w,-w,0,-w + 8,7*w + 16]
Isogeny class  91.1-b
Curve [w + 1,w - 1,0,75*w - 314,-714*w + 3563]
Isogeny class  91.2-a
Curve [w + 1,-1,0,w + 7,-7*w + 23]
Isogeny class  91.2-b
Curve [w,w + 1,w + 1,-65*w - 258,390*w + 1514]
Isogeny class  92.1-a
Curve [1,1,w + 1,2,-2]
Isogeny class  92.1-b
Curve [w,w + 1,w + 1,4*w + 13,6*w + 24]
Isogeny class  92.2-a
Curve [1,1,w,-w + 3,-w - 1]
Isogeny class  92.2-b
Curve [w + 1,w - 1,0,6*w + 26,10*w + 38]
Isogeny class  99.1-a
Curve [w + 1,-w - 1,w,-98*w + 478,745*w - 3625]
Isogeny class  99.1-b
Curve [w,w + 1,0,109*w - 486,416*w - 1972]
Isogeny class  99.1-c
Curve [1,1,0,-11,0]
Isogeny class  99.1-d
Curve [-w + 2,w - 2,-w + 1,98*w + 380,-745*w - 2880]
Isogeny class  100.1-a
Curve [-w + 2,-w + 1,0,-17*w - 6,-48*w - 99]
Isogeny class  100.1-b
Curve [w + 1,w,0,17*w - 23,48*w - 147]
Isogeny class  113.1-a
Curve [1,w + 1,w + 1,-2*w - 4,2*w + 5]
Isogeny class  113.1-b
Curve [w,-1,w,-4,-2]
Isogeny class  113.2-a
Curve [1,-w - 1,w + 1,3*w - 7,-6*w + 14]
Isogeny class  113.2-b
Curve [w + 1,-w - 1,w + 1,-2*w - 4,-w - 2]
Isogeny class  117.1-a
Curve [w + 1,-1,w,19*w - 88,-78*w + 391]
Isogeny class  117.1-b
Curve [w,w + 1,1,2*w + 8,w + 2]
Isogeny class  117.2-a
Curve [w,-w,w + 1,-21*w - 68,77*w + 313]
Isogeny class  117.2-b
Curve [w + 1,w - 1,w + 1,7*w - 1,-2*w + 65]
Isogeny class  119.1-a
Curve [1,0,w,-5*w + 18,46*w - 237]
Isogeny class  119.1-b
Curve [w + 1,-w,w,-38*w - 141,423*w + 1650]
Isogeny class  119.1-c
Curve [w + 1,-w,w + 1,-3*w - 4,-2*w - 3]
Isogeny class  119.1-d
Curve [1,0,w + 1,-3,-74*w + 353]
Isogeny class  119.2-a
Curve [1,0,w + 1,4*w + 13,-47*w - 191]
Isogeny class  119.2-b
Curve [w,0,w + 1,36*w - 178,-424*w + 2073]
Isogeny class  119.2-c
Curve [w,0,w,w - 5,w - 4]
Isogeny class  119.2-d
Curve [1,0,w,-w - 2,73*w + 280]
Isogeny class  121.1-a
Curve [0,-w,1,4*w - 1,7*w - 42]
Isogeny class  121.1-b
Curve [0,-1,1,-7,10]
Curve [0,w + 1,1,-65*w - 250,-756*w - 2940]
Isogeny class  121.1-c
Curve [0,-w + 1,1,95*w + 377,-1247*w - 4844]
Isogeny class  121.1-d
Curve [w,w + 1,1,275*w - 1300,-4978*w + 24390]
Isogeny class  121.1-e
Curve [1,1,1,-30,-76]
Isogeny class  121.1-f
Curve [0,w - 1,1,-4*w + 3,-7*w - 35]
Isogeny class  121.1-g
Curve [0,w,1,-95*w + 472,1247*w - 6091]
Isogeny class  133.1-a
Curve [w + 1,w + 1,w + 1,7*w + 19,-2*w + 115]
Isogeny class  133.1-b
Curve [w,1,w,0,0]
Isogeny class  133.2-a
Curve [w,w,w + 1,3*w + 6,17*w + 64]
Isogeny class  133.2-b
Curve [w + 1,-w + 1,w + 1,-2*w,-w]
Isogeny class  143.1-a
Curve [w + 1,-1,0,-81*w + 411,-319*w + 1568]
Isogeny class  143.1-b
Curve [w,w + 1,w + 1,-37*w - 140,-444*w - 1729]
Isogeny class  143.2-a
Curve [w,-w,0,81*w + 330,319*w + 1249]
Isogeny class  143.2-b
Curve [w + 1,w - 1,0,47*w - 168,266*w - 1192]
Isogeny class  144.1-a
Curve [0,-w + 1,0,w,-2]
Isogeny class  144.1-b
Curve [0,w,0,-w + 1,-2]
Isogeny class  161.1-a
Curve [w,-w,0,-309*w - 1828,1797*w - 974]
Isogeny class  161.1-b
Curve [w + 1,w - 1,0,5819*w - 28430,-511444*w + 2499557]
Isogeny class  161.2-a
Curve [w + 1,-1,0,309*w - 2137,-1797*w + 823]
Isogeny class  161.2-b
Curve [w,w + 1,w + 1,-5809*w - 22630,483004*w + 1877642]
Isogeny class  163.1-a
Curve [w,-w + 1,0,-4*w + 21,-3*w + 15]
Isogeny class  163.1-b
Curve [0,-w - 1,1,2*w + 1,-w - 1]
Isogeny class  163.1-c
Curve [1,w,w + 1,6,-4]
Isogeny class  163.1-d
Curve [0,-1,1,-7*w - 27,-29*w - 113]
Isogeny class  163.2-a
Curve [w + 1,0,0,4*w + 17,3*w + 12]
Isogeny class  163.2-b
Curve [0,w + 1,1,2,0]
Isogeny class  163.2-c
Curve [1,-w + 1,w,-w + 7,-w - 3]
Isogeny class  163.2-d
Curve [0,-1,1,7*w - 34,29*w - 142]
Isogeny class  164.1-a
Curve [w + 1,-w - 1,1,-30*w - 107,-167*w - 645]
Isogeny class  164.1-b
Curve [1,-w - 1,1,w + 2,w - 4]
Isogeny class  164.2-a
Curve [w,-1,1,29*w - 136,167*w - 812]
Isogeny class  164.2-b
Curve [1,w + 1,0,w + 3,-w]
Isogeny class  169.2-a
Curve [0,-w - 1,1,33*w - 150,242*w - 1190]
Curve [0,-1,1,-2*w - 11,-4*w - 12]
Isogeny class  169.3-a
Curve [0,w + 1,1,-31*w - 118,-274*w - 1066]
Curve [0,-1,1,2*w - 13,4*w - 16]
Isogeny class  173.1-a
Curve [w,w + 1,w,6*w + 16,11*w + 39]
Isogeny class  173.1-b
Curve [w + 1,-1,1,2*w + 7,2*w + 7]
Isogeny class  173.2-a
Curve [w + 1,w - 1,1,4*w + 30,10*w + 24]
Isogeny class  173.2-b
Curve [w,-w,1,-3*w + 10,-2*w + 9]
Isogeny class  175.1-a
Curve [0,w + 1,1,-77*w + 388,-58*w + 291]
Isogeny class  175.1-b
Curve [0,1,1,9,1]
Isogeny class  176.1-a
Curve [0,-w - 1,0,25*w + 100,106*w + 413]
Isogeny class  176.1-b
Curve [0,1,0,3,-1]
Isogeny class  179.1-a
Curve [w,-w - 1,1,161*w - 790,-2017*w + 9858]
Isogeny class  179.1-b
Curve [1,-1,1,-4*w - 34,-13*w - 76]
Isogeny class  179.2-a
Curve [w + 1,1,w,-161*w - 629,1856*w + 7212]
Isogeny class  179.2-b
Curve [1,-1,1,4*w - 38,13*w - 89]
Isogeny class  196.1-a
Curve [w + 1,-w - 1,w,2*w - 22,-11*w + 48]
Isogeny class  196.1-b
Curve [-w + 2,w - 2,-w + 1,-2*w - 20,11*w + 37]
Isogeny class  208.1-a
Curve [0,-w,0,10*w - 47,-25*w + 122]
Isogeny class  208.1-b
Curve [0,-w + 1,0,-55*w - 207,533*w + 2074]
Isogeny class  208.2-a
Curve [0,w - 1,0,-10*w - 37,25*w + 97]
Isogeny class  208.2-b
Curve [0,w,0,55*w - 262,-533*w + 2607]
Isogeny class  221.1-a
Curve [1,w - 1,w,-2*w,-6]
Isogeny class  221.1-b
Curve [0,-w - 1,1,w + 7,2*w - 18]
Isogeny class  221.1-c
Curve [w,w,w,16*w - 51,-43*w + 251]
Isogeny class  221.1-d
Curve [0,-1,1,3*w + 12,-20*w - 78]
Isogeny class  221.4-a
Curve [1,-w,w + 1,w - 2,-w - 6]
Isogeny class  221.4-b
Curve [0,w + 1,1,w + 7,-2*w - 9]
Isogeny class  221.4-c
Curve [w + 1,w + 1,w,-5*w - 25,2*w + 4]
Isogeny class  221.4-d
Curve [0,-1,1,-3*w + 15,20*w - 98]
Isogeny class  225.1-a
Curve [w + 1,-1,w,226*w - 1233,4357*w - 21036]
Isogeny class  225.1-b
Curve [w + 1,w - 1,w + 1,1204*w - 5876,46037*w - 224999]
Isogeny class  225.1-c
Curve [w,-w,w + 1,-228*w - 1006,-4358*w - 16679]
Isogeny class  225.1-d
Curve [w,w + 1,1,-1195*w - 4670,-51913*w - 201766]
Isogeny class  225.1-e
Curve [w,w + 1,1,95*w - 420,-418*w + 2104]
Isogeny class  225.1-f
Curve [1,1,1,-10,-10]
Isogeny class  227.1-a
Curve [w + 1,w,w,6*w + 17,10*w + 35]
Isogeny class  227.1-b
Curve [w,w - 1,w + 1,-2*w - 13,-10*w - 41]
Isogeny class  227.2-a
Curve [w,w - 1,w,3*w + 4,3*w + 8]
Isogeny class  227.2-b
Curve [w + 1,w,w + 1,10*w - 5,5*w + 59]
Isogeny class  252.1-a
Curve [w,w,0,6*w + 10,4*w + 28]
Isogeny class  252.1-b
Curve [1,1,1,-4,5]
Isogeny class  252.1-c
Curve [1,-w,0,7,4*w - 23]
Isogeny class  252.1-d
Curve [w + 1,w + 1,1,6*w + 25,7*w + 27]
Isogeny class  252.1-e
Curve [w,w + 1,1,41*w - 156,566*w - 2705]
Isogeny class  252.1-f
Curve [1,w - 1,0,7,-4*w - 19]
Isogeny class  256.1-a
Curve [0,-w,0,11*w - 47,-28*w + 135]
Curve [0,-w + 1,0,-11*w - 36,-28*w - 107]
Isogeny class  256.1-b
Curve [0,0,0,5*w - 25,16*w - 78]
Curve [0,0,0,-5*w - 20,-16*w - 62]
Isogeny class  256.1-c
Curve [0,w - 1,0,w + 12,4*w + 11]
Isogeny class  256.1-d
Curve [0,-w + 1,0,w + 12,-4*w - 11]
Isogeny class  256.1-e
Curve [0,w,0,-w + 13,4*w - 15]
Isogeny class  256.1-f
Curve [0,-w,0,-w + 13,-4*w + 15]
Isogeny class  256.1-g
Curve [0,w,0,11*w - 47,28*w - 135]
Curve [0,w - 1,0,-11*w - 36,28*w + 107]
Isogeny class  259.1-a
Curve [w,-w + 1,w + 1,265*w + 1050,382*w + 1504]
Isogeny class  259.1-b
Curve [1,w - 1,w + 1,-15*w - 50,-82*w - 324]
Isogeny class  259.1-c
Curve [1,w + 1,1,w + 7,w + 3]
Isogeny class  259.1-d
Curve [w + 1,-w + 1,1,-3*w + 6,3*w + 24]
Isogeny class  259.1-e
Curve [w,w,w + 1,6*w - 6,11*w - 20]
Isogeny class  259.1-f
Curve [w + 1,-w,w,-2*w + 30,-339*w + 1688]
Isogeny class  259.2-a
Curve [w + 1,0,w,-267*w + 1316,-383*w + 1887]
Isogeny class  259.2-b
Curve [1,-w,w,-26*w + 126,275*w - 1341]
Isogeny class  259.2-c
Curve [1,-w - 1,0,w + 7,-w - 3]
Isogeny class  259.2-d
Curve [w,1,1,2*w + 4,-3*w + 27]
Isogeny class  259.2-e
Curve [w + 1,w + 1,w + 1,-46*w - 180,-542*w - 2106]
Isogeny class  259.2-f
Curve [w,0,w + 1,29,338*w + 1349]
Isogeny class  275.1-a
Curve [1,-1,0,-4,3]
Isogeny class  275.1-b
Curve [w + 1,1,w + 1,-36*w - 141,-276*w - 1074]
Isogeny class  287.1-a
Curve [w,w + 1,w + 1,-35*w - 105,502*w - 1541]
Isogeny class  287.1-b
Curve [1,1,w + 1,-27*w - 234,358*w + 758]
Isogeny class  287.1-c
Curve [1,w,1,-w + 13,14*w - 64]
Isogeny class  287.1-d
Curve [w + 1,-1,0,-326*w + 1609,-280220*w + 1369574]
Isogeny class  287.1-e
Curve [w + 1,-1,1,2,0]
Isogeny class  287.1-f
Curve [w,w + 1,w + 1,1183*w - 5754,-45816*w + 223956]
Isogeny class  287.2-a
Curve [w + 1,w - 1,0,45*w - 131,-643*w - 133]
Isogeny class  287.2-b
Curve [1,1,w,26*w - 260,-359*w + 1117]
Isogeny class  287.2-c
Curve [1,-w + 1,1,w + 12,-14*w - 50]
Isogeny class  287.2-d
Curve [w,-w,0,326*w + 1283,280220*w + 1089354]
Isogeny class  287.2-e
Curve [w,-w,1,-w + 3,0]
Isogeny class  287.2-f
Curve [w + 1,w - 1,0,-1173*w - 4562,41244*w + 160335]
Isogeny class  289.1-a
Curve [w + 1,1,w,-4*w - 18,1096*w + 4258]
Isogeny class  289.1-b
Curve [1,-1,1,-1,-14]
Isogeny class  289.2-a
Curve [0,w - 1,1,5*w - 22,7*w - 34]
Curve [0,-w,1,-23*w - 85,-95*w - 368]
Isogeny class  289.3-a
Curve [0,w - 1,1,23*w - 108,95*w - 463]
Curve [0,-w,1,-5*w - 17,-7*w - 27]
Isogeny class  292.1-a
Curve [1,1,1,-w - 4,-2*w - 8]
Isogeny class  292.1-b
Curve [w + 1,-w,1,-4*w - 2,-8*w - 23]
Isogeny class  292.1-c
Curve [1,0,1,-2*w + 9,2*w - 10]
Isogeny class  292.1-d
Curve [w,w + 1,1,6*w + 15,8*w + 22]
Isogeny class  292.2-a
Curve [1,1,1,w - 5,2*w - 10]
Isogeny class  292.2-b
Curve [w,0,1,3*w - 5,8*w - 31]
Isogeny class  292.2-c
Curve [1,0,1,2*w + 7,-2*w - 8]
Isogeny class  292.2-d
Curve [w + 1,w - 1,w + 1,3*w + 10,2*w + 5]

Total time: 294.199 seconds, Total memory usage: 87.44MB
