Magma V2.21-4     Wed Jun  3 2015 15:54:53 on atkin    [Seed = 1934433405]
Type ? for help.  Type <Ctrl>-D to quit.
Field 2.2.377.1
Isogeny class  4.1-a
Curve [0,0,0,203582808*w + 1874658357,-15093586200888*w - 138985426253466]
Isogeny class  4.1-b
Curve [0,0,0,1928755287*w - 21216308157,153375193319850*w - 1588967002793646]
Isogeny class  4.1-c
Curve [0,0,0,-1928755287*w - 19287552870,-153375193319850*w - 1435591809473796]
Isogeny class  4.1-d
Curve [0,0,0,-203582808*w + 2078241165,15093586200888*w - 154079012454354]
Isogeny class  8.3-a
Curve [0,0,0,77130009945*w - 787361955030,-11747071848775626*w + 119916974771885628]
Isogeny class  8.3-b
Curve [0,0,0,355185*w - 3625830,-116085474*w + 1185028812]
Isogeny class  8.4-a
Curve [0,0,0,166455*w - 1699245,115177626*w - 1175761278]
Isogeny class  8.4-b
Curve [0,0,0,-355185*w - 3270645,116085474*w + 1068943338]

Total time: 5.809 seconds, Total memory usage: 56.06MB
