Magma V2.21-3     Sat May 30 2015 11:20:15 on atkin    [Seed = 2327087007]
Type ? for help.  Type <Ctrl>-D to quit.
Field 2.2.60.1
Isogeny class  8.1-a
Curve [0,0,0,-22500,-750000*w]
Isogeny class  8.1-b
Curve [0,0,0,-720000*w - 2790000,1464000000*w + 5670000000]
Isogeny class  8.1-c
Curve [0,0,0,-22500,750000*w]
Isogeny class  8.1-d
Curve [0,0,0,720000*w - 2790000,-1464000000*w + 5670000000]
Isogeny class  10.1-a
Curve [0,0,0,-388800*w - 1509300,260982000*w + 1010448000]
Isogeny class  10.1-b
Curve [0,0,0,-1728000*w - 6693300,10174410000*w + 39405312000]
Isogeny class  10.1-c
Curve [0,0,0,-5400*w - 33075,2673000*w + 9834750]
Isogeny class  10.1-d
Curve [0,0,0,-6031800*w - 23361075,15917229000*w + 61647162750]
Isogeny class  10.1-e
Curve [0,0,0,-6031800*w - 23361075,-15917229000*w - 61647162750]
Isogeny class  10.1-f
Curve [0,0,0,-5400*w - 33075,-2673000*w - 9834750]
Isogeny class  10.1-g
Curve [0,0,0,-1728000*w - 6693300,-10174410000*w - 39405312000]
Isogeny class  10.1-h
Curve [0,0,0,-388800*w - 1509300,-260982000*w - 1010448000]
Isogeny class  14.1-a
Curve [0,0,0,92851273728*w + 355958046720,-18575679125716992*w - 71858301633036288]
Isogeny class  14.1-b
Curve [0,0,0,7681277952*w - 26863349760,-674087974207488*w + 2573896917712896]
Isogeny class  14.1-c
Curve [0,0,0,7681277952*w - 26863349760,674087974207488*w - 2573896917712896]
Isogeny class  14.1-d
Curve [0,0,0,92851273728*w + 355958046720,18575679125716992*w + 71858301633036288]
Isogeny class  14.2-a
Curve [0,0,0,466960032*w - 1809429300,10813493269872*w - 41880808458432]
Isogeny class  14.2-b
Curve [0,0,0,81648*w - 14276115,178120944*w - 20765478546]
Isogeny class  14.2-c
Curve [0,0,0,81648*w - 14276115,-178120944*w + 20765478546]
Isogeny class  14.2-d
Curve [0,0,0,466960032*w - 1809429300,-10813493269872*w + 41880808458432]
Isogeny class  15.1-a
Curve [0,0,0,-12987,263466]
Isogeny class  15.1-b
Curve [0,0,0,-415584*w - 1610388,132786864*w + 514285632]
Isogeny class  15.1-c
Curve [0,0,0,-12987,-263466]
Isogeny class  15.1-d
Curve [0,0,0,-415584*w - 1610388,-132786864*w - 514285632]
Isogeny class  18.1-a
Curve [0,0,0,-1691280000*w - 6553710000,101389320000000*w + 392675850000000]
Isogeny class  18.1-b
Curve [0,0,0,1691280000*w - 6553710000,-101389320000000*w + 392675850000000]
Isogeny class  18.1-c
Curve [0,0,0,-52852500,-51941250000*w]
Isogeny class  18.1-d
Curve [0,0,0,-52852500,51941250000*w]
Isogeny class  20.1-a
Curve [0,2*w + 8,0,128*w + 496,2016*w + 7808]
Isogeny class  20.1-b
Curve [0,-2*w - 8,0,128*w + 496,-2016*w - 7808]
Isogeny class  20.1-c
Curve [0,-1,0,4,-4]
Isogeny class  20.1-d
Curve [0,1,0,4,4]
Isogeny class  24.1-a
Curve [0,-1,0,-4,4]
Isogeny class  24.1-b
Curve [0,-2*w - 8,0,-128*w - 496,2016*w + 7808]
Isogeny class  24.1-c
Curve [0,1,0,-4,-4]
Isogeny class  24.1-d
Curve [0,2*w + 8,0,-128*w - 496,-2016*w - 7808]
Isogeny class  25.1-a
Curve [0,0,0,0,292800*w + 1134000]
Isogeny class  25.1-b
Curve [0,0,0,0,-292800*w + 1134000]
Isogeny class  30.1-a
Curve [0,0,0,1917,-99198]
Isogeny class  30.1-b
Curve [0,0,0,1917,99198]
Isogeny class  30.1-c
Curve [0,0,0,61344*w + 237708,49995792*w + 193634496]
Isogeny class  30.1-d
Curve [0,0,0,61344*w + 237708,-49995792*w - 193634496]
Isogeny class  32.1-a
Curve [0,0,0,3456*w - 13716,221616*w - 858816]
Isogeny class  32.1-b
Curve [0,0,0,-3456*w - 13716,221616*w + 858816]
Isogeny class  32.1-c
Curve [0,0,0,-10368*w - 41904,248832*w + 991872]
Isogeny class  32.1-d
Curve [0,0,0,-867456*w - 3359664,-865437696*w - 3351825792]
Isogeny class  32.1-e
Curve [0,0,0,-3456*w - 13716,-221616*w - 858816]
Isogeny class  32.1-f
Curve [0,0,0,3456*w - 13716,-221616*w + 858816]
Isogeny class  32.1-g
Curve [0,0,0,-867456*w - 3359664,865437696*w + 3351825792]
Isogeny class  32.1-h
Curve [0,0,0,-10368*w - 41904,-248832*w - 991872]
Isogeny class  36.1-a
Curve [0,0,0,-180000,7125000*w]
Isogeny class  36.1-b
Curve [0,0,0,0,1]
Isogeny class  36.1-c
Curve [0,0,0,-180000,-7125000*w]
Isogeny class  36.1-d
Curve [0,0,0,5760000*w - 22320000,13908000000*w - 53865000000]
Isogeny class  36.1-e
Curve [0,0,0,0,-1]
Isogeny class  36.1-f
Curve [0,0,0,-5760000*w - 22320000,-13908000000*w - 53865000000]
Isogeny class  40.1-a
Curve [0,0,0,-7,-6]
Isogeny class  40.1-b
Curve [0,0,0,-224*w - 868,3024*w + 11712]
Isogeny class  40.1-c
Curve [0,0,0,-224*w - 868,-3024*w - 11712]
Isogeny class  40.1-d
Curve [0,0,0,-7,6]
Isogeny class  42.1-a
Curve [0,0,0,4759270981632*w + 11392793247744,-5229090162327158784*w - 27447717541862965248]
Isogeny class  42.1-b
Curve [0,0,0,4759270981632*w + 11392793247744,5229090162327158784*w + 27447717541862965248]
Isogeny class  42.1-c
Curve [0,0,0,954718985650176*w + 3697156433903616,24040833637961548431360*w + 93109866268909828571136]
Isogeny class  42.1-d
Curve [0,0,0,954718985650176*w + 3697156433903616,-24040833637961548431360*w - 93109866268909828571136]
Isogeny class  42.2-a
Curve [0,0,0,-4759270981632*w + 11392793247744,5229090162327158784*w - 27447717541862965248]
Isogeny class  42.2-b
Curve [0,0,0,-4759270981632*w + 11392793247744,-5229090162327158784*w + 27447717541862965248]
Isogeny class  42.2-c
Curve [0,0,0,-225580217794560*w - 871743708463104,3626465644236320538624*w + 14046023014523187757056]
Isogeny class  42.2-d
Curve [0,0,0,-225580217794560*w - 871743708463104,-3626465644236320538624*w - 14046023014523187757056]
Isogeny class  49.1-a
Curve [0,0,0,641520000*w + 2485890000,-20277864000000*w - 78535170000000]
Isogeny class  49.1-b
Curve [0,0,0,9943560000*w + 38511247500,1236939315750000*w + 4790645370000000]
Isogeny class  49.1-c
Curve [0,0,0,-641520000*w + 2485890000,20277864000000*w - 78535170000000]
Isogeny class  49.1-d
Curve [0,0,0,-9943560000*w + 38511247500,-1236939315750000*w + 4790645370000000]
Isogeny class  50.1-a
Curve [0,0,0,-361584000*w + 1401138000,-2006441280000*w + 7770848400000]
Isogeny class  50.1-b
Curve [0,0,0,-21600*w - 83700,-40143600*w - 155476800]
Isogeny class  50.1-c
Curve [0,0,0,361584000*w + 1401138000,2006441280000*w + 7770848400000]
Isogeny class  50.1-d
Curve [0,0,0,-21600*w - 83700,40143600*w + 155476800]
Isogeny class  50.1-e
Curve [0,0,0,-675,79650]
Isogeny class  50.1-f
Curve [0,0,0,11299500,1027890000*w]
Isogeny class  50.1-g
Curve [0,0,0,-675,-79650]
Isogeny class  50.1-h
Curve [0,0,0,11299500,-1027890000*w]
Isogeny class  54.1-a
Curve [0,0,0,2488320*w - 11306304,-4655895552*w + 18859474944]
Isogeny class  54.1-b
Curve [0,0,0,-1119744*w - 4504896,-12846117888*w - 49779339264]
Isogeny class  54.1-c
Curve [0,0,0,-83400192*w - 323009856,-815903290368*w - 3159980273664]
Isogeny class  54.1-d
Curve [0,0,0,-2488320*w - 11306304,4655895552*w + 18859474944]
Isogeny class  54.1-e
Curve [0,0,0,-2488320*w - 11306304,-4655895552*w - 18859474944]
Isogeny class  54.1-f
Curve [0,0,0,-5308416*w - 21129984,-13164871680*w - 52619010048]
Isogeny class  54.1-g
Curve [0,0,0,-3328128*w - 12974256,6513550848*w + 25236323712]
Isogeny class  54.1-h
Curve [0,0,0,5308416*w - 21129984,-13164871680*w + 52619010048]
Isogeny class  54.1-i
Curve [0,0,0,-83400192*w - 323009856,815903290368*w + 3159980273664]
Isogeny class  54.1-j
Curve [0,0,0,-1119744*w - 4504896,12846117888*w + 49779339264]
Isogeny class  54.1-k
Curve [0,0,0,-827864064*w - 3206309184,-25433558406144*w - 98503748296704]
Isogeny class  54.1-l
Curve [0,0,0,-41897088*w - 162273456,-290523179520*w - 1125191647872]
Isogeny class  54.1-m
Curve [0,0,0,-41897088*w - 162273456,290523179520*w + 1125191647872]
Isogeny class  54.1-n
Curve [0,0,0,5308416*w - 21129984,13164871680*w - 52619010048]
Isogeny class  54.1-o
Curve [0,0,0,-5308416*w - 21129984,13164871680*w + 52619010048]
Isogeny class  54.1-p
Curve [0,0,0,-3328128*w - 12974256,-6513550848*w - 25236323712]
Isogeny class  60.1-a
Curve [0,0,0,10832400*w - 42365700,-38460582000*w + 149058684000]
Isogeny class  60.1-b
Curve [0,0,0,-10832400*w - 42365700,-38460582000*w - 149058684000]
Isogeny class  60.1-c
Curve [0,0,0,12484800*w - 53794800,50520672000*w - 200551248000]
Isogeny class  60.1-d
Curve [0,0,0,-12484800*w - 53794800,50520672000*w + 200551248000]
Isogeny class  60.1-e
Curve [0,0,0,-12484800*w - 53794800,-50520672000*w - 200551248000]
Isogeny class  60.1-f
Curve [0,0,0,12484800*w - 53794800,-50520672000*w + 200551248000]
Isogeny class  60.1-g
Curve [0,0,0,-10832400*w - 42365700,38460582000*w + 149058684000]
Isogeny class  60.1-h
Curve [0,0,0,10832400*w - 42365700,38460582000*w - 149058684000]
Isogeny class  61.1-a
Curve [0,0,0,3672*w + 14148,93312*w + 361152]
Isogeny class  61.1-b
Curve [0,0,0,-354240*w - 1371924,-225881136*w - 874834560]
Isogeny class  61.1-c
Curve [0,0,0,3672*w + 14148,-93312*w - 361152]
Isogeny class  61.1-d
Curve [0,0,0,-354240*w - 1371924,225881136*w + 874834560]
Isogeny class  61.1-e
Curve [0,0,0,-1512*w - 5211,52488*w + 244890]
Isogeny class  61.1-f
Curve [0,0,0,2592*w - 8208,-124416*w + 470016]
Isogeny class  61.1-g
Curve [0,0,0,-1512*w - 5211,-52488*w - 244890]
Isogeny class  61.1-h
Curve [0,0,0,2592*w - 8208,124416*w - 470016]
Isogeny class  61.2-a
Curve [0,0,0,-36504*w - 141372,-7496064*w - 29032128]
Isogeny class  61.2-b
Curve [0,0,0,20736*w + 79596,-20967984*w - 81216000]
Isogeny class  61.2-c
Curve [0,0,0,-36504*w - 141372,7496064*w + 29032128]
Isogeny class  61.2-d
Curve [0,0,0,20736*w + 79596,20967984*w + 81216000]
Isogeny class  61.2-e
Curve [0,0,0,1512*w - 5211,-52488*w + 244890]
Isogeny class  61.2-f
Curve [0,0,0,-2592*w - 8208,124416*w + 470016]
Isogeny class  61.2-g
Curve [0,0,0,1512*w - 5211,52488*w - 244890]
Isogeny class  61.2-h
Curve [0,0,0,-2592*w - 8208,-124416*w - 470016]
Isogeny class  64.1-a
Curve [0,0,0,-1,0]
Isogeny class  64.1-b
Curve [0,0,0,8*w + 31,0]
Isogeny class  70.1-a
Curve [0,0,0,-1127808344781942264*w - 4368474716651409483,853413727504692469028826024*w + 3305255507051889690455281398]
Isogeny class  70.1-b
Curve [0,0,0,30219264*w - 1751001408,-715895387136*w + 28303513509888]
Isogeny class  70.1-c
Curve [0,0,0,3736202112*w - 14476838832,-244724978198016*w + 947822304657024]
Isogeny class  70.1-d
Curve [0,0,0,-57043820115737280*w - 342859369442489172,14820535007295554806574256*w + 50969829813609910784547456]
Isogeny class  70.1-e
Curve [0,0,0,111974400*w - 529996608,1430851599360*w - 5971645513728]
Isogeny class  70.1-f
Curve [0,0,0,-3075065856*w - 11971867392,-216687016968192*w - 839413951635456]
Isogeny class  70.1-g
Curve [0,0,0,-3075065856*w - 11971867392,216687016968192*w + 839413951635456]
Isogeny class  70.1-h
Curve [0,0,0,111974400*w - 529996608,-1430851599360*w + 5971645513728]
Isogeny class  70.1-i
Curve [0,0,0,-57043820115737280*w - 342859369442489172,-14820535007295554806574256*w - 50969829813609910784547456]
Isogeny class  70.1-j
Curve [0,0,0,3736202112*w - 14476838832,244724978198016*w - 947822304657024]
Isogeny class  70.1-k
Curve [0,0,0,30219264*w - 1751001408,715895387136*w - 28303513509888]
Isogeny class  70.1-l
Curve [0,0,0,-1127808344781942264*w - 4368474716651409483,-853413727504692469028826024*w - 3305255507051889690455281398]
Isogeny class  70.2-a
Curve [0,0,0,-4175712*w - 16730388,9357561936*w + 36402084288]
Isogeny class  70.2-b
Curve [0,0,0,-926547904512*w - 3588505028928,955405598989667328*w + 3700269973867511808]
Isogeny class  70.2-c
Curve [0,0,0,-3736202112*w - 14476838832,244724978198016*w + 947822304657024]
Isogeny class  70.2-d
Curve [0,0,0,1099008*w - 4389147,-1260774720*w + 4901567094]
Isogeny class  70.2-e
Curve [0,0,0,-111974400*w - 529996608,-1430851599360*w - 5971645513728]
Isogeny class  70.2-f
Curve [0,0,0,-30844717056*w - 119467291392,-5802731660869632*w - 22473890133958656]
Isogeny class  70.2-g
Curve [0,0,0,-30844717056*w - 119467291392,5802731660869632*w + 22473890133958656]
Isogeny class  70.2-h
Curve [0,0,0,-111974400*w - 529996608,1430851599360*w + 5971645513728]
Isogeny class  70.2-i
Curve [0,0,0,1099008*w - 4389147,1260774720*w - 4901567094]
Isogeny class  70.2-j
Curve [0,0,0,-3736202112*w - 14476838832,-244724978198016*w - 947822304657024]
Isogeny class  70.2-k
Curve [0,0,0,-926547904512*w - 3588505028928,-955405598989667328*w - 3700269973867511808]
Isogeny class  70.2-l
Curve [0,0,0,-4175712*w - 16730388,-9357561936*w - 36402084288]
Isogeny class  72.1-a
Curve [0,0,0,-57600*w - 223200,5856000*w + 22680000]
Isogeny class  72.1-b
Curve [0,0,0,-13680000*w + 53010000,-45384000000*w + 175770000000]
Isogeny class  72.1-c
Curve [0,0,0,13680000*w + 53010000,45384000000*w + 175770000000]
Isogeny class  72.1-d
Curve [0,0,0,-1800,3000*w]
Isogeny class  72.1-e
Curve [0,0,0,427500,-23250000*w]
Isogeny class  72.1-f
Curve [0,0,0,57600*w - 223200,-5856000*w + 22680000]
Isogeny class  72.1-g
Curve [0,0,0,-1800,-3000*w]
Isogeny class  72.1-h
Curve [0,0,0,427500,23250000*w]
Isogeny class  75.1-a
Curve [0,0,0,-10800,442800]
Isogeny class  75.1-b
Curve [0,0,0,-345600*w - 1339200,223171200*w + 864345600]
Isogeny class  75.1-c
Curve [0,0,0,-345600*w - 1339200,-223171200*w - 864345600]
Isogeny class  75.1-d
Curve [0,0,0,-10800,-442800]
Isogeny class  81.1-a
Curve [0,0,0,0,16]
Isogeny class  81.1-b
Curve [0,0,0,0,-16]
Isogeny class  90.1-a
Curve [0,0,0,7533,-68526]
Isogeny class  90.1-b
Curve [0,0,0,241056*w + 934092,-34537104*w - 133762752]
Isogeny class  90.1-c
Curve [0,0,0,241056*w + 934092,34537104*w + 133762752]
Isogeny class  90.1-d
Curve [0,0,0,7533,68526]
Isogeny class  98.1-a
Curve [0,0,0,5805,285714]
Isogeny class  98.1-b
Curve [0,0,0,-28322524800*w - 109749783600,-5317573136832000*w - 20594699238960000]
Isogeny class  98.1-c
Curve [0,0,0,-213232500,-132860250000*w]
Isogeny class  98.1-d
Curve [0,0,0,5805,-285714]
Isogeny class  98.1-e
Curve [0,0,0,6823440000*w - 26440830000,-259343208000000*w + 1004423490000000]
Isogeny class  98.1-f
Curve [0,0,0,-885078900,2724166566000*w]
Isogeny class  98.1-g
Curve [0,0,0,28322524800*w - 109749783600,5317573136832000*w - 20594699238960000]
Isogeny class  98.1-h
Curve [0,0,0,-6823440000*w - 26440830000,259343208000000*w + 1004423490000000]
Isogeny class  98.1-i
Curve [0,0,0,185760*w + 719820,-143999856*w - 557713728]
Isogeny class  98.1-j
Curve [0,0,0,-213232500,132860250000*w]
Isogeny class  98.1-k
Curve [0,0,0,-885078900,-2724166566000*w]
Isogeny class  98.1-l
Curve [0,0,0,185760*w + 719820,143999856*w + 557713728]
Isogeny class  98.2-a
Curve [0,0,0,-52704*w - 204147,11671776*w + 45204750]
Isogeny class  98.2-b
Curve [0,0,0,-52704*w - 204147,-11671776*w - 45204750]
Isogeny class  98.2-c
Curve [0,0,0,186817536*w + 720563904,129046514688*w + 501792399360]
Isogeny class  98.2-d
Curve [0,0,0,-1306152*w - 5057667,-1598903064*w - 6192420462]
Isogeny class  98.2-e
Curve [0,0,0,-117504*w - 197748,-78868080*w + 102422016]
Isogeny class  98.2-f
Curve [0,0,0,186817536*w + 720563904,-129046514688*w - 501792399360]
Isogeny class  98.2-g
Curve [0,0,0,-117504*w - 197748,78868080*w - 102422016]
Isogeny class  98.2-h
Curve [0,0,0,6708096*w - 20155824,-15696446976*w + 61048632960]
Isogeny class  98.2-i
Curve [0,0,0,-2592*w - 16308,-112752*w - 1045440]
Isogeny class  98.2-j
Curve [0,0,0,6708096*w - 20155824,15696446976*w - 61048632960]
Isogeny class  98.2-k
Curve [0,0,0,-1306152*w - 5057667,1598903064*w + 6192420462]
Isogeny class  98.2-l
Curve [0,0,0,-2592*w - 16308,112752*w + 1045440]
Isogeny class  98.3-a
Curve [0,0,0,-12528*w - 48627,4793904*w + 18567090]
Isogeny class  98.3-b
Curve [0,0,0,-12528*w - 48627,-4793904*w - 18567090]
Isogeny class  98.3-c
Curve [0,0,0,-1476790272*w - 5719208256,61407975508992*w + 237832070676480]
Isogeny class  98.3-d
Curve [0,0,0,515160*w + 1992573,3212049816*w + 12440163438]
Isogeny class  98.3-e
Curve [0,0,0,117504*w - 197748,78868080*w + 102422016]
Isogeny class  98.3-f
Curve [0,0,0,-1476790272*w - 5719208256,-61407975508992*w - 237832070676480]
Isogeny class  98.3-g
Curve [0,0,0,117504*w - 197748,-78868080*w - 102422016]
Isogeny class  98.3-h
Curve [0,0,0,-6708096*w - 20155824,15696446976*w + 61048632960]
Isogeny class  98.3-i
Curve [0,0,0,2592*w - 16308,112752*w - 1045440]
Isogeny class  98.3-j
Curve [0,0,0,-6708096*w - 20155824,-15696446976*w - 61048632960]
Isogeny class  98.3-k
Curve [0,0,0,515160*w + 1992573,-3212049816*w - 12440163438]
Isogeny class  98.3-l
Curve [0,0,0,2592*w - 16308,-112752*w + 1045440]
Isogeny class  100.1-a
Curve [0,0,0,0,120*w]
Isogeny class  100.1-b
Curve [0,0,0,0,12000*w]
Isogeny class  100.1-c
Curve [0,0,0,0,-12000*w]
Isogeny class  100.1-d
Curve [0,0,0,0,-120*w]
Isogeny class  105.1-a
Curve [0,0,0,880200*w - 7809075,-1512189000*w + 9408845250]
Isogeny class  105.1-b
Curve [0,0,0,35208*w - 312363,-12097512*w + 75270762]
Isogeny class  105.1-c
Curve [0,0,0,880200*w - 7809075,1512189000*w - 9408845250]
Isogeny class  105.1-d
Curve [0,0,0,35208*w - 312363,12097512*w - 75270762]
Isogeny class  105.2-a
Curve [0,0,0,-61106400*w - 237064347,540807557472*w + 2094636127626]
Isogeny class  105.2-b
Curve [0,0,0,-35208*w - 312363,12097512*w + 75270762]
Isogeny class  105.2-c
Curve [0,0,0,-61106400*w - 237064347,-540807557472*w - 2094636127626]
Isogeny class  105.2-d
Curve [0,0,0,-35208*w - 312363,-12097512*w - 75270762]
Isogeny class  110.1-a
Curve [0,0,0,-2181924864*w - 8450673408,108378072907776*w + 419746383618048]
Isogeny class  110.1-b
Curve [0,0,0,-8570880*w - 34972992,-28452695040*w - 104838119424]
Isogeny class  110.1-c
Curve [0,0,0,-8570880*w - 34972992,28452695040*w + 104838119424]
Isogeny class  110.1-d
Curve [0,0,0,-2181924864*w - 8450673408,-108378072907776*w - 419746383618048]
Isogeny class  110.2-a
Curve [0,0,0,-56346624*w - 222628608,-2701248528384*w - 10458365386752]
Isogeny class  110.2-b
Curve [0,0,0,8570880*w - 34972992,28452695040*w - 104838119424]
Isogeny class  110.2-c
Curve [0,0,0,8570880*w - 34972992,-28452695040*w + 104838119424]
Isogeny class  110.2-d
Curve [0,0,0,-56346624*w - 222628608,2701248528384*w + 10458365386752]
Isogeny class  112.1-a
Curve [0,0,0,44211744*w + 171231084,-202656985776*w - 784887122880]
Isogeny class  112.1-b
Curve [0,0,0,222912*w + 322704,-16443648*w - 134089344]
Isogeny class  112.1-c
Curve [0,0,0,2861568*w + 11017296,-3326303232*w - 12851395200]
Isogeny class  112.1-d
Curve [0,0,0,222912*w + 322704,16443648*w + 134089344]
Isogeny class  112.1-e
Curve [0,0,0,37967616*w + 147013056,99679030272*w + 386056378368]
Isogeny class  112.1-f
Curve [0,0,0,44211744*w + 171231084,202656985776*w + 784887122880]
Isogeny class  112.1-g
Curve [0,0,0,37967616*w + 147013056,-99679030272*w - 386056378368]
Isogeny class  112.1-h
Curve [0,0,0,2861568*w + 11017296,3326303232*w + 12851395200]
Isogeny class  112.2-a
Curve [0,0,0,-142560*w - 462996,247511376*w + 952015680]
Isogeny class  112.2-b
Curve [0,0,0,-222912*w + 322704,16443648*w - 134089344]
Isogeny class  112.2-c
Curve [0,0,0,-2861568*w + 11017296,3326303232*w - 12851395200]
Isogeny class  112.2-d
Curve [0,0,0,-222912*w + 322704,-16443648*w + 134089344]
Isogeny class  112.2-e
Curve [0,0,0,-17314560*w - 66982464,35483028480*w + 137428420608]
Isogeny class  112.2-f
Curve [0,0,0,-142560*w - 462996,-247511376*w - 952015680]
Isogeny class  112.2-g
Curve [0,0,0,-17314560*w - 66982464,-35483028480*w - 137428420608]
Isogeny class  112.2-h
Curve [0,0,0,-2861568*w + 11017296,-3326303232*w + 12851395200]
Isogeny class  118.1-a
Curve [0,0,0,5184*w + 20061,5769792*w + 22346334]
Isogeny class  118.1-b
Curve [0,0,0,5184*w + 20061,-5769792*w - 22346334]
Isogeny class  118.1-c
Curve [0,0,0,864*w - 756,-81648*w - 416448]
Isogeny class  118.1-d
Curve [0,0,0,864*w - 756,81648*w + 416448]
Isogeny class  118.2-a
Curve [0,0,0,-8208*w - 31779,789264*w + 3056994]
Isogeny class  118.2-b
Curve [0,0,0,-8208*w - 31779,-789264*w - 3056994]
Isogeny class  118.2-c
Curve [0,0,0,-864*w - 756,81648*w - 416448]
Isogeny class  118.2-d
Curve [0,0,0,-864*w - 756,-81648*w + 416448]
Isogeny class  119.2-a
Curve [0,0,0,-78321168*w - 303891264,829293287616*w + 3211988335056]
Isogeny class  119.2-b
Curve [0,0,0,1637241552*w - 9236698704,-88868432187072*w + 404161780587984]
Isogeny class  119.2-c
Curve [0,0,0,-78321168*w - 303891264,-829293287616*w - 3211988335056]
Isogeny class  119.2-d
Curve [0,0,0,1637241552*w - 9236698704,88868432187072*w - 404161780587984]
Isogeny class  119.2-e
Curve [0,0,0,-1360219824*w - 5269891536,-53753774791680*w - 208188390796848]
Isogeny class  119.2-f
Curve [0,0,0,-42768*w - 409536,-18558720*w - 115391952]
Isogeny class  119.2-g
Curve [0,0,0,-1360219824*w - 5269891536,53753774791680*w + 208188390796848]
Isogeny class  119.2-h
Curve [0,0,0,-42768*w - 409536,18558720*w + 115391952]
Isogeny class  119.3-a
Curve [0,0,0,-275103216*w - 1065628224,4588323236928*w + 17770526458416]
Isogeny class  119.3-b
Curve [0,0,0,-1637241552*w - 9236698704,88868432187072*w + 404161780587984]
Isogeny class  119.3-c
Curve [0,0,0,-275103216*w - 1065628224,-4588323236928*w - 17770526458416]
Isogeny class  119.3-d
Curve [0,0,0,-1637241552*w - 9236698704,-88868432187072*w - 404161780587984]
Isogeny class  119.3-e
Curve [0,0,0,-883919952*w - 3426150096,-28168438165632*w - 109097640339408]
Isogeny class  119.3-f
Curve [0,0,0,42768*w - 409536,18558720*w - 115391952]
Isogeny class  119.3-g
Curve [0,0,0,-883919952*w - 3426150096,28168438165632*w + 109097640339408]
Isogeny class  119.3-h
Curve [0,0,0,42768*w - 409536,-18558720*w + 115391952]
Isogeny class  120.1-a
Curve [0,-1,0,-15,-18]
Isogeny class  120.1-b
Curve [0,-2*w - 8,0,-480*w - 1860,-9072*w - 35136]
Isogeny class  120.1-c
Curve [0,2*w + 8,0,-480*w - 1860,9072*w + 35136]
Isogeny class  120.1-d
Curve [0,0,0,108000*w - 407700,-41310000*w + 157896000]
Isogeny class  120.1-e
Curve [0,0,0,-345600*w + 1285200,1057536000*w - 4090608000]
Isogeny class  120.1-f
Curve [0,-2*w - 8,0,128*w + 496,0]
Isogeny class  120.1-g
Curve [0,1,0,4,0]
Isogeny class  120.1-h
Curve [0,2*w + 8,0,128*w + 496,0]
Isogeny class  120.1-i
Curve [0,-1,0,4,0]
Isogeny class  120.1-j
Curve [0,0,0,108000*w - 407700,41310000*w - 157896000]
Isogeny class  120.1-k
Curve [0,0,0,-345600*w + 1285200,-1057536000*w + 4090608000]
Isogeny class  120.1-l
Curve [0,1,0,-15,18]
Isogeny class  120.1-m
Curve [0,0,0,-108000*w - 407700,-41310000*w - 157896000]
Isogeny class  120.1-n
Curve [0,0,0,345600*w + 1285200,1057536000*w + 4090608000]
Isogeny class  120.1-o
Curve [0,0,0,-108000*w - 407700,41310000*w + 157896000]
Isogeny class  120.1-p
Curve [0,0,0,345600*w + 1285200,-1057536000*w - 4090608000]
Isogeny class  121.1-a
Curve [0,0,0,-428544*w - 1660608,544537728*w + 2109003264]
Isogeny class  121.1-b
Curve [0,0,0,-428544*w - 1660608,-544537728*w - 2109003264]
Isogeny class  121.1-c
Curve [0,0,0,-13392,-1080432]
Isogeny class  121.1-d
Curve [0,0,0,-13392,1080432]
Isogeny class  121.2-a
Curve [0,0,0,-384*w - 1472,0]
Isogeny class  121.2-b
Curve [0,0,0,23680*w + 91712,0]
Isogeny class  121.3-a
Curve [0,0,0,-118*w - 457,0]
Isogeny class  121.3-b
Curve [0,0,0,-128*w - 448,0]
Isogeny class  126.1-a
Curve [0,0,0,-684288*w + 2066796,389094192*w - 1678496256]
Isogeny class  126.1-b
Curve [0,0,0,-69444864*w - 268981236,-621493885296*w - 2407034174976]
Isogeny class  126.1-c
Curve [0,0,0,-235224*w - 1258659,-169373592*w - 577136178]
Isogeny class  126.1-d
Curve [0,0,0,-18714240*w - 72175536,-86450250240*w - 334872600192]
Isogeny class  126.1-e
Curve [0,0,0,-69444864*w - 268981236,621493885296*w + 2407034174976]
Isogeny class  126.1-f
Curve [0,0,0,-684288*w + 2066796,-389094192*w + 1678496256]
Isogeny class  126.1-g
Curve [0,0,0,-18714240*w - 72175536,86450250240*w + 334872600192]
Isogeny class  126.1-h
Curve [0,0,0,-235224*w - 1258659,169373592*w + 577136178]
Isogeny class  126.2-a
Curve [0,0,0,684288*w + 2066796,-389094192*w - 1678496256]
Isogeny class  126.2-b
Curve [0,0,0,-11109312*w - 43166196,39740617872*w + 153894536064]
Isogeny class  126.2-c
Curve [0,0,0,235224*w - 1258659,169373592*w - 577136178]
Isogeny class  126.2-d
Curve [0,0,0,150989184*w + 584740944,-1605473975808*w - 6217976783232]
Isogeny class  126.2-e
Curve [0,0,0,-11109312*w - 43166196,-39740617872*w - 153894536064]
Isogeny class  126.2-f
Curve [0,0,0,684288*w + 2066796,389094192*w + 1678496256]
Isogeny class  126.2-g
Curve [0,0,0,18714240*w - 72175536,-86450250240*w + 334872600192]
Isogeny class  126.2-h
Curve [0,0,0,235224*w - 1258659,-169373592*w + 577136178]
Isogeny class  129.1-a
Curve [0,0,0,-191802816*w - 742757931,-4290687827136*w - 16617762789786]
Isogeny class  129.1-b
Curve [0,0,0,-21311424*w - 82528659,-158914363968*w - 615472695918]
Isogeny class  129.1-c
Curve [0,0,0,245426112*w + 949740957,4292877626496*w + 16626555025506]
Isogeny class  129.1-d
Curve [0,0,0,-3035016*w - 12618531,-5623037496*w - 22086065934]
Isogeny class  129.1-e
Curve [0,0,0,-27315144*w - 113566779,-151822012392*w - 596323780218]
Isogeny class  129.1-f
Curve [0,0,0,27269568*w + 105526773,158995467648*w + 615798334278]
Isogeny class  129.1-g
Curve [0,0,0,245426112*w + 949740957,-4292877626496*w - 16626555025506]
Isogeny class  129.1-h
Curve [0,0,0,-3035016*w - 12618531,5623037496*w + 22086065934]
Isogeny class  129.1-i
Curve [0,0,0,-27315144*w - 113566779,151822012392*w + 596323780218]
Isogeny class  129.1-j
Curve [0,0,0,27269568*w + 105526773,-158995467648*w - 615798334278]
Isogeny class  129.1-k
Curve [0,0,0,-191802816*w - 742757931,4290687827136*w + 16617762789786]
Isogeny class  129.1-l
Curve [0,0,0,-21311424*w - 82528659,158914363968*w + 615472695918]
Isogeny class  129.2-a
Curve [0,0,0,45275760*w + 174965589,-8944270128*w - 34780571046]
Isogeny class  129.2-b
Curve [0,0,0,5030640*w + 19440621,-331269264*w - 1288169298]
Isogeny class  129.2-c
Curve [0,0,0,-392046480*w - 1517894883,9575839651248*w + 37087207129566]
Isogeny class  129.2-d
Curve [0,0,0,-428525640*w - 1659679011,-9473313388680*w - 36689985171954]
Isogeny class  129.2-e
Curve [0,0,0,-3856730760*w - 14937111099,-255779461494360*w - 990629599642758]
Isogeny class  129.2-f
Curve [0,0,0,-43560720*w - 168654987,354660727824*w + 1373600264058]
Isogeny class  129.2-g
Curve [0,0,0,-392046480*w - 1517894883,-9575839651248*w - 37087207129566]
Isogeny class  129.2-h
Curve [0,0,0,-428525640*w - 1659679011,9473313388680*w + 36689985171954]
Isogeny class  129.2-i
Curve [0,0,0,-3856730760*w - 14937111099,255779461494360*w + 990629599642758]
Isogeny class  129.2-j
Curve [0,0,0,-43560720*w - 168654987,-354660727824*w - 1373600264058]
Isogeny class  129.2-k
Curve [0,0,0,45275760*w + 174965589,8944270128*w + 34780571046]
Isogeny class  129.2-l
Curve [0,0,0,5030640*w + 19440621,331269264*w + 1288169298]
Isogeny class  136.1-a
Curve [0,0,0,-1972112832*w - 7637840244,-93816458784144*w - 363349581079680]
Isogeny class  136.1-b
Curve [0,0,0,-1972112832*w - 7637840244,93816458784144*w + 363349581079680]
Isogeny class  136.1-c
Curve [0,0,0,-131103360*w - 478030896,-1538682490368*w - 5953859406720]
Isogeny class  136.1-d
Curve [0,0,0,-131103360*w - 478030896,1538682490368*w + 5953859406720]
Isogeny class  136.2-a
Curve [0,0,0,59989248*w + 228361356,43173128304*w + 164157269760]
Isogeny class  136.2-b
Curve [0,0,0,59989248*w + 228361356,-43173128304*w - 164157269760]
Isogeny class  136.2-c
Curve [0,0,0,131103360*w - 478030896,1538682490368*w - 5953859406720]
Isogeny class  136.2-d
Curve [0,0,0,131103360*w - 478030896,-1538682490368*w + 5953859406720]
Isogeny class  147.1-a
Curve [0,0,0,-166752*w - 646164,15649200*w + 60609600]
Isogeny class  147.1-b
Curve [0,0,0,-450360*w - 1828035,-333891720*w - 1285771374]
Isogeny class  147.1-c
Curve [0,0,0,7300800*w - 38964915,28562818752*w - 99983183922]
Isogeny class  147.1-d
Curve [0,0,0,-486853200*w - 1885764915,11420640317232*w + 44231924420622]
Isogeny class  147.1-e
Curve [0,0,0,-5020920*w - 19453635,9536356152*w + 36933890706]
Isogeny class  147.1-f
Curve [0,0,0,-5020920*w - 19453635,-9536356152*w - 36933890706]
Isogeny class  147.1-g
Curve [0,0,0,-166752*w - 646164,-15649200*w - 60609600]
Isogeny class  147.1-h
Curve [0,0,0,-5211,-31050]
Isogeny class  147.1-i
Curve [0,0,0,-450360*w - 1828035,333891720*w + 1285771374]
Isogeny class  147.1-j
Curve [0,0,0,7300800*w - 38964915,-28562818752*w + 99983183922]
Isogeny class  147.1-k
Curve [0,0,0,-5211,31050]
Isogeny class  147.1-l
Curve [0,0,0,-486853200*w - 1885764915,-11420640317232*w - 44231924420622]
Isogeny class  150.1-a
Curve [0,0,0,-125280*w - 485460,-64638000*w - 250344000]
Isogeny class  150.1-b
Curve [0,0,0,-3915,128250]
Isogeny class  150.1-c
Curve [0,0,0,-125280*w - 485460,64638000*w + 250344000]
Isogeny class  150.1-d
Curve [0,0,0,-3915,-128250]
Isogeny class  153.1-a
Curve [0,0,0,1417176*w - 8570124,-8305771104*w + 30106486944]
Isogeny class  153.1-b
Curve [0,0,0,-166536*w - 774684,76235904*w + 316724256]
Isogeny class  153.1-c
Curve [0,0,0,1417176*w - 8570124,8305771104*w - 30106486944]
Isogeny class  153.1-d
Curve [0,0,0,-1498824*w - 6972156,-2058369408*w - 8551554912]
Isogeny class  153.1-e
Curve [0,0,0,-166536*w - 774684,-76235904*w - 316724256]
Isogeny class  153.1-f
Curve [0,0,0,157464*w - 952236,307621152*w - 1115055072]
Isogeny class  153.1-g
Curve [0,0,0,-1498824*w - 6972156,2058369408*w + 8551554912]
Isogeny class  153.1-h
Curve [0,0,0,157464*w - 952236,-307621152*w + 1115055072]
Isogeny class  153.2-a
Curve [0,0,0,-1417176*w - 8570124,8305771104*w + 30106486944]
Isogeny class  153.2-b
Curve [0,0,0,166536*w - 774684,-76235904*w + 316724256]
Isogeny class  153.2-c
Curve [0,0,0,-1417176*w - 8570124,-8305771104*w - 30106486944]
Isogeny class  153.2-d
Curve [0,0,0,1498824*w - 6972156,2058369408*w - 8551554912]
Isogeny class  153.2-e
Curve [0,0,0,166536*w - 774684,76235904*w - 316724256]
Isogeny class  153.2-f
Curve [0,0,0,-157464*w - 952236,-307621152*w - 1115055072]
Isogeny class  153.2-g
Curve [0,0,0,1498824*w - 6972156,-2058369408*w + 8551554912]
Isogeny class  153.2-h
Curve [0,0,0,-157464*w - 952236,307621152*w + 1115055072]
Isogeny class  154.1-a
Curve [0,0,0,-4630832640*w - 17934784560,-337573294073856*w - 1307416106196864]
Isogeny class  154.1-b
Curve [0,0,0,-1148136353280*w - 4446712952640,-1317880787555386368*w - 5104130342494629888]
Isogeny class  154.1-c
Curve [0,0,0,-1700352*w - 6564672,-5486994432*w - 21253459968]
Isogeny class  154.1-d
Curve [0,0,0,-698976*w - 2707371,-487594080*w - 1888459866]
Isogeny class  154.1-e
Curve [0,0,0,-774144*w + 2149632,1130692608*w - 5075951616]
Isogeny class  154.1-f
Curve [0,0,0,-37152*w - 205524,128304*w - 62413632]
Isogeny class  154.1-g
Curve [0,0,0,-698976*w - 2707371,487594080*w + 1888459866]
Isogeny class  154.1-h
Curve [0,0,0,-774144*w + 2149632,-1130692608*w + 5075951616]
Isogeny class  154.1-i
Curve [0,0,0,-37152*w - 205524,-128304*w + 62413632]
Isogeny class  154.1-j
Curve [0,0,0,-1700352*w - 6564672,5486994432*w + 21253459968]
Isogeny class  154.1-k
Curve [0,0,0,-1148136353280*w - 4446712952640,1317880787555386368*w + 5104130342494629888]
Isogeny class  154.1-l
Curve [0,0,0,-4630832640*w - 17934784560,337573294073856*w + 1307416106196864]
Isogeny class  154.4-a
Curve [0,0,0,4630832640*w - 17934784560,337573294073856*w - 1307416106196864]
Isogeny class  154.4-b
Curve [0,0,0,310141440*w - 1113618240,5352508947456*w - 22136097927168]
Isogeny class  154.4-c
Curve [0,0,0,10298880*w + 39883968,-74459243520*w - 288379588608]
Isogeny class  154.4-d
Curve [0,0,0,-123120*w - 478251,-495420624*w - 1918771686]
Isogeny class  154.4-e
Curve [0,0,0,774144*w + 2149632,-1130692608*w - 5075951616]
Isogeny class  154.4-f
Curve [0,0,0,37152*w - 205524,-128304*w - 62413632]
Isogeny class  154.4-g
Curve [0,0,0,-123120*w - 478251,495420624*w + 1918771686]
Isogeny class  154.4-h
Curve [0,0,0,774144*w + 2149632,1130692608*w + 5075951616]
Isogeny class  154.4-i
Curve [0,0,0,37152*w - 205524,128304*w + 62413632]
Isogeny class  154.4-j
Curve [0,0,0,10298880*w + 39883968,74459243520*w + 288379588608]
Isogeny class  154.4-k
Curve [0,0,0,310141440*w - 1113618240,-5352508947456*w + 22136097927168]
Isogeny class  154.4-l
Curve [0,0,0,4630832640*w - 17934784560,-337573294073856*w + 1307416106196864]
Isogeny class  160.1-a
Curve [0,0,0,6134400*w - 23857200,-16314048000*w + 63195984000]
Isogeny class  160.1-b
Curve [0,0,0,-6134400*w - 23857200,16314048000*w + 63195984000]
Isogeny class  160.1-c
Curve [0,0,0,-172800*w - 861300,-89910000*w - 380592000]
Isogeny class  160.1-d
Curve [0,0,0,172800*w - 861300,89910000*w - 380592000]
Isogeny class  160.1-e
Curve [0,0,0,-172800*w - 861300,89910000*w + 380592000]
Isogeny class  160.1-f
Curve [0,0,0,-6134400*w - 23857200,-16314048000*w - 63195984000]
Isogeny class  160.1-g
Curve [0,0,0,172800*w - 861300,-89910000*w + 380592000]
Isogeny class  160.1-h
Curve [0,0,0,6134400*w - 23857200,16314048000*w - 63195984000]
Isogeny class  162.1-a
Curve [0,0,0,-8792064*w - 34069248,-34162311168*w - 132308951040]
Isogeny class  162.1-b
Curve [0,0,0,-4131,103518]
Isogeny class  162.1-c
Curve [0,0,0,-4131,-103518]
Isogeny class  162.1-d
Curve [0,0,0,-274752,17501184*w]
Isogeny class  162.1-e
Curve [0,0,0,-132192*w - 512244,52173072*w + 202067136]
Isogeny class  162.1-f
Curve [0,0,0,-132192*w - 512244,-52173072*w - 202067136]
Isogeny class  162.1-g
Curve [0,0,0,8792064*w - 34069248,34162311168*w - 132308951040]
Isogeny class  162.1-h
Curve [0,0,0,-274752,-17501184*w]
Isogeny class  165.1-a
Curve [0,0,0,-972945000*w - 3768541875,-32474489625000*w - 125773231781250]
Isogeny class  165.1-b
Curve [0,0,0,-38917800*w - 150741675,259795917000*w + 1006185854250]
Isogeny class  165.1-c
Curve [0,0,0,-972945000*w - 3768541875,32474489625000*w + 125773231781250]
Isogeny class  165.1-d
Curve [0,0,0,-38917800*w - 150741675,-259795917000*w - 1006185854250]
Isogeny class  165.2-a
Curve [0,0,0,-169425000*w - 658141875,-2283744375000*w - 8845960218750]
Isogeny class  165.2-b
Curve [0,0,0,-6777000*w - 26325675,18269955000*w + 70767681750]
Isogeny class  165.2-c
Curve [0,0,0,-169425000*w - 658141875,2283744375000*w + 8845960218750]
Isogeny class  165.2-d
Curve [0,0,0,-6777000*w - 26325675,-18269955000*w - 70767681750]
Isogeny class  176.1-a
Curve [0,0,0,-24624*w - 95364,26481168*w + 102561120]
Isogeny class  176.1-b
Curve [0,0,0,-24624*w - 95364,-26481168*w - 102561120]
Isogeny class  176.1-c
Curve [0,0,0,-1728*w - 5616,-435456*w - 1676160]
Isogeny class  176.1-d
Curve [0,0,0,-1728*w - 5616,435456*w + 1676160]
Isogeny class  176.2-a
Curve [0,0,0,2160*w + 8316,-81648*w - 315360]
Isogeny class  176.2-b
Curve [0,0,0,2160*w + 8316,81648*w + 315360]
Isogeny class  176.2-c
Curve [0,0,0,1728*w - 5616,435456*w - 1676160]
Isogeny class  176.2-d
Curve [0,0,0,1728*w - 5616,-435456*w + 1676160]
Isogeny class  189.1-a
Curve [0,0,0,-493661304*w - 2025594540,-12216919812768*w - 47785057050816]
Isogeny class  189.1-b
Curve [0,0,0,-1849927896*w - 7164752940,-85235147936352*w - 330114309043392]
Isogeny class  189.1-c
Curve [0,0,0,-1849927896*w - 7164752940,85235147936352*w + 330114309043392]
Isogeny class  189.1-d
Curve [0,0,0,-493661304*w - 2025594540,12216919812768*w + 47785057050816]
Isogeny class  189.2-a
Curve [0,0,0,493661304*w - 2025594540,12216919812768*w - 47785057050816]
Isogeny class  189.2-b
Curve [0,0,0,-5970024*w - 26851500,-17300674656*w - 69777640512]
Isogeny class  189.2-c
Curve [0,0,0,-5970024*w - 26851500,17300674656*w + 69777640512]
Isogeny class  189.2-d
Curve [0,0,0,493661304*w - 2025594540,-12216919812768*w + 47785057050816]
Isogeny class  192.1-a
Curve [0,-w - 4,0,-32*w - 124,-126*w - 488]
Isogeny class  192.1-b
Curve [0,-2,0,-16,-16]
Isogeny class  192.1-c
Curve [0,2,0,-16,16]
Isogeny class  192.1-d
Curve [0,w + 4,0,-32*w - 124,126*w + 488]
Isogeny class  198.1-a
Curve [0,0,0,-648*w - 891,12312*w + 39366]
Isogeny class  198.1-b
Curve [0,0,0,31104*w - 294192,-7423488*w + 76982400]
Isogeny class  198.1-c
Curve [0,0,0,13271040*w - 51409728,53289778176*w - 206391214080]
Isogeny class  198.1-d
Curve [0,0,0,23328*w + 32805,-629856*w + 2873718]
Isogeny class  198.1-e
Curve [0,0,0,-108864*w - 421524,-43873488*w - 169921152]
Isogeny class  198.1-f
Curve [0,0,0,23328*w + 32805,629856*w - 2873718]
Isogeny class  198.1-g
Curve [0,0,0,1842912*w - 7129620,2677832784*w - 10371208896]
Isogeny class  198.1-h
Curve [0,0,0,-648*w - 891,-12312*w - 39366]
Isogeny class  198.1-i
Curve [0,0,0,1842912*w - 7129620,-2677832784*w + 10371208896]
Isogeny class  198.1-j
Curve [0,0,0,31104*w - 294192,7423488*w - 76982400]
Isogeny class  198.1-k
Curve [0,0,0,13271040*w - 51409728,-53289778176*w + 206391214080]
Isogeny class  198.1-l
Curve [0,0,0,-108864*w - 421524,43873488*w + 169921152]
Isogeny class  198.2-a
Curve [0,0,0,648*w - 891,-12312*w + 39366]
Isogeny class  198.2-b
Curve [0,0,0,-31104*w - 294192,7423488*w + 76982400]
Isogeny class  198.2-c
Curve [0,0,0,-13271040*w - 51409728,-53289778176*w - 206391214080]
Isogeny class  198.2-d
Curve [0,0,0,-28541808*w - 110541915,163347169968*w + 632640868938]
Isogeny class  198.2-e
Curve [0,0,0,51840*w + 200556,4192560*w + 16236288]
Isogeny class  198.2-f
Curve [0,0,0,-28541808*w - 110541915,-163347169968*w - 632640868938]
Isogeny class  198.2-g
Curve [0,0,0,-1842912*w - 7129620,-2677832784*w - 10371208896]
Isogeny class  198.2-h
Curve [0,0,0,648*w - 891,12312*w - 39366]
Isogeny class  198.2-i
Curve [0,0,0,-1842912*w - 7129620,2677832784*w + 10371208896]
Isogeny class  198.2-j
Curve [0,0,0,-31104*w - 294192,-7423488*w - 76982400]
Isogeny class  198.2-k
Curve [0,0,0,-13271040*w - 51409728,53289778176*w + 206391214080]
Isogeny class  198.2-l
Curve [0,0,0,51840*w + 200556,-4192560*w - 16236288]
Isogeny class  200.1-a
Curve [0,0,0,115200*w - 446400,-42163200*w + 163296000]
Isogeny class  200.1-b
Curve [0,0,0,-3600,-21600*w]
Isogeny class  200.1-c
Curve [0,1,0,-3,-2]
Isogeny class  200.1-d
Curve [0,0,0,-144000*w - 558000,-527040000*w - 2041200000]
Isogeny class  200.1-e
Curve [0,0,0,125,1250]
Isogeny class  200.1-f
Curve [0,0,0,4000*w + 15500,-630000*w - 2440000]
Isogeny class  200.1-g
Curve [0,0,0,-4500,-270000*w]
Isogeny class  200.1-h
Curve [0,-2*w - 8,0,-96*w - 372,1008*w + 3904]
Isogeny class  200.1-i
Curve [0,2*w + 8,0,-96*w - 372,-1008*w - 3904]
Isogeny class  200.1-j
Curve [0,0,0,-4500,270000*w]
Isogeny class  200.1-k
Curve [0,0,0,4000*w + 15500,630000*w + 2440000]
Isogeny class  200.1-l
Curve [0,0,0,125,-1250]
Isogeny class  200.1-m
Curve [0,0,0,144000*w - 558000,527040000*w - 2041200000]
Isogeny class  200.1-n
Curve [0,-1,0,-3,2]
Isogeny class  200.1-o
Curve [0,0,0,-3600,21600*w]
Isogeny class  200.1-p
Curve [0,0,0,-115200*w - 446400,42163200*w + 163296000]

Total time: 2354.699 seconds, Total memory usage: 87.44MB
