Magma V2.21-4     Wed Jun  3 2015 15:52:23 on atkin    [Seed = 3146104295]
Type ? for help.  Type <Ctrl>-D to quit.
Field 2.2.349.1
Isogeny class  1.1-a
Curve [0,-1,1,-1210*w - 10697,70425*w + 622611]
Curve [0,-1,1,1210*w - 11907,-70425*w + 693036]
Isogeny class  3.1-a
Curve [w + 1,0,0,11*w + 176,41*w + 497]
Isogeny class  3.2-a
Curve [w,-w + 1,0,-11*w + 187,-41*w + 538]
Isogeny class  5.1-a
Curve [0,-w + 1,1,26,-2*w - 6]
Isogeny class  5.2-a
Curve [0,w,1,26,2*w - 8]
Isogeny class  9.2-a
Curve [1,-w,1,5439*w + 48112,-4091835*w - 36174948]
Isogeny class  9.2-b
Curve [0,w - 1,1,3929569*w - 38669962,11553527768*w - 113695619204]
Isogeny class  9.3-a
Curve [1,w - 1,1,-5439*w + 53551,4091835*w - 40266783]
Isogeny class  9.3-b
Curve [0,-w,1,-3929569*w - 34740393,-11553527768*w - 102142091436]
Isogeny class  12.1-a
Curve [1,1,w + 1,111229*w - 1094584,65337101*w - 642967468]
Isogeny class  12.1-b
Curve [1,w,1,37*w - 365,277*w - 2881]
Isogeny class  12.1-c
Curve [w,-1,w + 1,-48458796*w - 428413031,-569359275080*w - 5033574879883]
Isogeny class  12.2-a
Curve [1,1,w,-111230*w - 983354,-65337102*w - 577630366]
Isogeny class  12.2-b
Curve [1,-w + 1,1,-37*w - 328,-277*w - 2604]
Isogeny class  12.2-c
Curve [w + 1,-w - 1,w,48458794*w - 476871826,569359275079*w - 5602934154962]

Total time: 18.019 seconds, Total memory usage: 56.06MB
