Magma V2.21-3     Sat May 30 2015 11:22:55 on atkin    [Seed = 2310436415]
Type ? for help.  Type <Ctrl>-D to quit.
Field 2.2.73.1
Isogeny class  2.1-a
Curve [w + 1,-w,1,5650*w + 21324,-5829019*w - 21987064]
Isogeny class  2.2-a
Curve [w,0,1,-5651*w + 26975,5829019*w - 27816083]
Isogeny class  4.1-a
Curve [1,1,0,2*w - 9,4*w - 19]
Curve [1,1,0,-2*w - 7,-4*w - 15]
Isogeny class  4.1-b
Curve [1,0,1,637174*w - 3040596,-128263298*w + 612072698]
Curve [1,0,1,-637174*w - 2403422,128263298*w + 483809400]
Isogeny class  6.1-a
Curve [w + 1,1,1,-5*w + 50,-74*w + 383]
Isogeny class  6.1-b
Curve [1,-w,1,60*w - 280,-440*w + 2096]
Isogeny class  6.4-a
Curve [w,-w - 1,w + 1,5*w + 27,68*w + 264]
Isogeny class  6.4-b
Curve [1,w - 1,1,-60*w - 220,440*w + 1656]
Isogeny class  8.1-a
Curve [w,-w - 1,0,-5329*w + 25430,27759*w - 132466]
Isogeny class  8.2-a
Curve [w + 1,1,w + 1,5329*w + 20100,-22430*w - 84607]
Isogeny class  9.1-a
Curve [1,1,0,19647*w - 93755,-1633869*w + 7796826]
Curve [1,1,0,-19647*w - 74108,1633869*w + 6162957]
Isogeny class  9.1-b
Curve [0,-w - 1,1,732*w - 3482,-32196*w + 153632]
Isogeny class  9.1-c
Curve [1,1,1,278125*w - 1327213,-11163626*w + 53272844]
Isogeny class  9.1-d
Curve [0,w + 1,1,-730*w - 2751,31465*w + 118685]
Isogeny class  12.1-a
Curve [1,-w,1,91*w - 428,1871*w - 8932]
Isogeny class  12.2-a
Curve [1,w - 1,1,-91*w - 337,-1871*w - 7061]
Isogeny class  16.2-a
Curve [w + 1,-1,0,235362*w - 1123130,128525518*w - 613323998]
Isogeny class  16.2-b
Curve [w + 1,w,0,17*w - 24,-35*w + 250]
Isogeny class  16.4-a
Curve [0,w,w + 1,-7*w + 41,282*w - 1350]
Isogeny class  16.3-a
Curve [w,-w,0,-235362*w - 887768,-128525518*w - 484798480]
Isogeny class  16.3-b
Curve [w,w - 1,0,-7*w - 26,9*w + 34]
Isogeny class  16.5-a
Curve [0,-w + 1,w,7*w + 34,-283*w - 1067]
Isogeny class  18.1-a
Curve [1,w,0,1528752*w - 7295199,-1734133869*w + 8275290075]
Isogeny class  18.1-b
Curve [1,0,1,-85880*w - 323940,16441555*w + 62017576]
Isogeny class  18.1-c
Curve [1,w,w + 1,25226*w - 120373,1161622*w - 5543266]
Isogeny class  18.3-a
Curve [w + 1,-1,w,-8141*w + 38853,1800353*w - 8591279]
Isogeny class  18.3-b
Curve [1,-1,0,w,4]
Isogeny class  18.3-c
Curve [w + 1,w - 1,1,7*w + 31,8*w + 29]
Isogeny class  18.4-a
Curve [w + 1,w + 1,1,51*w + 194,-3760*w - 14183]
Isogeny class  18.2-a
Curve [1,-w + 1,0,-1528752*w - 5766447,1734133869*w + 6541156206]
Isogeny class  18.2-b
Curve [1,0,1,85880*w - 409820,-16441555*w + 78459131]
Isogeny class  18.2-c
Curve [1,-w + 1,w,-25227*w - 95146,-1161623*w - 4381643]
Isogeny class  18.6-a
Curve [w,-w,w + 1,8139*w + 30713,-1800354*w - 6790926]
Isogeny class  18.6-b
Curve [1,-1,0,-w + 1,4]
Isogeny class  18.6-c
Curve [w,w + 1,w + 1,2*w + 21,14*w - 17]
Isogeny class  18.5-a
Curve [w,w,1,-40*w + 225,3986*w - 18979]
Isogeny class  24.1-a
Curve [w,-w + 1,w,-1399*w - 5261,-86238*w - 325272]
Isogeny class  24.1-b
Curve [w,-w - 1,0,-17060*w - 64337,-2506168*w - 9453261]
Isogeny class  24.1-c
Curve [w,-w - 1,w,120638*w + 455053,-33919946*w - 127946094]
Isogeny class  24.1-d
Curve [w,w + 1,0,-258*w - 973,3908*w + 14741]
Isogeny class  24.2-a
Curve [w,-w + 1,w,417*w - 2011,10895*w - 52017]
Isogeny class  24.2-b
Curve [w,-w - 1,w,5493*w - 26224,473985*w - 2261863]
Isogeny class  24.2-c
Curve [w,-w - 1,0,-21678273*w - 81770473,113556425008*w + 428335047792]
Isogeny class  24.2-d
Curve [w,0,w,141*w - 673,-1710*w + 8162]
Isogeny class  24.5-a
Curve [0,w + 1,w,232*w - 1096,3985*w - 19015]
Isogeny class  24.6-a
Curve [w + 1,-w + 1,0,219*w + 841,2461*w + 9294]
Isogeny class  24.6-b
Curve [w + 1,-w,w + 1,-180*w - 672,-1439*w - 5423]
Isogeny class  24.6-c
Curve [w + 1,w,0,-74*w - 278,-1251*w - 4719]
Isogeny class  24.4-a
Curve [w + 1,0,w + 1,1397*w - 6660,86237*w - 411510]
Isogeny class  24.4-b
Curve [w + 1,1,w + 1,17060*w - 81398,2523228*w - 12040827]
Isogeny class  24.4-c
Curve [w + 1,1,0,-120637*w + 575709,33799308*w - 161290331]
Isogeny class  24.4-d
Curve [w + 1,w - 1,w + 1,267*w - 1242,-5150*w + 24633]
Isogeny class  24.3-a
Curve [w + 1,0,w + 1,-419*w - 1594,-10896*w - 41122]
Isogeny class  24.3-b
Curve [w + 1,1,0,-5492*w - 20713,-479478*w - 1808591]
Isogeny class  24.3-c
Curve [w + 1,1,w + 1,21678273*w - 103448747,-113534746735*w + 541788024053]
Isogeny class  24.3-d
Curve [w + 1,-w,w + 1,-143*w - 532,1709*w + 6452]
Isogeny class  24.8-a
Curve [0,-w - 1,w + 1,-230*w - 865,-3755*w - 14165]
Isogeny class  24.7-a
Curve [w,1,0,-219*w + 1060,-2461*w + 11755]
Isogeny class  24.7-b
Curve [w,0,w,178*w - 850,1438*w - 6861]
Isogeny class  24.7-c
Curve [w,w - 1,0,84*w - 371,880*w - 4168]
Isogeny class  27.1-a
Curve [0,w,1,-849416*w - 3203994,-1303352399*w - 4916247692]
Isogeny class  27.1-b
Curve [1,w - 1,1,4*w - 14,-15*w + 74]
Isogeny class  27.1-c
Curve [0,-w,1,6*w - 21,-16*w + 72]
Isogeny class  27.1-d
Curve [1,w - 1,0,152*w - 720,-1348*w + 6435]
Isogeny class  27.2-a
Curve [0,-w + 1,1,849416*w - 4053410,1303352399*w - 6219600091]
Isogeny class  27.2-b
Curve [1,-w,1,621666*w - 2966585,550973445*w - 2629246315]
Isogeny class  27.2-c
Curve [0,w - 1,1,-6*w - 15,16*w + 56]
Isogeny class  27.2-d
Curve [1,-w,0,-777588*w - 2933058,772325604*w + 2913213627]
Isogeny class  32.3-a
Curve [w + 1,w + 1,w + 1,-1358*w + 6530,124047*w - 591857]
Isogeny class  32.3-b
Curve [w + 1,1,0,-47023*w - 177368,-94530325*w - 356568562]
Isogeny class  32.3-c
Curve [w + 1,w,0,40*w + 152,-808*w - 3048]
Isogeny class  32.3-d
Curve [w + 1,-w + 1,w + 1,825*w - 3942,-4155*w + 19829]
Isogeny class  32.3-e
Curve [w + 1,w,w + 1,37*w - 136,193*w - 846]
Isogeny class  32.3-f
Curve [w + 1,-1,w + 1,-4,-5*w - 21]
Isogeny class  32.5-a
Curve [0,-1,w,178000*w - 849416,-173307622*w + 827024291]
Isogeny class  32.5-b
Curve [0,-w - 1,w,w + 6,-w - 7]
Isogeny class  32.4-a
Curve [w,w,w,1368*w + 5153,-118885*w - 448438]
Isogeny class  32.4-b
Curve [w,-w - 1,w,47024*w - 224410,94483301*w - 450874495]
Isogeny class  32.4-c
Curve [w,w - 1,0,24628*w - 117495,-4344055*w + 20729870]
Isogeny class  32.4-d
Curve [w,1,w,1189294*w + 4486019,339739970*w + 1281499803]
Isogeny class  32.4-e
Curve [w,w - 1,w,-29*w - 116,-301*w - 1139]
Isogeny class  32.4-f
Curve [w,-w,w,-2*w - 2,4*w - 25]
Isogeny class  32.6-a
Curve [0,-1,w + 1,-178000*w - 671416,173307621*w + 653716669]
Isogeny class  32.6-b
Curve [0,w + 1,w + 1,w + 6,-2]
Isogeny class  36.1-a
Curve [1,-w + 1,w,-4876*w + 23270,4087276*w - 19504496]
Isogeny class  36.1-b
Curve [1,w,w + 1,-27*w - 97,-204*w - 772]
Isogeny class  36.1-c
Curve [1,1,w + 1,-1176*w - 4434,36593*w + 138027]
Isogeny class  36.1-d
Curve [1,w,0,-1381*w - 5205,-48161*w - 181665]
Isogeny class  36.1-e
Curve [1,-w + 1,0,1381*w - 6586,48161*w - 229826]
Isogeny class  36.1-f
Curve [1,1,w,1175*w - 5609,-36594*w + 174621]
Isogeny class  36.1-g
Curve [1,0,1,-6536*w - 24658,-599320*w - 2260636]
Curve [1,0,1,6536*w - 31194,599320*w - 2859956]
Isogeny class  36.1-h
Curve [1,1,1,-53040*w + 253107,705028752*w - 3364398525]
Curve [1,1,1,53040*w + 200067,-705028752*w - 2659369773]
Isogeny class  36.1-i
Curve [1,1,0,3880*w - 18515,-270296*w + 1289853]
Curve [1,1,0,-3880*w - 14635,270296*w + 1019557]
Isogeny class  36.2-a
Curve [0,-1,w + 1,-6*w + 29,-3*w + 6]
Isogeny class  36.2-b
Curve [0,1,w + 1,47477*w - 226560,-56300755*w + 268667300]
Isogeny class  36.4-a
Curve [1,-w - 1,w + 1,571464*w - 2727020,508038491*w - 2424360645]
Isogeny class  36.4-b
Curve [1,-1,0,-8*w - 36,32*w + 112]
Isogeny class  36.4-c
Curve [1,-w - 1,0,4936*w - 23544,-82496*w + 393664]
Isogeny class  36.4-d
Curve [1,w - 1,0,3*w + 18,-23*w - 90]
Isogeny class  36.4-e
Curve [1,w - 1,1,4426*w - 21116,339239*w - 1618847]
Isogeny class  36.6-a
Curve [w + 1,-w - 1,w + 1,-44428*w - 167579,10477726*w + 39522004]
Isogeny class  36.6-b
Curve [w + 1,w - 1,w + 1,4191582*w - 20002205,9647158862*w - 46036260098]
Isogeny class  36.7-a
Curve [w + 1,-1,0,10*w + 38,101*w + 381]
Isogeny class  36.7-b
Curve [w + 1,-1,w + 1,w - 3,8]
Isogeny class  36.3-a
Curve [0,-1,w,6*w + 23,2*w + 4]
Isogeny class  36.3-b
Curve [0,1,w,-47477*w - 179083,56300754*w + 212366546]
Isogeny class  36.5-a
Curve [1,w + 1,w + 1,-571463*w - 2155556,-508609956*w - 1918477709]
Isogeny class  36.5-b
Curve [1,-1,0,8*w - 44,-32*w + 144]
Isogeny class  36.5-c
Curve [1,w + 1,1,-3774*w - 14234,253389*w + 955783]
Isogeny class  36.5-d
Curve [1,-w,0,-3*w + 21,23*w - 113]
Isogeny class  36.5-e
Curve [1,-w,1,-4426*w - 16690,-339239*w - 1279608]
Isogeny class  36.9-a
Curve [w,-1,w,44426*w - 212005,-10477727*w + 49999731]
Isogeny class  36.9-b
Curve [w,w + 1,0,-4191573*w - 15810621,-9667161067*w - 36464549648]
Isogeny class  36.8-a
Curve [w,-w,0,-10*w + 48,-101*w + 482]
Isogeny class  36.8-b
Curve [w,-w,w,-3*w,-w + 9]
Isogeny class  38.1-a
Curve [1,0,0,-26101*w - 98453,-4733688*w - 17855480]
Isogeny class  38.1-b
Curve [1,w - 1,1,154*w - 730,5552*w - 26492]
Isogeny class  38.2-a
Curve [w,0,1,w - 95,-11*w + 249]
Isogeny class  38.2-b
Curve [w,-w - 1,w + 1,2942*w - 14053,-173557*w + 828206]
Isogeny class  38.2-c
Curve [w,-w - 1,1,-135*w - 494,1768*w + 6678]
Isogeny class  38.4-a
Curve [1,0,0,26101*w - 124554,4733688*w - 22589168]
Isogeny class  38.4-b
Curve [1,-w,1,-154*w - 576,-5552*w - 20940]
Isogeny class  38.3-a
Curve [w + 1,-w,1,-2*w - 94,11*w + 238]
Isogeny class  38.3-b
Curve [w + 1,1,1,-2942*w - 11093,170614*w + 643557]
Isogeny class  38.3-c
Curve [w + 1,1,w,135*w - 629,-1633*w + 7817]
Isogeny class  46.1-a
Curve [w + 1,-1,w,-11956*w - 45103,1441799*w + 5438465]
Isogeny class  46.1-b
Curve [w + 1,1,1,-614140*w - 2316533,-531896721*w - 2006315427]
Isogeny class  46.1-c
Curve [w + 1,0,1,1113*w - 5291,-139879*w + 667524]
Isogeny class  46.1-d
Curve [w + 1,w - 1,1,417*w - 1944,9130*w - 43503]
Isogeny class  46.2-a
Curve [1,w + 1,w + 1,31052*w - 148171,2774287*w - 13238903]
Isogeny class  46.4-a
Curve [w,-w,w + 1,11954*w - 57058,-1441800*w + 6880264]
Isogeny class  46.4-b
Curve [w,-w - 1,w + 1,614140*w - 2930691,531282580*w - 2535281475]
Isogeny class  46.4-c
Curve [w,-w + 1,1,-1114*w - 4177,139879*w + 527645]
Isogeny class  46.4-d
Curve [w,w + 1,w + 1,-408*w - 1544,-11083*w - 41807]
Isogeny class  46.3-a
Curve [1,-w - 1,w + 1,-31051*w - 117120,-2743237*w - 10347496]
Isogeny class  48.1-a
Curve [0,-1,0,43341*w - 206823,-10165750*w + 48510978]
Isogeny class  48.1-b
Curve [0,-w + 1,0,178*w + 679,-3114*w - 11742]
Isogeny class  48.3-a
Curve [w,w - 1,0,3198*w - 15231,1081165*w - 5159290]
Isogeny class  48.3-b
Curve [w,-w - 1,w,-1113*w - 4192,6392793*w + 24113633]
Isogeny class  48.3-c
Curve [w,-w - 1,w,-3*w - 6,-2*w - 4]
Isogeny class  48.3-d
Curve [w,w,w,-128480*w - 484634,-52262686*w - 197134953]
Isogeny class  48.3-e
Curve [w,-w + 1,0,-13175*w - 49673,1349026*w + 5088550]
Isogeny class  48.4-a
Curve [w + 1,-w + 1,0,2412*w + 9113,73080*w + 275669]
Isogeny class  48.4-b
Curve [w + 1,w - 1,w + 1,5*w + 6,3*w + 35]
Isogeny class  48.4-c
Curve [w + 1,w,w + 1,-25*w - 97,17017*w + 64186]
Isogeny class  48.4-d
Curve [w + 1,w - 1,w + 1,-119*w - 450,-2078*w - 7841]
Isogeny class  48.4-e
Curve [w + 1,-w + 1,w + 1,-2083679*w - 7859630,3448581650*w + 13008056451]
Isogeny class  48.4-f
Curve [w + 1,w,0,39*w - 129,220*w - 967]
Isogeny class  48.7-a
Curve [w,w,w,-575*w - 2176,-16371*w - 61755]
Isogeny class  48.7-b
Curve [w,-w - 1,w,-7442*w - 28065,721878*w + 2722931]
Isogeny class  48.7-c
Curve [w,-w + 1,0,-267*w - 984,1493*w + 5653]
Isogeny class  48.8-a
Curve [0,1,w + 1,481*w - 2295,31984*w - 152636]
Isogeny class  48.8-b
Curve [0,w + 1,w + 1,93262*w + 351787,-95719570*w - 361054400]
Isogeny class  48.8-c
Curve [w + 1,w - 1,0,-737674*w - 2782505,-714196168*w - 2693949284]
Isogeny class  48.2-a
Curve [0,-1,0,-43341*w - 163482,10165750*w + 38345228]
Isogeny class  48.2-b
Curve [0,w,0,-178*w + 857,3114*w - 14856]
Isogeny class  48.6-a
Curve [w + 1,w,0,-3188*w - 12024,-1096396*w - 4135608]
Isogeny class  48.6-b
Curve [w + 1,1,0,1114*w - 5287,-6391680*w + 30501139]
Isogeny class  48.6-c
Curve [w + 1,1,0,4*w + 9,5*w + 3]
Isogeny class  48.6-d
Curve [w + 1,w + 1,w + 1,128490*w - 613105,51778061*w - 247084909]
Isogeny class  48.6-e
Curve [w + 1,0,0,13175*w - 62848,-1349026*w + 6437576]
Isogeny class  48.5-a
Curve [w,1,0,-2412*w + 11525,-73080*w + 348749]
Isogeny class  48.5-b
Curve [w,w + 1,0,4*w + 13,3*w + 12]
Isogeny class  48.5-c
Curve [w,w - 1,w,33*w - 139,-17148*w + 81856]
Isogeny class  48.5-d
Curve [w,w + 1,0,128*w - 567,1628*w - 7713]
Isogeny class  48.5-e
Curve [w,1,w,2083677*w - 9943307,-3448581651*w + 16456638102]
Isogeny class  48.5-f
Curve [w,w - 1,0,-29*w - 109,-329*w - 1241]
Isogeny class  48.10-a
Curve [w + 1,w + 1,w + 1,585*w - 2742,14204*w - 67686]
Isogeny class  48.10-b
Curve [w + 1,1,0,7443*w - 35489,-714436*w + 3409320]
Isogeny class  48.10-c
Curve [w + 1,0,0,267*w - 1251,-1493*w + 7146]
Isogeny class  48.9-a
Curve [0,1,w,-481*w - 1814,-31985*w - 120651]
Isogeny class  48.9-b
Curve [0,-w - 1,w,-93260*w + 445048,95812830*w - 457219017]
Isogeny class  48.9-c
Curve [w,w + 1,w,737684*w - 3520197,711413654*w - 3394867239]
Isogeny class  50.1-a
Curve [w + 1,0,1,-w - 1,0]
Isogeny class  50.2-a
Curve [w,-w + 1,1,-1,0]
Isogeny class  54.1-a
Curve [1,w - 1,0,195*w - 927,518*w - 2471]
Isogeny class  54.1-b
Curve [1,-w - 1,0,177356*w - 846333,84072867*w - 401195885]
Isogeny class  54.1-c
Curve [1,w - 1,w + 1,11840*w - 56498,-1198690*w + 5720145]
Isogeny class  54.2-a
Curve [1,w + 1,w + 1,69526*w - 331769,20520231*w - 97922581]
Isogeny class  54.2-b
Curve [1,w + 1,1,29312418*w - 139878902,-47209554308*w + 225284081573]
Isogeny class  54.2-c
Curve [1,-w,1,696421*w - 3323316,-8421482346*w + 40187329522]
Isogeny class  54.2-d
Curve [w + 1,-w,1,-8791*w + 41952,2758091*w - 13161614]
Isogeny class  54.2-e
Curve [1,w + 1,w + 1,600*w - 2854,212130*w - 1012285]
Isogeny class  54.2-f
Curve [1,w + 1,1,-664*w - 2503,9878*w + 37259]
Isogeny class  54.2-g
Curve [1,w + 1,w,-64847*w - 244599,15711624*w + 59264271]
Isogeny class  54.5-a
Curve [w + 1,-w,1,3*w - 13,7*w - 32]
Isogeny class  54.5-b
Curve [w + 1,-w,w,767614*w - 3663065,758106025*w - 3617683375]
Isogeny class  54.5-c
Curve [1,-w,1,4425*w + 16696,1790454*w + 6753598]
Isogeny class  54.5-d
Curve [w + 1,w + 1,1,7*w + 28,12*w + 45]
Isogeny class  54.5-e
Curve [w + 1,w + 1,w,1240462*w + 4679020,-3864165973*w - 14575641290]
Isogeny class  54.5-f
Curve [1,w + 1,w + 1,949542*w - 4531207,-725644573*w + 3462777261]
Isogeny class  54.6-a
Curve [1,-1,w,75405*w - 359835,23282111*w - 111102283]
Isogeny class  54.6-b
Curve [1,-1,w,-w + 3,3*w - 19]
Isogeny class  54.6-c
Curve [1,-1,0,-71*w + 339,4408*w - 21035]
Isogeny class  54.6-d
Curve [1,-1,0,-610627*w - 2303286,-534807726*w - 2017295744]
Isogeny class  54.4-a
Curve [1,-w,0,-195*w - 732,-518*w - 1953]
Isogeny class  54.4-b
Curve [1,w + 1,1,-177354*w - 668978,-84250222*w - 317791996]
Isogeny class  54.4-c
Curve [1,-w,w,-11841*w - 44657,1198689*w + 4521456]
Isogeny class  54.3-a
Curve [1,-w - 1,w + 1,-69525*w - 262244,-20450707*w - 77140106]
Isogeny class  54.3-b
Curve [1,-w - 1,0,-29312416*w - 110566485,47238866725*w + 178185093750]
Isogeny class  54.3-c
Curve [1,w - 1,1,-696421*w - 2626895,8421482346*w + 31765847176]
Isogeny class  54.3-d
Curve [w,0,1,8790*w + 33162,-2758091*w - 10403523]
Isogeny class  54.3-e
Curve [1,-w - 1,w + 1,-599*w - 2255,-211532*w - 797900]
Isogeny class  54.3-f
Curve [1,-w - 1,0,666*w - 3168,-10543*w + 50305]
Isogeny class  54.3-g
Curve [1,-w - 1,w,64848*w - 309447,-15776472*w + 75285342]
Isogeny class  54.8-a
Curve [w,0,1,-4*w - 9,-7*w - 25]
Isogeny class  54.8-b
Curve [w,0,w + 1,-767616*w - 2895450,-758106026*w - 2859577350]
Isogeny class  54.8-c
Curve [1,w - 1,1,-4425*w + 21121,-1790454*w + 8544052]
Isogeny class  54.8-d
Curve [w,w,1,4*w + 15,4*w + 23]
Isogeny class  54.8-e
Curve [w,w,w + 1,-1240452*w + 5919462,3870085444*w - 18468054952]
Isogeny class  54.8-f
Curve [1,-w - 1,w + 1,-949541*w - 3581666,726594113*w + 2740714354]
Isogeny class  54.7-a
Curve [1,-1,w + 1,-75406*w - 284430,-23282112*w - 87820172]
Isogeny class  54.7-b
Curve [1,-1,w + 1,2,-4*w - 16]
Isogeny class  54.7-c
Curve [1,-1,0,71*w + 268,-4408*w - 16627]
Isogeny class  54.7-d
Curve [1,-1,0,610627*w - 2913913,534807726*w - 2552103470]
Isogeny class  57.2-a
Curve [0,-1,1,-1141293*w - 4304959,1065314753*w + 4018369243]
Isogeny class  57.2-b
Curve [1,w - 1,0,-6*w - 16,8*w + 27]
Isogeny class  57.2-c
Curve [0,-w - 1,1,2175*w - 10368,-112030*w + 534600]
Isogeny class  57.2-d
Curve [0,1,1,-712000*w - 2685665,-480313367*w - 1811742920]
Isogeny class  57.3-a
Curve [0,-1,1,1141293*w - 5446252,-1065314753*w + 5083683996]
Isogeny class  57.3-b
Curve [1,-w,0,6*w - 22,-8*w + 35]
Isogeny class  57.3-c
Curve [0,w + 1,1,-2173*w - 8194,109856*w + 414376]
Isogeny class  57.3-d
Curve [0,1,1,712000*w - 3397665,480313367*w - 2292056287]
Isogeny class  64.1-a
Curve [0,w,0,2072*w - 9880,-108808*w + 519236]
Isogeny class  64.1-b
Curve [0,-w + 1,0,-2072*w - 7808,108808*w + 410428]
Isogeny class  64.2-a
Curve [0,w + 1,0,-6*w + 39,9*w - 37]
Isogeny class  64.4-a
Curve [w + 1,-w - 1,w + 1,-818*w - 3082,-27891*w - 105203]
Isogeny class  64.4-b
Curve [w + 1,-w - 1,0,1008*w - 4808,-45968*w + 219360]
Isogeny class  64.6-a
Curve [0,w - 1,w,-148*w + 711,-4168*w + 19886]
Isogeny class  64.6-b
Curve [0,w + 1,w,9254*w - 44149,2044800*w - 9757788]
Isogeny class  64.6-c
Curve [0,w - 1,w,564*w + 2135,184863*w + 697296]
Isogeny class  64.6-d
Curve [0,1,w,-3*w - 11,-33*w - 128]
Isogeny class  64.3-a
Curve [0,-w - 1,0,8*w + 32,-16*w - 60]
Isogeny class  64.5-a
Curve [w,-1,w,816*w - 3898,27890*w - 133093]
Isogeny class  64.5-b
Curve [w,-1,0,-1008*w - 3800,45968*w + 173392]
Isogeny class  64.7-a
Curve [0,-w,w + 1,148*w + 563,4167*w + 15718]
Isogeny class  64.7-b
Curve [0,-w - 1,w + 1,-9252*w - 34896,-2035548*w - 7678092]
Isogeny class  64.7-c
Curve [0,-w,w + 1,-564*w + 2699,-184864*w + 882159]
Isogeny class  64.7-d
Curve [0,1,w + 1,3*w - 14,32*w - 161]
Isogeny class  69.2-a
Curve [1,-w + 1,w + 1,-15387*w - 58030,2130670*w + 8036894]
Isogeny class  69.3-a
Curve [1,w,w,15386*w - 73416,-2130671*w + 10167565]
Isogeny class  71.1-a
Curve [0,1,1,2557502*w - 12204404,-4000949400*w + 19092538029]
Isogeny class  71.2-a
Curve [0,1,1,-2557502*w - 9646902,4000949400*w + 15091588629]
Isogeny class  72.1-a
Curve [w,-w - 1,0,-161*w - 594,-2262*w - 8523]
Isogeny class  72.1-b
Curve [w,-w + 1,0,-58*w - 196,427*w + 1631]
Isogeny class  72.1-c
Curve [w,1,0,531537252*w - 2536496747,-13786439446635*w + 65788914856650]
Isogeny class  72.1-d
Curve [w,w - 1,0,1169*w - 5549,-45240*w + 215916]
Isogeny class  72.1-e
Curve [w,1,0,7360*w - 35107,726409*w - 3466414]
Isogeny class  72.1-f
Curve [w,-w + 1,0,-2001*w + 9550,-54120*w + 258261]
Isogeny class  72.1-g
Curve [w,w - 1,w,707*w - 3355,24043*w - 114707]
Isogeny class  72.1-h
Curve [w,-w - 1,w,-135*w - 503,22337*w + 84261]
Isogeny class  72.3-a
Curve [w + 1,1,0,271234*w + 1023098,-309565771*w - 1167682667]
Isogeny class  72.3-b
Curve [w + 1,w,0,1628087*w - 7769177,2725710180*w - 13007094000]
Isogeny class  72.3-c
Curve [0,-1,w + 1,3*w - 14,6*w - 37]
Isogeny class  72.3-d
Curve [0,1,w + 1,526940*w + 1987619,-60177542*w - 226989803]
Isogeny class  72.3-e
Curve [w + 1,0,w + 1,441*w - 2098,-9759*w + 46583]
Isogeny class  72.3-f
Curve [w + 1,-w + 1,w + 1,-2*w,-w]
Isogeny class  72.3-g
Curve [w + 1,-w + 1,0,-84080*w - 317135,-15617992*w - 58911084]
Isogeny class  72.3-h
Curve [0,-1,w + 1,-w - 2,-201*w - 772]
Isogeny class  72.3-i
Curve [w + 1,1,w + 1,-57*w + 295,2004*w - 9484]
Isogeny class  72.5-a
Curve [w,-w,0,-305731*w - 1153200,-194459292*w - 733500799]
Isogeny class  72.5-b
Curve [w,0,0,18944*w - 90390,-2991537*w + 14275627]
Isogeny class  72.5-c
Curve [w,w,0,581*w - 2736,15546*w - 74143]
Isogeny class  72.5-d
Curve [w,0,w,2617353*w - 12490014,-32059741132*w + 152989144720]
Isogeny class  72.5-e
Curve [w,0,0,9*w,38*w + 9]
Isogeny class  72.5-f
Curve [w,w,w,-1622062*w - 6118428,3374714869*w + 12729430802]
Isogeny class  72.5-g
Curve [w,0,w,-41*w + 195,-22*w + 106]
Isogeny class  72.6-a
Curve [w,-w,0,163465*w - 780055,74756763*w - 356739413]
Isogeny class  72.6-b
Curve [w,-1,0,891*w - 4245,30654*w - 146278]
Isogeny class  72.6-c
Curve [w,w + 1,0,-167900*w - 633319,76763227*w + 289551036]
Isogeny class  72.6-d
Curve [w,w + 1,w,6385226*w - 30470278,-18313739761*w + 87393200485]
Isogeny class  72.6-e
Curve [w,-1,0,489595*w - 2336341,-385002038*w + 1837230450]
Isogeny class  72.6-f
Curve [w,w + 1,w,-2*w - 21,-43*w - 161]
Isogeny class  72.6-g
Curve [w,w + 1,0,-1128561*w - 4256934,-1357320385*w - 5119815034]
Isogeny class  72.9-a
Curve [w + 1,-w - 1,0,255565*w + 963999,-84064507*w - 317091474]
Isogeny class  72.9-b
Curve [w + 1,-1,0,-206518*w - 778986,48093689*w + 181409485]
Isogeny class  72.9-c
Curve [w + 1,w - 1,w + 1,-93611*w - 353102,35625912*w + 134381004]
Isogeny class  72.10-a
Curve [0,-w + 1,w + 1,-2*w - 1,-2*w - 6]
Isogeny class  72.2-a
Curve [w + 1,1,w + 1,161*w - 756,2423*w - 11541]
Isogeny class  72.2-b
Curve [w + 1,0,0,58*w - 254,-427*w + 2058]
Isogeny class  72.2-c
Curve [w + 1,-w + 1,0,-531537252*w - 2004959495,13786439446635*w + 52002475410015]
Isogeny class  72.2-d
Curve [w + 1,w,0,-1159*w - 4371,39691*w + 149715]
Isogeny class  72.2-e
Curve [w + 1,-w + 1,0,-7360*w - 27747,-726409*w - 2740005]
Isogeny class  72.2-f
Curve [w + 1,0,0,2001*w + 7549,54120*w + 204141]
Isogeny class  72.2-g
Curve [w + 1,w,w + 1,-699*w - 2639,-27390*w - 103318]
Isogeny class  72.2-h
Curve [w + 1,1,0,136*w - 620,-22202*w + 105978]
Isogeny class  72.4-a
Curve [w,-w - 1,w,-271233*w + 1294313,309837004*w - 1478542769]
Isogeny class  72.4-b
Curve [w,w - 1,0,-1628077*w - 6141109,-2731851289*w - 10304548178]
Isogeny class  72.4-c
Curve [0,-1,w,-3*w - 11,-7*w - 30]
Isogeny class  72.4-d
Curve [0,1,w,-526940*w + 2514559,60177541*w - 287167344]
Isogeny class  72.4-e
Curve [w,-w + 1,w,-443*w - 1655,9758*w + 36825]
Isogeny class  72.4-f
Curve [w,1,w,0,0]
Isogeny class  72.4-g
Curve [w,1,0,84080*w - 401215,15617992*w - 74529076]
Isogeny class  72.4-h
Curve [0,-1,w,w - 3,200*w - 972]
Isogeny class  72.4-i
Curve [w,-w - 1,0,57*w + 239,-2061*w - 7718]
Isogeny class  72.8-a
Curve [w + 1,-1,0,305731*w - 1458931,194459292*w - 927960091]
Isogeny class  72.8-b
Curve [w + 1,-w,0,-18944*w - 71446,2991537*w + 11284090]
Isogeny class  72.8-c
Curve [w + 1,w + 1,0,-569*w - 2146,-18281*w - 68956]
Isogeny class  72.8-d
Curve [w + 1,-w,w + 1,-2617355*w - 9872661,32059741131*w + 120929403588]
Isogeny class  72.8-e
Curve [w + 1,-w,0,-9*w + 9,-38*w + 47]
Isogeny class  72.8-f
Curve [w + 1,w + 1,w + 1,1622072*w - 7740481,-3380833288*w + 16133342877]
Isogeny class  72.8-g
Curve [w + 1,-w,w + 1,39*w + 154,21*w + 84]
Isogeny class  72.7-a
Curve [w + 1,-1,0,-163465*w - 616590,-74756763*w - 281982650]
Isogeny class  72.7-b
Curve [w + 1,-w - 1,0,-891*w - 3354,-30654*w - 115624]
Isogeny class  72.7-c
Curve [w + 1,w - 1,w + 1,167909*w - 801230,-77564457*w + 370137791]
Isogeny class  72.7-d
Curve [w + 1,w - 1,0,-6385216*w - 24085044,18289654708*w + 68988611808]
Isogeny class  72.7-e
Curve [w + 1,-w - 1,0,-489595*w - 1846746,385002038*w + 1452228412]
Isogeny class  72.7-f
Curve [w + 1,w - 1,0,12*w - 15,19*w - 45]
Isogeny class  72.7-g
Curve [w + 1,w - 1,w + 1,1128570*w - 5385506,1351934879*w - 6451435717]
Isogeny class  72.12-a
Curve [w,-1,0,-255565*w + 1219564,84064507*w - 401155981]
Isogeny class  72.12-b
Curve [w,-w,0,206518*w - 985504,-48093689*w + 229503174]
Isogeny class  72.12-c
Curve [w,w + 1,0,93620*w - 446711,-35979014*w + 171691978]
Isogeny class  72.11-a
Curve [0,w,w,2*w - 3,w - 7]
Isogeny class  73.1-a
Curve [1,-1,0,4,-3]
Isogeny class  74.1-a
Curve [w,-w + 1,w + 1,-268*w - 993,8432*w + 31825]
Isogeny class  74.1-b
Curve [w,1,w + 1,0,0]
Isogeny class  74.4-a
Curve [w + 1,0,w,266*w - 1260,-8433*w + 40258]
Isogeny class  74.4-b
Curve [w + 1,-w + 1,w,-2*w + 1,-w + 1]
Isogeny class  76.1-a
Curve [1,-w - 1,1,-261*w - 982,34385*w + 129701]
Isogeny class  76.1-b
Curve [1,1,1,1069*w - 5114,-38964*w + 185913]
Isogeny class  76.1-c
Curve [1,-w - 1,1,w,-3*w + 21]
Isogeny class  76.1-d
Curve [1,0,w + 1,-w + 2,-3*w + 6]
Isogeny class  76.1-e
Curve [1,1,w,17*w - 83,108*w - 521]
Isogeny class  76.1-f
Curve [1,-1,w + 1,2*w - 13,-6*w + 21]
Isogeny class  76.1-g
Curve [1,1,1,-58654*w - 221243,13197226*w + 49779961]
Isogeny class  76.1-h
Curve [1,1,w + 1,13*w - 68,80*w - 395]
Isogeny class  76.1-i
Curve [1,0,w,14*w - 70,24*w - 120]
Isogeny class  76.4-a
Curve [w,w + 1,0,5*w + 15,17*w - 40]
Isogeny class  76.4-b
Curve [w,-w + 1,0,983*w + 3731,-24959*w - 94124]
Isogeny class  76.2-a
Curve [1,w + 1,0,263*w - 1243,-34123*w + 162843]
Isogeny class  76.2-b
Curve [1,1,1,-1069*w - 4045,38964*w + 146949]
Isogeny class  76.2-c
Curve [1,w + 1,0,w + 1,3*w + 19]
Isogeny class  76.2-d
Curve [1,0,w,2,2*w + 4]
Isogeny class  76.2-e
Curve [1,1,w + 1,-18*w - 66,-109*w - 413]
Isogeny class  76.2-f
Curve [1,-1,w,-3*w - 10,5*w + 16]
Isogeny class  76.2-g
Curve [1,1,1,58654*w - 279897,-13197226*w + 62977187]
Isogeny class  76.2-h
Curve [1,1,w,-14*w - 54,-81*w - 314]
Isogeny class  76.2-i
Curve [1,0,w + 1,-15*w - 56,-25*w - 96]
Isogeny class  76.5-a
Curve [w + 1,w - 1,w + 1,4*w + 9,-8*w - 24]
Isogeny class  76.5-b
Curve [w + 1,0,0,-983*w + 4714,24959*w - 119083]
Isogeny class  79.1-a
Curve [0,w - 1,1,-39796*w - 150103,-8981746*w - 33879167]
Isogeny class  79.2-a
Curve [0,-w,1,39796*w - 189899,8981746*w - 42860913]
Isogeny class  81.1-a
Curve [1,-1,1,176823*w - 843800,44291286*w - 211358100]
Curve [1,-1,1,-176823*w - 666977,-44291286*w - 167066814]
Isogeny class  81.1-b
Curve [0,0,1,6579*w - 31395,887504*w - 4235171]
Isogeny class  81.1-c
Curve [0,0,1,-6579*w - 24816,-887504*w - 3347667]
Isogeny class  81.1-d
Curve [1,-1,0,-2503125*w - 9441792,-303921027*w - 1146390683]
Isogeny class  81.2-a
Curve [0,w,1,565331*w - 2697753,477709429*w - 2279630286]
Isogeny class  81.2-b
Curve [w,0,1,-27241*w - 102747,-5143672*w - 19401939]
Isogeny class  81.2-c
Curve [w + 1,w - 1,w,4*w + 12,5*w + 17]
Isogeny class  81.2-d
Curve [w,w,1,7605983*w - 36295731,-33022656063*w + 157584176615]
Isogeny class  81.2-e
Curve [w + 1,-w - 1,w,7*w - 45,-333*w + 1584]
Isogeny class  81.2-f
Curve [0,-w,1,4379*w - 20889,331618*w - 1582486]
Isogeny class  81.3-a
Curve [0,-w + 1,1,-565331*w - 2132422,-477709429*w - 1801920857]
Isogeny class  81.3-b
Curve [w + 1,-w,1,27240*w - 129988,5143672*w - 24545611]
Isogeny class  81.3-c
Curve [w,w + 1,1,5*w + 17,7*w + 22]
Isogeny class  81.3-d
Curve [w + 1,w + 1,1,-7605972*w - 28689739,32986360333*w + 124424612948]
Isogeny class  81.3-e
Curve [w,-1,w + 1,-9*w - 37,332*w + 1251]
Isogeny class  81.3-f
Curve [0,w - 1,1,-4379*w - 16510,-331618*w - 1250868]
Isogeny class  82.1-a
Curve [w,w,w + 1,-1172*w - 4426,41277*w + 155695]
Isogeny class  82.1-b
Curve [w,w + 1,1,23812*w + 89821,805317*w + 3037657]
Isogeny class  82.1-c
Curve [w,-w - 1,1,-380076*w + 1813721,-1121093742*w + 5349861436]
Isogeny class  82.1-d
Curve [w,-w,w + 1,38656*w - 184480,-8457612*w + 40359732]
Isogeny class  82.4-a
Curve [w + 1,w + 1,w,1182*w - 5588,-45694*w + 218150]
Isogeny class  82.4-b
Curve [w + 1,w - 1,w,-23803*w + 113623,-691694*w + 3300825]
Isogeny class  82.4-c
Curve [w + 1,1,w,380076*w + 1433645,1121473818*w + 4230201339]
Isogeny class  82.4-d
Curve [w + 1,-1,w,-38658*w - 145823,8457611*w + 31902121]
Isogeny class  92.1-a
Curve [1,-w - 1,w,-23*w - 82,-82*w - 312]
Isogeny class  92.1-b
Curve [1,-1,0,-33*w + 157,1395*w - 6657]
Isogeny class  92.1-c
Curve [1,-w,w,3010786*w - 14367472,-5871934579*w + 28020882798]
Isogeny class  92.3-a
Curve [0,-1,w,-2*w - 5,3*w + 7]
Isogeny class  92.3-b
Curve [0,0,w,-2136000*w - 8056996,-3511983668*w - 13247208976]
Isogeny class  92.4-a
Curve [w + 1,w,0,8*w + 19,17*w + 2]
Isogeny class  92.2-a
Curve [1,w + 1,w,24*w - 105,105*w - 499]
Isogeny class  92.2-b
Curve [1,-1,0,33*w + 124,-1395*w - 5262]
Isogeny class  92.2-c
Curve [1,w - 1,w + 1,-3010787*w - 11356686,5871934578*w + 22148948219]
Isogeny class  92.6-a
Curve [0,-1,w + 1,2*w - 7,-4*w + 10]
Isogeny class  92.6-b
Curve [0,0,w + 1,2136000*w - 10192996,3511983667*w - 16759192644]
Isogeny class  92.5-a
Curve [w,w - 1,0,2*w + 8,-9*w - 34]
Isogeny class  96.1-a
Curve [0,-w - 1,0,17776*w - 84816,2568469*w - 12256746]
Isogeny class  96.2-a
Curve [0,1,0,1622*w - 7740,74049*w - 353362]
Isogeny class  96.2-b
Curve [0,-w,0,37*w - 169,-215*w + 1022]
Isogeny class  96.5-a
Curve [w,w + 1,w,1119981*w - 5344519,-2395234735*w + 11430064691]
Isogeny class  96.5-b
Curve [w,1,w,-10963*w + 52319,-2946833*w + 14062298]
Isogeny class  96.5-c
Curve [w,w - 1,w,77*w - 349,4800*w - 22880]
Isogeny class  96.5-d
Curve [w,-w + 1,0,-324*w - 1199,-6700*w - 25251]
Isogeny class  96.5-e
Curve [w,w + 1,w,1224688*w - 5844181,1444563759*w - 6893460913]
Isogeny class  96.5-f
Curve [w,-w + 1,w,-39*w - 135,228*w + 864]
Isogeny class  96.5-g
Curve [w,w + 1,w,439*w + 1649,-62402*w - 235384]
Isogeny class  96.5-h
Curve [w,w + 1,w,15450*w - 73695,7228822*w - 34495902]
Isogeny class  96.5-i
Curve [w,-w - 1,w,55546*w - 265077,14851068*w - 70869330]
Isogeny class  96.5-j
Curve [w,-w - 1,0,-16*w - 47,1414*w + 5343]
Isogeny class  96.5-k
Curve [w,w - 1,0,4*w + 11,4*w + 13]
Isogeny class  96.6-a
Curve [w + 1,w + 1,w + 1,-86*w - 329,573*w + 2159]
Isogeny class  96.6-b
Curve [w + 1,w + 1,w + 1,-232202*w + 1108118,101762759*w - 485611981]
Isogeny class  96.6-c
Curve [w + 1,w,0,-492385*w - 1857276,389308986*w + 1468474224]
Isogeny class  96.6-d
Curve [w + 1,1,0,57*w - 243,491*w - 2313]
Isogeny class  96.6-e
Curve [w + 1,-w,w + 1,-53835*w - 203059,-14116158*w - 53246170]
Isogeny class  96.6-f
Curve [w + 1,w,w + 1,-32*w - 164,116*w + 560]
Isogeny class  96.6-g
Curve [w + 1,w,w + 1,28*w + 103,-185*w - 700]
Isogeny class  96.6-h
Curve [w + 1,-w + 1,w + 1,5830902*w - 27825085,15545078059*w - 74181141613]
Isogeny class  96.6-i
Curve [w + 1,w,0,5*w + 20,-w - 4]
Isogeny class  96.6-j
Curve [w + 1,-w + 1,0,311*w + 1188,-56952*w - 214812]
Isogeny class  96.6-k
Curve [w + 1,w,0,5236*w - 24929,-428680*w + 2045745]
Isogeny class  96.6-l
Curve [w + 1,w + 1,w + 1,12*w + 41,59*w + 221]
Isogeny class  96.10-a
Curve [w + 1,-w - 1,0,-w + 4,-w + 1]
Isogeny class  96.10-b
Curve [w + 1,-w - 1,w + 1,-229934*w + 1097231,-308650896*w + 1472882646]
Isogeny class  96.4-a
Curve [0,w + 1,0,-17774*w - 67041,-2586244*w - 9755318]
Isogeny class  96.3-a
Curve [0,1,0,-1622*w - 6118,-74049*w - 279313]
Isogeny class  96.3-b
Curve [0,w - 1,0,-37*w - 132,215*w + 807]
Isogeny class  96.8-a
Curve [w + 1,w - 1,0,-1119971*w - 4224530,2391010196*w + 9018894936]
Isogeny class  96.8-b
Curve [w + 1,-w + 1,w + 1,10961*w + 41356,2946832*w + 11115465]
Isogeny class  96.8-c
Curve [w + 1,w,w + 1,-69*w - 263,-5141*w - 19394]
Isogeny class  96.8-d
Curve [w + 1,0,0,324*w - 1523,6700*w - 31951]
Isogeny class  96.8-e
Curve [w + 1,w - 1,0,-1224678*w - 4619485,-1449183253*w - 5466321945]
Isogeny class  96.8-f
Curve [w + 1,0,w + 1,37*w - 174,-229*w + 1092]
Isogeny class  96.8-g
Curve [w + 1,w - 1,0,-429*w + 2096,64489*w - 307676]
Isogeny class  96.8-h
Curve [w + 1,w - 1,0,-15440*w - 58237,-7287068*w - 27486835]
Isogeny class  96.8-i
Curve [w + 1,1,0,-55545*w - 209513,-14906614*w - 56227775]
Isogeny class  96.8-j
Curve [w + 1,1,w + 1,16*w - 64,-1398*w + 6693]
Isogeny class  96.8-k
Curve [w + 1,w,0,6*w + 24,7*w + 26]
Isogeny class  96.7-a
Curve [w,w,w,96*w - 434,-998*w + 4795]
Isogeny class  96.7-b
Curve [w,w,w,232212*w + 875897,-100886853*w - 380545402]
Isogeny class  96.7-c
Curve [w,w - 1,0,492395*w - 2349680,-391658666*w + 1868995919]
Isogeny class  96.7-d
Curve [w,-w - 1,w,-56*w - 205,-435*w - 1635]
Isogeny class  96.7-e
Curve [w,0,w,53833*w - 256892,14116157*w - 67362327]
Isogeny class  96.7-f
Curve [w,w - 1,w,40*w - 213,-321*w + 1529]
Isogeny class  96.7-g
Curve [w,w - 1,w,-20*w + 114,307*w - 1439]
Isogeny class  96.7-h
Curve [w,1,w,-5830904*w - 21994181,-15545078060*w - 58636063553]
Isogeny class  96.7-i
Curve [w,w - 1,0,5*w + 6,7*w - 2]
Isogeny class  96.7-j
Curve [w,1,0,-311*w + 1499,56952*w - 271764]
Isogeny class  96.7-k
Curve [w,w - 1,0,-5226*w - 19712,408968*w + 1542628]
Isogeny class  96.7-l
Curve [w,w,w,-2*w + 34,-16*w + 111]
Isogeny class  96.11-a
Curve [w,-1,0,w + 3,w]
Isogeny class  96.11-b
Curve [w,-1,w,229932*w + 867299,308650895*w + 1164231751]
Isogeny class  98.1-a
Curve [w + 1,0,1,2165*w + 8169,6158*w + 23228]
Isogeny class  98.2-a
Curve [w,-w + 1,1,-2166*w + 10335,-6158*w + 29386]
Isogeny class  100.1-a
Curve [1,-1,0,367125*w - 1751921,304455027*w - 1452859959]
Isogeny class  100.1-b
Curve [1,-1,0,48*w - 229,-250*w + 1193]
Isogeny class  100.1-c
Curve [1,-1,0,1238179125*w - 5908593103,-48206110182249*w + 230039648063287]
Isogeny class  100.1-d
Curve [1,w + 1,w + 1,-w - 1,-5*w - 21]
Isogeny class  100.1-e
Curve [1,-1,0,-48*w - 181,250*w + 943]
Isogeny class  100.1-f
Curve [1,0,w,123257*w - 588185,-32672489*w + 155913173]
Isogeny class  100.1-g
Curve [1,-w - 1,w + 1,2*w - 3,2*w - 23]
Isogeny class  100.1-h
Curve [1,-1,0,23337769125*w - 111367877968,-4007113050500139*w + 19121950980942042]
Isogeny class  100.1-i
Curve [1,0,w + 1,-123258*w - 464928,32672488*w + 123240684]
Isogeny class  108.1-a
Curve [1,w - 1,1,-446*w - 1676,5155*w + 19441]
Isogeny class  108.1-b
Curve [1,w - 1,0,-31466*w - 118683,6237488*w + 23527813]
Isogeny class  108.1-c
Curve [1,-w - 1,0,2*w - 15,12*w - 11]
Isogeny class  108.1-d
Curve [1,w - 1,w,4*w - 54,-34*w + 198]
Isogeny class  108.1-e
Curve [1,-w - 1,w + 1,-4481*w - 17273,162467*w + 609651]
Isogeny class  108.1-f
Curve [1,-w - 1,0,-41*w + 171,2751*w - 13149]
Isogeny class  108.1-g
Curve [1,w - 1,0,-424*w - 1671,-10692*w - 40483]
Isogeny class  108.1-h
Curve [1,w - 1,w + 1,-1365927*w - 5152271,-1470710353*w - 5547522211]
Isogeny class  108.1-i
Curve [1,w - 1,w,-2125*w - 8007,-112947*w - 426043]
Isogeny class  108.1-j
Curve [1,-w - 1,0,-7595286*w - 28649430,23731468412*w + 89515143292]
Isogeny class  108.1-k
Curve [1,-w - 1,w,11*w - 45,41*w - 207]
Isogeny class  108.1-l
Curve [1,-w - 1,w,1186*w - 5655,47149*w - 224999]
Isogeny class  108.1-m
Curve [1,w - 1,w + 1,-1605293*w - 6055160,1813930976*w + 6842151033]
Isogeny class  108.1-n
Curve [1,-w - 1,w + 1,293624*w - 1401167,3846556*w - 18355787]
Isogeny class  108.1-o
Curve [1,-w - 1,w + 1,4,-w - 5]
Isogeny class  108.1-p
Curve [1,w - 1,1,-411*w + 1966,481215*w - 2296357]
Isogeny class  108.1-q
Curve [1,w - 1,1,-5258287*w - 19834265,-6097787067*w - 23000864237]
Isogeny class  108.1-r
Curve [1,w - 1,0,9*w - 216,-135*w + 1458]
Isogeny class  108.3-a
Curve [0,-w + 1,w,-5*w + 29,277*w - 1330]
Isogeny class  108.3-b
Curve [0,w - 1,w,-368*w - 1381,37926*w + 143050]
Isogeny class  108.4-a
Curve [0,w - 1,w + 1,-8022094*w - 30259346,28116929081*w + 106057109141]
Isogeny class  108.4-b
Curve [0,-w + 1,w + 1,-6977*w + 33299,157529*w - 751739]
Isogeny class  108.7-a
Curve [1,w + 1,w + 1,66083*w - 315339,8128831*w - 38790797]
Isogeny class  108.7-b
Curve [1,-1,0,-1622*w - 6118,93720*w + 353512]
Isogeny class  108.7-c
Curve [1,-w,1,26012*w - 124123,763825*w - 3644978]
Isogeny class  108.7-d
Curve [1,w + 1,1,2*w + 2,w + 3]
Isogeny class  108.7-e
Curve [1,w + 1,w,-5125564*w - 19333633,-13065938707*w - 49284745275]
Isogeny class  108.7-f
Curve [1,w + 1,1,365168*w + 1377416,319242421*w + 1204183009]
Isogeny class  108.7-g
Curve [1,w + 1,w + 1,-286*w + 1374,-5385*w + 25697]
Isogeny class  108.7-h
Curve [1,-w,0,16*w - 82,108*w - 480]
Isogeny class  108.7-i
Curve [1,w + 1,w,20094*w - 95879,-3223659*w + 15383309]
Isogeny class  108.7-j
Curve [1,-w,1,7,-w]
Isogeny class  108.7-k
Curve [1,-w,w + 1,-969*w + 4628,65267*w - 311466]
Isogeny class  108.7-l
Curve [1,-w,0,-559688*w + 2670839,-2294931900*w + 10951419321]
Isogeny class  108.7-m
Curve [1,-w,w + 1,974*w - 4644,-26282*w + 125406]
Isogeny class  108.7-n
Curve [1,w + 1,w + 1,30225550*w - 144236372,-28899217369*w + 137907119403]
Isogeny class  108.7-o
Curve [1,-1,w + 1,-13*w - 48,66*w + 247]
Isogeny class  108.7-p
Curve [1,-w,1,57*w - 266,-131*w + 622]
Isogeny class  108.9-a
Curve [0,0,w,777502*w - 3710241,735710651*w - 3510812610]
Isogeny class  108.9-b
Curve [0,w,w,3,-w - 8]
Isogeny class  108.9-c
Curve [0,-w,w,-624*w - 2349,18616*w + 70218]
Isogeny class  108.9-d
Curve [0,0,w,-8522*w - 32145,904062*w + 3410120]
Isogeny class  108.10-a
Curve [w + 1,-w - 1,w + 1,11375*w - 54296,4217586*w - 20126336]
Isogeny class  108.10-b
Curve [w + 1,w - 1,w + 1,92*w - 407,2786*w - 13238]
Isogeny class  108.2-a
Curve [1,-w,1,446*w - 2122,-5155*w + 24596]
Isogeny class  108.2-b
Curve [1,-w,0,-5664708*w + 27032004,-162227885816*w + 774151774908]
Isogeny class  108.2-c
Curve [1,w + 1,1,-14,-13*w - 13]
Isogeny class  108.2-d
Curve [1,-w,w + 1,-5*w - 50,33*w + 164]
Isogeny class  108.2-e
Curve [1,w + 1,w + 1,4482*w - 21754,-157987*w + 750365]
Isogeny class  108.2-f
Curve [1,w + 1,1,93*w - 434,1003*w - 4783]
Isogeny class  108.2-g
Curve [1,-w,0,424*w - 2095,10692*w - 51175]
Isogeny class  108.2-h
Curve [1,-w,w,1365926*w - 6518197,1470710352*w - 7018232563]
Isogeny class  108.2-i
Curve [1,-w,w + 1,2124*w - 10132,112946*w - 538990]
Isogeny class  108.2-j
Curve [1,w + 1,1,456*w - 2597,2411*w - 15853]
Isogeny class  108.2-k
Curve [1,w + 1,w,-10*w - 34,-52*w - 200]
Isogeny class  108.2-l
Curve [1,w + 1,w,-1185*w - 4469,-48335*w - 182319]
Isogeny class  108.2-m
Curve [1,-w,w,1605292*w - 7660452,-1813930977*w + 8656082010]
Isogeny class  108.2-n
Curve [1,w + 1,w + 1,-293623*w - 1107543,-4140181*w - 15616773]
Isogeny class  108.2-o
Curve [1,w + 1,w + 1,w + 4,-1]
Isogeny class  108.2-p
Curve [1,-w,1,-3003319*w - 11328520,5860256265*w + 22104897608]
Isogeny class  108.2-q
Curve [1,-w,1,5258287*w - 25092552,6097787067*w - 29098651304]
Isogeny class  108.2-r
Curve [1,-w,0,4508551*w - 21514807,10776505255*w - 51425503261]
Isogeny class  108.6-a
Curve [0,w,w + 1,5*w + 24,-278*w - 1053]
Isogeny class  108.6-b
Curve [0,-w,w + 1,368*w - 1749,-37927*w + 180976]
Isogeny class  108.5-a
Curve [0,-w,w,8022094*w - 38281440,-28116929082*w + 134174038223]
Isogeny class  108.5-b
Curve [0,w,w,6977*w + 26322,-157530*w - 594209]
Isogeny class  108.8-a
Curve [1,-w - 1,w + 1,-66082*w - 249257,-8062750*w - 30412709]
Isogeny class  108.8-b
Curve [1,-1,0,1622*w - 7740,-93720*w + 447232]
Isogeny class  108.8-c
Curve [1,w - 1,1,-26012*w - 98111,-763825*w - 2881153]
Isogeny class  108.8-d
Curve [1,-w - 1,0,3,1]
Isogeny class  108.8-e
Curve [1,-w - 1,w,5125565*w - 24459198,13060813142*w - 62326224784]
Isogeny class  108.8-f
Curve [1,-w - 1,0,-365166*w + 1742583,-318877254*w + 1521682847]
Isogeny class  108.8-g
Curve [1,-w - 1,w + 1,287*w + 1087,5097*w + 19225]
Isogeny class  108.8-h
Curve [1,w - 1,0,-16*w - 66,-108*w - 372]
Isogeny class  108.8-i
Curve [1,-w - 1,w,-20093*w - 75786,3243752*w + 12235436]
Isogeny class  108.8-j
Curve [1,w - 1,1,7,w - 1]
Isogeny class  108.8-k
Curve [1,w - 1,w,968*w + 3660,-65268*w - 246198]
Isogeny class  108.8-l
Curve [1,w - 1,0,559688*w + 2111151,2294931900*w + 8656487421]
Isogeny class  108.8-m
Curve [1,w - 1,w,-975*w - 3669,26281*w + 99125]
Isogeny class  108.8-n
Curve [1,-w - 1,w + 1,-30225549*w - 114010823,28929442917*w + 109121912857]
Isogeny class  108.8-o
Curve [1,-1,w,12*w - 60,-67*w + 314]
Isogeny class  108.8-p
Curve [1,w - 1,1,-57*w - 209,131*w + 491]
Isogeny class  108.12-a
Curve [0,0,w + 1,-777502*w - 2932739,-735710652*w - 2775101959]
Isogeny class  108.12-b
Curve [0,-w + 1,w + 1,3,-9]
Isogeny class  108.12-c
Curve [0,w - 1,w + 1,624*w - 2973,-18617*w + 88834]
Isogeny class  108.12-d
Curve [0,0,w + 1,8522*w - 40667,-904063*w + 4314182]
Isogeny class  108.11-a
Curve [w,-1,w,-11377*w - 42919,-4217587*w - 15908749]
Isogeny class  108.11-b
Curve [w,w + 1,0,-83*w - 313,-3193*w - 12044]
Isogeny class  111.1-a
Curve [w,w + 1,w + 1,-908*w - 3430,-34706*w - 130913]
Isogeny class  111.1-b
Curve [w,1,w + 1,-1804*w - 6803,81319*w + 306737]
Isogeny class  111.1-c
Curve [1,w + 1,1,-57582*w + 274793,-252008363*w + 1202584388]
Isogeny class  111.2-a
Curve [0,1,1,-731*w - 2757,-18716*w - 70597]
Isogeny class  111.4-a
Curve [w + 1,w - 1,1,917*w - 4330,30367*w - 144846]
Isogeny class  111.4-b
Curve [w + 1,-w + 1,w,1802*w - 8606,-81320*w + 388057]
Isogeny class  111.4-c
Curve [1,-w - 1,0,57584*w + 217210,251950780*w + 950358815]
Isogeny class  111.3-a
Curve [0,1,1,731*w - 3488,18716*w - 89313]
Isogeny class  114.1-a
Curve [w,-w + 1,1,-14*w - 27,-50*w - 164]
Isogeny class  114.1-b
Curve [1,1,0,24*w - 114,-167*w + 797]
Isogeny class  114.1-c
Curve [w,-w + 1,1,62*w - 297,2842*w - 13562]
Isogeny class  114.2-a
Curve [1,1,1,-6864*w - 25891,267883*w + 1010455]
Isogeny class  114.2-b
Curve [w + 1,1,w,-18*w - 58,-144*w - 556]
Isogeny class  114.2-c
Curve [1,1,w + 1,-8950*w - 33758,948802*w + 3578881]
Isogeny class  114.2-d
Curve [1,-w - 1,w,-2453288*w - 9253802,-4318645403*w - 16289938550]
Isogeny class  114.4-a
Curve [1,1,w,-49751*w + 237410,-1959066*w + 9348661]
Isogeny class  114.4-b
Curve [1,-w,1,5*w - 18,18*w - 89]
Isogeny class  114.4-c
Curve [1,w + 1,w + 1,3,-w - 6]
Isogeny class  114.8-a
Curve [w + 1,0,1,13*w - 41,50*w - 214]
Isogeny class  114.8-b
Curve [1,1,0,-24*w - 90,167*w + 630]
Isogeny class  114.8-c
Curve [w + 1,0,1,-63*w - 235,-2842*w - 10720]
Isogeny class  114.7-a
Curve [1,1,1,6864*w - 32755,-267883*w + 1278338]
Isogeny class  114.7-b
Curve [w,-w - 1,1,18*w - 76,126*w - 624]
Isogeny class  114.7-c
Curve [1,1,w,8949*w - 42707,-948803*w + 4527684]
Isogeny class  114.7-d
Curve [1,w + 1,w,2453289*w - 11707090,4321098691*w - 20620291043]
Isogeny class  114.5-a
Curve [1,1,w + 1,49750*w + 187659,1959065*w + 7389595]
Isogeny class  114.5-b
Curve [1,w - 1,1,-5*w - 13,-18*w - 71]
Isogeny class  114.5-c
Curve [1,-w - 1,w + 1,w + 2,-w - 9]
Isogeny class  121.1-a
Curve [0,-1,1,-1780000*w - 6714163,-3338142046*w - 12591478049]
Isogeny class  121.1-b
Curve [0,-1,1,-10,-20]
Isogeny class  122.1-a
Curve [w + 1,w - 1,w,9*w - 8,15*w - 12]
Isogeny class  122.1-b
Curve [1,w - 1,0,9321588*w - 44482630,-32748515343*w + 156275976546]
Isogeny class  122.4-a
Curve [w,w + 1,1,2,-23*w - 87]
Isogeny class  122.4-b
Curve [1,-w,0,-9321588*w - 35161042,32748515343*w + 123527461203]
Isogeny class  128.1-a
Curve [0,1,0,128811*w - 614686,52464979*w - 250362978]
Isogeny class  128.1-b
Curve [0,-w + 1,0,1488*w - 7096,-76220*w + 363720]
Isogeny class  128.1-c
Curve [0,0,0,-3636*w - 13715,2042008*w + 7702458]
Isogeny class  128.1-d
Curve [0,-w,0,-1488*w - 5608,-76220*w - 287500]
Isogeny class  128.5-a
Curve [w,-w - 1,w,91513779*w + 345190152,-227531907021*w - 858250779367]
Isogeny class  128.5-b
Curve [w,1,0,-276*w + 1332,-882*w + 4220]
Isogeny class  128.5-c
Curve [w,-w,w,145642*w - 695015,518037749*w - 2472077114]
Isogeny class  128.5-d
Curve [w,-w + 1,w,-807*w - 3028,-26365*w - 99431]
Isogeny class  128.5-e
Curve [w,1,w,1236*w + 4662,-213752*w - 806273]
Isogeny class  128.5-f
Curve [w,w + 1,0,-8*w - 30,-114*w - 430]
Isogeny class  128.5-g
Curve [w,w,0,22*w + 83,250*w + 943]
Isogeny class  128.5-h
Curve [w,0,0,-293*w + 1409,-69513*w + 331723]
Isogeny class  128.5-i
Curve [w,w + 1,w,15700*w - 74888,-2290379*w + 10929743]
Isogeny class  128.5-j
Curve [w,-w + 1,w,1277*w - 6104,54919*w - 262079]
Isogeny class  128.5-k
Curve [w,1,w,2445*w - 11664,-1114932*w + 5320463]
Isogeny class  128.5-l
Curve [w,-w,0,-6*w - 5,6*w + 37]
Isogeny class  128.5-m
Curve [w,-w + 1,0,-2460*w - 9256,135902*w + 512644]
Isogeny class  128.5-n
Curve [w,w - 1,0,113*w - 338,221*w - 682]
Isogeny class  128.7-a
Curve [w + 1,-w,w + 1,-680*w - 2558,-19483*w - 73485]
Isogeny class  128.7-b
Curve [0,w - 1,w + 1,814*w + 3078,7863385*w + 29660697]
Isogeny class  128.7-c
Curve [w + 1,-w,0,-36*w - 125,179*w + 682]
Isogeny class  128.7-d
Curve [0,-w + 1,w + 1,w,-w - 5]
Isogeny class  128.7-e
Curve [0,w - 1,w + 1,15665*w + 59096,-663355378*w - 2502177734]
Isogeny class  128.7-f
Curve [w + 1,w + 1,0,6069*w - 28895,634848*w - 3029392]
Isogeny class  128.7-g
Curve [0,-w + 1,w + 1,102*w - 482,1326*w - 6338]
Isogeny class  128.7-h
Curve [w + 1,w + 1,w + 1,85*w - 356,-954*w + 4648]
Isogeny class  128.2-a
Curve [0,1,0,-128811*w - 485875,-52464979*w - 197897999]
Isogeny class  128.2-b
Curve [0,w,0,-1488*w - 5608,76220*w + 287500]
Isogeny class  128.2-c
Curve [0,0,0,3636*w - 17351,-2042008*w + 9744466]
Isogeny class  128.2-d
Curve [0,w - 1,0,1488*w - 7096,76220*w - 363720]
Isogeny class  128.6-a
Curve [w + 1,1,0,63631*w - 303618,4111131*w - 19618294]
Isogeny class  128.6-b
Curve [w + 1,-w + 1,0,276*w + 1056,882*w + 3338]
Isogeny class  128.6-c
Curve [w + 1,-1,w + 1,-145644*w - 549373,-518037750*w - 1954039365]
Isogeny class  128.6-d
Curve [w + 1,0,w + 1,805*w - 3835,26364*w - 125796]
Isogeny class  128.6-e
Curve [w + 1,-w + 1,w + 1,909980*w - 4342436,-971600459*w + 4636479205]
Isogeny class  128.6-f
Curve [w + 1,w - 1,w + 1,17*w - 49,65*w - 253]
Isogeny class  128.6-g
Curve [w + 1,w + 1,0,-10*w + 114,-166*w + 896]
Isogeny class  128.6-h
Curve [w + 1,-w,0,293*w + 1116,69513*w + 262210]
Isogeny class  128.6-i
Curve [w + 1,w - 1,0,-15690*w - 59180,2231190*w + 8416052]
Isogeny class  128.6-j
Curve [w + 1,0,w + 1,3*w + 7,18*w + 66]
Isogeny class  128.6-k
Curve [w + 1,-w + 1,w + 1,-2447*w - 9219,1114931*w + 4205531]
Isogeny class  128.6-l
Curve [w + 1,-1,0,6*w - 11,-6*w + 43]
Isogeny class  128.6-m
Curve [w + 1,0,0,2460*w - 11716,-135902*w + 648546]
Isogeny class  128.6-n
Curve [w + 1,w,0,128738*w + 485601,-11442064*w - 43159487]
Isogeny class  128.8-a
Curve [w,0,w,678*w - 3236,19482*w - 92967]
Isogeny class  128.8-b
Curve [0,-w,w,-814*w + 3892,-7863386*w + 37524083]
Isogeny class  128.8-c
Curve [w,0,0,36*w - 161,-179*w + 861]
Isogeny class  128.8-d
Curve [0,w,w,-w + 1,-5]
Isogeny class  128.8-e
Curve [0,-w,w,-15665*w + 74761,663355377*w - 3165533111]
Isogeny class  128.8-f
Curve [w,w,0,-6057*w - 22847,-657694*w - 2480823]
Isogeny class  128.8-g
Curve [0,w,w,-102*w - 380,-1327*w - 5011]
Isogeny class  128.8-h
Curve [w,w,w,-75*w - 290,673*w + 2535]
Isogeny class  138.1-a
Curve [1,w + 1,1,222*w + 839,-4166*w - 15715]
Isogeny class  138.1-b
Curve [w + 1,1,w,169860*w - 810557,112403597*w - 536390151]
Isogeny class  138.1-c
Curve [1,w,w + 1,-1025*w - 3861,-1966443*w - 7417430]
Isogeny class  138.1-d
Curve [1,-w + 1,1,3699*w - 17648,-318376*w + 1519289]
Isogeny class  138.1-e
Curve [1,0,w,-8231511*w - 31049273,-52367308652*w - 197529586305]
Isogeny class  138.1-f
Curve [w + 1,1,1,43*w + 110,17*w + 173]
Isogeny class  138.2-a
Curve [1,-w + 1,w,348618*w - 1663604,232083333*w - 1107502107]
Isogeny class  138.2-b
Curve [1,-w,w + 1,-27846*w + 132885,-3762958*w + 17956831]
Isogeny class  138.2-c
Curve [1,w + 1,w + 1,30*w - 134,-174*w + 830]
Isogeny class  138.3-a
Curve [1,0,w + 1,-33652*w - 126934,19303251*w + 72811897]
Isogeny class  138.3-b
Curve [1,w,w,35*w - 161,193*w - 922]
Isogeny class  138.3-c
Curve [w,w,w + 1,-196*w + 958,-2570*w + 12298]
Isogeny class  138.3-d
Curve [1,w - 1,w + 1,-w + 2,-w - 4]
Isogeny class  138.3-e
Curve [1,w,0,1336*w - 6367,39993*w - 190842]
Isogeny class  138.4-a
Curve [1,-w - 1,0,45*w - 206,-284*w + 1352]
Isogeny class  138.4-b
Curve [w + 1,w - 1,1,126304*w - 602677,-53318808*w + 254437517]
Isogeny class  138.4-c
Curve [w + 1,-w - 1,1,2319*w + 8756,49924*w + 188317]
Isogeny class  138.8-a
Curve [1,-w - 1,0,-220*w + 1060,4387*w - 20941]
Isogeny class  138.8-b
Curve [w,-w - 1,1,-169860*w - 640697,-112233737*w - 423345857]
Isogeny class  138.8-c
Curve [1,-w + 1,w,1024*w - 4885,1966442*w - 9383872]
Isogeny class  138.8-d
Curve [1,w,1,-3699*w - 13949,318376*w + 1200913]
Isogeny class  138.8-e
Curve [1,0,w + 1,8231510*w - 39280784,52367308651*w - 249896894957]
Isogeny class  138.8-f
Curve [w,-w - 1,w + 1,-43*w + 135,25*w + 37]
Isogeny class  138.7-a
Curve [1,w,w + 1,-348619*w - 1314986,-232083334*w - 875418774]
Isogeny class  138.7-b
Curve [1,w - 1,w,27845*w + 105040,3762957*w + 14193874]
Isogeny class  138.7-c
Curve [1,-w - 1,w + 1,-29*w - 105,202*w + 761]
Isogeny class  138.6-a
Curve [1,0,w,33651*w - 160585,-19303252*w + 92115149]
Isogeny class  138.6-b
Curve [1,-w + 1,w + 1,-36*w - 126,-194*w - 729]
Isogeny class  138.6-c
Curve [w + 1,w + 1,w,206*w + 772,3537*w + 13338]
Isogeny class  138.6-d
Curve [1,-w,w,2,-4]
Isogeny class  138.6-e
Curve [1,-w + 1,0,-1336*w - 5031,-39993*w - 150849]
Isogeny class  138.5-a
Curve [1,w + 1,1,-43*w - 162,240*w + 906]
Isogeny class  138.5-b
Curve [w,w + 1,w + 1,-126295*w - 476390,52716122*w + 198845309]
Isogeny class  138.5-c
Curve [w,-1,1,-2320*w + 11076,-49924*w + 238241]
Isogeny class  142.1-a
Curve [w,-w - 1,w + 1,-5*w + 10,-3*w + 6]
Isogeny class  142.2-a
Curve [1,-w,1,3,-1]
Isogeny class  142.4-a
Curve [w + 1,1,1,5*w + 23,7*w + 27]
Isogeny class  142.3-a
Curve [1,w - 1,1,3,-1]

Total time: 1962.779 seconds, Total memory usage: 129.16MB
