Magma V2.21-4     Wed Jun  3 2015 15:54:19 on atkin    [Seed = 822647899]
Type ? for help.  Type <Ctrl>-D to quit.
Field 2.2.353.1
Isogeny class  2.1-a
Curve [1,1,1,-5498*w - 48900,676371*w + 6015743]
Isogeny class  2.2-a
Curve [1,1,1,5498*w - 54398,-676371*w + 6692114]
Isogeny class  4.1-a
Curve [1,-w,0,31,2*w - 53]
Isogeny class  4.1-b
Curve [1,0,0,-680*w - 6048,27132*w + 241316]
Curve [1,0,0,680*w - 6728,-27132*w + 268448]
Isogeny class  4.1-c
Curve [1,-w + 1,w + 1,763480625*w - 7553989603,35198217928201*w - 348256346333291]
Curve [1,w,-w + 2,-763480625*w - 6790508978,-35198217928201*w - 313058128405090]
Isogeny class  4.1-d
Curve [1,w - 1,0,31,-2*w - 51]
Isogeny class  8.1-a
Curve [w,w - 1,w,152474*w - 1508278,-98806267*w + 977605093]
Isogeny class  8.1-b
Curve [w,w,w,5217*w - 51273,314380*w - 3109043]
Isogeny class  8.2-a
Curve [w + 1,w,w + 1,-152431*w - 1355760,97298032*w + 865383006]
Isogeny class  8.2-b
Curve [w + 1,w + 1,w + 1,-5172*w - 46012,-365609*w - 3251779]
Isogeny class  11.1-a
Curve [1,-w - 1,1,w + 27,-3*w - 14]
Isogeny class  11.2-a
Curve [1,w + 1,0,w + 28,3*w + 11]

Total time: 8.429 seconds, Total memory usage: 56.06MB
