Magma V2.21-4     Wed Jun  3 2015 15:46:55 on atkin    [Seed = 2135345695]
Type ? for help.  Type <Ctrl>-D to quit.
Field 2.2.268.1
Isogeny class  3.1-a
Curve [0,-1,1,6995444283*w - 57260179252,-911183561967440*w + 7458358894634797]
Isogeny class  3.1-b
Curve [0,1,w,6995444283*w - 57260179252,911183561967440*w - 7458358894634814]
Isogeny class  3.2-a
Curve [0,-1,1,-6995444283*w - 57260179252,911183561967440*w + 7458358894634797]
Isogeny class  3.2-b
Curve [0,1,w,-6995444283*w - 57260179252,-911183561967440*w - 7458358894634814]
Isogeny class  6.1-a
Curve [w,0,1,152614*w - 1249110,223520503*w - 1829593995]
Isogeny class  6.1-b
Curve [w,0,w,60,w + 149]
Isogeny class  6.1-c
Curve [w,1,w,72*w - 518,-27880*w + 228397]
Isogeny class  6.1-d
Curve [1,w - 1,0,-w + 19,2*w - 12]
Isogeny class  6.1-e
Curve [w,-w - 1,w,-11*w + 68,-32*w + 234]
Isogeny class  6.1-f
Curve [1,0,1,72*w - 590,28312*w - 231744]
Isogeny class  6.1-g
Curve [1,1,1,0,-w + 8]
Isogeny class  6.1-h
Curve [1,1,w,152614*w - 1249203,-222604816*w + 1822098931]
Isogeny class  6.2-a
Curve [w,0,1,-152615*w - 1249110,-223520503*w - 1829593995]
Isogeny class  6.2-b
Curve [w,0,w,60,-w + 149]
Isogeny class  6.2-c
Curve [w,1,w,-72*w - 518,27880*w + 228397]
Isogeny class  6.2-d
Curve [1,-w - 1,0,w + 19,-2*w - 12]
Isogeny class  6.2-e
Curve [w,w - 1,w,11*w + 68,32*w + 234]
Isogeny class  6.2-f
Curve [1,0,1,-72*w - 590,-28312*w - 231744]
Isogeny class  6.2-g
Curve [1,1,1,0,w + 8]
Isogeny class  6.2-h
Curve [1,1,w,-152615*w - 1249203,222604816*w + 1822098931]
Isogeny class  9.2-a
Curve [w + 1,w + 1,1,-259*w + 2421,-465*w + 4834]
Isogeny class  9.2-b
Curve [0,0,1,-1760*w - 14410,115010*w + 941400]
Curve [0,0,w,-1760*w - 14410,-115010*w - 941417]
Isogeny class  9.3-a
Curve [w + 1,w + 1,1,-24127*w + 197789,-45989*w + 377464]
Isogeny class  9.3-b
Curve [0,0,1,1760*w - 14410,-115010*w + 941400]
Curve [0,0,w,1760*w - 14410,115010*w - 941417]
Isogeny class  12.1-a
Curve [0,-1,w + 1,3978*w - 32561,389516*w - 3188347]
Isogeny class  12.1-b
Curve [0,1,w + 1,3978*w - 32561,-389517*w + 3188313]
Isogeny class  12.2-a
Curve [0,-1,w + 1,-3978*w - 32561,-389517*w - 3188347]
Isogeny class  12.2-b
Curve [0,1,w + 1,-3978*w - 32561,389516*w + 3188313]
Isogeny class  14.1-a
Curve [1,-w + 1,1,-1258*w - 10268,74011*w + 605837]
Isogeny class  14.1-b
Curve [w,0,w + 1,11005705*w - 90085522,56919064821*w - 465902624852]
Isogeny class  14.1-c
Curve [1,1,w + 1,11005705*w - 90085582,-56853030589*w + 465362111500]
Isogeny class  14.1-d
Curve [w,w,w,-1246*w - 10208,-81523*w - 667288]
Isogeny class  14.2-a
Curve [1,w + 1,1,1258*w - 10268,-74011*w + 605837]
Isogeny class  14.2-b
Curve [w,0,w + 1,-11005706*w - 90085522,-56919064822*w - 465902624852]
Isogeny class  14.2-c
Curve [1,1,w + 1,-11005706*w - 90085582,56853030588*w + 465362111500]
Isogeny class  14.2-d
Curve [w,-w,w,1246*w - 10208,81523*w - 667288]
Isogeny class  16.1-a
Curve [w + 1,w + 1,w + 1,47694239*w - 390393908,513004010274*w - 4199118796471]
Isogeny class  16.1-b
Curve [w + 1,w + 1,0,-47694204*w - 390393874,-513394404182*w - 4202314309328]
Isogeny class  16.1-c
Curve [0,0,0,-440,-434*w]
Curve [0,0,0,-440,434*w]
Isogeny class  16.1-d
Curve [w + 1,w + 1,w + 1,-47694205*w - 390393908,512431679610*w + 4194434069085]
Isogeny class  16.1-e
Curve [w + 1,w + 1,0,47694240*w - 390393874,-512822073518*w + 4197629581976]
Isogeny class  18.1-a
Curve [w,1,w,-76921*w - 629554,33475861*w + 274011922]
Isogeny class  18.1-b
Curve [1,0,1,76921*w - 629626,33937387*w - 277789485]
Isogeny class  18.1-c
Curve [1,1,1,-63522*w - 519950,-25149987*w - 205861516]
Isogeny class  18.1-d
Curve [1,w - 1,1,-7*w + 64,-2*w + 18]
Isogeny class  18.1-e
Curve [w,0,w,63522*w - 519890,-24768855*w + 202741973]
Isogeny class  18.1-f
Curve [w,w - 1,0,17*w + 147,58*w + 448]
Isogeny class  18.1-g
Curve [1,-w - 1,1,7*w + 64,2*w + 18]
Isogeny class  18.1-h
Curve [1,1,1,63522*w - 519950,25149987*w - 205861516]
Isogeny class  18.1-i
Curve [w,-w - 1,0,-17*w + 147,-58*w + 448]
Isogeny class  18.1-j
Curve [w,0,w,-63522*w - 519890,24768855*w + 202741973]
Isogeny class  18.1-k
Curve [w,1,w,76921*w - 629554,-33475861*w + 274011922]
Isogeny class  18.1-l
Curve [1,0,1,-76921*w - 629626,-33937387*w - 277789485]
Isogeny class  18.2-a
Curve [w,-1,w + 1,-409642*w - 3353011,406122711*w + 3324257790]
Isogeny class  18.2-b
Curve [w,w,0,-666*w - 5427,-31552*w - 258241]
Isogeny class  18.2-c
Curve [1,-w + 1,0,-906753770*w - 7422099455,-1586852068684*w - 12988943978923]
Isogeny class  18.2-d
Curve [w,-w + 1,1,-48214*w + 394675,-145083953*w + 1187563369]
Isogeny class  18.2-e
Curve [w,-1,w,-738020936*w - 6040961665,165081523888206*w + 1351250509143383]
Isogeny class  18.2-f
Curve [1,-1,0,87152477*w - 713373769,1339430234142*w - 10963708979764]
Isogeny class  18.2-g
Curve [w,-w + 1,w + 1,-153*w + 786,-12639*w + 105790]
Isogeny class  18.2-h
Curve [1,w,w + 1,-141*w + 714,11759*w - 101330]
Isogeny class  18.2-i
Curve [w,-1,w,87152477*w - 713373720,-1338994471757*w + 10960142111046]
Isogeny class  18.2-j
Curve [1,-1,0,-738020936*w - 6040961714,-165085213992886*w - 1351280713951826]
Isogeny class  18.2-k
Curve [1,w,w,-48202*w + 394570,144794708*w - 1185195759]
Isogeny class  18.2-l
Curve [w,w,0,-906753758*w - 7422099362,1581411546100*w + 12944411382364]
Isogeny class  18.2-m
Curve [1,-w + 1,0,-678*w - 5520,27520*w + 225292]
Isogeny class  18.2-n
Curve [1,-1,w,-409642*w - 3353060,-408170919*w - 3341022980]
Isogeny class  18.3-a
Curve [w,-1,w + 1,409641*w - 3353011,-406122712*w + 3324257790]
Isogeny class  18.3-b
Curve [w,-w,0,666*w - 5427,31552*w - 258241]
Isogeny class  18.3-c
Curve [1,w + 1,0,906753770*w - 7422099455,1586852068684*w - 12988943978923]
Isogeny class  18.3-d
Curve [w,w + 1,1,48213*w + 394675,145083953*w + 1187563369]
Isogeny class  18.3-e
Curve [w,-1,w,738020936*w - 6040961665,-165081523888206*w + 1351250509143383]
Isogeny class  18.3-f
Curve [1,-1,0,-87152477*w - 713373769,-1339430234142*w - 10963708979764]
Isogeny class  18.3-g
Curve [w,w + 1,w + 1,152*w + 786,12638*w + 105790]
Isogeny class  18.3-h
Curve [1,-w,w + 1,140*w + 714,-11760*w - 101330]
Isogeny class  18.3-i
Curve [w,-1,w,-87152477*w - 713373720,1338994471757*w + 10960142111046]
Isogeny class  18.3-j
Curve [1,-1,0,738020936*w - 6040961714,165085213992886*w - 1351280713951826]
Isogeny class  18.3-k
Curve [1,-w,w,48201*w + 394570,-144794708*w - 1185195759]
Isogeny class  18.3-l
Curve [w,-w,0,906753758*w - 7422099362,-1581411546100*w + 12944411382364]
Isogeny class  18.3-m
Curve [1,w + 1,0,678*w - 5520,-27520*w + 225292]
Isogeny class  18.3-n
Curve [1,-1,w,409641*w - 3353060,408170919*w - 3341022980]

Total time: 172.400 seconds, Total memory usage: 88.09MB
