Magma V2.21-4     Wed Jun  3 2015 16:02:07 on atkin    [Seed = 2912161711]
Type ? for help.  Type <Ctrl>-D to quit.
Field 2.2.492.1
Isogeny class  2.1-a
Curve [0,0,0,-1447945632*w - 16058493891,135140504869728*w + 1498780702752318]
Isogeny class  2.1-b
Curve [0,0,0,-160882848*w - 1784277099,5005203884064*w + 55510396398234]
Isogeny class  2.1-c
Curve [0,0,0,-1269432*w - 14078691,2590860168*w + 28734029262]
Isogeny class  2.1-d
Curve [0,0,0,-1269432*w - 14078691,-2590860168*w - 28734029262]
Isogeny class  2.1-e
Curve [0,0,0,-141048*w - 1564299,-95957784*w - 1064223306]
Isogeny class  2.1-f
Curve [0,0,0,-160882848*w - 1784277099,-5005203884064*w - 55510396398234]
Isogeny class  2.1-g
Curve [0,0,0,-141048*w - 1564299,95957784*w + 1064223306]
Isogeny class  2.1-h
Curve [0,0,0,-1447945632*w - 16058493891,-135140504869728*w - 1498780702752318]

Total time: 5.099 seconds, Total memory usage: 56.06MB
