Magma V2.21-3     Sat May 30 2015 20:12:05 on atkin    [Seed = 572080837]
Type ? for help.  Type <Ctrl>-D to quit.
Field 2.2.85.1
Isogeny class  3.1-a
Curve [0,0,0,223047*w - 1398546,141573528*w - 774091242]
Isogeny class  3.1-b
Curve [0,0,0,-32967*w - 158139,-7649640*w - 32750514]
Isogeny class  3.2-a
Curve [0,0,0,-223047*w - 1175499,-141573528*w - 632517714]
Isogeny class  3.2-b
Curve [0,0,0,-16921143*w - 69542091,-81348132168*w - 334322294562]
Isogeny class  4.1-a
Curve [0,0,0,5581290825*w + 22945306725,-615870073035000*w - 2531095657301250]
Isogeny class  4.1-b
Curve [0,0,0,1612993048425*w + 6631193643525,-3025769668820955000*w - 12435272964321041250]
Isogeny class  9.2-a
Curve [0,0,0,216*w - 3483,7560*w - 79866]
Isogeny class  9.2-b
Curve [0,0,0,-1408536*w - 5788827,-1803503016*w - 7411986810]
Isogeny class  9.3-a
Curve [0,0,0,3642759*w - 18615042,-8125970328*w + 41521841190]
Isogeny class  9.3-b
Curve [0,0,0,-9369*w - 44658,-999432*w - 3921642]
Isogeny class  12.1-a
Curve [0,0,0,-879687*w - 3615435,-950075352*w - 3904592850]
Isogeny class  12.1-b
Curve [0,0,0,729*w - 5211,-29160*w + 127278]
Isogeny class  12.2-a
Curve [0,0,0,-90855*w - 374571,27697896*w + 113816718]
Isogeny class  12.2-b
Curve [0,0,0,-729*w - 4482,29160*w + 98118]
Isogeny class  17.1-a
Curve [0,0,0,-257499,-3187603530]
Isogeny class  17.1-b
Curve [0,0,0,-891,-648810]
Isogeny class  25.1-a
Curve [0,0,0,-25817535*w - 106104195,153311601960*w + 630075764070]
Curve [0,0,0,645438375*w - 3298043250,-19163950245000*w + 97923420753750]
Isogeny class  25.1-b
Curve [0,0,0,-645438375*w - 2652604875,19163950245000*w + 78759470508750]
Curve [0,0,0,25817535*w - 131921730,-153311601960*w + 783387366030]
Isogeny class  27.1-a
Curve [0,0,0,-1137240*w - 4691115,-995015016*w - 4088670858]
Isogeny class  27.1-b
Curve [0,0,0,279936*w + 1154736,89439552*w + 367520976]
Isogeny class  27.1-c
Curve [0,0,0,-1437345*w - 5907330,-1410253416*w - 5795819730]
Isogeny class  27.1-d
Curve [0,0,0,353808*w + 1454112,126764352*w + 520972560]
Isogeny class  27.2-a
Curve [0,0,0,-159705*w - 656370,52231608*w + 214659990]
Isogeny class  27.2-b
Curve [0,0,0,39312*w + 161568,-4694976*w - 19295280]
Isogeny class  27.2-c
Curve [0,0,0,-126360*w - 521235,36852408*w + 151432254]
Isogeny class  27.2-d
Curve [0,0,0,31104*w + 128304,-3312576*w - 13611888]
Isogeny class  28.1-a
Curve [0,0,0,114777*w - 595539,41388192*w - 211164786]
Isogeny class  28.1-b
Curve [0,0,0,-7857*w - 32346,784944*w + 3225798]
Isogeny class  28.2-a
Curve [0,0,0,-114777*w - 480762,-41388192*w - 169776594]
Isogeny class  28.2-b
Curve [0,0,0,-41472*w - 170451,-8868096*w - 36445842]
Isogeny class  45.1-a
Curve [0,0,0,291600*w + 1198125,-4374000*w - 17975250]
Isogeny class  45.1-b
Curve [0,0,0,-3753243,-1294408458]
Isogeny class  45.1-c
Curve [0,0,0,-12987,-263466]
Isogeny class  45.1-d
Curve [0,0,0,234225*w + 933525,-3186000*w - 12170250]
Isogeny class  45.1-e
Curve [0,0,0,-212625*w - 873450,55404000*w + 227697750]
Isogeny class  45.1-f
Curve [0,0,0,-172800*w - 670275,39096000*w + 160602750]
Isogeny class  45.2-a
Curve [0,0,0,-936225*w - 3859650,1060479000*w + 4358832750]
Isogeny class  45.2-b
Curve [0,0,0,-610200*w - 3732075,691551000*w + 3364557750]
Isogeny class  45.3-a
Curve [0,0,0,-8947800*w - 36774675,31343571000*w + 128814954750]
Isogeny class  45.3-b
Curve [0,0,0,-223695000*w - 919366875,3917946375000*w + 16101869343750]
Isogeny class  49.2-a
Curve [0,0,0,97929*w - 631827,-38553840*w + 215294814]
Isogeny class  49.2-b
Curve [0,0,0,-114129*w - 469098,44949600*w + 184732758]
Isogeny class  49.3-a
Curve [0,0,0,-6399*w - 27243,-609984*w - 2517210]
Isogeny class  49.3-b
Curve [0,0,0,-124976601*w - 513625482,-1628702562672*w - 6693596561250]
Isogeny class  51.1-a
Curve [0,0,0,-709641*w - 2916594,698672088*w + 2871383526]
Isogeny class  51.1-b
Curve [0,0,0,-205086249*w - 842895666,3432575968344*w + 14107107263238]
Isogeny class  51.2-a
Curve [0,0,0,-97848*w - 403083,23667768*w + 97280406]
Isogeny class  51.2-b
Curve [0,0,0,-28278072*w - 116490987,116279744184*w + 477938634678]
Isogeny class  57.1-a
Curve [0,0,0,9072*w - 50139,-1131408*w + 5299830]
Isogeny class  57.1-b
Curve [0,0,0,-4887*w - 21627,-338040*w - 1410210]
Isogeny class  57.1-c
Curve [0,0,0,99048139655112*w + 494782142073453,-7602842986108378210728*w - 31740781844051249918274]
Isogeny class  57.1-d
Curve [0,0,0,-51926904326596680*w + 265349507579842941,21641822193375024938327304*w - 110584909641260765073395826]
Isogeny class  57.1-e
Curve [0,0,0,-516456*w - 2123739,-351640440*w - 1445176890]
Isogeny class  57.1-f
Curve [0,0,0,11961*w - 61155,-1529712*w + 7816014]
Isogeny class  57.2-a
Curve [0,0,0,-218889*w - 899586,115166664*w + 473308758]
Isogeny class  57.2-b
Curve [0,0,0,-2025*w - 19602,180792*w + 995814]
Isogeny class  57.4-a
Curve [0,0,0,-65304873*w - 268388154,616799271744*w + 2534904517662]
Isogeny class  57.4-b
Curve [0,0,0,4887*w - 26514,338040*w - 1748250]
Isogeny class  57.4-c
Curve [0,0,0,65524471387675551*w + 269290798136952606,-30675431976635243051837064*w - 126069038562816714481772850]
Isogeny class  57.4-d
Curve [0,0,0,51926904326596680*w + 213422603253246261,-21641822193375024938327304*w - 88943087447885740135068522]
Isogeny class  57.4-e
Curve [0,0,0,-913113*w - 3753378,-915944760*w - 3764330010]
Isogeny class  57.4-f
Curve [0,0,0,-11961*w - 49194,1529712*w + 6286302]
Isogeny class  57.3-a
Curve [0,0,0,-1512*w - 6507,38664*w + 160758]
Isogeny class  57.3-b
Curve [0,0,0,2025*w - 21627,-180792*w + 1176606]
Isogeny class  60.1-a
Curve [0,0,0,1944*w - 41499,-227448*w + 3301830]
Isogeny class  60.1-b
Curve [0,0,0,48600*w - 1037475,-28431000*w + 412728750]
Isogeny class  60.2-a
Curve [0,0,0,-1944*w - 39555,227448*w + 3074382]
Isogeny class  60.2-b
Curve [0,0,0,-29297160*w - 120405123,185291477640*w + 761505772878]
Isogeny class  63.1-a
Curve [0,0,0,-705024*w - 2899827,684984384*w + 2815145550]
Isogeny class  63.1-b
Curve [0,0,0,2509056*w - 12867120,68644074240*w - 350776811952]
Isogeny class  63.1-c
Curve [0,0,0,-25052717232*w - 103913335323,-4546853991788976*w - 18695550681202122]
Isogeny class  63.1-d
Curve [0,0,0,-40176*w - 166320,-52133760*w - 214495344]
Isogeny class  63.1-e
Curve [0,0,0,4788639*w - 25281018,-4523229648*w + 23391447030]
Isogeny class  63.1-f
Curve [0,0,0,7765119*w - 309295098,29461450032*w - 1812453351786]
Isogeny class  63.3-a
Curve [0,0,0,-200865*w - 819378,-228164824*w - 935425218]
Isogeny class  63.3-b
Curve [0,0,0,-471*w + 261,-62072*w + 233886]
Isogeny class  63.4-a
Curve [0,0,0,-41175*w - 293139,15837552*w + 53988606]
Isogeny class  63.4-b
Curve [0,0,0,-46943577*w - 193273290,369200990736*w + 1517280216606]
Isogeny class  63.2-a
Curve [0,0,0,-1747089*w - 7181082,976470768*w + 4013083494]
Isogeny class  63.2-b
Curve [0,0,0,-2509056*w - 10358064,-68644074240*w - 282132737712]
Isogeny class  63.2-c
Curve [0,0,0,-711419584041*w - 2923806125466,-558945779029164576*w - 2297139913334806722]
Isogeny class  63.2-d
Curve [0,0,0,-900720*w - 3701808,-14720928768*w - 60499665072]
Isogeny class  63.2-e
Curve [0,0,0,-4788639*w - 20492379,4523229648*w + 18868217382]
Isogeny class  63.2-f
Curve [0,0,0,-7765119*w - 301529979,-29461450032*w - 1782991901754]
Isogeny class  63.6-a
Curve [0,0,0,4580184*w + 18823245,141356590696*w + 580943387102]
Isogeny class  63.6-b
Curve [0,0,0,471*w - 210,62072*w + 171814]
Isogeny class  63.5-a
Curve [0,0,0,41175*w - 334314,-15837552*w + 69826158]
Isogeny class  63.5-b
Curve [0,0,0,-258366240*w - 1061889291,-3208824943776*w - 13187533684986]
Isogeny class  68.1-a
Curve [0,0,0,-1131435,286791462]
Isogeny class  68.1-b
Curve [0,0,0,-3915,58374]
Isogeny class  75.1-a
Curve [0,0,0,-210600*w - 865755,112932360*w + 464124870]
Isogeny class  75.1-b
Curve [0,0,0,-164295*w - 699435,79832520*w + 326639790]
Isogeny class  75.2-a
Curve [0,0,0,-176985*w - 727650,-87213240*w - 358424730]
Isogeny class  75.2-b
Curve [0,0,0,-4424625*w - 18191250,-10901655000*w - 44803091250]
Isogeny class  80.1-a
Curve [0,17,0,1156,19652]
Isogeny class  80.1-b
Curve [0,1,0,4,4]
Isogeny class  81.1-a
Curve [0,0,0,-24032943*w - 115283331,150567864120*w + 644628367062]
Isogeny class  81.1-b
Curve [0,0,0,-152290287*w - 625878819,2196399568536*w + 9026701953174]
Isogeny class  81.1-c
Curve [0,0,0,-32567832*w - 134007939,217385134776*w + 893428386318]
Isogeny class  81.1-d
Curve [0,0,0,-120686193*w - 496036386,1549582339608*w + 6368433972030]
Isogeny class  81.2-a
Curve [0,0,0,-314928*w - 1609632,-337287888*w - 1454337504]
Isogeny class  81.2-b
Curve [0,0,0,3219264*w - 19000656,7396084080*w - 40034277216]
Isogeny class  81.3-a
Curve [0,0,0,-2869344*w - 11792304,-5958752688*w - 24489116208]
Isogeny class  81.3-b
Curve [0,0,0,-864*w - 432,-21168*w - 28080]
Isogeny class  84.1-a
Curve [0,0,0,-327807*w - 1347219,116886456*w + 480376710]
Isogeny class  84.1-b
Curve [0,0,0,-90751401*w - 372960882,-1023610322664*w - 4206805642746]
Isogeny class  84.1-c
Curve [0,0,0,-105759*w - 432243,-40563720*w - 166786074]
Isogeny class  84.1-d
Curve [0,0,0,-26568*w - 241731,5383368*w + 20062350]
Isogeny class  84.2-a
Curve [0,0,0,8424*w - 91395,-129199752*w + 656621262]
Isogeny class  84.2-b
Curve [0,0,0,-209953215*w - 864894699,3429983537856*w + 14097568310118]
Isogeny class  84.2-c
Curve [0,0,0,-512312985*w - 2511514458,-8859030034176*w - 39587188468338]
Isogeny class  84.2-d
Curve [0,0,0,-199273824*w - 819442035,-1973702136672*w - 8111592216882]
Isogeny class  84.2-e
Curve [0,0,0,1756080*w - 9073971,-2743882128*w + 14032478286]
Isogeny class  84.2-f
Curve [0,0,0,-100809279*w - 414318915,-1029142852056*w - 4229490288474]
Isogeny class  84.4-a
Curve [0,0,0,-5103*w - 21411,-48168*w - 196074]
Isogeny class  84.4-b
Curve [0,0,0,5022216*w + 20518677,-22669034760*w - 93181081482]
Isogeny class  84.4-c
Curve [0,0,0,105759*w - 538002,40563720*w - 207349794]
Isogeny class  84.4-d
Curve [0,0,0,26568*w - 268299,-5383368*w + 25445718]
Isogeny class  84.3-a
Curve [0,0,0,-8424*w - 82971,129199752*w + 527421510]
Isogeny class  84.3-b
Curve [0,0,0,-1519970103*w - 6247012275,69258790648368*w + 284637909727710]
Isogeny class  84.3-c
Curve [0,0,0,512312985*w - 3023827443,8859030034176*w - 48446218502514]
Isogeny class  84.3-d
Curve [0,0,0,-352560465*w - 1449210042,-7810242613488*w - 32098350030138]
Isogeny class  84.3-e
Curve [0,0,0,-1756080*w - 7317891,2743882128*w + 11288596158]
Isogeny class  84.3-f
Curve [0,0,0,-11742975*w - 48395907,3249883783080*w + 13356265516902]
Isogeny class  85.1-a
Curve [0,0,0,-2238485625*w - 9470891250,-125802892125000*w - 514781222906250]
Isogeny class  85.1-b
Curve [0,0,0,-60886809*w - 266097906,-599577213960*w - 2480424865578]
Isogeny class  85.1-c
Curve [0,0,0,2238485625*w - 11709376875,125802892125000*w - 640584115031250]
Isogeny class  85.1-d
Curve [0,0,0,60886809*w - 326984715,599577213960*w - 3080002079538]
Isogeny class  85.1-e
Curve [0,0,0,-11043,-444258]
Isogeny class  85.1-f
Curve [0,0,0,-646922345625*w - 2737087571250,-618069609010125000*w - 2529120148138406250]
Isogeny class  85.1-g
Curve [0,0,0,-3191427,-2182639554]
Isogeny class  85.1-h
Curve [0,0,0,-210681*w - 920754,-122038920*w - 504869706]
Isogeny class  85.1-i
Curve [0,0,0,210681*w - 1131435,122038920*w - 626908626]
Isogeny class  85.1-j
Curve [0,0,0,646922345625*w - 3384009916875,618069609010125000*w - 3147189757148531250]
Isogeny class  95.1-a
Curve [0,0,0,19575*w - 133650,-1917000*w + 7431750]
Isogeny class  95.1-b
Curve [0,0,0,783*w - 5346,-15336*w + 59454]
Isogeny class  95.2-a
Curve [0,0,0,-19575*w - 114075,1917000*w + 5514750]
Isogeny class  95.2-b
Curve [0,0,0,-783*w - 4563,15336*w + 44118]
Isogeny class  97.1-a
Curve [0,0,0,-687796191*w - 2826749691,19854433681200*w + 81597200306598]
Isogeny class  97.1-b
Curve [0,0,0,-31833*w - 130842,6251904*w + 25693902]
Isogeny class  97.2-a
Curve [0,0,0,-47712807*w - 197009523,9146255616*w + 37909301454]
Isogeny class  97.2-b
Curve [0,0,0,-11664*w - 47979,34992*w + 143910]
Isogeny class  100.1-a
Curve [0,0,0,103584825*w + 425848725,-1047969430200*w - 4306932565650]
Isogeny class  100.1-b
Curve [0,0,0,-144606171375*w - 594492037875,16628491971945000*w + 68339582747133750]
Isogeny class  100.1-c
Curve [0,0,0,-675,-79650]
Isogeny class  100.1-d
Curve [0,0,0,3366533147625*w + 13840191829125,-6652012658851035000*w - 27338364194510801250]
Isogeny class  100.1-e
Curve [0,0,0,-997021497375*w - 4098866155875,-1712734673110335000*w - 7038977022954776250]
Isogeny class  100.1-f
Curve [0,0,0,-288139212741375*w - 1184572319047875,-8414665448991075855000*w - 34582494113776815716250]
Isogeny class  100.1-g
Curve [0,0,0,972928079663625*w + 3999815438617125,-32681338192935134955000*w - 134313383287631566541250]
Isogeny class  100.1-h
Curve [0,0,0,-195075,-391320450]
Isogeny class  100.1-i
Curve [0,0,0,-41791183527375*w - 171808198945875,81695781058165785000*w + 335752370036668113750]
Isogeny class  100.1-j
Curve [0,0,0,29936014425*w + 123070281525,-5148673810572600*w - 21159959695038450]
Isogeny class  105.1-a
Curve [0,0,0,-563378895*w - 2315359107,-15595989467688*w - 64095964393482]
Isogeny class  105.1-b
Curve [0,0,0,-1572477624*w - 6462671211,-72726941455560*w - 298891187364042]
Isogeny class  105.2-a
Curve [0,0,0,-166023*w - 681723,190515672*w + 782957070]
Isogeny class  105.2-b
Curve [0,0,0,-680595340950000*w - 2797101193516875,20381705318105921250000*w + 83764166168734988343750]
Isogeny class  105.2-c
Curve [0,0,0,-741109741920*w - 3045792207843,-745635583722774240*w - 3064392414670009122]
Isogeny class  105.2-d
Curve [0,0,0,1092234375*w - 5308301250,35106665625000*w - 257347556156250]
Isogeny class  105.2-e
Curve [0,0,0,432*w - 24003,3081456*w - 14656194]
Isogeny class  105.2-f
Curve [0,0,0,101007*w + 48006,2270160*w - 76283802]
Isogeny class  105.2-g
Curve [0,0,0,-2025783*w - 8397459,2994815376*w + 12180609630]
Isogeny class  105.2-h
Curve [0,0,0,-861547401*w - 3540753594,-29554307816832*w - 121461472552770]
Isogeny class  105.2-i
Curve [0,0,0,28416015000*w + 89437753125,-213136194877875000*w - 877814079051656250]
Isogeny class  105.2-j
Curve [0,0,0,765436473*w - 3911135571,24749191880640*w - 126462736208466]
Isogeny class  105.2-k
Curve [0,0,0,-790835180625*w - 3253506716250,807864798804750000*w + 3320071676469843750]
Isogeny class  105.2-l
Curve [0,0,0,-1258632*w + 6240213,5485871016*w - 27954016650]
Isogeny class  105.4-a
Curve [0,0,0,-45279*w - 940275,-29461320*w - 372659994]
Isogeny class  105.4-b
Curve [0,0,0,1572477624*w - 8035148835,72726941455560*w - 371618128819602]
Isogeny class  105.3-a
Curve [0,0,0,443529*w + 1822581,-1174619016*w - 4827413538]
Isogeny class  105.3-b
Curve [0,0,0,-6894840605625*w - 29247330656250,-19877580477220500000*w - 81363548612801531250]
Isogeny class  105.3-c
Curve [0,0,0,128435679*w - 464273370,1579155956496*w - 5537961079146]
Isogeny class  105.3-d
Curve [0,0,0,-1092234375*w - 4216066875,-35106665625000*w - 222240890531250]
Isogeny class  105.3-e
Curve [0,0,0,-432*w - 23571,-3081456*w - 11574738]
Isogeny class  105.3-f
Curve [0,0,0,-274231008*w - 1127026899,-5307360927264*w - 21812044546386]
Isogeny class  105.3-g
Curve [0,0,0,-53748063*w - 220895019,-7897745606688*w - 32457935515194]
Isogeny class  105.3-h
Curve [0,0,0,7586352*w + 30024837,58926421296*w + 241697425878]
Isogeny class  105.3-i
Curve [0,0,0,-20427164465625*w - 83950959161250,-116102610949426875000*w - 477155289594698156250]
Isogeny class  105.3-j
Curve [0,0,0,-765436473*w - 3145699098,-24749191880640*w - 101713544327826]
Isogeny class  105.3-k
Curve [0,0,0,790835180625*w - 4044341896875,-807864798804750000*w + 4127936475274593750]
Isogeny class  105.3-l
Curve [0,0,0,1258632*w + 4981581,-5485871016*w - 22468145634]
Isogeny class  107.1-a
Curve [0,0,0,-110376*w - 453627,12243528*w + 50318118]
Isogeny class  107.1-b
Curve [0,0,0,-3923289*w - 33131538,1761967512*w + 33639136758]
Isogeny class  107.2-a
Curve [0,0,0,-5049*w - 20898,411912*w + 1693062]
Isogeny class  107.2-b
Curve [0,0,0,3923289*w - 37054827,-1761967512*w + 35401104270]
Isogeny class  108.1-a
Curve [0,0,0,-84408419736*w - 348184731411,27901934654556600*w + 114653372330519550]
Isogeny class  108.1-b
Curve [0,0,0,-7047*w - 35235,-1108080*w - 4293810]
Isogeny class  108.1-c
Curve [0,0,0,-42176295*w - 173335059,-435428900640*w - 1789513602930]
Isogeny class  108.1-d
Curve [0,0,0,-106682863833*w - 438454846962,39545934510396600*w + 162524766737841750]
Isogeny class  108.2-a
Curve [0,0,0,-960145774497*w - 3946093622658,-1067740231780708200*w - 4388168701921727250]
Isogeny class  108.2-b
Curve [0,0,0,-4686255*w - 19259451,16126996320*w + 66278281590]
Isogeny class  108.2-c
Curve [0,0,0,-783*w - 3915,41040*w + 159030]
Isogeny class  108.2-d
Curve [0,0,0,-759675777624*w - 3133662582699,-753352235673028200*w - 3095641052924027850]
Isogeny class  111.1-a
Curve [0,0,0,-24106896*w - 106998192,144833688144*w + 604058559696]
Isogeny class  111.1-b
Curve [0,0,0,-2850417*w - 11671290,-3785440176*w - 15558147738]
Isogeny class  111.1-c
Curve [0,0,0,-53703695094587136*w - 234189957975990624,-15175900185093812484018288*w - 61650885038586953456453616]
Isogeny class  111.1-d
Curve [0,0,0,-2551073184*w - 10490609808,150644261992464*w + 619119830534544]
Isogeny class  111.1-e
Curve [0,0,0,-25660881*w + 130731894,37205034048*w - 190172347722]
Isogeny class  111.1-f
Curve [0,0,0,1305179794875168*w - 11645358491133792,-125090344316198584375344*w + 504472027750785503241552]
Isogeny class  111.2-a
Curve [0,0,0,-293732568*w - 1207233099,5767026906456*w + 23701172544342]
Isogeny class  111.2-b
Curve [0,0,0,-13333113*w - 57066930,137788103160*w + 564986339190]
Isogeny class  111.2-c
Curve [0,0,0,-17132391*w - 70432443,195104325240*w + 801833087790]
Isogeny class  111.2-d
Curve [0,0,0,-232134039*w - 960063435,4068078909912*w + 16724583923454]
Isogeny class  111.4-a
Curve [0,0,0,24106896*w - 131105088,-144833688144*w + 748892247840]
Isogeny class  111.4-b
Curve [0,0,0,32326560*w + 132850989,-52744614048*w - 216768411090]
Isogeny class  111.4-c
Curve [0,0,0,-10069554667682488608*w - 41383649977885320768,44547952544823469318318725552*w + 183081937968228312742647505824]
Isogeny class  111.4-d
Curve [0,0,0,-4690851696*w - 19281748032,385973891420976*w + 1586267210015136]
Isogeny class  111.4-e
Curve [0,0,0,25660881*w + 105071013,-37205034048*w - 152967313674]
Isogeny class  111.4-f
Curve [0,0,0,-1305179794875168*w - 10340178696258624,125090344316198584375344*w + 379381683434586918866208]
Isogeny class  111.3-a
Curve [0,0,0,-44141193*w - 181803474,342330334776*w + 1406992731462]
Isogeny class  111.3-b
Curve [0,0,0,-47200605201*w - 193998852306,-11750708908750680*w - 48292683899455890]
Isogeny class  111.3-c
Curve [0,0,0,-16594551*w - 68222763,-77476092840*w - 318405947490]
Isogeny class  111.3-d
Curve [0,0,0,-125631454248*w - 516575790603,51922406758864968*w + 213390839066408406]
Isogeny class  115.1-a
Curve [0,0,0,7736621688*w + 31792199949,-2455475323467384*w - 10091450569070754]
Isogeny class  115.1-b
Curve [0,0,0,-503847*w - 2053107,-707489856*w - 2908842354]
Isogeny class  115.1-c
Curve [0,0,0,-77165001*w + 360690246,987337022976*w - 5172735404034]
Isogeny class  115.1-d
Curve [0,0,0,223560*w + 283797,-168107400*w - 1165093578]
Isogeny class  115.2-a
Curve [0,0,0,-5589000*w + 12683925,21013425000*w - 166650122250]
Isogeny class  115.2-b
Curve [0,0,0,13139361*w + 53999109,-75642126480*w - 310871922138]
Isogeny class  115.2-c
Curve [0,0,0,328484025*w + 1349977725,-9455265810000*w - 38858990267250]
Isogeny class  115.2-d
Curve [0,0,0,-223560*w + 507357,168107400*w - 1333200978]
Isogeny class  121.1-a
Curve [0,0,0,-3870288,-5308162416]
Isogeny class  121.1-b
Curve [0,0,0,-13392,-1080432]
Isogeny class  133.1-a
Curve [0,0,0,-3411855*w - 14023395,-7344268488*w - 30183255882]
Isogeny class  133.1-b
Curve [0,0,0,1080*w - 7155,-39096*w + 174366]
Isogeny class  133.4-a
Curve [0,0,0,-1081215*w - 4448115,916856280*w + 3767952006]
Isogeny class  133.4-b
Curve [0,0,0,-1080*w - 6075,39096*w + 135270]
Isogeny class  135.1-a
Curve [0,0,0,-8426025*w - 34736850,-28632933000*w - 117688484250]
Isogeny class  135.1-b
Curve [0,0,0,2159151780825*w + 8006331383325,8014492496368134000*w + 32626890290565600750]
Isogeny class  135.1-c
Curve [0,0,0,68945175*w - 516897450,213481818000*w - 178244327250]
Isogeny class  135.1-d
Curve [0,0,0,5716575*w + 23437350,-32995998000*w - 135600014250]
Isogeny class  135.1-e
Curve [0,0,0,-704345821425*w - 2894313307050,690711782325516000*w + 2838661342624941750]
Isogeny class  135.1-f
Curve [0,0,0,-3906225*w - 7180650,-9164988000*w - 16618466250]
Isogeny class  135.1-g
Curve [0,0,0,5151600*w + 15400125,-23953482000*w - 92220869250]
Isogeny class  135.1-h
Curve [0,0,0,-562461408000*w - 2271973752675,488061278069400000*w + 1998837294477990750]
Isogeny class  135.1-i
Curve [0,0,0,-97444136025*w - 400485080250,39913436271852000*w + 164035130031456750]
Isogeny class  135.1-j
Curve [0,0,0,-3723975*w - 15217875,-9756936000*w - 40078415250]
Isogeny class  135.1-k
Curve [0,0,0,-10646775*w - 43756875,-40586805000*w - 166802537250]
Isogeny class  135.1-l
Curve [0,0,0,2606682675600*w + 10704386481525,11312093159070354000*w + 46489825480670223750]
Isogeny class  135.3-a
Curve [0,0,0,849825*w + 3509325,1774899000*w + 7294515750]
Isogeny class  135.3-b
Curve [0,0,0,-75600*w - 324000,-270000*w - 1782000]
Isogeny class  135.3-c
Curve [0,0,0,489375*w + 3721950,1242675000*w + 5195076750]
Isogeny class  135.3-d
Curve [0,0,0,86400*w - 1004400,75114000*w - 386046000]
Isogeny class  135.3-e
Curve [0,0,0,35775*w + 28350,-6777000*w - 12251250]
Isogeny class  135.3-f
Curve [0,0,0,-56840400*w - 233604000,-500832018000*w - 2058305580000]
Isogeny class  135.3-g
Curve [0,0,0,-45014400*w - 185295600,-353335338000*w - 1452191004000]
Isogeny class  135.3-h
Curve [0,0,0,-920527200*w - 3783153600,-32640553422000*w - 134145239670000]
Isogeny class  135.3-i
Curve [0,0,0,1333800*w - 6648075,-1752057000*w + 8919537750]
Isogeny class  135.3-j
Curve [0,0,0,-729561600*w - 2997972000,-23028284502000*w - 94640682366000]
Isogeny class  135.2-a
Curve [0,0,0,-466425*w - 3373650,-504441000*w - 2749646250]
Isogeny class  135.2-b
Curve [0,0,0,-5062152672000*w - 20447763774075,-13177654507873800000*w - 53968606950905750250]
Isogeny class  135.2-c
Curve [0,0,0,-4634816625*w - 19051123050,-44680626540000*w - 183624859514250]
Isogeny class  135.2-d
Curve [0,0,0,-434025*w - 797850,339444000*w + 615498750]
Isogeny class  135.2-e
Curve [0,0,0,289631408400*w + 1189376275725,-418966413298902000*w - 1721845388172971250]
Isogeny class  135.2-f
Curve [0,0,0,635175*w + 2604150,1222074000*w + 5022222750]
Isogeny class  135.2-g
Curve [0,0,0,-413775*w - 1690875,361368000*w + 1484385750]
Isogeny class  135.2-h
Curve [0,0,0,239905753425*w + 889592375925,-296833055421042000*w - 1208403344095022250]
Isogeny class  135.2-i
Curve [0,0,0,21678975*w - 118604250,-140413878000*w + 716461341750]
Isogeny class  135.2-j
Curve [0,0,0,572400*w + 1711125,887166000*w + 3415587750]
Isogeny class  135.2-k
Curve [0,0,0,-786375*w - 3246075,-818937000*w - 3366299250]
Isogeny class  135.2-l
Curve [0,0,0,-6339112392825*w - 26048819763450,-18649218122788932000*w - 76643856250873427250]
Isogeny class  135.4-a
Curve [0,0,0,-2238975*w - 9202275,4130973000*w + 16977363750]
Isogeny class  135.4-b
Curve [0,0,0,-9936000*w - 40834800,-41681034000*w - 171299556000]
Isogeny class  135.4-c
Curve [0,0,0,-55974375*w - 230056875,516371625000*w + 2122170468750]
Isogeny class  135.4-d
Curve [0,0,0,-248400000*w - 1020870000,-5210129250000*w - 21412444500000]
Isogeny class  135.4-e
Curve [0,0,0,-88651800*w - 364338675,967117131000*w + 3974631126750]
Isogeny class  135.4-f
Curve [0,0,0,-2160000*w - 8953200,-3793446000*w - 15598278000]
Isogeny class  135.4-g
Curve [0,0,0,-54000000*w - 223830000,-474180750000*w - 1949784750000]
Isogeny class  135.4-h
Curve [0,0,0,2764800*w + 10130400,19360566000*w + 79040988000]
Isogeny class  135.4-i
Curve [0,0,0,-2216295000*w - 9108466875,120889641375000*w + 496828890843750]
Isogeny class  135.4-j
Curve [0,0,0,69120000*w + 253260000,2420070750000*w + 9880123500000]
Isogeny class  144.1-a
Curve [0,9*w + 38,0,-1697564070*w - 6978874510,-82079060045220*w - 337327565556215]
Isogeny class  144.1-b
Curve [0,153*w + 646,0,-490596016230*w - 2016894733390,-403254422002165860*w - 1657290329577684295]
Isogeny class  147.1-a
Curve [0,0,0,794529*w - 4038363,-731215728*w + 3736230246]
Isogeny class  147.1-b
Curve [0,0,0,18711*w + 76518,-284256*w - 1165698]
Isogeny class  147.3-a
Curve [0,0,0,-658287*w + 3364389,99470592*w - 507539466]
Isogeny class  147.3-b
Curve [0,0,0,567*w + 2646,1800144*w + 7397838]
Isogeny class  147.3-c
Curve [0,0,0,162648*w - 1030995,64806696*w - 297400194]
Isogeny class  147.3-d
Curve [0,0,0,-173583*w - 713475,82921752*w + 340789302]
Isogeny class  147.4-a
Curve [0,0,0,30240*w + 116613,-72789408*w - 298585386]
Isogeny class  147.4-b
Curve [0,0,0,-1748355840*w - 7185344544,-85428620069040*w - 351092170290096]
Isogeny class  147.4-c
Curve [0,0,0,-216166320*w - 888534144,-3702110801328*w - 15214852272240]
Isogeny class  147.4-d
Curve [0,0,0,-13251446640*w - 54466733232,1768884063527376*w + 7269716683083024]
Isogeny class  147.4-e
Curve [0,0,0,4786560*w - 30814128,-14283332208*w + 79103588688]
Isogeny class  147.4-f
Curve [0,0,0,110160*w - 666576,48032784*w - 258243120]
Isogeny class  147.4-g
Curve [0,0,0,-90720*w - 374976,-32056560*w - 131717232]
Isogeny class  147.4-h
Curve [0,0,0,565315065*w + 2323315197,-193834699992144*w - 796616466950898]
Isogeny class  147.2-a
Curve [0,0,0,-4580301573729*w - 18700057487034,10120966897136297328*w + 41593268986812584118]
Isogeny class  147.2-b
Curve [0,0,0,-258984324817911*w + 1318091938864029,462886335687632590944*w - 2361124809944647169346]
Isogeny class  147.6-a
Curve [0,0,0,658287*w + 2706102,-99470592*w - 408068874]
Isogeny class  147.6-b
Curve [0,0,0,235872*w + 969381,-21314016*w - 87595722]
Isogeny class  147.6-c
Curve [0,0,0,-162648*w - 868347,-64806696*w - 232593498]
Isogeny class  147.6-d
Curve [0,0,0,-66015*w - 271539,-13112712*w - 53888922]
Isogeny class  147.5-a
Curve [0,0,0,-30240*w + 146853,72789408*w - 371374794]
Isogeny class  147.5-b
Curve [0,0,0,54432*w - 2116800,225896688*w - 449674848]
Isogeny class  147.5-c
Curve [0,0,0,-104403168*w - 429362640,-1246873963536*w - 5124427707168]
Isogeny class  147.5-d
Curve [0,0,0,-4708539504*w - 19368765360,377100622658160*w + 1549826200486368]
Isogeny class  147.5-e
Curve [0,0,0,-4786560*w - 26027568,14283332208*w + 64820256480]
Isogeny class  147.5-f
Curve [0,0,0,-110160*w - 556416,-48032784*w - 210210336]
Isogeny class  147.5-g
Curve [0,0,0,90720*w - 465696,32056560*w - 163773792]
Isogeny class  147.5-h
Curve [0,0,0,-797391*w - 2520315,1878434496*w + 4593168342]
Isogeny class  153.1-a
Curve [0,0,0,-108243216*w + 288648576,4129262203968*w - 23451289638192]
Isogeny class  153.1-b
Curve [0,0,0,-374544*w + 998784,840476736*w - 4773313584]
Isogeny class  153.1-c
Curve [0,0,0,864,-47088]
Isogeny class  153.1-d
Curve [0,0,0,249696,-231343344]
Isogeny class  153.1-e
Curve [0,0,0,374544*w + 624240,-840476736*w - 3932836848]
Isogeny class  153.1-f
Curve [0,0,0,108243216*w + 180405360,-4129262203968*w - 19322027434224]
Isogeny class  161.1-a
Curve [0,0,0,-427459680*w - 1757076219,-9874570869216*w - 40582182227562]
Isogeny class  161.1-b
Curve [0,0,0,250695*w - 1486026,-138603312*w + 674072766]
Isogeny class  161.4-a
Curve [0,0,0,-13649951439*w - 56099338587,1508770108887264*w + 6200701040800278]
Isogeny class  161.4-b
Curve [0,0,0,-250695*w - 1235331,138603312*w + 535469454]
Isogeny class  171.1-a
Curve [0,0,0,313281*w + 1287333,299175984*w + 1229544198]
Isogeny class  171.1-b
Curve [0,0,0,-2727*w - 15579,-291816*w - 482706]
Isogeny class  171.1-c
Curve [0,0,0,-3807*w + 20061,72360*w - 363258]
Isogeny class  171.1-d
Curve [0,0,0,-17471943*w - 71805771,-86326961112*w - 354784146066]
Isogeny class  171.1-e
Curve [0,0,0,359937*w + 1479789,283633272*w + 1165666950]
Isogeny class  171.1-f
Curve [0,0,0,1377*w - 6507,57888*w - 288954]
Isogeny class  171.2-a
Curve [0,0,0,-134919*w - 554067,-59049216*w - 242674002]
Isogeny class  171.2-b
Curve [0,0,0,-61128*w - 251451,113836968*w + 467842662]
Isogeny class  171.2-c
Curve [0,0,0,-1266273*w - 5506866,-429719256*w - 1719939906]
Isogeny class  171.2-d
Curve [0,0,0,-45927*w - 212139,80464104*w + 329296590]
Isogeny class  171.2-e
Curve [0,0,0,-1638927*w - 6738579,-602006040*w - 2474063082]
Isogeny class  171.2-f
Curve [0,0,0,-111537*w - 415530,-42200352*w - 168447114]
Isogeny class  173.1-a
Curve [0,0,0,-19147555791*w - 78692433795,3096344519458200*w + 12725270714437110]
Isogeny class  173.1-b
Curve [0,0,0,-103896*w - 427059,39140280*w + 160857630]
Isogeny class  173.2-a
Curve [0,0,0,-251766495*w - 1060335603,-126538665480*w - 470097607770]
Isogeny class  173.2-b
Curve [0,0,0,-52353*w - 215298,-357480*w - 1468530]
Isogeny class  175.1-a
Curve [0,0,0,-74190465*w - 305456130,912812463000*w + 3748826292750]
Isogeny class  175.1-b
Curve [0,0,0,-111672*w - 504819,66317400*w + 276331230]
Isogeny class  175.1-c
Curve [0,0,0,95630247*w - 488783106,-1093245946200*w + 5586264931590]
Isogeny class  175.1-d
Curve [0,0,0,-64935*w - 463995,97227000*w - 163343250]
Isogeny class  175.2-a
Curve [0,0,0,-411001560*w - 1689222195,-162730095741000*w - 668783613521250]
Isogeny class  175.2-b
Curve [0,0,0,-34266753*w - 140828706,234442659960*w + 963505934190]
Isogeny class  175.2-c
Curve [0,0,0,-95630247*w - 393152859,1093245946200*w + 4493018985390]
Isogeny class  175.2-d
Curve [0,0,0,64935*w - 528930,-97227000*w - 66116250]
Isogeny class  177.2-a
Curve [0,0,0,-4968*w - 20331,-423694584*w - 1741288266]
Isogeny class  177.2-b
Curve [0,0,0,-51192*w + 260901,600696*w - 10131642]
Isogeny class  177.3-a
Curve [0,0,0,64503*w + 265086,-1936440*w - 7965162]
Isogeny class  177.3-b
Curve [0,0,0,51192*w + 209709,-600696*w - 9530946]
Isogeny class  180.2-a
Curve [0,0,0,782865000*w - 4001146875,25602753375000*w - 130824449156250]
Isogeny class  180.2-b
Curve [0,0,0,-115992*w - 478467,-45961992*w - 188864946]
Isogeny class  180.2-c
Curve [0,0,0,-5432832000*w - 35856691200,-1082598359040000*w - 3557811879936000]
Isogeny class  180.1-a
Curve [0,0,0,-612225*w - 1186650,4902498000*w - 32368106250]
Isogeny class  180.1-b
Curve [0,0,0,1917,99198]
Isogeny class  180.1-c
Curve [0,0,0,-229780800*w - 944347275,4070741832000*w + 16729821735750]
Isogeny class  180.1-d
Curve [0,0,0,95175*w + 390150,-3049164000*w - 12531395250]
Isogeny class  180.1-e
Curve [0,0,0,491043600*w - 2502403875,-12689721198000*w + 64831772958750]
Isogeny class  180.1-f
Curve [0,0,0,185932281600*w - 1296668736000,127296711032832000*w - 615526691853312000]
Isogeny class  180.1-g
Curve [0,0,0,-82206803982124800*w - 337851240012460800,-27546377270083563995136000*w - 113209336304407067194368000]
Isogeny class  180.1-h
Curve [0,0,0,-591975*w - 2419875,-1119474000*w - 4651607250]
Isogeny class  180.1-i
Curve [0,0,0,5716575*w - 20734650,-13788306000*w + 56547429750]
Isogeny class  180.1-j
Curve [0,0,0,-358425*w - 1780650,278478000*w + 1210146750]
Isogeny class  180.1-k
Curve [0,0,0,-15061742380800*w - 61900394054400,-68314983154311168000*w - 280759020481410048000]
Isogeny class  180.1-l
Curve [0,0,0,15061742380800*w - 76962136435200,68314983154311168000*w - 349074003635721216000]
Isogeny class  180.1-m
Curve [0,0,0,-26108870400*w - 107306208000,4980895137792000*w + 20470348200960000]
Isogeny class  180.1-n
Curve [0,0,0,-182096775*w - 748429875,2871950148000*w + 11803065720750]
Isogeny class  180.1-o
Curve [0,0,0,29548800*w - 195091200,-209018880000*w + 1181924352000]
Isogeny class  180.1-p
Curve [0,0,0,86400*w + 253125,-2148336000*w - 8855750250]
Isogeny class  180.1-q
Curve [0,0,0,3099600*w - 18700875,-7158078000*w + 38433831750]
Isogeny class  180.1-r
Curve [0,0,0,554013,487359774]
Isogeny class  180.2-d
Curve [0,0,0,-13227217864704*w - 68578847251200,-68388684826275053568*w - 262031254690461622272]
Isogeny class  180.2-e
Curve [0,0,0,1409400*w + 5242725,1455125553000*w + 5980084503750]
Isogeny class  180.2-f
Curve [0,0,0,286632*w + 1182357,-165644136*w - 680657418]
Isogeny class  180.2-g
Curve [0,0,0,179145*w + 1182357,-128315880*w - 421692642]
Isogeny class  180.2-h
Curve [0,0,0,7162425*w - 26736075,1043415513000*w + 4133119992750]
Isogeny class  180.2-i
Curve [0,0,0,-18621218988288*w - 76668077781504,-94011271509996306432*w - 386346495368589484032]
Isogeny class  180.2-j
Curve [0,0,0,-8692531200*w - 35856691200,-1397536063488000*w - 5742692204544000]
Isogeny class  180.2-k
Curve [0,0,0,-72495*w - 478467,-35604360*w - 117008874]
Isogeny class  180.2-l
Curve [0,0,0,-512325000*w - 2212666875,-9181299375000*w - 38159801156250]
Isogeny class  180.3-a
Curve [0,0,0,-782865000*w - 3218281875,-25602753375000*w - 105221695781250]
Isogeny class  180.3-b
Curve [0,0,0,-1319409*w - 5422626,1758855384*w + 7228494270]
Isogeny class  180.3-c
Curve [0,0,0,-2471938560000*w - 10159395840000,6685044867072000000*w + 27474008924160000000]
Isogeny class  180.3-d
Curve [0,0,0,-2597795218483200*w - 10676970349689600,142716940836210561024000*w + 586533930446750137344000]
Isogeny class  180.3-e
Curve [0,0,0,-410542425*w - 1687234050,-9303957999000*w - 38237124728250]
Isogeny class  180.3-f
Curve [0,0,0,3260439*w + 13400046,6338804472*w + 26051039910]
Isogeny class  180.3-g
Curve [0,0,0,81510975*w + 335001150,792350559000*w + 3256379988750]
Isogeny class  180.3-h
Curve [0,0,0,-10263560625*w - 42180851250,-1162994749875000*w - 4779640591031250]
Isogeny class  180.3-i
Curve [0,0,0,-103911808739328*w - 427078813987584,1141735526689684488192*w + 4692271443574001098752]
Isogeny class  180.3-j
Curve [0,0,0,-13669865015625*w - 56181643031250,-59071476220453125000*w - 242770287576972656250]
Isogeny class  180.3-k
Curve [0,0,0,-32985225*w - 135565650,219856923000*w + 903561783750]
Isogeny class  180.3-l
Curve [0,0,0,-19571625000*w - 80457046875,-3200344171875000*w - 13152711972656250]

Total time: 6217.050 seconds, Total memory usage: 500.50MB
