Magma V2.21-4     Wed Jun  3 2015 15:58:11 on atkin    [Seed = 1734246211]
Type ? for help.  Type <Ctrl>-D to quit.
Field 2.2.409.1
Isogeny class  3.1-a
Curve [1,0,1,9*w - 96,-38*w + 403]
Isogeny class  3.2-a
Curve [1,0,1,-9*w - 87,38*w + 365]
Isogeny class  4.1-a
Curve [1,w - 1,w + 1,50761281*w - 538672302,633713937230*w - 6724892585789]
Isogeny class  4.1-b
Curve [1,-w,w,-50761282*w - 487911020,-633713937231*w - 6091178648558]
Isogeny class  6.1-a
Curve [w + 1,-w + 1,w,-24907258588263*w - 239405436418221,-216664947127985678648*w - 2082556217094143225097]
Isogeny class  6.1-b
Curve [1,-w + 1,0,156401375870575*w - 1659711726708892,12278710577422104844596*w - 130300132085004362603492]
Isogeny class  6.1-c
Curve [w + 1,-w + 1,1,-151421*w - 1455152,-149038252*w - 1432536013]
Isogeny class  6.4-a
Curve [w,1,w + 1,24907258588261*w - 264312695006483,216664947127985678647*w - 2299221164222128903745]
Isogeny class  6.4-b
Curve [1,w,0,-156401375870575*w - 1503310350838317,-12278710577422104844596*w - 118021421507582257758896]
Isogeny class  6.4-c
Curve [w,1,1,151420*w - 1606572,149038252*w - 1581574265]
Isogeny class  8.1-a
Curve [w,-w - 1,0,-221588989960385556*w - 2129885497394360299,-183900163029282105030377285*w - 1767625233882558955565719462]
Isogeny class  8.1-b
Curve [w,-w,0,-48766729438261090337*w - 468739668899956594595,-589282423026818412281150467642*w - 5664108523165386864709634070782]
Isogeny class  8.2-a
Curve [w + 1,1,w + 1,221588989960385556*w - 2351474487354745856,183900163250871094990762841*w - 1951525399263315547950842603]
Isogeny class  8.2-b
Curve [w + 1,-1,0,48766729438261090337*w - 517506398338217684932,589282423026818412281150467642*w - 6253390946192205276990784538424]
Isogeny class  9.1-a
Curve [0,-1,1,11343802692046614214*w - 120379007209259130454,70672049365122491986920576851*w - 749962897889782750578531864843]
Isogeny class  9.1-b
Curve [w,w - 1,w + 1,-6937*w - 66667,916900*w + 8813181]
Isogeny class  9.1-c
Curve [w + 1,w,w,6987*w - 73552,-983517*w + 10440155]
Isogeny class  9.1-d
Curve [0,-1,1,-11343802692046614214*w - 109035204517212516240,-70672049365122491986920576851*w - 679290848524660258591611287992]
Isogeny class  9.2-a
Curve [w + 1,-w - 1,w,88691086789*w + 852487569798,32991207397730746*w + 317107335479612277]
Isogeny class  9.2-b
Curve [1,-w - 1,0,81040673235413*w - 859993430112141,-1046916562007674859435*w + 11109746862379295274794]
Isogeny class  9.2-c
Curve [w + 1,w - 1,w,29*w + 258,149*w + 1427]
Isogeny class  9.3-a
Curve [w,-1,w + 1,-88691086791*w + 941178656588,-32991207397730747*w + 350098542877343023]
Isogeny class  9.3-b
Curve [1,w + 1,1,-81040673235411*w - 778952756876729,1046916480967001624023*w + 10062829521418863538630]
Isogeny class  9.3-c
Curve [w,w + 1,1,22*w + 288,109*w + 1168]

Total time: 37.229 seconds, Total memory usage: 56.06MB
