Magma V2.21-3     Mon Jun  1 2015 11:26:11 on atkin    [Seed = 1734130179]
Type ? for help.  Type <Ctrl>-D to quit.
Field 2.2.220.1
Isogeny class  8.1-a
Curve [0,0,0,-3456*w - 28080,-1257984*w - 9376128]
Isogeny class  8.1-b
Curve [0,0,0,114725376*w - 850826160,-7111789369344*w + 52742441561472]
Isogeny class  8.1-c
Curve [0,0,0,5232384*w - 38804400,-17743352832*w + 131588226432]
Isogeny class  8.1-d
Curve [0,0,0,114725376*w - 850826160,7111789369344*w - 52742441561472]
Isogeny class  8.1-e
Curve [0,0,0,3456*w - 28080,1257984*w - 9376128]
Isogeny class  8.1-f
Curve [0,0,0,-3456*w - 28080,1257984*w + 9376128]
Isogeny class  8.1-g
Curve [0,0,0,3456*w - 28080,-1257984*w + 9376128]
Isogeny class  8.1-h
Curve [0,0,0,5232384*w - 38804400,17743352832*w - 131588226432]
Isogeny class  9.1-a
Curve [0,0,0,-276714900,1626292998000*w]
Isogeny class  9.1-b
Curve [0,0,0,591063026400*w - 4383440730900,4585510373797782000*w - 34007055096718440000]
Isogeny class  9.1-c
Curve [0,0,0,-591063026400*w - 4383440730900,-4585510373797782000*w - 34007055096718440000]
Isogeny class  9.1-d
Curve [0,0,0,-276714900,-1626292998000*w]
Isogeny class  11.1-a
Curve [0,0,0,-13392,1080432]
Isogeny class  11.1-b
Curve [0,0,0,-13392,-1080432]
Isogeny class  11.1-c
Curve [0,0,0,28605312*w - 212142672,410775924672*w - 3046395791088]
Isogeny class  11.1-d
Curve [0,0,0,28605312*w - 212142672,-410775924672*w + 3046395791088]
Isogeny class  16.1-a
Curve [0,2*w + 15,0,-180*w - 1335,-3580*w - 26550]
Isogeny class  16.1-b
Curve [0,-6*w - 44,0,7920*w + 58740,607464*w + 4505072]
Isogeny class  16.1-c
Curve [0,-1062*w + 7876,0,1957249008*w - 14515347132,142558548599016*w - 1057242492442576]
Curve [0,1062*w + 7876,0,-1957249008*w - 14515347132,-142558548599016*w - 1057242492442576]
Isogeny class  16.1-d
Curve [0,1062*w - 7876,0,-250929360*w + 1860941940,-3425621315688*w + 25405087618768]
Isogeny class  16.1-e
Curve [0,6*w - 44,0,-7920*w + 58740,-607464*w + 4505072]
Isogeny class  16.1-f
Curve [0,-2*w + 15,0,180*w - 1335,3580*w - 26550]
Isogeny class  16.1-g
Curve [0,-6*w + 44,0,61776*w - 458172,25279848*w - 187480304]
Curve [0,6*w + 44,0,-61776*w - 458172,-25279848*w - 187480304]
Isogeny class  16.1-h
Curve [0,2*w - 15,0,180*w - 1335,-3580*w + 26550]
Isogeny class  16.1-i
Curve [0,-1062*w - 7876,0,250929360*w + 1860941940,3425621315688*w + 25405087618768]
Isogeny class  16.1-j
Curve [0,-2*w - 15,0,-180*w - 1335,3580*w + 26550]
Isogeny class  18.1-a
Curve [0,0,0,15483154752*w - 114826157172,-2638168987295664*w + 19565184852577152]
Isogeny class  18.1-b
Curve [0,0,0,15483154752*w - 114826157172,2638168987295664*w - 19565184852577152]
Isogeny class  18.1-c
Curve [0,0,0,316000981728*w - 2343526002612,-263321745045387696*w + 1952846327224994112]
Isogeny class  18.1-d
Curve [0,0,0,316000981728*w - 2343526002612,263321745045387696*w - 1952846327224994112]
Isogeny class  18.1-e
Curve [0,0,0,9974016*w - 73971252,-46694724912*w + 346297379328]
Isogeny class  18.1-f
Curve [0,0,0,9974016*w - 73971252,46694724912*w - 346297379328]
Isogeny class  18.1-g
Curve [0,0,0,-17292960*w - 135496692,110683006416*w + 827786115648]
Isogeny class  18.1-h
Curve [0,0,0,-17292960*w - 135496692,-110683006416*w - 827786115648]
Isogeny class  18.2-a
Curve [0,0,0,-17064*w + 126549,-11687112*w + 86673942]
Isogeny class  18.2-b
Curve [0,0,0,-2160*w - 16011,-126576*w - 938682]
Isogeny class  18.2-c
Curve [0,0,0,-17064*w + 126549,11687112*w - 86673942]
Isogeny class  18.2-d
Curve [0,0,0,-2160*w - 16011,126576*w + 938682]
Isogeny class  18.3-a
Curve [0,0,0,68416056*w - 507387051,713777970456*w - 5293519104618]
Isogeny class  18.3-b
Curve [0,0,0,2160*w - 16011,126576*w - 938682]
Isogeny class  18.3-c
Curve [0,0,0,68416056*w - 507387051,-713777970456*w + 5293519104618]
Isogeny class  18.3-d
Curve [0,0,0,2160*w - 16011,-126576*w + 938682]

Total time: 62.229 seconds, Total memory usage: 55.41MB
