Magma V2.21-4     Wed Jun  3 2015 15:50:25 on atkin    [Seed = 3655834993]
Type ? for help.  Type <Ctrl>-D to quit.
Field 2.2.313.1
Isogeny class  4.1-a
Curve [1,1,1,-18269609092248440*w - 152476385450157001,-8979833730671276656374200*w - 74944821330473578057889289]
Isogeny class  6.1-a
Curve [1,-w,0,-983519970721626*w - 8208362280575830,-50049833920803194060535*w - 417711059393309230996834]
Isogeny class  6.1-b
Curve [1,0,w,-37407*w - 312191,12017370*w + 100295787]
Isogeny class  6.2-a
Curve [w + 1,-w - 1,w,13826*w - 129175,-2536295*w + 23704109]
Isogeny class  6.2-b
Curve [w + 1,-w + 1,w,5143583738317716*w - 48071434724010025,-736452672543977709228199*w + 6882815246456831671895385]
Isogeny class  6.2-c
Curve [w + 1,-w - 1,1,169647785224059*w - 1585511745967624,3578367908069622245487*w - 33443079390308932843957]
Isogeny class  6.2-d
Curve [w + 1,-w + 1,1,247523046194992*w + 2065803335411323,2986500215715667636925*w + 24925041129185797501155]
Isogeny class  6.2-e
Curve [1,-w - 1,w,-4814374006498*w + 44994672501664,-4548671843351188043*w + 42511445856253447310]
Isogeny class  6.2-f
Curve [w + 1,1,1,10*w + 157,38*w + 429]
Isogeny class  6.4-a
Curve [1,w - 1,0,983519970721626*w - 9191882251297456,50049833920803194060535*w - 467760893314112425057369]
Isogeny class  6.4-b
Curve [1,0,w + 1,37406*w - 349598,-12017371*w + 112313157]
Isogeny class  6.3-a
Curve [w,-1,w + 1,-13828*w - 115348,2536294*w + 21167814]
Isogeny class  6.3-b
Curve [w,1,w + 1,-5143583738317718*w - 42927850985692308,736452672543977709228198*w + 6146362573912853962667186]
Isogeny class  6.3-c
Curve [w,-1,1,-169647785224060*w - 1415863960743564,-3578367908069622245487*w - 29864711482239310598470]
Isogeny class  6.3-d
Curve [w,1,1,-247523046194993*w + 2313326381606316,-2986500215715667636925*w + 27911541344901465138080]
Isogeny class  6.3-e
Curve [1,w + 1,w,4814374006499*w + 40180298495166,4548676657725194541*w + 37962814193200754433]
Isogeny class  6.3-f
Curve [w,-w - 1,w + 1,-10*w + 89,-29*w + 300]
Isogeny class  8.1-a
Curve [w,-w + 1,w,280745939363330*w - 2623824318751957,-7619068073651398925377*w + 71207071216092039025495]
Isogeny class  8.2-a
Curve [w + 1,0,w + 1,-280745939363332*w - 2343078379388627,7619068073651398925376*w + 63588003142440640100118]
Isogeny class  9.1-a
Curve [0,w + 1,1,18,-3*w - 40]
Isogeny class  9.1-b
Curve [1,1,1,-240*w - 2003,-3168*w - 26440]
Curve [1,1,1,240*w - 2243,3168*w - 29608]
Isogeny class  9.1-c
Curve [0,-w - 1,1,2*w + 17,2*w - 60]
Isogeny class  12.1-a
Curve [1,0,0,-24495034424*w - 204433181443,8066815305981780*w + 67324858114888553]
Isogeny class  12.1-b
Curve [1,w,0,-62105*w + 580458,313660985*w - 2931445110]
Isogeny class  12.1-c
Curve [1,1,w,1570952240*w - 14681967267,99190866050446*w - 927028213235949]
Isogeny class  12.1-d
Curve [1,-w + 1,w,-32863692*w - 274277151,-19140935357199*w - 159748389944415]
Isogeny class  12.1-e
Curve [1,0,1,-18522321*w - 154585495,128165281666*w + 1069655009582]
Isogeny class  12.1-f
Curve [1,1,1,-1430190*w - 11936227,-2939342474*w - 24531467191]
Isogeny class  12.3-a
Curve [w,w,w,30903*w - 288536,-8974501*w + 83875917]
Isogeny class  12.2-a
Curve [1,0,0,24495034424*w - 228928215867,-8066815305981780*w + 75391673420870333]
Isogeny class  12.2-b
Curve [1,-w + 1,0,62105*w + 518353,-313660985*w - 2617784125]
Isogeny class  12.2-c
Curve [1,1,w + 1,-1570952241*w - 13111015027,-99190866050447*w - 827837347185503]
Isogeny class  12.2-d
Curve [1,w,w + 1,32863691*w - 307140843,19140935357198*w - 178889325301614]
Isogeny class  12.2-e
Curve [1,0,1,18522321*w - 173107816,-128165281666*w + 1197820291248]
Isogeny class  12.2-f
Curve [1,1,1,1430190*w - 13366417,2939342474*w - 27470809665]
Isogeny class  12.6-a
Curve [w + 1,w + 1,w + 1,-30863*w - 257594,8686004*w + 72492542]

Total time: 137.729 seconds, Total memory usage: 88.09MB
