Magma V2.21-3     Mon Jun  1 2015 12:13:08 on atkin    [Seed = 271415044]
Type ? for help.  Type <Ctrl>-D to quit.
Field 2.2.241.1
Isogeny class  3.1-a
Curve [1,0,0,-4341374076373*w + 35868811829901,-5900369621288497233*w + 48749369197338362502]
Isogeny class  3.2-a
Curve [1,0,0,4341374076373*w + 31527437753528,5900369621288497233*w + 42848999576049865269]
Isogeny class  5.1-a
Curve [w + 1,0,w,46*w - 265,375*w - 2750]
Isogeny class  5.1-b
Curve [w + 1,w - 1,w,19204313*w - 158667475,-125942795752*w + 1040550380230]
Isogeny class  5.1-c
Curve [w + 1,-w,w,-4206*w - 30470,-11265179*w - 81808543]
Isogeny class  5.2-a
Curve [w,-w + 1,w + 1,-48*w - 218,-376*w - 2375]
Isogeny class  5.2-b
Curve [w,w + 1,1,-19204283*w - 139463161,125784128277*w + 913455326568]
Isogeny class  5.2-c
Curve [w,0,w + 1,4204*w - 34675,11265178*w - 93073722]
Isogeny class  6.1-a
Curve [1,1,0,214554023999*w - 1772664087172,161924419707872386*w - 1337833699421706392]
Isogeny class  6.2-a
Curve [1,w,w,-9764*w - 70887,-1503911*w - 10921559]
Isogeny class  6.4-a
Curve [1,1,0,-214554023999*w - 1558110063173,-161924419707872386*w - 1175909279713834006]
Isogeny class  6.3-a
Curve [1,-w + 1,w + 1,9763*w - 80651,1503910*w - 12425470]
Isogeny class  8.1-a
Curve [w,-w - 1,0,-155623712751*w - 1130152995312,-220529441662692987*w - 1601504068188817996]
Isogeny class  8.2-a
Curve [w + 1,1,w + 1,155623712751*w - 1285776708064,220529597286405738*w - 1822034795628219047]
Isogeny class  9.1-a
Curve [0,-w - 1,1,2*w + 27,-7*w - 43]
Isogeny class  9.1-b
Curve [0,w + 1,1,28,6*w - 22]
Isogeny class  9.2-a
Curve [1,w + 1,0,94292549638867*w - 779053281394174,-16166936807774180458175*w + 133572644057528458001109]
Isogeny class  9.3-a
Curve [1,-w - 1,1,-94292549638865*w - 684760731755309,16166936902066730097041*w + 117405707934515009298242]
Isogeny class  10.1-a
Curve [1,-1,w + 1,5551343499175*w - 45865684889662,-13975489044229409233*w + 115466711216257393799]
Isogeny class  10.1-b

ECSearch(
class_label: 10.1-b,
N: Principal Ideal Generator: [190, -23],
aplist: [ 0, 1, 1, 0, -6, 6, -6, -3, -9, 3, 5, -6, -12, 6, 3, -7, 5,...
)
EllipticCurveSearch(
N: Principal Ideal Generator: [190, -23],
Effort: 400
)
InternalEllipticCurveSearch(
conductors: { Principal Ideal Generator: [190, -23] },
Effort: 400
)
integer_bounds(
lengths: [ 319.737290035163707899795118227327911857557708963646058704...,
bound: 142
)
In file "/usr/local/magma-2.21-3/package/Geometry/CrvEll/ec_search.m", line 82, column 15:
>>    return [Max(1, Round(bound*gmlength/l)) : l in lengths];
                 ^
Runtime error in 'Max': Bad argument types
Argument types given: RngQuadElt[RngInt], RngQuadElt[RngInt]

Isogeny class  10.1-c

ECSearch(
class_label: 10.1-c,
N: Principal Ideal Generator: [190, -23],
aplist: [ -2, -3, -3, -4, 0, -10, -2, -7, -9, 11, 1, -10, -10, -4, -...
)
EllipticCurveSearch(
N: Principal Ideal Generator: [190, -23],
Effort: 400
)
InternalEllipticCurveSearch(
conductors: { Principal Ideal Generator: [190, -23] },
Effort: 400
)
integer_bounds(
lengths: [ 319.737290035163707899795118227327911857557708963646058704...,
bound: 142
)
In file "/usr/local/magma-2.21-3/package/Geometry/CrvEll/ec_search.m", line 82, column 15:
>>    return [Max(1, Round(bound*gmlength/l)) : l in lengths];
                 ^
Runtime error in 'Max': Bad argument types
Argument types given: RngQuadElt[RngInt], RngQuadElt[RngInt]

Isogeny class  10.4-a
Curve [1,-1,w,-5551343499176*w - 40314341390486,13975489044229409232*w + 101491222172027984567]
Isogeny class  10.4-b

ECSearch(
class_label: 10.4-b,
N: Principal Ideal Generator: [-167, -23],
aplist: [ 0, 1, 1, 0, 6, -6, -3, -6, 3, -9, 5, -12, -6, 3, 6, 5, -7,...
)
EllipticCurveSearch(
N: Principal Ideal Generator: [-167, -23],
Effort: 400
)
InternalEllipticCurveSearch(
conductors: { Principal Ideal Generator: [-167, -23] },
Effort: 400
)
integer_bounds(
lengths: [ 878.198515748375962608365375885025145325227979935358391646...,
bound: 142
)
In file "/usr/local/magma-2.21-3/package/Geometry/CrvEll/ec_search.m", line 82, column 15:
>>    return [Max(1, Round(bound*gmlength/l)) : l in lengths];
                 ^
Runtime error in 'Max': Bad argument types
Argument types given: RngQuadElt[RngInt], RngQuadElt[RngInt]

Isogeny class  10.4-c

ECSearch(
class_label: 10.4-c,
N: Principal Ideal Generator: [-167, -23],
aplist: [ -2, -3, -3, -4, -10, 0, -7, -2, 11, -9, 1, -10, -10, -9, -...
)
EllipticCurveSearch(
N: Principal Ideal Generator: [-167, -23],
Effort: 400
)
InternalEllipticCurveSearch(
conductors: { Principal Ideal Generator: [-167, -23] },
Effort: 400
)
integer_bounds(
lengths: [ 878.198515748375962608365375885025145325227979935358391646...,
bound: 142
)
In file "/usr/local/magma-2.21-3/package/Geometry/CrvEll/ec_search.m", line 82, column 15:
>>    return [Max(1, Round(bound*gmlength/l)) : l in lengths];
                 ^
Runtime error in 'Max': Bad argument types
Argument types given: RngQuadElt[RngInt], RngQuadElt[RngInt]

Isogeny class  12.1-a
Curve [1,0,1,-53425492*w - 387980590,3532329867892*w + 25652088043040]
Isogeny class  12.1-b
Curve [1,w + 1,w + 1,3130349612*w - 25863221899,-265015387133466*w + 2189580277095197]
Isogeny class  12.1-c
Curve [1,w + 1,w,8295391*w - 68537219,-790296498553*w + 6529498701981]
Isogeny class  12.1-d
Curve [1,-w,0,-202484638*w - 1470461109,-4364842603830*w - 31697868249837]
Isogeny class  12.1-e
Curve [1,0,0,-23534319539*w - 170908284171,12524406515554099*w + 90953334099442509]
Isogeny class  12.1-f
Curve [1,w + 1,w + 1,-241*w - 1735,6707*w + 48689]
Isogeny class  12.1-g
Curve [1,1,w,-8265*w - 60017,-7314912*w - 53121543]
Isogeny class  12.1-h
Curve [1,w + 1,w + 1,18606575967166652*w - 153729155890347509,3849964978395963953436488*w - 31808746938748928238787861]
Isogeny class  12.1-i
Curve [1,0,1,2*w - 17,-62*w + 512]
Isogeny class  12.3-a
Curve [0,-1,w,7068394368429*w + 51331297314562,-34669923164484019673*w - 251776010373439023579]
Isogeny class  12.3-b
Curve [0,-1,w,15470376592078*w - 127817602712214,-87625902110757378125*w + 723972857197767435393]
Isogeny class  12.2-a
Curve [1,0,1,53425492*w - 441406082,-3532329867892*w + 29184417910932]
Isogeny class  12.2-b
Curve [1,-w - 1,w + 1,-3130349611*w - 22732872288,265018517483076*w + 1924587622834019]
Isogeny class  12.2-c
Curve [1,-w - 1,w,-8295390*w - 60241829,790304793943*w + 5739262445257]
Isogeny class  12.2-d
Curve [1,w - 1,0,202484638*w - 1672945747,4364842603830*w - 36062710853667]
Isogeny class  12.2-e
Curve [1,0,0,23534319539*w - 194442603710,-12524406515554099*w + 103477740614996608]
Isogeny class  12.2-f
Curve [1,-w - 1,w + 1,242*w - 1977,-6950*w + 57373]
Isogeny class  12.2-g
Curve [1,1,w + 1,8264*w - 68282,7314911*w - 60436455]
Isogeny class  12.2-h
Curve [1,-w - 1,w + 1,-18606575967166651*w - 135122579923180858,-3849964959789387986269838*w - 27958781825230384362170515]
Isogeny class  12.2-i
Curve [1,0,1,-2*w - 15,62*w + 450]
Isogeny class  12.6-a
Curve [0,-1,w + 1,-7068394368429*w + 58399691682991,34669923164484019672*w - 286445933537923043252]
Isogeny class  12.6-b
Curve [0,-1,w + 1,-15470376592078*w - 112347226120136,87625902110757378124*w + 636346955087010057268]
Isogeny class  15.1-a
Curve [w,-w + 1,w + 1,2769186071171*w - 22879257203246,-6992702094801372025*w + 57774315506700646631]
Isogeny class  15.2-a
Curve [w + 1,1,w,127716364527*w - 1055203759378,-405576023474777425*w + 3350904532255839657]
Isogeny class  15.4-a
Curve [w + 1,0,w,-2769186071173*w - 20110071132074,6992702094801372024*w + 50781613411899274607]
Isogeny class  15.3-a
Curve [w,-w - 1,1,-127716364527*w - 927487394851,405576151191141952*w + 2945329436268457083]
Isogeny class  16.2-a
Curve [w,-w,0,-3504*w - 25307,-329629*w - 2393478]
Isogeny class  16.3-a
Curve [w + 1,-1,0,3504*w - 28811,329629*w - 2723107]
Isogeny class  18.1-a
Curve [1,w,1,-7*w - 35,-50*w - 376]
Isogeny class  18.1-b
Curve [1,w,w,-85313875544*w - 619556816188,-37653165332797262*w - 273440575580354590]
Isogeny class  18.1-c
Curve [1,-w + 1,1,-6089690027*w + 50313550942,2007007966107258*w - 16582075124370937]
Isogeny class  18.1-d

ECSearch(
class_label: 18.1-d,
N: Principal Ideal Generator: [-8562, -1179],
aplist: [ 1, -2, 2, 6, -6, -6, -2, -12, 12, 2, -10, 6, 4, 4, 2, -6, ...
)
EllipticCurveSearch(
N: Principal Ideal Generator: [-8562, -1179],
Effort: 400
)
InternalEllipticCurveSearch(
conductors: { Principal Ideal Generator: [-8562, -1179] },
Effort: 400
)
integer_bounds(
lengths: [ 30475.6638884981616075363404840095618447943346597526089190...,
bound: 895
)
In file "/usr/local/magma-2.21-3/package/Geometry/CrvEll/ec_search.m", line 82, column 15:
>>    return [Max(1, Round(bound*gmlength/l)) : l in lengths];
                 ^
Runtime error in 'Max': Bad argument types
Argument types given: RngQuadElt[RngInt], RngQuadElt[RngInt]

Isogeny class  18.3-a
Curve [1,w + 1,0,-37591376*w - 272991844,-352764863007*w - 2561809248516]
Isogeny class  18.4-a
Curve [1,w - 1,0,826032490840984*w - 6824752591721595,38681453382741175689285*w - 319589546600826717094271]
Isogeny class  18.2-a
Curve [1,-w + 1,1,7*w - 42,50*w - 426]
Isogeny class  18.2-b
Curve [1,-w + 1,w + 1,85313875543*w - 704870691732,37653165332797261*w - 311093740913151852]
Isogeny class  18.2-c
Curve [1,w,1,6089690027*w + 44223860915,-2007007966107258*w - 14575067158263679]
Isogeny class  18.2-d
Curve [1,1,0,263236425383253*w - 2174882339725944,6266158304313700849062*w - 51771547247450036532057]
Isogeny class  18.6-a
Curve [1,-w - 1,1,37591378*w - 310583222,352727271630*w - 2914263528302]
Isogeny class  18.5-a
Curve [1,-w,0,-826032490840984*w - 5998720100880611,-38681453382741175689285*w - 280908093218085541404986]
Isogeny class  20.1-a

ECSearch(
class_label: 20.1-a,
N: Principal Ideal Generator: [610, 84],
aplist: [ 0, 2, -2, 4, 2, -8, -12, 8, 4, -10, -2, 10, -2, -4, 0, -2,...
)
EllipticCurveSearch(
N: Principal Ideal Generator: [610, 84],
Effort: 400
)
InternalEllipticCurveSearch(
conductors: { Principal Ideal Generator: [610, 84] },
Effort: 400
)
integer_bounds(
lengths: [ 1096.62828881221190867116948439093703566987345868905797162...,
bound: 500
)
In file "/usr/local/magma-2.21-3/package/Geometry/CrvEll/ec_search.m", line 82, column 15:
>>    return [Max(1, Round(bound*gmlength/l)) : l in lengths];
                 ^
Runtime error in 'Max': Bad argument types
Argument types given: RngQuadElt[RngInt], RngQuadElt[RngInt]

Isogeny class  20.4-a
Curve [w,-w,w,133185020*w - 1100386277,3101255392519*w - 25622842941843]
Isogeny class  20.4-b
Curve [w,1,w,157825057191*w - 1303964408161,-383770966859143795*w + 3170749249866554227]
Isogeny class  20.2-a
Curve [1,w + 1,w,2*w + 9,w + 5]
Isogeny class  20.5-a
Curve [w + 1,-1,w + 1,-133185022*w - 967201257,-3101255392520*w - 22521587549324]
Isogeny class  20.5-b
Curve [w + 1,-w + 1,w + 1,-157825057193*w - 1146139350970,383770966859143794*w + 2786978283007410432]
Isogeny class  24.1-a
Curve [w,-1,w,-54*w - 369,-927*w - 6678]
Isogeny class  24.1-b
Curve [w,w + 1,w,-2*w - 25,-17326*w - 125824]
Isogeny class  24.1-c
Curve [w,-w + 1,0,-62123290180034*w - 451144759640481,-4622239208621007159523*w - 33567104876957094557184]
Isogeny class  24.1-d
Curve [w,-w - 1,w,-309442*w + 2556623,109628102*w - 905756954]
Isogeny class  24.2-a
Curve [w,w,0,-69510*w - 504776,-22184969*w - 161109175]
Isogeny class  24.5-a
Curve [w + 1,w + 1,w + 1,-6624659687302518*w - 48108857300826552,-811571206575009077170777*w - 5893700991374981717992584]
Isogeny class  24.5-b

ECSearch(
class_label: 24.5-b,
N: Principal Ideal Generator: [16071, 2213],
aplist: [ -1, 2, 0, 2, -2, 2, 6, 2, 0, -8, 6, 10, 6, -12, -2, -8, -4...
)
EllipticCurveSearch(
N: Principal Ideal Generator: [16071, 2213],
Effort: 400
)
InternalEllipticCurveSearch(
conductors: { Principal Ideal Generator: [16071, 2213] },
Effort: 400
)
integer_bounds(
lengths: [ 1257.85946269082707301013111162887227886322308563154539789...,
bound: 142
)
In file "/usr/local/magma-2.21-3/package/Geometry/CrvEll/ec_search.m", line 82, column 15:
>>    return [Max(1, Round(bound*gmlength/l)) : l in lengths];
                 ^
Runtime error in 'Max': Bad argument types
Argument types given: RngQuadElt[RngInt], RngQuadElt[RngInt]

Isogeny class  24.6-a
Curve [0,w,w + 1,869*w - 7157,44277*w - 365821]
Isogeny class  24.6-b
Curve [0,w,w + 1,8809301711090*w - 72783220213034,46735467727089536032*w - 386132516616924937808]
Isogeny class  24.6-c
Curve [0,-1,w + 1,-799231*w - 5804085,1082553278*w + 7861596454]
Isogeny class  24.4-a
Curve [w + 1,-w - 1,w + 1,52*w - 423,926*w - 7605]
Isogeny class  24.4-b
Curve [w + 1,w - 1,0,33*w + 2,17298*w - 142042]
Isogeny class  24.4-c
Curve [w + 1,0,0,62123290180034*w - 513268049820515,4622239208621007159523*w - 38189344085578101716707]
Isogeny class  24.4-d
Curve [w + 1,1,0,309443*w + 2247241,-109318660*w - 793881611]
Isogeny class  24.3-a
Curve [w + 1,w + 1,0,69543*w - 574256,21680194*w - 179122584]
Isogeny class  24.8-a
Curve [w,w,w,6624659687302549*w - 54733516988129131,811571151841492089041676*w - 6705271745736892568882250]
Isogeny class  24.8-b
Curve [w,-w - 1,0,44897445*w - 370946592,443754411754*w - 3666337711012]
Isogeny class  24.7-a

ECSearch(
class_label: 24.7-a,
N: Principal Ideal Generator: [-36, -5],
aplist: [ 2, 0, 0, 1, 6, -1, 8, -3, 8, -9, -3, 11, -4, 3, 10, 14, 6,...
)
EllipticCurveSearch(
N: Principal Ideal Generator: [-36, -5],
Effort: 400
)
InternalEllipticCurveSearch(
conductors: { Principal Ideal Generator: [-36, -5] },
Effort: 400
)
integer_bounds(
lengths: [ 44.3798473144903508214297664838616005768274296019425347279...,
bound: 142
)
In file "/usr/local/magma-2.21-3/package/Geometry/CrvEll/ec_search.m", line 82, column 15:
>>    return [Max(1, Round(bound*gmlength/l)) : l in lengths];
                 ^
Runtime error in 'Max': Bad argument types
Argument types given: RngQuadElt[RngInt], RngQuadElt[RngInt]

Isogeny class  24.7-b
Curve [0,-w + 1,w,-8809301711090*w - 63973918501944,-46735467727089536033*w - 339397048889835401775]
Isogeny class  24.7-c
Curve [0,-1,w,799231*w - 6603316,-1082553279*w + 8944149733]
Isogeny class  25.2-a
Curve [w + 1,w,1,46483031444323*w - 384046865998581,-291842280759990679232*w + 2411226415516525775493]
Isogeny class  25.2-b
Curve [w + 1,-w - 1,1,-149064105373202*w - 1082516553690960,-3781268893807563585998*w - 27459904993597472883228]
Isogeny class  25.2-c
Curve [w + 1,-w,1,3537940*w - 29230716,-10071906245*w + 83214969243]
Isogeny class  25.3-a
Curve [w,w - 1,1,-46483031444293*w - 337563834554318,291841943196156124914*w + 2119381683338482992129]
Isogeny class  25.3-b
Curve [w,-1,1,149064105373201*w - 1231580659064161,3781268893807563585998*w - 31241173887405036469226]
Isogeny class  25.3-c
Curve [w,0,1,-3537941*w - 25692775,10071906245*w + 73143062998]
Isogeny class  27.1-a
Curve [0,w,1,-3702*w + 30609,394680*w - 3260860]
Isogeny class  27.1-b
Curve [1,-w - 1,1,10148672835*w + 73700548609,-666917495487351*w - 4843213106225236]
Isogeny class  27.1-c
Curve [0,-w,1,148*w - 1200,-3225*w + 26624]
Isogeny class  27.2-a
Curve [0,-w + 1,1,3702*w + 26907,-394680*w - 2866180]
Isogeny class  27.2-b
Curve [1,w + 1,0,-10148672833*w + 83849221444,666907346814517*w - 5510046752491143]
Isogeny class  27.2-c
Curve [0,w - 1,1,-148*w - 1052,3225*w + 23399]
Isogeny class  30.2-a

ECSearch(
class_label: 30.2-a,
N: Principal Ideal Generator: [-5, -1],
aplist: [ 1, 2, 2, -2, -8, -10, 0, 0, 2, -2, 8, -10, 6, 0, 0, -2, 12...
)
EllipticCurveSearch(
N: Principal Ideal Generator: [-5, -1],
Effort: 400
)
InternalEllipticCurveSearch(
conductors: { Principal Ideal Generator: [-5, -1] },
Effort: 400
)
integer_bounds(
lengths: [ 17.8804288771018119917030375780769679436838576732669043470...,
bound: 500
)
In file "/usr/local/magma-2.21-3/package/Geometry/CrvEll/ec_search.m", line 82, column 15:
>>    return [Max(1, Round(bound*gmlength/l)) : l in lengths];
                 ^
Runtime error in 'Max': Bad argument types
Argument types given: RngQuadElt[RngInt], RngQuadElt[RngInt]

Isogeny class  30.2-b

ECSearch(
class_label: 30.2-b,
N: Principal Ideal Generator: [-5, -1],
aplist: [ 1, 2, -4, -8, -2, 2, 12, 0, -4, 10, -4, -10, 12, -6, -6, -...
)
EllipticCurveSearch(
N: Principal Ideal Generator: [-5, -1],
Effort: 400
)
InternalEllipticCurveSearch(
conductors: { Principal Ideal Generator: [-5, -1] },
Effort: 400
)
integer_bounds(
lengths: [ 3355.98509212678461774687295503217311226759700019000025314...,
bound: 500
)
In file "/usr/local/magma-2.21-3/package/Geometry/CrvEll/ec_search.m", line 82, column 15:
>>    return [Max(1, Round(bound*gmlength/l)) : l in lengths];
                 ^
Runtime error in 'Max': Bad argument types
Argument types given: RngQuadElt[RngInt], RngQuadElt[RngInt]

Isogeny class  30.2-c
Curve [1,w - 1,w,-34723281992447*w - 252163506842875,306453621833482761724*w + 2225492969905554333396]
Isogeny class  30.2-d

ECSearch(
class_label: 30.2-d,
N: Principal Ideal Generator: [-5, -1],
aplist: [ 1, -2, -4, -4, 10, -6, 4, 0, 12, 6, 4, -2, -4, -6, 10, 14,...
)
EllipticCurveSearch(
N: Principal Ideal Generator: [-5, -1],
Effort: 400
)
InternalEllipticCurveSearch(
conductors: { Principal Ideal Generator: [-5, -1] },
Effort: 400
)
integer_bounds(
lengths: [ 6.98171215163866175944849628785692524337044088876888739333...,
bound: 500
)
In file "/usr/local/magma-2.21-3/package/Geometry/CrvEll/ec_search.m", line 82, column 15:
>>    return [Max(1, Round(bound*gmlength/l)) : l in lengths];
                 ^
Runtime error in 'Max': Bad argument types
Argument types given: RngQuadElt[RngInt], RngQuadElt[RngInt]

Isogeny class  30.3-a

ECSearch(
class_label: 30.3-a,
N: Principal Ideal Generator: [-9, -1],
aplist: [ 2, 0, -1, -1, -8, 12, 7, -12, 3, -3, -12, 4, -15, -4, 6, -...
)
EllipticCurveSearch(
N: Principal Ideal Generator: [-9, -1],
Effort: 400
)
InternalEllipticCurveSearch(
conductors: { Principal Ideal Generator: [-9, -1] },
Effort: 400
)
integer_bounds(
lengths: [ 13.6768768277635002157784416722878021028754156679155966258...,
bound: 500
)
In file "/usr/local/magma-2.21-3/package/Geometry/CrvEll/ec_search.m", line 82, column 15:
>>    return [Max(1, Round(bound*gmlength/l)) : l in lengths];
                 ^
Runtime error in 'Max': Bad argument types
Argument types given: RngQuadElt[RngInt], RngQuadElt[RngInt]

Isogeny class  30.3-b
Curve [1,w + 1,w,126*w - 1015,-2706*w + 22372]
Isogeny class  30.3-c

ECSearch(
class_label: 30.3-c,
N: Principal Ideal Generator: [-9, -1],
aplist: [ -1, 0, 2, 2, -2, 6, 10, 0, 0, 6, -6, -2, 0, -4, -6, 2, -4,...
)
EllipticCurveSearch(
N: Principal Ideal Generator: [-9, -1],
Effort: 400
)
InternalEllipticCurveSearch(
conductors: { Principal Ideal Generator: [-9, -1] },
Effort: 400
)
integer_bounds(
lengths: [ 121704.918097475412736578502718192539897446000810522790528...,
bound: 500
)
In file "/usr/local/magma-2.21-3/package/Geometry/CrvEll/ec_search.m", line 82, column 15:
>>    return [Max(1, Round(bound*gmlength/l)) : l in lengths];
                 ^
Runtime error in 'Max': Bad argument types
Argument types given: RngQuadElt[RngInt], RngQuadElt[RngInt]

Isogeny class  30.4-a

ECSearch(
class_label: 30.4-a,
N: Principal Ideal Generator: [-1358, -187],
aplist: [ -1, 2, 0, -6, 10, 2, -4, 8, 4, 6, -6, 6, 8, 6, -6, -4, 12,...
)
EllipticCurveSearch(
N: Principal Ideal Generator: [-1358, -187],
Effort: 400
)
InternalEllipticCurveSearch(
conductors: { Principal Ideal Generator: [-1358, -187] },
Effort: 400
)
integer_bounds(
lengths: [ 32.8793767697155944450125508148475274849882539175521412780...,
bound: 500
)
In file "/usr/local/magma-2.21-3/package/Geometry/CrvEll/ec_search.m", line 82, column 15:
>>    return [Max(1, Round(bound*gmlength/l)) : l in lengths];
                 ^
Runtime error in 'Max': Bad argument types
Argument types given: RngQuadElt[RngInt], RngQuadElt[RngInt]

Isogeny class  30.4-b
Curve [w + 1,-w + 1,1,1215*w - 9976,-57109*w + 471945]
Isogeny class  30.4-c

ECSearch(
class_label: 30.4-c,
N: Principal Ideal Generator: [-1358, -187],
aplist: [ -1, -2, 4, 2, 2, 2, 0, 0, 12, 6, 10, -10, 0, 10, -14, 8, 1...
)
EllipticCurveSearch(
N: Principal Ideal Generator: [-1358, -187],
Effort: 400
)
InternalEllipticCurveSearch(
conductors: { Principal Ideal Generator: [-1358, -187] },
Effort: 400
)
integer_bounds(
lengths: [ 65.3284435957443428670469285017468193205417819177866970560...,
bound: 500
)
In file "/usr/local/magma-2.21-3/package/Geometry/CrvEll/ec_search.m", line 82, column 15:
>>    return [Max(1, Round(bound*gmlength/l)) : l in lengths];
                 ^
Runtime error in 'Max': Bad argument types
Argument types given: RngQuadElt[RngInt], RngQuadElt[RngInt]

Isogeny class  30.4-d
Curve [w + 1,1,1,4896606658028*w - 40456191917899,2496441879104058432*w - 20625820864687553391]
Isogeny class  30.4-e
Curve [1,-w - 1,w,22,-3*w - 16]
Isogeny class  30.7-a

ECSearch(
class_label: 30.7-a,
N: Principal Ideal Generator: [-6, 1],
aplist: [ 1, 2, 2, -8, -2, 0, -10, 2, 0, -2, -10, 8, 0, 6, -2, 0, 14...
)
EllipticCurveSearch(
N: Principal Ideal Generator: [-6, 1],
Effort: 400
)
InternalEllipticCurveSearch(
conductors: { Principal Ideal Generator: [-6, 1] },
Effort: 400
)
integer_bounds(
lengths: [ 164.040557943481282214478672983668565447836229712690596538...,
bound: 500
)
In file "/usr/local/magma-2.21-3/package/Geometry/CrvEll/ec_search.m", line 82, column 15:
>>    return [Max(1, Round(bound*gmlength/l)) : l in lengths];
                 ^
Runtime error in 'Max': Bad argument types
Argument types given: RngQuadElt[RngInt], RngQuadElt[RngInt]

Isogeny class  30.7-b

ECSearch(
class_label: 30.7-b,
N: Principal Ideal Generator: [-6, 1],
aplist: [ 1, 2, -4, -2, -8, 12, 2, -4, 0, 10, -10, -4, -6, 12, -2, -...
)
EllipticCurveSearch(
N: Principal Ideal Generator: [-6, 1],
Effort: 400
)
InternalEllipticCurveSearch(
conductors: { Principal Ideal Generator: [-6, 1] },
Effort: 400
)
integer_bounds(
lengths: [ 8052.70263199033732139989594652314252204003149222589453686...,
bound: 500
)
In file "/usr/local/magma-2.21-3/package/Geometry/CrvEll/ec_search.m", line 82, column 15:
>>    return [Max(1, Round(bound*gmlength/l)) : l in lengths];
                 ^
Runtime error in 'Max': Bad argument types
Argument types given: RngQuadElt[RngInt], RngQuadElt[RngInt]

Isogeny class  30.7-c
Curve [1,-w,w + 1,34723281992446*w - 286886788835322,-306453621833482761725*w + 2531946591739037095120]
Isogeny class  30.7-d
Curve [1,-w + 1,1,475037090302102*w - 3924797933677475,19077184871190144965362*w - 157617367762197366793819]
Isogeny class  30.6-a

ECSearch(
class_label: 30.6-a,
N: Principal Ideal Generator: [10, -1],
aplist: [ 2, 0, -1, -8, -1, 7, 12, 3, -12, -3, 4, -12, -4, -15, -4, ...
)
EllipticCurveSearch(
N: Principal Ideal Generator: [10, -1],
Effort: 400
)
InternalEllipticCurveSearch(
conductors: { Principal Ideal Generator: [10, -1] },
Effort: 400
)
integer_bounds(
lengths: [ 45.7293145087557938865024247593375727915343263795002308346...,
bound: 500
)
In file "/usr/local/magma-2.21-3/package/Geometry/CrvEll/ec_search.m", line 82, column 15:
>>    return [Max(1, Round(bound*gmlength/l)) : l in lengths];
                 ^
Runtime error in 'Max': Bad argument types
Argument types given: RngQuadElt[RngInt], RngQuadElt[RngInt]

Isogeny class  30.6-b
Curve [1,-w - 1,w,-125*w - 890,2831*w + 20556]
Isogeny class  30.6-c

ECSearch(
class_label: 30.6-c,
N: Principal Ideal Generator: [10, -1],
aplist: [ -1, 0, 2, -2, 2, 10, 6, 0, 0, 6, -2, -6, -4, 0, 2, -6, -4,...
)
EllipticCurveSearch(
N: Principal Ideal Generator: [10, -1],
Effort: 400
)
InternalEllipticCurveSearch(
conductors: { Principal Ideal Generator: [10, -1] },
Effort: 400
)
integer_bounds(
lengths: [ 6.65038933914674984390530125496135380458125395863140551904...,
bound: 500
)
In file "/usr/local/magma-2.21-3/package/Geometry/CrvEll/ec_search.m", line 82, column 15:
>>    return [Max(1, Round(bound*gmlength/l)) : l in lengths];
                 ^
Runtime error in 'Max': Bad argument types
Argument types given: RngQuadElt[RngInt], RngQuadElt[RngInt]

Isogeny class  30.5-a

ECSearch(
class_label: 30.5-a,
N: Principal Ideal Generator: [-1545, 187],
aplist: [ -1, 2, 0, 10, -6, -4, 2, 4, 8, 6, 6, -6, 6, 8, -4, -6, 4, ...
)
EllipticCurveSearch(
N: Principal Ideal Generator: [-1545, 187],
Effort: 400
)
InternalEllipticCurveSearch(
conductors: { Principal Ideal Generator: [-1545, 187] },
Effort: 400
)
integer_bounds(
lengths: [ 378.651740038098708288836221395880125979538409861740746245...,
bound: 500
)
In file "/usr/local/magma-2.21-3/package/Geometry/CrvEll/ec_search.m", line 82, column 15:
>>    return [Max(1, Round(bound*gmlength/l)) : l in lengths];
                 ^
Runtime error in 'Max': Bad argument types
Argument types given: RngQuadElt[RngInt], RngQuadElt[RngInt]

Isogeny class  30.5-b
Curve [w,1,1,-1216*w - 8760,57109*w + 414836]
Isogeny class  30.5-c

ECSearch(
class_label: 30.5-c,
N: Principal Ideal Generator: [-1545, 187],
aplist: [ -1, -2, 4, 2, 2, 0, 2, 12, 0, 6, -10, 10, 10, 0, 8, -14, -...
)
EllipticCurveSearch(
N: Principal Ideal Generator: [-1545, 187],
Effort: 400
)
InternalEllipticCurveSearch(
conductors: { Principal Ideal Generator: [-1545, 187] },
Effort: 400
)
integer_bounds(
lengths: [ 24231.3304590518295492003991792241996577039984473362838482...,
bound: 500
)
In file "/usr/local/magma-2.21-3/package/Geometry/CrvEll/ec_search.m", line 82, column 15:
>>    return [Max(1, Round(bound*gmlength/l)) : l in lengths];
                 ^
Runtime error in 'Max': Bad argument types
Argument types given: RngQuadElt[RngInt], RngQuadElt[RngInt]

Isogeny class  30.5-d
Curve [w,-w - 1,w + 1,-4896606658028*w - 35559585259931,-2496436982497400405*w - 18129343425998235088]
Isogeny class  30.5-e
Curve [1,w + 1,w,w + 22,3*w + 3]
Isogeny class  32.1-a
Curve [0,1,0,4268121851724204*w - 35263595551407784,-422870695442441639888412*w + 3493794622709936542678224]
Isogeny class  32.3-a
Curve [w + 1,-1,w + 1,70309837206*w + 510596179229,-6978411664260734*w - 50677835057070761]
Isogeny class  32.3-b
Curve [w + 1,w,w + 1,-1555*w - 11310,-110161*w - 800008]
Isogeny class  32.2-a
Curve [0,1,0,-4268121851724204*w - 30995473699683580,422870695442441639888412*w + 3070923927267494902789812]
Isogeny class  32.4-a
Curve [w,-w,w,-70309837208*w + 580906016437,6978411664260733*w - 57656246721331494]
Isogeny class  32.4-b
Curve [w,w - 1,w,1584*w - 12924,97266*w - 803104]

Total time: 684.990 seconds, Total memory usage: 87.44MB
