Magma V2.21-4     Wed Jun  3 2015 16:27:23 on atkin    [Seed = 3112175003]
Type ? for help.  Type <Ctrl>-D to quit.
Field 2.2.296.1
Isogeny class  5.1-a
Curve [0,0,0,-498960*w - 6138720,-697327488*w - 6964407216]
Isogeny class  5.1-b
Curve [0,0,0,309255408*w - 2660315616,8682544072800*w - 74690068259664]
Isogeny class  5.2-a
Curve [0,0,0,498960*w - 6138720,697327488*w - 6964407216]
Isogeny class  5.2-b
Curve [0,0,0,18425232*w - 158499936,126230607360*w - 1085876743536]
Isogeny class  13.1-a
Curve [0,0,0,597024*w - 5150304,-730802304*w + 6285950352]
Isogeny class  13.1-b
Curve [0,0,0,-864*w - 7776,-40608*w - 346896]
Isogeny class  13.2-a
Curve [0,0,0,46156304736*w - 397051546464,15268269263502816*w - 131342618469440592]
Isogeny class  13.2-b
Curve [0,0,0,864*w - 7776,40608*w - 346896]
Isogeny class  20.1-a
Curve [0,0,0,-5504112*w - 47643984,18728573760*w + 161171212320]
Isogeny class  20.1-b
Curve [0,0,0,49544784*w - 426200400,-556759951488*w + 4789430198496]
Isogeny class  20.2-a
Curve [0,0,0,5504112*w - 47643984,-18728573760*w + 161171212320]
Isogeny class  20.2-b
Curve [0,0,0,167794416*w - 1443422160,-3138279812928*w + 26996503729824]
Isogeny class  25.2-a
Curve [0,0,0,65729664*w - 565427952,646880465088*w - 5564676169584]
Isogeny class  25.2-b
Curve [0,0,0,3456*w - 29808,247104*w - 2125872]
Isogeny class  25.3-a
Curve [0,0,0,8202816*w - 70563312,28518486048*w - 245325293136]
Isogeny class  25.3-b
Curve [0,0,0,-3456*w - 29808,-247104*w - 2125872]
Isogeny class  28.1-a
Curve [0,0,0,46656*w - 401328,25263360*w - 217323648]
Isogeny class  28.1-b
Curve [0,0,0,11664*w - 100332,3157920*w - 27165456]
Isogeny class  28.2-a
Curve [0,0,0,-70263936*w + 604433232,186898337280*w - 1607760289152]
Isogeny class  28.2-b
Curve [0,0,0,-17565984*w + 151108308,23362292160*w - 200970036144]
Isogeny class  32.1-a
Curve [0,0,0,-1,0]
Isogeny class  32.1-b
Curve [0,0,0,1,0]

Total time: 22.399 seconds, Total memory usage: 56.06MB
