Magma V2.21-4     Wed Jun  3 2015 15:48:38 on atkin    [Seed = 472156806]
Type ? for help.  Type <Ctrl>-D to quit.
Field 2.2.277.1
Isogeny class  3.1-a
Curve [w,-w + 1,w + 1,-10*w + 90,-29*w + 290]
Isogeny class  3.2-a
Curve [w + 1,0,w,8*w + 81,28*w + 262]
Isogeny class  4.1-a
Curve [w,-1,1,72,-w + 100]
Isogeny class  4.1-b
Curve [w + 1,-w - 1,1,-w + 72,w + 99]
Isogeny class  9.1-a
Curve [w + 1,0,w + 1,-13004*w - 101691,2225941*w + 17410597]
Isogeny class  9.1-b
Curve [w,-w + 1,w,13002*w - 114693,-2225942*w + 19636539]
Isogeny class  9.2-a
Curve [w + 1,w + 1,w,148*w - 965,52510*w - 461797]
Isogeny class  9.3-a
Curve [w,w,w,-112*w - 888,-53363*w - 417387]
Isogeny class  12.1-a
Curve [1,1,w + 1,-166*w - 1334,3340*w + 26192]
Isogeny class  12.1-b
Curve [w + 1,w + 1,0,-320942*w - 2510291,276374663*w + 2161708233]
Isogeny class  12.1-c
Curve [1,1,w,-7133*w + 62921,1674559*w - 14772407]
Isogeny class  12.1-d
Curve [w,-1,0,-30155*w - 235794,-9039448*w - 70703367]
Isogeny class  12.1-e
Curve [1,w + 1,0,-10659469*w + 94034229,323902938247*w - 2857361104614]
Isogeny class  12.1-f
Curve [1,1,w,-4389*w - 34325,-458549*w - 3586629]
Isogeny class  12.2-a
Curve [1,1,w,165*w - 1499,-3341*w + 29533]
Isogeny class  12.2-b
Curve [w,w,1,320979*w - 2831305,-279205967*w + 2463060526]
Isogeny class  12.2-c
Curve [1,1,w + 1,7132*w + 55788,-1674560*w - 13097848]
Isogeny class  12.2-d
Curve [w + 1,-w - 1,0,30155*w - 265949,9039448*w - 79742815]
Isogeny class  12.2-e
Curve [1,-w - 1,1,10659471*w + 83374758,-323913597717*w - 2533541541126]
Isogeny class  12.2-f
Curve [1,1,w + 1,4388*w - 38714,458548*w - 4045178]
Isogeny class  13.1-a
Curve [w + 1,w,w,57*w + 424,436*w + 3397]
Isogeny class  13.2-a
Curve [w,w - 1,w,-23*w + 412,10*w + 644]

Total time: 28.500 seconds, Total memory usage: 56.06MB
