Magma V2.21-3     Mon Jun  1 2015 11:34:39 on atkin    [Seed = 1081937023]
Type ? for help.  Type <Ctrl>-D to quit.
Field 2.2.236.1
Isogeny class  4.1-a
Curve [w + 1,1,w + 1,14*w - 14,99*w - 490]
Isogeny class  4.1-b
Curve [w + 1,-w + 1,w + 1,-16*w - 14,-100*w - 490]
Isogeny class  4.1-c
Curve [w + 1,-w - 1,w + 1,4*w - 34,20]
Isogeny class  4.1-d
Curve [w + 1,-1,w + 1,-6*w - 34,-w + 20]
Isogeny class  9.1-a
Curve [1,-w + 1,w + 1,284*w - 2172,8125*w - 62438]
Isogeny class  9.1-b
Curve [w,w - 1,1,294*w - 2109,-6678*w + 51659]
Isogeny class  9.1-c
Curve [1,w + 1,w + 1,-285*w - 2172,-8126*w - 62438]
Isogeny class  9.1-d
Curve [w,-w - 1,1,-295*w - 2109,6678*w + 51659]
Isogeny class  10.1-a
Curve [1,-w + 1,1,-3*w + 3,10*w + 102]
Isogeny class  10.1-b
Curve [w,w - 1,0,7*w + 66,9]
Isogeny class  10.2-a
Curve [1,w + 1,1,3*w + 3,-10*w + 102]
Isogeny class  10.2-b
Curve [w,-w - 1,0,-7*w + 66,9]
Isogeny class  16.1-a
Curve [w + 1,0,0,5*w + 91,12*w + 205]
Isogeny class  16.1-b
Curve [w + 1,0,0,5*w + 77,12*w + 135]
Isogeny class  16.1-c
Curve [0,w,0,48760*w - 374513,-22180635*w + 170372707]
Isogeny class  16.1-d
Curve [0,-w,0,-48760*w - 374513,22180635*w + 170372707]
Isogeny class  16.1-e
Curve [-w + 1,0,0,-5*w + 77,-12*w + 135]
Isogeny class  16.1-f
Curve [-w + 1,0,0,-5*w + 91,-12*w + 205]
Isogeny class  17.1-a
Curve [w,-w,w + 1,206*w - 1599,15119*w - 116137]
Isogeny class  17.1-b
Curve [1,-w + 1,w,-444*w - 3380,-12982*w - 99705]
Isogeny class  17.1-c
Curve [1,w,w,216*w - 1642,-14062*w + 108016]
Isogeny class  17.1-d
Curve [w,w - 1,w + 1,-434*w - 3347,10789*w + 82869]
Isogeny class  17.2-a
Curve [w,w,w + 1,-207*w - 1599,-15120*w - 116137]
Isogeny class  17.2-b
Curve [1,w + 1,w,443*w - 3380,12982*w - 99705]
Isogeny class  17.2-c
Curve [1,-w,w,-217*w - 1642,14062*w + 108016]
Isogeny class  17.2-d
Curve [w,-w - 1,w + 1,433*w - 3347,-10790*w + 82869]
Isogeny class  20.1-a
Curve [0,w + 1,0,64308*w - 493934,59448010*w - 456628805]
Isogeny class  20.1-b
Curve [0,-w - 1,0,64308*w - 493934,-59448010*w + 456628805]
Isogeny class  20.2-a
Curve [0,-w + 1,0,-64308*w - 493934,-59448010*w - 456628805]
Isogeny class  20.2-b
Curve [0,w - 1,0,-64308*w - 493934,59448010*w + 456628805]
Isogeny class  25.2-a
Curve [w + 1,w,1,15*w + 114,45*w + 337]
Isogeny class  25.2-b
Curve [1,-w,w + 1,w + 32,-2*w - 8]
Isogeny class  25.2-c
Curve [w,w,1,11*w + 105,34*w + 274]
Isogeny class  25.3-a
Curve [w + 1,w,1,-66501*w + 511034,-77075*w + 592715]
Isogeny class  25.3-b
Curve [1,w,w + 1,-2*w + 32,w - 8]
Isogeny class  25.3-c
Curve [w,-w,1,-12*w + 105,-34*w + 274]
Isogeny class  34.1-a
Curve [1,-w + 1,1,-135*w - 1011,2690*w + 20688]
Isogeny class  34.1-b
Curve [w,-1,w + 1,-3248*w - 24911,-307993*w - 2365654]
Isogeny class  34.1-c
Curve [w,w - 1,0,-125*w - 948,-3340*w - 25647]
Isogeny class  34.1-d
Curve [1,1,w,-3248*w - 24944,291755*w + 2240998]
Isogeny class  34.2-a
Curve [1,w + 1,1,135*w - 1011,-2690*w + 20688]
Isogeny class  34.2-b
Curve [w,-1,w + 1,3247*w - 24911,307992*w - 2365654]
Isogeny class  34.2-c
Curve [w,-w - 1,0,125*w - 948,3340*w - 25647]
Isogeny class  34.2-d
Curve [1,1,w,3247*w - 24944,-291755*w + 2240998]
Isogeny class  46.1-a
Curve [1,1,0,105*w - 806,3205*w - 24618]
Isogeny class  46.1-b
Curve [w,-1,w,105*w - 773,-2680*w + 20667]
Isogeny class  46.2-a
Curve [1,1,0,-105*w - 806,-3205*w - 24618]
Isogeny class  46.2-b
Curve [w,-1,w,-105*w - 773,2680*w + 20667]

Total time: 56.670 seconds, Total memory usage: 55.41MB
