Magma V2.21-3     Sun May 24 2015 19:53:36 on atkin    [Seed = 405665648]
Type ? for help.  Type <Ctrl>-D to quit.
Field 2.2.29.1
Isogeny class 1.1-a
Curve [w + 1,w - 1,1,2*w + 6,2*w + 4]
Curve [-w + 2,-w,1,-2*w + 8,-2*w + 6]
Isogeny class 4.1-a
Curve [w,1,0,11*w - 31,-23*w + 75]
Isogeny class 7.1-a
Curve [1,w + 1,1,7*w - 18,12*w - 37]
Isogeny class 7.2-a
Curve [1,-w - 1,0,-5*w - 12,-6*w - 13]
Isogeny class 13.1-a
Curve [w,-1,1,-4*w - 7,4*w + 9]
Isogeny class 13.2-a
Curve [w + 1,-w - 1,1,3*w - 11,-4*w + 13]
Isogeny class 16.1-a
Curve [0,-w,0,2*w - 3,3*w - 10]
Curve [0,w - 1,0,-2*w - 1,-3*w - 7]
Isogeny class 20.1-a
Curve [w,-w + 1,0,-142*w - 307,-1521*w - 3336]
Isogeny class 20.1-b
Curve [w,-w,1,-2*w + 3,-w + 2]
Isogeny class 20.2-a
Curve [w + 1,0,0,142*w - 449,1521*w - 4857]
Isogeny class 20.2-b
Curve [w + 1,-1,1,w + 1,w + 1]
Isogeny class 25.1-a
Curve [w + 1,-w,w,-59*w - 140,-398*w - 898]
Isogeny class 25.1-b
Curve [w,0,w + 1,57*w - 198,397*w - 1296]
Isogeny class 25.2-a
Curve [w + 1,-w - 1,w + 1,-15*w - 40,-481*w - 1066]
Isogeny class 25.3-a
Curve [w,-1,w,-2*w + 2,-18*w + 55]
Isogeny class 28.1-a
Curve [1,w - 1,0,2,0]
Isogeny class 28.1-b
Curve [w + 1,w + 1,w,3*w + 5,22*w + 47]
Isogeny class 28.2-a
Curve [1,-w,0,2,0]
Isogeny class 28.2-b
Curve [w,w,w,2*w - 1,-19*w + 64]
Isogeny class 35.1-a
Curve [w,-w - 1,w,-3*w - 7,-2*w - 5]
Isogeny class 35.2-a
Curve [w + 1,w,w,2*w + 4,2*w + 3]
Isogeny class 35.2-b
Curve [1,w,0,-101*w + 302,-420*w + 1268]
Isogeny class 35.2-c
Curve [1,-w + 1,w + 1,-3*w - 2,-w - 1]
Isogeny class 35.4-a
Curve [w + 1,1,0,4*w - 3,5*w - 10]
Isogeny class 35.3-a
Curve [w,w - 1,w,w - 1,1]
Isogeny class 35.3-b
Curve [1,-w + 1,0,101*w + 201,420*w + 848]
Isogeny class 35.3-c
Curve [1,w,w,2*w - 4,-1]
Isogeny class 36.1-a
Curve [w,1,1,-2*w + 9,-3*w + 11]
Isogeny class 49.1-a
Curve [0,w + 1,1,w + 2,-w - 2]
Curve [0,-w + 2,1,-w + 3,w - 3]
Isogeny class 49.2-a
Curve [0,w,w,-10*w - 21,-41*w - 91]
Isogeny class 49.2-b
Curve [1,-w,1,-3*w - 5,8*w + 18]
Isogeny class 49.2-c
Curve [0,-1,w,-w - 2,w + 1]
Isogeny class 49.2-d
Curve [w + 1,0,w + 1,26*w - 103,137*w - 493]
Isogeny class 49.3-a
Curve [0,-w + 1,w + 1,10*w - 31,40*w - 132]
Isogeny class 49.3-b
Curve [w + 1,-w + 1,0,-2*w,-3*w - 5]
Isogeny class 49.3-c
Curve [0,-1,w + 1,w - 3,-2*w + 2]
Isogeny class 49.3-d
Curve [w,-w + 1,w,-28*w - 75,-138*w - 355]
Isogeny class 52.1-a
Curve [w + 1,1,w,w - 1,3*w - 8]
Isogeny class 52.1-b
Curve [w,0,1,0,0]
Isogeny class 52.1-c
Curve [w + 1,w,w,24*w - 65,80*w - 244]
Isogeny class 52.2-a
Curve [w,-w - 1,1,-w,-2*w - 5]
Isogeny class 52.2-b
Curve [w + 1,-w,1,-w,0]
Isogeny class 52.2-c
Curve [w,w - 1,w,-21*w - 48,-125*w - 275]
Isogeny class 59.1-a
Curve [w + 1,-w,w + 1,241*w - 817,3724*w - 12004]
Isogeny class 59.2-a
Curve [w,0,w,-243*w - 574,-3725*w - 8279]
Isogeny class 63.1-a
Curve [1,w + 1,w,-2*w - 3,-4*w - 10]
Isogeny class 63.1-b
Curve [0,-1,w,-127*w - 285,-1252*w - 2751]
Isogeny class 63.1-c
Curve [w,-1,0,-2*w + 7,0]
Isogeny class 63.2-a
Curve [1,-w - 1,w,3*w - 6,w - 8]
Isogeny class 63.2-b
Curve [0,-1,w + 1,127*w - 412,1251*w - 4003]
Isogeny class 63.2-c
Curve [w + 1,-w - 1,0,2*w + 5,0]
Isogeny class 64.1-a
Curve [0,-w + 1,0,-3*w - 3,-7*w - 14]
Isogeny class 64.1-b
Curve [0,w,0,3*w - 6,7*w - 21]
Isogeny class 65.1-a
Curve [0,1,w + 1,-9*w - 27,-56*w - 134]
Isogeny class 65.1-b
Curve [1,-w - 1,w,-3*w - 5,-4*w - 10]
Isogeny class 65.2-a
Curve [w,-1,0,1,0]
Isogeny class 65.2-b
Curve [0,-w,w,280*w - 1465,6194*w - 24467]
Isogeny class 65.2-c
Curve [0,-w + 1,w,-7*w - 12,21*w + 46]
Isogeny class 65.4-a
Curve [0,1,w,9*w - 36,55*w - 189]
Isogeny class 65.4-b
Curve [1,w + 1,w,4*w - 8,7*w - 22]
Isogeny class 65.3-a
Curve [w + 1,-w - 1,0,1,0]
Isogeny class 65.3-b
Curve [0,w - 1,w + 1,5,-3]
Isogeny class 65.3-c
Curve [0,w,w + 1,7*w - 19,-22*w + 67]
Isogeny class 67.1-a
Curve [w + 1,-w - 1,w + 1,-w - 5,-w - 2]
Isogeny class 67.2-a
Curve [w,-1,w,-w - 4,-2]
Isogeny class 71.1-a
Curve [w,w + 1,w + 1,-11*w - 26,-77*w - 169]
Isogeny class 71.2-a
Curve [w + 1,w - 1,0,15*w - 34,39*w - 115]
Isogeny class 80.1-a
Curve [0,-1,0,4*w + 8,-4*w - 8]
Isogeny class 80.2-a
Curve [0,-1,0,-4*w + 12,4*w - 12]
Isogeny class 81.1-a
Curve [w + 1,1,1,229*w - 725,-2972*w + 9498]
Curve [-w + 2,1,1,-229*w - 496,2972*w + 6526]
Isogeny class 92.1-a
Curve [w + 1,-w - 1,0,-w - 2,-w - 2]
Isogeny class 92.1-b
Curve [w,-1,w,-14*w - 35,-54*w - 121]
Isogeny class 92.1-c
Curve [1,-w + 1,1,0,w - 3]
Isogeny class 92.2-a
Curve [w,-1,0,w - 3,w - 3]
Isogeny class 92.2-b
Curve [w + 1,-w - 1,w + 1,12*w - 49,53*w - 175]
Isogeny class 92.2-c
Curve [1,w,1,0,-w - 2]
Isogeny class 100.1-a
Curve [w,-w - 1,w + 1,6*w - 25,18*w - 62]
Isogeny class 100.1-b
Curve [1,0,w + 1,-5*w - 15,9*w + 16]
Isogeny class 100.1-c
Curve [1,0,w,4*w - 19,-10*w + 26]
Isogeny class 100.2-a
Curve [1,-w,w + 1,-18*w + 57,-25*w + 75]
Isogeny class 100.2-b
Curve [1,w + 1,w,5,9*w - 28]
Isogeny class 100.2-c
Curve [1,w + 1,1,-76*w - 247,-881*w - 2183]
Isogeny class 100.2-d
Curve [1,0,w + 1,w + 3,15*w + 32]
Isogeny class 100.2-e
Curve [w,-w,w + 1,-8*w - 18,17*w + 37]
Isogeny class 100.3-a
Curve [1,w - 1,w,17*w + 40,24*w + 51]
Isogeny class 100.3-b
Curve [1,-w - 1,w,w + 4,-10*w - 23]
Isogeny class 100.3-c
Curve [1,-w - 1,0,78*w - 324,804*w - 2740]
Isogeny class 100.3-d
Curve [1,0,w,-2*w + 5,-16*w + 48]
Isogeny class 100.3-e
Curve [w + 1,-1,w,6*w - 25,-18*w + 55]
Isogeny class 115.1-a
Curve [w + 1,0,w,-w + 19,35*w - 36]
Isogeny class 115.2-a
Curve [w + 1,-w,w + 1,-3*w + 1,-2*w + 2]
Isogeny class 115.2-b
Curve [w + 1,1,w + 1,0,0]
Isogeny class 115.4-a
Curve [w,-w + 1,w + 1,-w + 19,-36*w - 1]
Isogeny class 115.3-a
Curve [w,0,w,w,w + 1]
Isogeny class 115.3-b
Curve [w,-w - 1,0,1,0]
Isogeny class 116.1-a
Curve [1,1,1,5,9]
Isogeny class 116.1-b
Curve [1,-1,0,-1,1]
Isogeny class 117.1-a
Curve [w,-w + 1,w,-234*w - 1815,-13668*w - 6437]
Isogeny class 117.1-b
Curve [w + 1,-w + 1,0,-4*w - 3,2*w + 8]
Isogeny class 117.1-c
Curve [w,0,w + 1,2*w - 11,6*w - 23]
Isogeny class 117.1-d
Curve [1,-w + 1,w + 1,-2*w,1]
Isogeny class 117.2-a
Curve [w + 1,0,w + 1,232*w - 2049,13667*w - 20105]
Isogeny class 117.2-b
Curve [w,1,0,4*w - 7,-2*w + 10]
Isogeny class 117.2-c
Curve [w + 1,-w,w,-4*w - 8,-7*w - 16]
Isogeny class 117.2-d
Curve [1,w,w,w - 1,-w + 2]
Isogeny class 121.1-a
Curve [0,-1,1,-10,-20]
Isogeny class 125.1-a
Curve [w,w,w,-1007*w - 2227,-30671*w - 67269]
Isogeny class 125.1-b
Curve [w,-1,w + 1,42*w - 350,447*w - 2612]
Isogeny class 125.2-a
Curve [w + 1,w + 1,w,1012*w - 3230,28448*w - 90875]
Isogeny class 125.2-b
Curve [w + 1,-w - 1,w,-44*w - 307,-448*w - 2164]
Isogeny class 140.1-a
Curve [w,w - 1,0,397*w - 1262,-1678*w + 5359]
Isogeny class 140.1-b
Curve [w,-w,0,11*w - 37,-23*w + 75]
Isogeny class 140.1-c
Curve [w,1,w + 1,-3,-3]
Isogeny class 140.1-d
Curve [w,-w,w + 1,-62736*w - 141103,-14227183*w - 31279759]
Isogeny class 140.1-e
Curve [w + 1,1,0,3*w - 2,-w + 4]
Isogeny class 140.1-f
Curve [w,0,0,3*w + 7,5*w + 11]
Isogeny class 140.2-a
Curve [w,-w - 1,w,-7*w + 18,7*w - 25]
Isogeny class 140.2-b
Curve [w,-w - 1,w + 1,-3119*w - 14269,-220063*w - 734992]
Isogeny class 140.2-c
Curve [w,0,1,-w,0]
Isogeny class 140.2-d
Curve [w + 1,0,w + 1,-39*w - 90,-727*w - 1592]
Isogeny class 140.2-e
Curve [w + 1,-1,w,458*w - 1361,-7350*w + 24115]
Isogeny class 140.4-a
Curve [w + 1,w,1,-393*w - 862,416*w + 914]
Isogeny class 140.4-b
Curve [w + 1,-1,0,-11*w - 26,23*w + 52]
Isogeny class 140.4-c
Curve [w + 1,-w + 1,w,-2*w - 2,-w - 2]
Isogeny class 140.4-d
Curve [w + 1,-1,w,62734*w - 203838,14227182*w - 45506941]
Isogeny class 140.4-e
Curve [w,-w - 1,w,-2*w - 7,3*w + 3]
Isogeny class 140.4-f
Curve [w + 1,-w,0,-3*w + 10,-5*w + 16]
Isogeny class 140.3-a
Curve [w + 1,1,0,8*w + 18,0]
Isogeny class 140.3-b
Curve [w + 1,1,1,3119*w - 17381,223181*w - 972435]
Isogeny class 140.3-c
Curve [w + 1,-w,1,-1,0]
Isogeny class 140.3-d
Curve [w,-w + 1,w,37*w - 127,726*w - 2318]
Isogeny class 140.3-e
Curve [w,-w,w + 1,-460*w - 902,7349*w + 16765]
Isogeny class 144.1-a
Curve [0,-w + 1,0,-2*w + 8,-28*w + 89]
Isogeny class 144.1-b
Curve [0,w - 1,0,1213*w - 3880,36532*w - 116648]
Isogeny class 144.1-c
Curve [0,-w + 1,0,38*w - 120,-172*w + 549]
Isogeny class 151.1-a
Curve [0,-w - 1,w + 1,w + 2,-w - 3]
Isogeny class 151.1-b
Curve [0,1,w + 1,-180*w - 193,-2032*w - 1965]
Isogeny class 151.2-a
Curve [0,w + 1,w,w + 2,-1]
Isogeny class 151.2-b
Curve [0,1,w,180*w - 373,2031*w - 3996]
Isogeny class 161.1-a
Curve [w + 1,-w + 1,w,-w,0]
Isogeny class 161.2-a
Curve [1,w + 1,0,2*w,3]
Isogeny class 161.2-b
Curve [1,-1,w,12*w - 40,-49*w + 154]
Isogeny class 161.2-c
Curve [1,-1,w,12*w - 61,-68*w + 182]
Isogeny class 161.2-d
Curve [w,-w,0,-586*w + 1653,-4712*w + 13851]
Isogeny class 161.4-a
Curve [w,1,w + 1,-w,-w]
Isogeny class 161.3-a
Curve [1,-w - 1,1,0,w + 2]
Isogeny class 161.3-b
Curve [1,-1,w + 1,-13*w - 28,48*w + 105]
Isogeny class 161.3-c
Curve [1,-1,w + 1,-13*w - 49,67*w + 114]
Isogeny class 161.3-d
Curve [w + 1,-1,0,586*w + 1067,4712*w + 9139]
Isogeny class 167.1-a
Curve [w + 1,w + 1,w + 1,2*w + 9,4*w + 5]
Isogeny class 167.1-b
Curve [0,w + 1,1,0,0]
Isogeny class 167.2-a
Curve [w,w,w + 1,2*w + 3,2*w + 4]
Isogeny class 167.2-b
Curve [0,-w - 1,1,2*w - 1,-w + 1]
Isogeny class 169.1-a
Curve [w,0,1,12*w - 41,-45*w + 139]
Isogeny class 169.1-b
Curve [w,-w - 1,w + 1,-9*w - 46,-38*w - 51]
Curve [-w + 1,w - 2,-w + 2,9*w - 55,38*w - 89]
Isogeny class 169.1-c
Curve [w + 1,-w,1,-13*w - 29,45*w + 94]
Isogeny class 169.1-d
Curve [1,-w - 1,1,-w - 2,4*w + 9]
Isogeny class 169.1-e
Curve [1,w + 1,0,3*w - 3,-2*w + 10]
Isogeny class 169.2-a
Curve [w + 1,-1,w + 1,-2*w - 4,-4]
Isogeny class 169.2-b
Curve [1,w - 1,0,-18*w - 44,210*w + 459]
Isogeny class 169.2-c
Curve [1,-w - 1,w + 1,183*w - 579,2274*w - 7272]
Isogeny class 169.2-d
Curve [w + 1,w,1,-3*w - 5,-50*w - 110]
Isogeny class 169.2-e
Curve [0,w,w + 1,-712*w - 1571,-17819*w - 39047]
Isogeny class 169.2-f
Curve [0,w,w + 1,30*w - 94,124*w - 400]
Isogeny class 169.3-a
Curve [1,1,1,-16*w - 35,53*w + 116]
Isogeny class 169.3-b
Curve [1,-w,0,18*w - 62,-210*w + 669]
Isogeny class 169.3-c
Curve [1,w + 1,w + 1,-182*w - 396,-2458*w - 5393]
Isogeny class 169.3-d
Curve [w,w - 1,0,7*w - 15,35*w - 108]
Isogeny class 169.3-e
Curve [0,-w + 1,w,712*w - 2283,17818*w - 56865]
Isogeny class 169.3-f
Curve [0,-w + 1,w,-30*w - 64,-125*w - 275]
Isogeny class 175.1-a
Curve [w + 1,1,w,-34*w - 84,115*w + 241]
Isogeny class 175.1-b
Curve [w + 1,-w + 1,1,69*w - 525,999*w - 5455]
Isogeny class 175.1-c
Curve [w + 1,w,1,4*w + 4,w + 12]
Isogeny class 175.1-d
Curve [1,w + 1,w,9*w - 23,-23*w + 75]
Isogeny class 175.1-e
Curve [1,-w - 1,1,3*w - 5,-2*w + 4]
Isogeny class 175.1-f
Curve [w,w,w + 1,4*w - 10,-3*w + 10]
Isogeny class 175.1-g
Curve [w + 1,-w,w + 1,-w - 1,0]
Isogeny class 175.3-a
Curve [1,w - 1,0,-3*w + 11,0]
Isogeny class 175.3-b
Curve [1,0,0,152*w - 487,-1667*w + 5321]
Isogeny class 175.3-c
Curve [w,w,w + 1,-236*w - 178,-2604*w - 4492]
Isogeny class 175.3-d
Curve [1,0,0,-15*w - 33,47*w + 103]
Isogeny class 175.4-a
Curve [0,-w,1,-5*w - 17,25*w + 42]
Isogeny class 175.4-b
Curve [w + 1,1,w + 1,1,3*w - 8]
Isogeny class 175.4-c
Curve [0,0,1,-4*w - 27,-82*w - 210]
Isogeny class 175.4-d
Curve [1,-1,1,2*w - 4,2*w - 2]
Isogeny class 175.4-e
Curve [0,0,1,-281*w - 628,-20791*w - 45602]
Isogeny class 175.4-f
Curve [w,-w,w + 1,-10*w - 41,52*w + 52]
Isogeny class 175.4-g
Curve [1,-1,w,2,w - 7]
Isogeny class 175.4-h
Curve [0,-1,1,2*w - 7,2*w - 6]
Isogeny class 175.2-a
Curve [w,-w - 1,1,1669*w - 7318,77727*w - 281200]
Isogeny class 175.2-b
Curve [w,1,1,-70*w - 455,-999*w - 4456]
Isogeny class 175.2-c
Curve [w,w - 1,0,1,0]
Isogeny class 175.2-d
Curve [1,-w - 1,w,-8*w - 15,31*w + 67]
Isogeny class 175.2-e
Curve [1,w + 1,0,-w - 2,0]
Isogeny class 175.2-f
Curve [w + 1,w + 1,w + 1,-2,-4*w - 8]
Isogeny class 175.2-g
Curve [w,0,w,-w,-w + 1]
Isogeny class 175.6-a
Curve [1,-w,0,3*w + 8,0]
Isogeny class 175.6-b
Curve [1,0,0,-152*w - 335,1667*w + 3654]
Isogeny class 175.6-c
Curve [w + 1,w + 1,w + 1,240*w - 410,2429*w - 5431]
Isogeny class 175.6-d
Curve [1,0,0,15*w - 48,-47*w + 150]
Isogeny class 175.5-a
Curve [0,w - 1,1,5*w - 22,-25*w + 67]
Isogeny class 175.5-b
Curve [w,-w - 1,0,2,-3*w - 6]
Isogeny class 175.5-c
Curve [0,0,1,4*w - 31,82*w - 292]
Isogeny class 175.5-d
Curve [1,-1,1,-2*w - 2,-2*w]
Isogeny class 175.5-e
Curve [0,0,1,281*w - 909,20791*w - 66393]
Isogeny class 175.5-f
Curve [w + 1,-1,w,8*w - 50,-53*w + 105]
Isogeny class 175.5-g
Curve [1,-1,w + 1,-w + 2,-2*w - 6]
Isogeny class 175.5-h
Curve [0,-1,1,-2*w - 5,-2*w - 4]
Isogeny class 179.1-a
Curve [w + 1,w,w,w + 2,-3*w - 8]
Isogeny class 179.1-b
Curve [1,-w,w,24*w - 75,126*w - 406]
Isogeny class 179.2-a
Curve [w,w - 1,w,2*w - 4,2*w - 5]
Isogeny class 179.2-b
Curve [1,w - 1,w + 1,-25*w - 51,-127*w - 280]
Isogeny class 180.1-a
Curve [w + 1,w + 1,w,-852*w + 2571,19605*w - 63878]
Isogeny class 180.1-b
Curve [w,0,1,13*w,24*w - 40]
Isogeny class 180.2-a
Curve [w,w,w,857*w + 1710,-17891*w - 40004]
Isogeny class 180.2-b
Curve [w + 1,-w,1,-14*w + 13,-24*w - 16]
Isogeny class 196.1-a
Curve [w,0,w,13*w - 45,49*w - 159]
Isogeny class 196.1-b
Curve [1,0,w + 1,w - 1,-w]
Isogeny class 196.1-c
Curve [w,-w + 1,w + 1,-648*w - 1422,-4308*w - 9446]
Isogeny class 196.1-d
Curve [1,0,1,4,-6]
Isogeny class 196.1-e
Curve [w + 1,0,w,646*w - 2069,4307*w - 13753]
Isogeny class 196.1-f
Curve [w,w,0,1050*w - 3349,51515*w - 164488]
Isogeny class 196.1-g
Curve [1,0,w,-2*w + 1,0]
Isogeny class 196.1-h
Curve [w + 1,-w,w + 1,-15*w - 32,-50*w - 110]
Isogeny class 196.2-a
Curve [1,w,w + 1,-23*w - 54,-133*w - 283]
Isogeny class 196.2-b
Curve [1,1,w + 1,-310*w + 993,12459*w - 39768]
Isogeny class 196.2-c
Curve [w,w - 1,0,-w - 2,1]
Isogeny class 196.2-d
Curve [w,w + 1,0,-3*w - 9,-651*w - 1429]
Isogeny class 196.2-e
Curve [w + 1,-w,w + 1,-w - 5,3*w + 4]
Isogeny class 196.3-a
Curve [1,-w + 1,w,22*w - 76,132*w - 415]
Isogeny class 196.3-b
Curve [1,1,w,309*w + 684,-12460*w - 27308]
Isogeny class 196.3-c
Curve [w + 1,w,1,5*w,-2*w + 20]
Isogeny class 196.3-d
Curve [w + 1,w - 1,w,7*w - 17,634*w - 2023]
Isogeny class 196.3-e
Curve [w,0,w,-w - 4,-4*w + 8]
Isogeny class 203.1-a
Curve [1,1,1,0,w + 2]
Isogeny class 203.1-b
Curve [w + 1,-w,0,-23*w - 49,139*w + 305]
Isogeny class 203.1-c
Curve [w,-w,0,-5*w - 6,9*w + 16]
Isogeny class 203.2-a
Curve [1,1,1,0,-w + 3]
Isogeny class 203.2-b
Curve [w,0,0,23*w - 72,-139*w + 444]
Isogeny class 203.2-c
Curve [w + 1,-1,0,5*w - 11,-9*w + 25]
Isogeny class 208.1-a
Curve [0,-1,0,-3*w - 6,w + 2]
Isogeny class 208.2-a
Curve [0,-1,0,3*w - 9,-w + 3]
Isogeny class 225.1-a
Curve [1,w,w,452*w - 1450,11404*w - 36409]
Isogeny class 225.1-b
Curve [1,-w + 1,w + 1,-453*w - 998,-11405*w - 25005]
Isogeny class 225.1-c
Curve [1,w - 1,1,224*w - 784,3144*w - 10320]
Isogeny class 225.1-d
Curve [w,w + 1,0,-1,0]
Isogeny class 225.1-e
Curve [1,1,1,-10,-10]
Isogeny class 225.1-f
Curve [w + 1,w - 1,w,4*w - 6,-6*w + 25]
Isogeny class 225.1-g
Curve [1,-w,1,-224*w - 560,-3144*w - 7176]
Isogeny class 227.1-a
Curve [w + 1,-w,w,-834*w + 2617,4593*w - 14777]
Isogeny class 227.2-a
Curve [w,0,w + 1,832*w + 1784,-4594*w - 10184]
Isogeny class 233.1-a
Curve [w + 1,1,0,2*w + 3,w + 2]
Isogeny class 233.1-b
Curve [w,-w + 1,w + 1,-3*w + 3,-2*w + 2]
Isogeny class 233.2-a
Curve [w,-w - 1,w,-w - 3,-1]
Isogeny class 233.2-b
Curve [w + 1,0,w,w + 1,w + 1]
Isogeny class 236.1-a
Curve [w + 1,-1,w + 1,-w - 4,-w - 1]
Isogeny class 236.1-b
Curve [1,w + 1,w + 1,2,-w - 3]
Isogeny class 236.1-c
Curve [w + 1,0,0,5*w - 6,-57*w - 100]
Isogeny class 236.2-a
Curve [w,-w,w,-w - 3,-1]
Isogeny class 236.2-b
Curve [1,-w - 1,w + 1,w + 1,-w - 5]
Isogeny class 236.2-c
Curve [w,-w + 1,0,-5*w - 1,57*w - 157]
Isogeny class 239.1-a
Curve [w,-1,w,-6,-w - 1]
Isogeny class 239.2-a
Curve [w + 1,-w - 1,w + 1,-2*w - 6,-2]
Isogeny class 241.1-a
Curve [w,1,w + 1,-3*w - 6,0]
Isogeny class 241.2-a
Curve [w + 1,-w + 1,w,w - 8,-w + 1]
Isogeny class 245.1-a
Curve [w,-w + 1,w,-w,0]
Isogeny class 245.1-b
Curve [0,-w + 1,1,-138*w - 322,1622*w + 3575]
Isogeny class 245.1-c
Curve [0,-w,1,2*w - 3,3*w - 11]
Isogeny class 245.1-d
Curve [w,w - 1,1,4*w - 7,-7*w + 26]
Isogeny class 245.3-a
Curve [w + 1,1,w,4*w + 8,6*w + 12]
Isogeny class 245.3-b
Curve [w + 1,1,1,-10*w - 20,-49*w - 108]
Isogeny class 245.3-c
Curve [0,-w,w + 1,44*w - 151,319*w - 991]
Isogeny class 245.3-d
Curve [0,0,w + 1,-9*w - 26,28*w + 62]
Isogeny class 245.3-e
Curve [0,-w - 1,w + 1,5*w - 13,-7*w + 21]
Isogeny class 245.3-f
Curve [0,w - 1,w + 1,9*w - 30,16*w - 59]
Isogeny class 245.3-g
Curve [0,-w - 1,w + 1,99*w - 324,-862*w + 2745]
Isogeny class 245.3-h
Curve [1,-1,1,16*w + 34,-12*w - 26]
Isogeny class 245.3-i
Curve [0,0,w + 1,-2*w - 5,2*w + 4]
Isogeny class 245.4-a
Curve [1,w,1,2*w - 5,-3*w + 11]
Isogeny class 245.4-b
Curve [1,w + 1,w + 1,-1,-w - 1]
Isogeny class 245.4-c
Curve [w + 1,-w - 1,0,1010*w + 2098,-15103*w - 33664]
Isogeny class 245.4-d
Curve [w + 1,0,1,-8*w - 26,-47*w - 94]
Isogeny class 245.4-e
Curve [w + 1,w,0,13*w - 22,10*w - 15]
Isogeny class 245.2-a
Curve [w + 1,0,w + 1,-w - 1,-w]
Isogeny class 245.2-b
Curve [0,w,1,138*w - 460,-1622*w + 5197]
Isogeny class 245.2-c
Curve [0,w - 1,1,-2*w - 1,-3*w - 8]
Isogeny class 245.2-d
Curve [w + 1,w,0,1,0]
Isogeny class 245.6-a
Curve [w,-w - 1,1,-4*w + 12,-2*w + 6]
Isogeny class 245.6-b
Curve [w,-w - 1,w + 1,10*w - 37,38*w - 127]
Isogeny class 245.6-c
Curve [0,w - 1,w,-44*w - 107,-320*w - 671]
Isogeny class 245.6-d
Curve [0,0,w,9*w - 35,-29*w + 91]
Isogeny class 245.6-e
Curve [0,w + 1,w,-3*w - 9,2*w + 6]
Isogeny class 245.6-f
Curve [0,-w,w,-9*w - 21,-17*w - 42]
Isogeny class 245.6-g
Curve [0,w + 1,w,-97*w - 226,763*w + 1658]
Isogeny class 245.6-h
Curve [1,-1,1,-16*w + 50,12*w - 38]
Isogeny class 245.6-i
Curve [0,0,w,2*w - 7,-3*w + 7]
Isogeny class 245.5-a
Curve [1,-w + 1,1,-2*w - 3,3*w + 8]
Isogeny class 245.5-b
Curve [1,-w - 1,w + 1,w - 2,-w]
Isogeny class 245.5-c
Curve [w,-1,0,-1010*w + 3108,15103*w - 48767]
Isogeny class 245.5-d
Curve [w,-w + 1,1,7*w - 33,47*w - 141]
Isogeny class 245.5-e
Curve [w,w - 1,1,-9*w - 17,-27*w - 60]
Isogeny class 252.1-a
Curve [w,-1,1,-52*w - 117,-365*w - 803]
Isogeny class 252.1-b
Curve [w,1,1,-11*w - 71,89*w + 25]
Isogeny class 252.2-a
Curve [w + 1,-w - 1,1,51*w - 169,365*w - 1168]
Isogeny class 252.2-b
Curve [w + 1,-w + 1,1,10*w - 82,-89*w + 114]
Isogeny class 256.1-a
Curve [0,w,0,-168*w - 368,-2160*w - 4736]
Isogeny class 256.1-b
Curve [0,1,0,0,20*w - 64]
Curve [0,-1,0,0,20*w + 44]
Isogeny class 256.1-c
Curve [0,-1,0,-w + 3,-w + 3]
Isogeny class 256.1-d
Curve [0,-w,0,2*w + 5,-17*w - 38]
Curve [0,-w + 1,0,-2*w + 7,-17*w + 55]
Isogeny class 256.1-e
Curve [0,1,0,w + 2,-w - 2]
Isogeny class 256.1-f
Curve [0,w + 1,0,w - 31,-39*w + 4]
Isogeny class 256.1-g
Curve [0,1,0,-w + 3,w - 3]
Isogeny class 256.1-h
Curve [0,w + 1,0,-4*w - 8,4*w + 8]
Curve [0,-w + 2,0,4*w - 12,-4*w + 12]
Isogeny class 256.1-i
Curve [0,w - 1,0,-2*w + 7,17*w - 55]
Curve [0,w,0,2*w + 5,17*w + 38]
Isogeny class 256.1-j
Curve [0,w - 1,0,-3*w - 3,7*w + 14]
Isogeny class 256.1-k
Curve [0,1,0,0,-20*w - 44]
Curve [0,-1,0,0,-20*w + 64]
Isogeny class 256.1-l
Curve [0,-1,0,w + 2,w + 2]
Isogeny class 256.1-m
Curve [0,-w - 1,0,w - 31,39*w - 4]
Isogeny class 256.1-n
Curve [0,-w,0,3*w - 6,-7*w + 21]
Isogeny class 256.1-o
Curve [0,w,0,2*w - 3,-3*w + 10]
Curve [0,-w + 1,0,-2*w - 1,3*w + 7]
Isogeny class 260.1-a
Curve [1,w,0,w + 2,w + 3]
Isogeny class 260.2-a
Curve [1,-w - 1,1,8*w - 21,-33*w + 103]
Isogeny class 260.2-b
Curve [w + 1,1,w + 1,w - 4,-w - 11]
Isogeny class 260.4-a
Curve [1,-w + 1,0,-w + 3,-w + 4]
Isogeny class 260.3-a
Curve [1,w + 1,0,-6*w - 13,26*w + 57]
Isogeny class 260.3-b
Curve [w,-w - 1,0,-w - 2,2*w - 9]
Isogeny class 265.1-a
Curve [0,-1,1,4*w - 12,-362*w + 1155]
Isogeny class 265.1-b
Curve [0,w + 1,w,2*w + 4,-4*w - 10]
Isogeny class 265.2-a
Curve [0,-w - 1,w + 1,17*w - 25,-37*w + 87]
Isogeny class 265.2-b
Curve [0,w - 1,w + 1,-2*w + 8,5*w - 20]
Isogeny class 265.4-a
Curve [0,-1,1,-4*w - 8,362*w + 793]
Isogeny class 265.4-b
Curve [0,-w - 1,w + 1,5,4*w - 19]
Isogeny class 265.3-a
Curve [0,w + 1,w,-15*w - 9,20*w + 42]
Isogeny class 265.3-b
Curve [0,-w,w,2*w + 6,-6*w - 14]
Isogeny class 268.1-a
Curve [w,-w + 1,1,-10*w - 14,70*w + 157]
Isogeny class 268.2-a
Curve [w + 1,0,1,9*w - 24,-70*w + 227]
Isogeny class 284.1-a
Curve [1,-w - 1,1,4*w + 9,-15*w - 33]
Isogeny class 284.1-b
Curve [w + 1,w - 1,0,2*w + 8,2*w + 4]
Isogeny class 284.1-c
Curve [w,-w + 1,w + 1,6*w - 34,38*w - 136]
Isogeny class 284.2-a
Curve [1,w + 1,0,-2*w + 13,12*w - 35]
Isogeny class 284.2-b
Curve [w,w + 1,w + 1,2*w + 3,2*w + 4]
Isogeny class 284.2-c
Curve [w + 1,0,w,-8*w - 27,-39*w - 97]
Isogeny class 289.1-a
Curve [1,-1,1,-1,-14]
Isogeny class 295.1-a
Curve [w + 1,0,w,-3*w - 8,w + 1]
Isogeny class 295.4-a
Curve [w,-w + 1,w + 1,w - 10,-2*w + 2]
Isogeny class 299.2-a
Curve [w,1,1,3*w + 7,6*w + 10]
Isogeny class 299.3-a
Curve [w + 1,-w + 1,1,-4*w + 10,-6*w + 16]
Isogeny class 315.1-a
Curve [w + 1,0,1,-3*w - 6,-35*w - 77]
Isogeny class 315.2-a
Curve [1,w + 1,0,-27*w - 60,468*w + 1026]
Isogeny class 315.2-b
Curve [0,-w,w + 1,10*w - 29,30*w - 101]
Isogeny class 315.2-c
Curve [w + 1,-w + 1,1,-263*w - 590,-4059*w - 8890]
Isogeny class 315.2-d
Curve [1,-w,1,2,w + 3]
Isogeny class 315.2-e
Curve [0,1,w + 1,-4*w - 18,15*w + 18]
Isogeny class 315.2-f
Curve [1,-w - 1,w + 1,-25*w - 59,158*w + 326]
Isogeny class 315.2-g
Curve [1,0,1,-3*w - 7,-51*w - 112]
Isogeny class 315.2-h
Curve [1,w,1,-313*w + 827,73996*w - 235821]
Isogeny class 315.2-i
Curve [0,-w,w + 1,2*w - 3,2*w - 12]
Isogeny class 315.2-j
Curve [w + 1,0,w,7*w - 23,-16*w + 51]
Isogeny class 315.2-k
Curve [w,0,w,26*w + 75,-284*w - 733]
Isogeny class 315.4-a
Curve [w,-w + 1,1,2*w - 8,35*w - 112]
Isogeny class 315.3-a
Curve [1,-w - 1,1,29*w - 89,-496*w + 1582]
Isogeny class 315.3-b
Curve [0,w - 1,w,-10*w - 19,-31*w - 70]
Isogeny class 315.3-c
Curve [w,1,1,262*w - 852,4059*w - 12949]
Isogeny class 315.3-d
Curve [1,w - 1,1,2,-w + 4]
Isogeny class 315.3-e
Curve [0,1,w,4*w - 22,-16*w + 34]
Isogeny class 315.3-f
Curve [1,w + 1,w + 1,26*w - 84,-134*w + 401]
Isogeny class 315.3-g
Curve [1,0,1,3*w - 10,51*w - 163]
Isogeny class 315.3-h
Curve [1,-w + 1,1,313*w + 514,-73996*w - 161825]
Isogeny class 315.3-i
Curve [0,w - 1,w,-2*w - 1,-3*w - 9]
Isogeny class 315.3-j
Curve [w,-w + 1,w + 1,-9*w - 15,15*w + 35]
Isogeny class 315.3-k
Curve [w + 1,-w,w + 1,-28*w + 101,283*w - 1017]
Isogeny class 320.1-a
Curve [0,-w + 1,0,14*w - 45,66*w - 209]
Isogeny class 320.1-b
Curve [0,w + 1,0,-2*w - 5,-15*w - 33]
Isogeny class 320.1-c
Curve [0,-w - 1,0,3*w - 4,-2*w + 4]
Isogeny class 320.1-d
Curve [0,-w,0,-1,0]
Isogeny class 320.1-e
Curve [0,-w - 1,0,-27*w - 59,-93*w - 204]
Isogeny class 320.1-f
Curve [0,w + 1,0,160*w - 508,1644*w - 5248]
Isogeny class 320.2-a
Curve [0,w,0,-14*w - 31,-66*w - 143]
Isogeny class 320.2-b
Curve [0,-w - 1,0,4*w - 8,12*w - 40]
Isogeny class 320.2-c
Curve [0,w + 1,0,-w - 2,0]
Isogeny class 320.2-d
Curve [0,w - 1,0,-1,0]
Isogeny class 320.2-e
Curve [0,w + 1,0,29*w - 87,121*w - 384]
Isogeny class 320.2-f
Curve [0,-w - 1,0,-158*w - 349,-1485*w - 3255]
Isogeny class 324.1-a
Curve [w,-w - 1,w,94*w - 305,911*w - 2911]
Isogeny class 324.1-b
Curve [w,-w - 1,w + 1,-19*w + 55,33*w - 110]
Isogeny class 325.1-a
Curve [1,w + 1,w,4*w - 8,-3*w + 10]
Isogeny class 325.1-b
Curve [w + 1,-w - 1,w + 1,-8*w - 36,-18*w - 80]
Isogeny class 325.3-a
Curve [0,-w - 1,w,-3*w - 8,14*w + 30]
Isogeny class 325.3-b
Curve [1,0,1,-62*w - 158,481*w + 1014]
Isogeny class 325.3-c
Curve [0,1,w,-24*w + 78,57*w - 184]
Isogeny class 325.3-d
Curve [1,1,0,-7*w + 23,0]
Isogeny class 325.4-a
Curve [w,-w,w,43*w - 171,379*w - 1147]
Isogeny class 325.4-b
Curve [1,0,w,18*w - 60,72*w - 233]
Isogeny class 325.4-c
Curve [w,w - 1,1,-w + 9,3*w - 6]
Isogeny class 325.4-d
Curve [w + 1,-w,w,-3*w,1]
Isogeny class 325.4-e
Curve [0,w,w + 1,-398*w - 876,-13202*w - 28948]
Isogeny class 325.2-a
Curve [1,-w - 1,w,-3*w - 5,6*w + 12]
Isogeny class 325.2-b
Curve [w,-1,w,6*w - 42,17*w - 97]
Isogeny class 325.6-a
Curve [0,w + 1,w + 1,5*w - 12,-11*w + 32]
Isogeny class 325.6-b
Curve [1,0,1,62*w - 220,-481*w + 1495]
Isogeny class 325.6-c
Curve [0,1,w + 1,24*w + 54,-58*w - 127]
Isogeny class 325.6-d
Curve [1,1,0,7*w + 16,0]
Isogeny class 325.5-a
Curve [w + 1,-1,w + 1,-45*w - 128,-380*w - 768]
Isogeny class 325.5-b
Curve [1,0,w + 1,-19*w - 42,-73*w - 161]
Isogeny class 325.5-c
Curve [w + 1,w,0,5*w + 12,6*w + 13]
Isogeny class 325.5-d
Curve [w,0,w + 1,w - 2,-w + 1]
Isogeny class 325.5-e
Curve [0,-w + 1,w,398*w - 1274,13201*w - 42149]
Isogeny class 332.1-a
Curve [w,0,1,-2*w - 3,-4*w - 9]
Isogeny class 332.2-a
Curve [w + 1,-w,1,w - 5,4*w - 13]
Isogeny class 335.1-a
Curve [1,-w,w,w - 2,-2*w + 3]
Isogeny class 335.2-a
Curve [w + 1,-1,1,-1,-w - 3]
Isogeny class 335.2-b
Curve [w + 1,0,0,w + 2,0]
Isogeny class 335.2-c
Curve [w,-w + 1,w,36*w - 146,-177*w + 612]
Isogeny class 335.4-a
Curve [1,w - 1,w + 1,-2*w - 1,w + 1]
Isogeny class 335.3-a
Curve [w,-w,1,-w,w - 4]
Isogeny class 335.3-b
Curve [w,-w + 1,0,-w + 3,0]
Isogeny class 335.3-c
Curve [w + 1,0,w + 1,-38*w - 110,176*w + 435]
Isogeny class 343.1-a
Curve [1,0,w,-9*w + 27,-29*w + 90]
Isogeny class 343.1-b
Curve [w + 1,-w + 1,1,-42*w + 132,-344*w + 1098]
Isogeny class 343.1-c
Curve [w + 1,w - 1,0,-59*w - 135,305*w + 685]
Isogeny class 343.1-d
Curve [0,w - 1,1,-w - 2,39*w + 90]
Isogeny class 343.2-a
Curve [1,0,w + 1,8*w + 18,28*w + 61]
Isogeny class 343.2-b
Curve [w,1,1,41*w + 91,344*w + 754]
Isogeny class 343.2-c
Curve [w,w + 1,w + 1,63*w - 201,-444*w + 1415]
Isogeny class 343.2-d
Curve [0,w,1,w - 3,-13*w - 32]
Isogeny class 347.1-a
Curve [w + 1,-1,w,-4*w - 10,w + 1]
Isogeny class 347.2-a
Curve [w,-w,w + 1,2*w - 13,-2*w + 2]
Isogeny class 353.1-a
Curve [0,w + 1,1,-2*w - 4,-9*w - 20]
Isogeny class 353.2-a
Curve [0,-w - 1,1,4*w - 7,6*w - 22]
Isogeny class 355.1-a
Curve [w + 1,w,w + 1,w + 1,2*w + 4]
Isogeny class 355.4-a
Curve [w,w - 1,w + 1,w - 4,-4*w + 9]
Isogeny class 361.1-a
Curve [w + 1,w + 1,1,46*w + 102,505*w + 1107]
Isogeny class 361.1-b
Curve [1,-w + 1,0,6*w - 18,-w + 3]
Isogeny class 361.1-c
Curve [1,w,0,-6*w - 12,w + 2]
Isogeny class 361.1-d
Curve [w,w,1,-3*w + 19,25*w - 73]
Isogeny class 361.1-e
Curve [0,1,1,-9,-15]
Isogeny class 364.1-a
Curve [w + 1,-1,w + 1,-w - 5,-2*w - 3]
Isogeny class 364.2-a
Curve [1,w,w,6*w - 17,-22*w + 69]
Isogeny class 364.4-a
Curve [w,-w,w,-w - 4,w - 4]
Isogeny class 364.3-a
Curve [1,-w + 1,w + 1,-7*w - 11,21*w + 47]
Isogeny class 371.1-a
Curve [w,w,0,0,-11*w - 24]
Isogeny class 371.1-b
Curve [w + 1,0,0,2*w,3]
Isogeny class 371.2-a
Curve [w,w + 1,w,w - 1,-3*w - 8]
Isogeny class 371.4-a
Curve [w + 1,w + 1,1,6*w + 3,12*w - 16]
Isogeny class 371.4-b
Curve [w,-w + 1,0,-2*w + 2,3]
Isogeny class 371.3-a
Curve [w + 1,w - 1,1,3*w + 2,2*w + 2]
Isogeny class 377.1-a
Curve [1,w,1,-250*w - 541,-3800*w - 8342]
Isogeny class 377.1-b
Curve [1,-1,1,3*w - 10,4*w - 13]
Isogeny class 377.2-a
Curve [1,-w + 1,1,250*w - 791,3800*w - 12142]
Isogeny class 377.2-b
Curve [1,-1,1,-3*w - 7,-4*w - 9]
Isogeny class 383.1-a
Curve [1,w - 1,1,1,0]
Isogeny class 383.1-b
Curve [w,-w,w + 1,-7,3*w - 14]
Isogeny class 383.2-a
Curve [1,-w,1,1,0]
Isogeny class 383.2-b
Curve [w + 1,-1,w,-2*w - 6,-4*w - 10]
Isogeny class 397.1-a
Curve [w + 1,0,w,223*w - 776,-3237*w + 10042]
Isogeny class 397.2-a
Curve [w,-w + 1,w + 1,-225*w - 552,3236*w + 6805]
Isogeny class 400.1-a
Curve [0,0,0,40*w - 248,-532*w + 1201]
Curve [0,0,0,-40*w - 208,532*w + 669]
Isogeny class 400.1-b
Curve [0,0,0,-113*w - 276,-1144*w - 2566]
Isogeny class 400.1-c
Curve [0,w + 1,0,-w - 3,1]
Isogeny class 400.1-d
Curve [0,0,0,-7*w - 29,8*w + 42]
Isogeny class 400.1-e
Curve [0,-w - 1,0,3*w - 5,-2*w + 6]
Isogeny class 400.1-f
Curve [0,1,0,4,4]
Isogeny class 400.1-g
Curve [0,0,0,7*w - 36,-8*w + 50]
Isogeny class 400.1-h
Curve [0,0,0,113*w - 389,1144*w - 3710]
Isogeny class 400.2-a
Curve [0,w + 1,0,0,-36*w + 104]
Isogeny class 400.2-b
Curve [0,w - 1,0,10*w - 17,-27*w + 89]
Isogeny class 400.3-a
Curve [0,w + 1,0,2*w - 1,-1475*w + 4711]
Isogeny class 400.3-b
Curve [0,-w,0,-10*w - 7,27*w + 62]
Isogeny class 412.1-a
Curve [w + 1,-w + 1,w,-5*w - 9,2*w + 11]
Isogeny class 412.1-b
Curve [1,-w,w + 1,-44*w - 112,330*w + 741]
Isogeny class 412.1-c
Curve [w,w - 1,w + 1,-41*w - 89,155*w + 340]
Isogeny class 412.1-d
Curve [w,w + 1,1,4*w + 1,-2*w + 18]
Isogeny class 412.2-a
Curve [w,1,w + 1,3*w - 13,-3*w + 13]
Isogeny class 412.2-b
Curve [1,w - 1,w,43*w - 155,-331*w + 1072]
Isogeny class 412.2-c
Curve [w + 1,w,w + 1,43*w - 126,-242*w + 788]
Isogeny class 412.2-d
Curve [w + 1,w - 1,w + 1,-w,2*w + 3]
Isogeny class 413.1-a
Curve [w,-w + 1,1,-2*w + 5,-w + 3]
Isogeny class 413.1-b
Curve [w + 1,-1,w + 1,-5,-5*w + 13]
Isogeny class 413.4-a
Curve [w + 1,0,1,w + 3,w + 2]
Isogeny class 413.4-b
Curve [w,-w,w,-2*w - 3,4*w + 9]
Isogeny class 415.2-a
Curve [0,1,w,-w - 2,w + 1]
Isogeny class 415.2-b
Curve [0,1,w,42*w - 508,711*w + 390]
Isogeny class 415.3-a
Curve [0,1,w + 1,w - 3,-2*w + 2]
Isogeny class 415.3-b
Curve [0,1,w + 1,-42*w - 466,-712*w + 1101]
Isogeny class 428.1-a
Curve [w + 1,0,w + 1,w - 6,5*w - 18]
Isogeny class 428.1-b
Curve [w,-w + 1,0,-106*w - 163,-761*w - 1952]
Isogeny class 428.2-a
Curve [w,-w + 1,w,-3*w - 3,-6*w - 12]
Isogeny class 428.2-b
Curve [w + 1,0,0,106*w - 269,761*w - 2713]
Isogeny class 431.1-a
Curve [0,0,1,350*w - 1144,-8137*w + 25925]
Isogeny class 431.2-a
Curve [0,0,1,-1270*w - 2824,-40793*w - 89347]
Isogeny class 439.1-a
Curve [1,-w - 1,1,w + 1,-2]
Isogeny class 439.2-a
Curve [1,w + 1,0,w + 2,0]
Isogeny class 441.1-a
Curve [0,-w + 1,w + 1,-17*w - 42,-57*w - 124]
Isogeny class 441.1-b
Curve [0,-w,w,5*w - 13,-17*w + 51]
Isogeny class 441.1-c
Curve [1,0,0,-4,-1]
Isogeny class 441.1-d
Curve [0,w - 1,w + 1,-5*w - 8,16*w + 34]
Isogeny class 441.1-e
Curve [0,w,w,17*w - 59,56*w - 180]
Isogeny class 441.1-f
Curve [0,-w,w + 1,-50*w - 111,380*w + 833]
Isogeny class 441.1-g
Curve [0,w - 1,w,50*w - 161,-381*w + 1214]
Isogeny class 441.1-h
Curve [w,-w + 1,w,-20*w + 58,20*w - 67]
Isogeny class 441.1-i
Curve [w + 1,0,w + 1,18*w + 38,-21*w - 47]
Isogeny class 441.2-a
Curve [1,-w + 1,1,-11*w + 34,-10*w + 34]
Isogeny class 441.2-b
Curve [0,w,w,-1301*w - 2884,40770*w + 89341]
Isogeny class 441.2-c
Curve [w,w + 1,1,7*w - 9,-33*w + 116]
Isogeny class 441.2-d
Curve [0,-w - 1,w,-w - 2,w + 1]
Isogeny class 441.2-e
Curve [0,-w + 1,w,-21*w - 44,51*w + 111]
Isogeny class 441.3-a
Curve [1,w,1,11*w + 23,10*w + 24]
Isogeny class 441.3-b
Curve [0,-w + 1,w + 1,1301*w - 4185,-40771*w + 130111]
Isogeny class 441.3-c
Curve [w + 1,w - 1,w + 1,-4*w - 7,26*w + 56]
Isogeny class 441.3-d
Curve [0,w + 1,w + 1,3*w - 4,-2]
Isogeny class 441.3-e
Curve [0,w,w + 1,21*w - 65,-52*w + 162]
Isogeny class 448.1-a
Curve [0,-w - 1,0,-12*w + 44,8*w - 28]
Isogeny class 448.1-b
Curve [0,-w - 1,0,-4*w - 8,16*w + 36]
Isogeny class 448.1-c
Curve [0,-1,0,12*w - 40,-44*w + 140]
Isogeny class 448.1-d
Curve [0,1,0,-80*w - 176,-2240*w - 4912]
Isogeny class 448.1-e
Curve [0,-1,0,-19*w + 62,169*w - 534]
Isogeny class 448.2-a
Curve [0,w + 1,0,14*w + 31,5*w + 11]
Isogeny class 448.2-b
Curve [0,w + 1,0,6*w - 13,-11*w + 39]
Isogeny class 448.2-c
Curve [0,-1,0,-12*w - 28,44*w + 96]
Isogeny class 448.2-d
Curve [0,1,0,80*w - 256,2240*w - 7152]
Isogeny class 448.2-e
Curve [0,-1,0,19*w + 43,-169*w - 365]
Isogeny class 455.1-a
Curve [w + 1,0,0,2*w,w]
Isogeny class 455.1-b
Curve [w + 1,w - 1,w,2*w + 2,2*w + 3]
Isogeny class 455.1-c
Curve [1,w,0,1,0]
Isogeny class 455.1-d
Curve [w + 1,w,1,2*w + 6,2*w + 4]
Isogeny class 455.1-e
Curve [w + 1,w + 1,w,-265*w - 787,4086*w + 7886]
Isogeny class 455.2-a
Curve [w,-w,1,9*w - 111,-10*w + 434]
Isogeny class 455.2-b
Curve [1,-w + 1,w,-35*w - 77,-145*w - 319]
Isogeny class 455.2-c
Curve [w,1,w,0,0]
Isogeny class 455.2-d
Curve [1,w - 1,w + 1,-7*w - 12,-25*w - 56]
Isogeny class 455.2-e
Curve [0,-1,w,2*w - 8,-4*w + 12]
Isogeny class 455.4-a
Curve [w + 1,0,1,-w - 14,-w + 13]
Isogeny class 455.4-b
Curve [w + 1,w,1,10*w - 15,-65*w + 223]
Isogeny class 455.4-c
Curve [w + 1,-w,1,2*w - 9,-5*w + 15]
Isogeny class 455.4-d
Curve [w,-1,w,-w - 3,-2*w + 4]
Isogeny class 455.4-e
Curve [1,-1,1,-63*w - 145,473*w + 1032]
Isogeny class 455.8-a
Curve [w,-w + 1,0,-2*w + 2,-w + 1]
Isogeny class 455.8-b
Curve [w,w + 1,0,2*w + 5,0]
Isogeny class 455.8-c
Curve [1,-w + 1,0,1,0]
Isogeny class 455.8-d
Curve [w,w - 1,0,2*w + 1,-w + 7]
Isogeny class 455.8-e
Curve [w,w,w,270*w - 1061,-5143*w + 14903]
Isogeny class 455.7-a
Curve [w + 1,-1,1,-10*w - 102,10*w + 424]
Isogeny class 455.7-b
Curve [1,w,w + 1,34*w - 112,144*w - 464]
Isogeny class 455.7-c
Curve [w + 1,-w + 1,w + 1,-2*w,-w]
Isogeny class 455.7-d
Curve [1,-w,w,6*w - 18,24*w - 80]
Isogeny class 455.7-e
Curve [0,-1,w + 1,-2*w - 6,3*w + 8]
Isogeny class 455.5-a
Curve [w,-w + 1,1,-14,w + 12]
Isogeny class 455.5-b
Curve [w,w - 1,0,-6*w - 12,53*w + 116]
Isogeny class 455.5-c
Curve [w,0,1,-3*w - 6,5*w + 10]
Isogeny class 455.5-d
Curve [w + 1,-w - 1,w + 1,-w - 4,w + 2]
Isogeny class 455.5-e
Curve [1,-1,1,63*w - 208,-473*w + 1505]
Isogeny class 460.1-a
Curve [w,w,w,-10*w + 38,72*w - 225]
Isogeny class 460.1-b
Curve [1,1,w,-w - 6,-4*w - 2]
Isogeny class 460.1-c
Curve [w,w - 1,w,-2*w - 12,-12*w - 30]
Isogeny class 460.1-d
Curve [1,-w,w + 1,2,-1]
Isogeny class 460.1-e
Curve [w,w - 1,0,-77*w - 41,-511*w - 793]
Isogeny class 460.1-f
Curve [w + 1,w - 1,1,2*w - 3,-3*w + 17]
Isogeny class 460.1-g
Curve [w,w - 1,1,3134*w + 6662,1802*w + 5279]
Isogeny class 460.1-h
Curve [1,-w,0,-w - 12,19*w + 17]
Isogeny class 460.2-a
Curve [w + 1,-1,1,682*w - 2729,20275*w - 60344]
Isogeny class 460.2-b
Curve [1,-w,0,w + 4,3*w + 7]
Isogeny class 460.2-c
Curve [w,0,w + 1,-w - 2,-4]
Isogeny class 460.2-d
Curve [w,-w + 1,w + 1,297*w - 959,-1167*w + 3728]
Isogeny class 460.2-e
Curve [1,0,0,-w - 2,5*w + 11]
Isogeny class 460.4-a
Curve [w + 1,w + 1,w,15*w + 32,-30*w - 67]
Isogeny class 460.4-b
Curve [1,1,w + 1,-7,3*w - 6]
Isogeny class 460.4-c
Curve [w + 1,w,w,5*w - 10,3*w - 19]
Isogeny class 460.4-d
Curve [1,w - 1,w,-w + 3,-w]
Isogeny class 460.4-e
Curve [w + 1,w,1,81*w - 115,470*w - 753]
Isogeny class 460.4-f
Curve [w,w + 1,w,2*w - 7,-3*w + 9]
Isogeny class 460.4-g
Curve [w + 1,w,0,-3130*w + 9800,4860*w - 14848]
Isogeny class 460.4-h
Curve [1,w - 1,0,w - 13,-19*w + 36]
Isogeny class 460.3-a
Curve [w,-w,1,-683*w - 2046,-20275*w - 40069]
Isogeny class 460.3-b
Curve [1,w - 1,0,-w + 5,-3*w + 10]
Isogeny class 460.3-c
Curve [w + 1,-w,w,-w - 2,-w - 3]
Isogeny class 460.3-d
Curve [w + 1,0,w,-299*w - 661,1166*w + 2562]
Isogeny class 460.3-e
Curve [1,0,0,w - 3,-5*w + 16]
Isogeny class 464.1-a
Curve [0,1,0,-4,4]
Isogeny class 464.1-b
Curve [0,0,0,-4831,-129242]
Isogeny class 464.1-c
Curve [0,-1,0,-4,24]
Isogeny class 468.1-a
Curve [1,w - 1,w,64*w + 142,562*w + 1231]
Isogeny class 468.1-b
Curve [1,-w - 1,0,w + 3,-w - 2]
Isogeny class 468.1-c
Curve [1,-w,1,-11*w - 15,35*w + 85]
Isogeny class 468.1-d
Curve [w + 1,w + 1,w + 1,3*w + 5,3*w + 7]
Isogeny class 468.2-a
Curve [1,-w,w + 1,-65*w + 206,-563*w + 1793]
Isogeny class 468.2-b
Curve [1,w + 1,1,w + 3,w]
Isogeny class 468.2-c
Curve [1,w - 1,1,11*w - 26,-35*w + 120]
Isogeny class 468.2-d
Curve [w,w,w + 1,w,1]
Isogeny class 469.1-a
Curve [1,-w,0,2,-8*w - 17]
Isogeny class 469.4-a
Curve [1,w - 1,0,2,8*w - 25]
Isogeny class 487.1-a
Curve [0,w,1,2,-1]
Isogeny class 487.2-a
Curve [0,-w + 1,1,2,-1]
Isogeny class 497.1-a
Curve [w + 1,-w,w + 1,-3*w - 5,-2*w - 4]
Isogeny class 497.1-b
Curve [w,-w + 1,0,-4*w - 3,-5*w - 9]
Isogeny class 497.2-a
Curve [1,w,0,-20*w + 52,27*w - 127]
Isogeny class 497.2-b
Curve [w + 1,w - 1,w + 1,2,-4*w - 10]
Isogeny class 497.2-c
Curve [0,-w - 1,1,-w - 7,-2*w - 2]
Isogeny class 497.2-d
Curve [w,-1,1,3*w - 12,-6*w + 19]
Isogeny class 497.2-e
Curve [w + 1,-w - 1,1,1118*w - 3586,34314*w - 109573]
Isogeny class 497.2-f
Curve [1,w + 1,w,-w - 2,-5*w - 13]
Isogeny class 497.4-a
Curve [w,0,w,w - 6,w - 5]
Isogeny class 497.4-b
Curve [w + 1,0,0,4*w - 7,5*w - 14]
Isogeny class 497.3-a
Curve [1,-w + 1,0,20*w + 32,-27*w - 100]
Isogeny class 497.3-b
Curve [w,w + 1,1,3*w + 4,6*w - 8]
Isogeny class 497.3-c
Curve [0,w + 1,1,3*w - 9,4*w - 13]
Isogeny class 497.3-d
Curve [w + 1,-w - 1,1,-4*w - 9,6*w + 13]
Isogeny class 497.3-e
Curve [w,-1,1,-1119*w - 2467,-34314*w - 75259]
Isogeny class 497.3-f
Curve [1,-w - 1,w,2*w - 4,3*w - 14]
Isogeny class 500.1-a
Curve [w + 1,w,1,10*w - 28,16*w - 71]
Isogeny class 500.1-b
Curve [w,1,w + 1,-169*w - 379,1783*w + 3893]
Isogeny class 500.1-c
Curve [1,1,w + 1,-4*w - 9,-3*w - 8]
Isogeny class 500.1-d
Curve [1,w,0,-48*w - 440,1316*w + 732]
Isogeny class 500.1-e
Curve [w + 1,-w - 1,w,204*w - 661,-2167*w + 6914]
Isogeny class 500.1-f
Curve [w + 1,-w - 1,w + 1,28*w - 117,153*w - 467]
Isogeny class 500.1-g
Curve [w + 1,-w + 1,0,-177*w - 424,-2337*w - 5268]
Isogeny class 500.1-h
Curve [w,-w - 1,1,-42*w + 133,-374*w + 1194]
Isogeny class 500.1-i
Curve [1,-1,1,6*w + 11,-22*w - 45]
Isogeny class 500.1-j
Curve [w + 1,1,1,7,-w + 8]
Isogeny class 500.1-k
Curve [w,w,w + 1,15*w - 42,56*w - 173]
Isogeny class 500.1-l
Curve [1,-1,w + 1,6*w - 21,-49*w + 152]
Isogeny class 500.1-m
Curve [w,-w - 1,1,-5*w - 10,-4*w - 11]
Isogeny class 500.2-a
Curve [w,w - 1,0,-6*w - 25,-41*w - 84]
Isogeny class 500.2-b
Curve [w + 1,-w + 1,w,167*w - 547,-1784*w + 5677]
Isogeny class 500.2-c
Curve [1,1,w,3*w - 12,2*w - 10]
Isogeny class 500.2-d
Curve [1,-w + 1,0,48*w - 488,-1316*w + 2048]
Isogeny class 500.2-e
Curve [w,-1,w + 1,-206*w - 456,2166*w + 4747]
Isogeny class 500.2-f
Curve [w,-1,w,-30*w - 87,-154*w - 313]
Isogeny class 500.2-g
Curve [w,1,0,177*w - 601,2337*w - 7605]
Isogeny class 500.2-h
Curve [w + 1,1,w,42*w + 91,416*w + 911]
Isogeny class 500.2-i
Curve [1,-1,1,-6*w + 17,22*w - 67]
Isogeny class 500.2-j
Curve [w,-w - 1,w + 1,0,0]
Isogeny class 500.2-k
Curve [w + 1,w + 1,w + 1,-11*w - 23,-95*w - 209]
Isogeny class 500.2-l
Curve [1,-1,w,-7*w - 14,48*w + 104]
Isogeny class 500.2-m
Curve [w + 1,1,w,5*w - 15,9*w - 30]
Isogeny class 515.2-a
Curve [w,-w + 1,w + 1,-9*w - 15,14*w + 33]
Isogeny class 515.2-b
Curve [w,w + 1,w + 1,-2160*w - 8381,-125723*w - 360327]
Isogeny class 515.3-a
Curve [w + 1,0,w,7*w - 23,-15*w + 48]
Isogeny class 515.3-b
Curve [w + 1,w - 1,0,2164*w - 10538,115181*w - 460372]
Isogeny class 529.1-a
Curve [0,-w - 1,w + 1,44*w - 141,325*w - 1042]
Isogeny class 529.1-b
Curve [0,w + 1,w,-42*w - 98,-369*w - 814]
Isogeny class 529.2-a
Curve [w + 1,-1,0,-48*w - 145,-3674*w - 7950]
Isogeny class 529.3-a
Curve [w,-w,0,-7*w + 22,-139*w + 444]
Isogeny class 531.1-a
Curve [w + 1,-w + 1,w + 1,3*w - 17,15*w - 52]
Isogeny class 531.2-a
Curve [w,1,w,-5*w - 12,-16*w - 36]
Isogeny class 545.1-a
Curve [1,w + 1,w,25*w - 76,101*w - 323]
Isogeny class 545.2-a
Curve [w + 1,w + 1,w,4*w + 6,5*w + 9]
Isogeny class 545.4-a
Curve [1,-w - 1,w,-24*w - 52,-77*w - 170]
Isogeny class 545.3-a
Curve [w,w,w,w + 1,0]
Isogeny class 556.1-a
Curve [w,-w + 1,w,-23*w - 50,-95*w - 209]
Isogeny class 556.1-b
Curve [w + 1,0,0,-54*w - 119,287*w + 629]
Isogeny class 556.1-c
Curve [w,1,1,-201*w - 444,1817*w + 3974]
Isogeny class 556.1-d
Curve [w,w,w + 1,21*w - 67,66*w - 213]
Isogeny class 556.1-e
Curve [1,1,0,131*w - 470,-1471*w + 4511]
Isogeny class 556.2-a
Curve [w + 1,0,w + 1,21*w - 73,94*w - 304]
Isogeny class 556.2-b
Curve [w,-w + 1,0,54*w - 173,-287*w + 916]
Isogeny class 556.2-c
Curve [w + 1,-w + 1,1,200*w - 645,-1817*w + 5791]
Isogeny class 556.2-d
Curve [w + 1,w + 1,w + 1,-17*w - 42,-130*w - 281]
Isogeny class 556.2-e
Curve [1,1,0,-131*w - 339,1471*w + 3040]
Isogeny class 557.1-a
Curve [w,w + 1,w,5*w - 6,-2*w + 15]
Isogeny class 557.1-b
Curve [1,-1,w + 1,-w - 1,-2*w - 5]
Isogeny class 557.1-c
Curve [1,w - 1,1,7*w - 21,11*w - 35]
Isogeny class 557.2-a
Curve [w + 1,w - 1,1,-w + 1,-1]
Isogeny class 557.2-b
Curve [1,-1,w,-1,w - 6]
Isogeny class 557.2-c
Curve [1,-w,1,-7*w - 14,-11*w - 24]
Isogeny class 560.1-a
Curve [0,-w - 1,0,-28,-16*w + 12]
Isogeny class 560.1-b
Curve [0,w + 1,0,3725*w - 11963,202689*w - 646948]
Isogeny class 560.2-a
Curve [0,0,0,4*w + 5,8*w + 18]
Isogeny class 560.2-b
Curve [0,-1,0,-21*w - 49,-33*w - 69]
Isogeny class 560.2-c
Curve [0,-1,0,3*w - 11,4*w - 13]
Isogeny class 560.4-a
Curve [0,w + 1,0,2*w - 29,17*w - 33]
Isogeny class 560.4-b
Curve [0,-w - 1,0,-3723*w - 8239,-198965*w - 436020]
Isogeny class 560.3-a
Curve [0,0,0,-4*w + 9,-8*w + 26]
Isogeny class 560.3-b
Curve [0,-1,0,21*w - 70,33*w - 102]
Isogeny class 560.3-c
Curve [0,-1,0,-3*w - 8,-4*w - 9]
Isogeny class 567.1-a
Curve [w,-w - 1,w,-20*w + 58,-19*w + 60]
Isogeny class 567.1-b
Curve [1,-1,w,52*w - 183,-386*w + 1210]
Isogeny class 567.1-c
Curve [0,0,w,-3*w + 9,-8*w + 23]
Isogeny class 567.1-d
Curve [1,-1,1,-24*w - 53,17*w + 37]
Isogeny class 567.1-e
Curve [0,0,w,-27*w + 81,209*w - 670]
Isogeny class 567.1-f
Curve [0,0,w,-1143*w - 2568,34940*w + 76795]
Isogeny class 567.2-a
Curve [w + 1,1,0,21*w + 45,39*w + 86]
Isogeny class 567.2-b
Curve [1,-1,w + 1,-53*w - 131,385*w + 824]
Isogeny class 567.2-c
Curve [0,0,w + 1,3*w + 6,7*w + 15]
Isogeny class 567.2-d
Curve [1,-1,1,24*w - 77,-17*w + 54]
Isogeny class 567.2-e
Curve [0,0,w + 1,27*w + 54,-210*w - 461]
Isogeny class 567.2-f
Curve [0,0,w + 1,1143*w - 3711,-34941*w + 111735]
Isogeny class 575.1-a
Curve [0,-1,w,-15*w + 19,-6681*w + 21276]
Isogeny class 575.1-b
Curve [0,-w - 1,w,8*w - 20,22*w - 75]
Isogeny class 575.1-c
Curve [w,w - 1,1,9*w - 23,-29*w + 96]
Isogeny class 575.1-d
Curve [1,w - 1,w + 1,-17*w + 53,97*w - 314]
Isogeny class 575.1-e
Curve [1,1,w,34*w - 126,123*w - 433]
Isogeny class 575.1-f
Curve [0,-1,w,-5*w - 10,11*w + 22]
Isogeny class 575.1-g
Curve [w,0,w,-w - 5,-w - 4]
Isogeny class 575.3-a
Curve [w,w - 1,0,25*w - 72,-117*w + 378]
Isogeny class 575.3-b
Curve [w + 1,1,1,2*w + 5,12*w + 26]
Isogeny class 575.4-a
Curve [w + 1,0,w,0,1]
Isogeny class 575.4-b
Curve [0,-w,1,5*w - 13,-6*w + 18]
Isogeny class 575.4-c
Curve [0,-w - 1,1,-37*w - 82,-259*w - 568]
Isogeny class 575.4-d
Curve [w,1,w,-9*w + 28,-97*w + 309]
Isogeny class 575.4-e
Curve [1,w + 1,w,-111*w + 374,-2247*w + 7136]
Isogeny class 575.4-f
Curve [0,1,1,2*w - 6,-w + 3]
Isogeny class 575.4-g
Curve [0,w,1,5*w + 12,11*w + 24]
Isogeny class 575.2-a
Curve [0,-1,w + 1,15*w + 4,6680*w + 14595]
Isogeny class 575.2-b
Curve [0,w + 1,w + 1,-6*w - 13,-30*w - 66]
Isogeny class 575.2-c
Curve [w + 1,w,0,-5*w - 10,6*w + 13]
Isogeny class 575.2-d
Curve [1,-w,w,16*w + 37,-98*w - 216]
Isogeny class 575.2-e
Curve [1,1,w + 1,-35*w - 92,-124*w - 310]
Isogeny class 575.2-f
Curve [0,-1,w + 1,5*w - 15,-12*w + 33]
Isogeny class 575.2-g
Curve [w + 1,-w,w + 1,-w - 6,-5]
Isogeny class 575.6-a
Curve [w + 1,w,1,-21*w - 44,45*w + 98]
Isogeny class 575.6-b
Curve [w,-w - 1,w + 1,-2*w,-11*w + 31]
Isogeny class 575.5-a
Curve [w,-w + 1,w + 1,-2*w + 1,-w + 1]
Isogeny class 575.5-b
Curve [0,w - 1,1,-5*w - 8,6*w + 12]
Isogeny class 575.5-c
Curve [0,w + 1,1,39*w - 120,297*w - 947]
Isogeny class 575.5-d
Curve [w + 1,-w + 1,w + 1,7*w + 19,96*w + 212]
Isogeny class 575.5-e
Curve [1,-w - 1,w,112*w + 262,2135*w + 4627]
Isogeny class 575.5-f
Curve [0,1,1,-2*w - 4,w + 2]
Isogeny class 575.5-g
Curve [0,-w + 1,1,-5*w + 17,-11*w + 35]
Isogeny class 576.1-a
Curve [0,w - 1,0,408*w - 1304,7244*w - 23131]
Isogeny class 576.1-b
Curve [0,w - 1,0,-49*w - 105,271*w + 585]
Isogeny class 576.1-c
Curve [0,w - 1,0,w - 2,w - 3]
Isogeny class 576.1-d
Curve [0,w - 1,0,2,1]
Isogeny class 576.1-e
Curve [0,-w,0,49*w - 154,-271*w + 856]
Isogeny class 576.1-f
Curve [0,w,0,9*w - 25,-33*w + 107]
Isogeny class 576.1-g
Curve [0,-w + 1,0,8*w - 24,-64*w + 204]
Isogeny class 576.1-h
Curve [0,-w + 1,0,4*w + 12,1]
Isogeny class 576.1-i
Curve [0,-1,0,-4,4]
Isogeny class 576.1-j
Curve [0,-w + 1,0,-9*w - 16,33*w + 74]
Isogeny class 576.1-k
Curve [0,-w,0,-w - 1,-w - 2]
Isogeny class 576.1-l
Curve [0,-w,0,2,1]
Isogeny class 576.1-m
Curve [0,w,0,-4*w + 16,1]
Isogeny class 581.1-a
Curve [1,w,1,-2*w + 10,2*w - 5]
Isogeny class 581.4-a
Curve [1,-w + 1,1,2*w + 8,-2*w - 3]
Isogeny class 585.1-a
Curve [1,0,1,-3*w - 12,-9*w - 11]
Isogeny class 585.1-b
Curve [1,-w - 1,0,5,-2]
Isogeny class 585.1-c
Curve [0,w - 1,w + 1,2*w - 5,-11*w + 31]
Isogeny class 585.2-a
Curve [0,w - 1,w,w + 6,-w - 5]
Isogeny class 585.2-b
Curve [w,0,1,3*w - 9,-4*w + 12]
Isogeny class 585.4-a
Curve [1,0,1,3*w - 15,9*w - 20]
Isogeny class 585.4-b
Curve [1,w + 1,1,2*w + 4,w + 2]
Isogeny class 585.4-c
Curve [0,-w,w,-2*w - 3,10*w + 21]
Isogeny class 585.3-a
Curve [0,-w,w + 1,-w + 7,-6]
Isogeny class 585.3-b
Curve [w + 1,-w,1,-4*w - 6,4*w + 8]
Isogeny class 587.1-a
Curve [w + 1,-w,0,2*w - 6,-5*w + 16]
Isogeny class 587.2-a
Curve [w,0,0,-2*w - 4,5*w + 11]
Isogeny class 593.1-a
Curve [1,0,w,-w - 1,w + 1]
Isogeny class 593.1-b
Curve [w + 1,1,w,w + 1,w + 1]
Isogeny class 593.2-a
Curve [1,0,w + 1,-2,-2*w + 2]
Isogeny class 593.2-b
Curve [w,-w - 1,1,-w + 2,0]
Isogeny class 596.1-a
Curve [w,1,0,-6*w - 21,7*w + 20]
Isogeny class 596.1-b
Curve [w + 1,-1,w,-2*w - 6,-1]
Isogeny class 596.2-a
Curve [w + 1,-w + 1,0,6*w - 27,-7*w + 27]
Isogeny class 596.2-b
Curve [w,-w,w + 1,-7,-w - 1]
Isogeny class 603.1-a
Curve [w,-w + 1,w + 1,-2*w - 1,-w - 1]
Isogeny class 603.2-a
Curve [w + 1,0,w,-2,-1]
Isogeny class 604.1-a
Curve [1,-1,w,-3*w - 14,6*w + 24]
Isogeny class 604.1-b
Curve [w + 1,w - 1,w + 1,26*w + 8,-12102*w - 26615]
Isogeny class 604.1-c
Curve [w + 1,-w,1,2*w - 8,4*w - 13]
Isogeny class 604.2-a
Curve [1,-1,w + 1,2*w - 17,-7*w + 30]
Isogeny class 604.2-b
Curve [w,w + 1,1,-23*w + 36,12110*w - 38893]
Isogeny class 604.2-c
Curve [w,0,1,-3*w - 5,-4*w - 9]
Isogeny class 605.1-a
Curve [w + 1,-1,1,w,3*w + 5]
Isogeny class 605.2-a
Curve [w,-w,1,-2*w + 2,-3*w + 8]
Isogeny class 625.1-a
Curve [-w + 1,w - 2,0,-252*w - 554,-3783*w - 8292]
Curve [1,-1,0,15*w - 77,90*w - 219]
Isogeny class 625.1-b
Curve [w,w + 1,w + 1,1444*w - 4889,46823*w - 152000]
Isogeny class 625.1-c
Curve [w + 1,w - 1,0,-1440*w - 3442,-50269*w - 111823]
Isogeny class 625.1-d
Curve [w,-w - 1,0,252*w - 806,3783*w - 12075]
Curve [1,-1,0,-15*w - 62,-90*w - 129]
Isogeny class 625.1-e
Curve [w,-w - 1,w + 1,-9*w - 22,26*w + 53]
Curve [-w + 1,w - 2,-w + 2,9*w - 31,-26*w + 79]
Isogeny class 625.1-f
Curve [w + 1,-w,w + 1,631*w - 2027,14776*w - 47211]
Curve [-w + 2,w - 1,-w + 2,-631*w - 1396,-14776*w - 32435]
Isogeny class 625.1-g
Curve [w,-w - 1,w,-196*w - 502,2859*w + 5977]
Curve [-w + 1,w - 2,-w + 1,196*w - 698,-2859*w + 8836]
Isogeny class 637.1-a
Curve [w + 1,-1,1,-2*w - 4,w + 2]
Isogeny class 637.1-b
Curve [w,-w,w,-5,2*w - 9]
Isogeny class 637.1-c
Curve [w + 1,-w + 1,1,-25439*w - 63595,-4006142*w - 8526740]
Isogeny class 637.1-d
Curve [1,-w,1,-2*w - 3,10*w + 22]
Isogeny class 637.1-e
Curve [w + 1,-w,w,39*w + 87,-342*w - 750]
Isogeny class 637.1-f
Curve [0,-1,1,20*w - 63,-86*w + 274]
Isogeny class 637.3-a
Curve [w,-w + 1,w,484*w - 1556,-8879*w + 28349]
Isogeny class 637.4-a
Curve [w,-w,1,17*w - 49,-46*w + 131]
Isogeny class 637.2-a
Curve [w,-w,1,w - 5,-w + 3]
Isogeny class 637.2-b
Curve [w + 1,-1,w + 1,-2*w - 5,-3*w - 7]
Isogeny class 637.2-c
Curve [w,1,1,25438*w - 89033,4006142*w - 12532882]
Isogeny class 637.2-d
Curve [1,w - 1,1,2*w - 5,-10*w + 32]
Isogeny class 637.2-e
Curve [w,0,w + 1,-41*w + 127,341*w - 1092]
Isogeny class 637.2-f
Curve [0,-1,1,-20*w - 43,86*w + 188]
Isogeny class 637.6-a
Curve [w + 1,0,w + 1,-486*w - 1072,8878*w + 19470]
Isogeny class 637.5-a
Curve [w + 1,-1,1,-18*w - 32,46*w + 85]
Isogeny class 639.1-a
Curve [1,1,w,-3*w - 5,-20*w - 45]
Isogeny class 639.1-b
Curve [w,-w + 1,w,-3417*w - 8698,-193250*w - 441687]
Isogeny class 639.2-a
Curve [1,1,w + 1,2*w - 8,19*w - 65]
Isogeny class 639.2-b
Curve [w + 1,0,w + 1,3415*w - 12115,193249*w - 634937]
Isogeny class 644.1-a
Curve [w,-w - 1,w + 1,-3*w - 5,5*w + 12]
Isogeny class 644.1-b
Curve [1,-w - 1,w,0,-3]
Isogeny class 644.1-c
Curve [w + 1,w + 1,w + 1,-25*w - 42,70*w + 23]
Isogeny class 644.1-d
Curve [w,w + 1,1,-w - 1,0]
Isogeny class 644.1-e
Curve [w,w,w,2*w + 1,w + 2]
Isogeny class 644.1-f
Curve [w,-1,w,-16*w - 68,95*w + 270]
Isogeny class 644.2-a
Curve [w,w - 1,1,w - 8,-8*w - 1]
Isogeny class 644.2-b
Curve [1,w - 1,w + 1,w - 5,-5*w + 11]
Isogeny class 644.2-c
Curve [w,-w + 1,w + 1,-4*w + 7,-2*w + 2]
Isogeny class 644.2-d
Curve [w,-1,0,w - 1,-3*w - 9]
Isogeny class 644.2-e
Curve [w,w + 1,w,-271*w - 617,3506*w + 7650]
Isogeny class 644.2-f
Curve [w,w,w,-48*w - 108,-406*w - 891]
Isogeny class 644.2-g
Curve [w + 1,1,w,w,w]
Isogeny class 644.2-h
Curve [w,-1,w + 1,-8*w - 19,28*w + 61]
Isogeny class 644.2-i
Curve [1,-w,w,-122*w - 307,-1200*w - 2583]
Isogeny class 644.2-j
Curve [1,-w - 1,w + 1,-113*w - 250,2604*w + 5705]
Isogeny class 644.4-a
Curve [w + 1,1,1,3*w - 1,-3*w + 17]
Isogeny class 644.4-b
Curve [1,w + 1,w,w,-3]
Isogeny class 644.4-c
Curve [w,w,w + 1,29*w - 75,-142*w + 355]
Isogeny class 644.4-d
Curve [w + 1,w - 1,w + 1,4*w - 7,-7*w + 29]
Isogeny class 644.4-e
Curve [w + 1,w + 1,w,3*w + 7,4*w + 5]
Isogeny class 644.4-f
Curve [w + 1,-w - 1,w + 1,14*w - 84,-96*w + 365]
Isogeny class 644.3-a
Curve [w + 1,w,0,3*w - 3,-7]
Isogeny class 644.3-b
Curve [1,-w,w,-2*w - 3,4*w + 7]
Isogeny class 644.3-c
Curve [w + 1,0,w,2*w + 4,w + 1]
Isogeny class 644.3-d
Curve [w + 1,-w - 1,0,-w,3*w - 12]
Isogeny class 644.3-e
Curve [w + 1,w - 1,1,275*w - 886,-4395*w + 13961]
Isogeny class 644.3-f
Curve [w + 1,w + 1,w,53*w - 152,302*w - 945]
Isogeny class 644.3-g
Curve [w,-w - 1,1,-w + 1,0]
Isogeny class 644.3-h
Curve [w + 1,-w - 1,w,6*w - 26,-29*w + 90]
Isogeny class 644.3-i
Curve [1,w - 1,w + 1,121*w - 429,1199*w - 3783]
Isogeny class 644.3-j
Curve [1,w + 1,w + 1,114*w - 363,-2492*w + 7947]
Isogeny class 661.1-a
Curve [1,w + 1,1,2*w + 5,2*w + 4]
Isogeny class 661.1-b
Curve [w + 1,w,w + 1,-42*w - 7,64*w + 142]
Isogeny class 661.2-a
Curve [1,-w - 1,0,6,-w]
Isogeny class 661.2-b
Curve [w,w - 1,w + 1,44*w - 55,-117*w + 561]
Isogeny class 668.1-a
Curve [1,w + 1,w,w + 2,1]
Isogeny class 668.1-b
Curve [1,-1,w,10*w - 34,28*w - 92]
Isogeny class 668.1-c
Curve [w,-w,w,29*w - 97,-114*w + 361]
Isogeny class 668.2-a
Curve [1,-w - 1,w,2,-1]
Isogeny class 668.2-b
Curve [1,-1,w + 1,-11*w - 24,-29*w - 64]
Isogeny class 668.2-c
Curve [w + 1,-1,w + 1,-31*w - 68,113*w + 247]
Isogeny class 676.1-a
Curve [w + 1,0,1,414734*w - 1328651,239332100*w - 764213575]
Isogeny class 676.1-b
Curve [1,w,w,5*w - 14,-13*w + 40]
Isogeny class 676.1-c
Curve [w,-w + 1,1,-414735*w - 913916,-239332100*w - 524881475]
Isogeny class 676.1-d
Curve [w + 1,-1,1,-w - 3,w + 3]
Isogeny class 676.1-e
Curve [1,-w + 1,w + 1,-6*w - 9,12*w + 27]
Isogeny class 676.1-f
Curve [1,-1,1,-3,3]
Isogeny class 676.1-g
Curve [1,0,1,-5,-8]
Isogeny class 676.1-h
Curve [w,-w,1,-3,-w + 4]
Isogeny class 676.2-a
Curve [w,-w,w + 1,-207*w + 588,-2302*w + 7567]
Isogeny class 676.2-b
Curve [w + 1,w + 1,1,-15*w - 35,-131*w - 244]
Isogeny class 676.2-c
Curve [w + 1,w,1,-60*w - 175,354*w + 808]
Isogeny class 676.2-d
Curve [1,-1,w + 1,-2,-2*w + 2]
Isogeny class 676.2-e
Curve [1,-w - 1,1,10*w + 22,-25*w - 55]
Isogeny class 676.2-f
Curve [w + 1,1,0,8*w - 24,64]
Isogeny class 676.2-g
Curve [w + 1,1,w + 1,-40*w - 88,-117*w - 257]
Isogeny class 676.2-h
Curve [w,1,w,31*w + 61,111*w + 234]
Isogeny class 676.2-i
Curve [w,1,w,-6*w - 14,5*w + 10]
Isogeny class 676.2-j
Curve [1,0,w + 1,4*w - 20,7*w - 32]
Isogeny class 676.2-k
Curve [1,w + 1,w,207*w + 480,7342*w + 16211]
Isogeny class 676.2-l
Curve [1,-w + 1,1,-8*w + 6,-3*w - 13]
Isogeny class 676.3-a
Curve [w + 1,-1,w,205*w + 382,2301*w + 5266]
Isogeny class 676.3-b
Curve [w,w,0,21*w - 59,73*w - 189]
Isogeny class 676.3-c
Curve [w,w - 1,0,64*w - 242,-596*w + 1840]
Isogeny class 676.3-d
Curve [1,-1,w,-w - 1,w + 1]
Isogeny class 676.3-e
Curve [1,w + 1,0,-8*w + 32,16*w - 48]
Isogeny class 676.3-f
Curve [w,-w - 1,w,-7*w - 24,7*w + 81]
Isogeny class 676.3-g
Curve [w,-w - 1,0,40*w - 127,77*w - 246]
Isogeny class 676.3-h
Curve [w + 1,-w + 1,w + 1,-33*w + 92,-112*w + 345]
Isogeny class 676.3-i
Curve [w + 1,-w + 1,w + 1,4*w - 20,-6*w + 15]
Isogeny class 676.3-j
Curve [1,0,w,-5*w - 15,-8*w - 24]
Isogeny class 676.3-k
Curve [1,-w - 1,w,-206*w + 686,-7136*w + 22867]
Isogeny class 676.3-l
Curve [1,w,1,8*w - 2,3*w - 16]
Isogeny class 689.2-a
Curve [w,w,w,-3*w - 9,w + 1]
Isogeny class 689.3-a
Curve [w + 1,w + 1,w,33*w - 173,159*w - 1036]
Isogeny class 691.1-a
Curve [w + 1,w,w + 1,3*w + 7,4*w + 8]
Isogeny class 691.2-a
Curve [w,w - 1,w + 1,-w + 4,2*w - 7]
Isogeny class 692.1-a
Curve [w,w - 1,0,2*w + 1,-w + 8]
Isogeny class 692.2-a
Curve [w + 1,w,1,2*w + 6,2*w + 5]
Isogeny class 695.2-a
Curve [1,1,1,w + 1,w + 1]
Isogeny class 695.3-a
Curve [1,1,1,-w + 2,-w + 2]
Isogeny class 700.1-a
Curve [1,1,1,-8*w - 14,-26*w - 23]
Isogeny class 700.1-b
Curve [w + 1,-w,w + 1,89*w + 199,275*w + 600]
Isogeny class 700.1-c
Curve [w,-w - 1,0,4*w - 12,0]
Isogeny class 700.1-d
Curve [w,-w,w + 1,-35*w - 83,186*w + 409]
Isogeny class 700.1-e
Curve [w + 1,w - 1,w,9*w - 21,-26*w + 91]
Isogeny class 700.1-f
Curve [1,-1,w + 1,1744*w - 6631,78449*w - 236886]
Isogeny class 700.1-g
Curve [1,-w + 1,w + 1,19*w - 62,-58*w + 181]
Isogeny class 700.1-h
Curve [w,w + 1,w + 1,w,w + 2]
Isogeny class 700.1-i
Curve [w + 1,w + 1,w + 1,-53*w - 116,-122*w - 275]
Isogeny class 700.1-j
Curve [w + 1,w - 1,1,175*w - 684,2377*w - 7259]
Isogeny class 700.3-a
Curve [w + 1,1,w,-171578*w - 381044,-64264110*w - 141036327]
Isogeny class 700.3-b
Curve [1,w + 1,w,2*w - 2,-2*w + 7]
Isogeny class 700.3-c
Curve [w + 1,w,1,337*w - 1070,-5608*w + 17848]
Isogeny class 700.3-d
Curve [1,w - 1,1,1027*w + 713,19939*w + 66138]
Isogeny class 700.3-e
Curve [1,w,w + 1,-w + 5,-3]
Isogeny class 700.3-f
Curve [w,w,0,w + 6,-2*w - 5]
Isogeny class 700.3-g
Curve [w,-w + 1,1,-8*w - 10,2*w + 7]
Isogeny class 700.3-h
Curve [w + 1,0,w,-3*w - 10,-22*w + 6]
Isogeny class 700.3-i
Curve [w,-w,0,-4*w - 10,36*w + 80]
Isogeny class 700.3-j
Curve [w + 1,-w - 1,0,-27*w - 58,123*w + 270]
Isogeny class 700.3-k
Curve [w + 1,1,w + 1,-5*w + 11,2*w - 21]
Isogeny class 700.4-a
Curve [1,w + 1,1,-w + 7,-w + 2]
Isogeny class 700.4-b
Curve [w,1,w,9*w - 57,-39*w + 146]
Isogeny class 700.4-c
Curve [1,-w,1,-222*w - 491,3187*w + 7046]
Isogeny class 700.4-d
Curve [1,-w + 1,0,-24*w - 49,-12*w - 25]
Isogeny class 700.4-e
Curve [w,w - 1,w + 1,0,-2]
Isogeny class 700.4-f
Curve [1,w - 1,1,16036*w - 187395,3850559*w - 31751177]
Isogeny class 700.4-g
Curve [w,0,1,1,-24*w - 53]
Isogeny class 700.4-h
Curve [w + 1,1,w + 1,-65*w - 144,335*w + 733]
Isogeny class 700.4-i
Curve [w + 1,0,w + 1,44*w - 143,300*w - 958]
Isogeny class 700.4-j
Curve [w + 1,-w,0,-6*w - 11,-15*w - 33]
Isogeny class 700.4-k
Curve [1,-w + 1,w + 1,-16*w - 39,70*w + 155]
Isogeny class 700.4-l
Curve [w + 1,-w - 1,w,176*w - 572,-2105*w + 6720]
Isogeny class 700.4-m
Curve [w + 1,-w + 1,1,w - 6,-w + 3]
Isogeny class 700.4-n
Curve [1,-w + 1,1,21*w - 67,-77*w + 246]
Isogeny class 700.4-o
Curve [w + 1,w - 1,w,-3*w - 14,-22*w + 77]
Isogeny class 700.4-p
Curve [w + 1,w - 1,1,160*w - 611,-2339*w + 7323]
Isogeny class 700.2-a
Curve [1,1,1,8*w - 22,26*w - 49]
Isogeny class 700.2-b
Curve [w,0,w,-91*w + 290,-276*w + 876]
Isogeny class 700.2-c
Curve [w + 1,1,w + 1,-4*w - 9,-4*w - 9]
Isogeny class 700.2-d
Curve [w + 1,-1,w,33*w - 117,-187*w + 596]
Isogeny class 700.2-e
Curve [w,w + 1,0,-5*w - 11,5*w + 11]
Isogeny class 700.2-f
Curve [1,-1,w,-1745*w - 4886,-78450*w - 158436]
Isogeny class 700.2-g
Curve [1,w,w,-20*w - 42,57*w + 124]
Isogeny class 700.2-h
Curve [w + 1,w - 1,0,3*w + 4,-w + 12]
Isogeny class 700.2-i
Curve [w,w,w + 1,57*w - 177,-52*w + 163]
Isogeny class 700.2-j
Curve [w,w + 1,w,-171*w - 515,-3064*w - 6098]
Isogeny class 700.6-a
Curve [w,-w - 1,1,171578*w - 552622,64092532*w - 204747815]
Isogeny class 700.6-b
Curve [1,-w - 1,w,-w - 1,3*w + 6]
Isogeny class 700.6-c
Curve [w,w - 1,0,-333*w - 740,4868*w + 10637]
Isogeny class 700.6-d
Curve [1,-w,1,-1027*w + 1740,-19939*w + 86077]
Isogeny class 700.6-e
Curve [1,-w + 1,w,5,-w - 2]
Isogeny class 700.6-f
Curve [w + 1,w + 1,1,5*w + 10,9*w + 5]
Isogeny class 700.6-g
Curve [w + 1,0,1,7*w - 18,-2*w + 9]
Isogeny class 700.6-h
Curve [w,-w + 1,w + 1,w - 12,21*w - 16]
Isogeny class 700.6-i
Curve [w + 1,-1,0,4*w - 14,-36*w + 116]
Isogeny class 700.6-j
Curve [w,-1,0,27*w - 85,-123*w + 393]
Isogeny class 700.6-k
Curve [w,-w - 1,0,5*w + 7,-7*w - 25]
Isogeny class 700.5-a
Curve [1,-w - 1,0,3*w + 5,-w - 4]
Isogeny class 700.5-b
Curve [w + 1,-w + 1,w + 1,-11*w - 48,38*w + 107]
Isogeny class 700.5-c
Curve [1,w - 1,1,222*w - 713,-3187*w + 10233]
Isogeny class 700.5-d
Curve [1,w,0,24*w - 73,12*w - 37]
Isogeny class 700.5-e
Curve [w + 1,w,w + 1,2*w + 4,2*w + 4]
Isogeny class 700.5-f
Curve [1,-w,1,-16036*w - 171359,-3850559*w - 27900618]
Isogeny class 700.5-g
Curve [w + 1,-w,1,-w + 1,24*w - 77]
Isogeny class 700.5-h
Curve [w,-w - 1,0,65*w - 208,-400*w + 1277]
Isogeny class 700.5-i
Curve [w,-w + 1,w,-46*w - 97,-301*w - 657]
Isogeny class 700.5-j
Curve [w,0,0,6*w - 17,15*w - 48]
Isogeny class 700.5-k
Curve [1,w,w,15*w - 54,-71*w + 226]
Isogeny class 700.5-l
Curve [w,-1,w + 1,-178*w - 395,2104*w + 4615]
Isogeny class 700.5-m
Curve [w,1,1,-2*w - 4,w + 2]
Isogeny class 700.5-n
Curve [1,w,1,-21*w - 46,77*w + 169]
Isogeny class 700.5-o
Curve [w,w + 1,0,7*w - 16,8*w + 85]
Isogeny class 700.5-p
Curve [w,w + 1,w,-156*w - 457,1725*w + 3873]
Isogeny class 719.1-a
Curve [w,1,w,-w - 3,-w - 3]
Isogeny class 719.1-b
Curve [w,w,w,w,w + 1]
Isogeny class 719.2-a
Curve [w + 1,-w + 1,w + 1,-w - 4,-4]
Isogeny class 719.2-b
Curve [w + 1,w + 1,w,4*w + 5,3*w + 11]
Isogeny class 720.1-a
Curve [0,-w + 1,0,1,w - 2]
Isogeny class 720.2-a
Curve [0,w,0,1,-w - 1]
Isogeny class 721.1-a
Curve [0,-w + 1,1,1,0]
Isogeny class 721.1-b
Curve [w + 1,w,w + 1,-4*w - 9,-26*w - 57]
Isogeny class 721.1-c
Curve [0,-w + 1,w + 1,3*w - 8,-4*w + 8]
Isogeny class 721.2-a
Curve [w,-w - 1,w + 1,w - 36,64*w - 140]
Isogeny class 721.4-a
Curve [0,w,1,1,0]
Isogeny class 721.4-b
Curve [w,w - 1,w + 1,6*w - 19,9*w - 30]
Isogeny class 721.4-c
Curve [0,w,w,-3*w - 5,3*w + 5]
Isogeny class 721.3-a
Curve [w + 1,1,1,-w - 28,-66*w - 103]
Isogeny class 724.1-a
Curve [w + 1,-w + 1,1,-3*w - 2,-w - 1]
Isogeny class 724.2-a
Curve [w,1,1,2*w - 4,w - 2]
Isogeny class 725.1-a
Curve [1,w,1,10*w - 28,19*w - 59]
Isogeny class 725.1-b
Curve [w + 1,-w,w,3747*w - 12023,-198697*w + 634484]
Isogeny class 725.1-c
Curve [w,w + 1,w + 1,-46*w + 19,24333*w - 78597]
Isogeny class 725.1-d
Curve [w,0,w + 1,-3749*w - 8275,198696*w + 435787]
Isogeny class 725.1-e
Curve [1,-1,1,-3,2]
Isogeny class 725.1-f
Curve [w + 1,w - 1,0,50*w - 24,-24361*w - 53898]
Isogeny class 725.1-g
Curve [1,-w + 1,1,-10*w - 18,-19*w - 40]
Isogeny class 729.1-a
Curve [1,-1,-w + 2,23*w - 88,-123*w + 374]
Curve [1,-1,w,-203*w - 582,-3139*w - 6251]
Isogeny class 729.1-b
Curve [0,0,w,0,w + 1]
Isogeny class 729.1-c
Curve [w,-w - 1,w + 1,41*w - 137,-200*w + 634]
Isogeny class 729.1-d
Curve [w + 1,1,0,-3*w - 6,-16*w - 35]
Isogeny class 729.1-e
Curve [w,-w - 1,w,4*w - 17,12*w - 41]
Isogeny class 729.1-f
Curve [w + 1,1,1,-41*w - 89,158*w + 346]
Isogeny class 729.1-g
Curve [0,0,1,0,0]
Isogeny class 729.1-h
Curve [0,0,-w + 1,0,-w + 2]
Isogeny class 729.1-i
Curve [1,-1,w + 1,-23*w - 65,123*w + 251]
Curve [1,-1,-w + 1,203*w - 785,3139*w - 9390]
Isogeny class 745.1-a
Curve [0,w - 1,w + 1,-2*w + 8,-4]
Isogeny class 745.2-a
Curve [w + 1,-w,w + 1,-2*w - 2,-w - 1]
Isogeny class 745.4-a
Curve [0,-w,w,2*w + 6,-w - 3]
Isogeny class 745.3-a
Curve [w,0,w,-2,-1]
Isogeny class 749.2-a
Curve [w + 1,0,w + 1,55*w - 191,-292*w + 923]
Isogeny class 749.3-a
Curve [w,-w + 1,w,-57*w - 134,291*w + 632]
Isogeny class 755.1-a
Curve [1,0,0,-w - 2,0]
Isogeny class 755.2-a
Curve [0,-1,w + 1,-136*w - 384,-1537*w - 3837]
Isogeny class 755.4-a
Curve [1,0,0,w - 3,0]
Isogeny class 755.3-a
Curve [0,-1,w,136*w - 520,1536*w - 5373]
Isogeny class 767.1-a
Curve [w + 1,w,w + 1,2*w + 4,4*w - 1]
Isogeny class 767.1-b
Curve [w,w - 1,w + 1,19*w + 36,-173*w - 371]
Isogeny class 767.1-c
Curve [w,1,1,2*w + 7,10*w + 22]
Isogeny class 767.2-a
Curve [1,-w,0,63*w - 182,462*w - 1474]
Isogeny class 767.2-b
Curve [w + 1,w + 1,0,7*w + 2,23]
Isogeny class 767.2-c
Curve [w,-1,0,14*w - 44,47*w - 150]
Isogeny class 767.4-a
Curve [w,w - 1,w + 1,0,-2*w - 5]
Isogeny class 767.4-b
Curve [w + 1,w,w + 1,-17*w + 59,211*w - 671]
Isogeny class 767.4-c
Curve [w + 1,-w + 1,1,-3*w + 9,-10*w + 32]
Isogeny class 767.3-a
Curve [1,w - 1,0,-63*w - 119,-462*w - 1012]
Isogeny class 767.3-b
Curve [w,w,1,-w - 1,0]
Isogeny class 767.3-c
Curve [w + 1,-w - 1,0,-14*w - 30,-47*w - 103]
Isogeny class 784.1-a
Curve [0,-w + 1,0,13*w - 40,-12*w + 38]
Isogeny class 784.1-b
Curve [0,-w + 1,0,53*w - 168,-296*w + 945]
Isogeny class 784.2-a
Curve [0,w + 1,0,9*w - 23,13*w - 64]
Isogeny class 784.3-a
Curve [0,-w - 1,0,-7*w - 15,-5*w - 36]
Isogeny class 787.1-a
Curve [w + 1,-w,0,-46*w - 100,260*w + 569]
Isogeny class 787.2-a
Curve [w,0,0,46*w - 146,-260*w + 829]
Isogeny class 788.1-a
Curve [w,0,0,13*w + 29,5*w + 11]
Isogeny class 788.1-b
Curve [w + 1,w - 1,0,-8*w - 15,9*w + 19]
Isogeny class 788.2-a
Curve [w + 1,-w,0,-13*w + 42,-5*w + 16]
Isogeny class 788.2-b
Curve [w,w + 1,w + 1,12*w - 30,-28*w + 96]
Isogeny class 805.1-a
Curve [w + 1,w,w + 1,-39*w - 88,-342*w - 747]
Isogeny class 805.1-b
Curve [1,w,1,2*w - 3,1]
Isogeny class 805.1-c
Curve [w,w,0,506*w - 3596,-38429*w + 41498]
Isogeny class 805.2-a
Curve [w,w - 1,1,160*w - 505,-1907*w + 6065]
Isogeny class 805.2-b
Curve [w + 1,-w - 1,w + 1,23*w - 88,75*w - 236]
Isogeny class 805.2-c
Curve [w,-w - 1,w + 1,-3*w - 12,7*w + 5]
Isogeny class 805.2-d
Curve [1,0,1,w - 1,w]
Isogeny class 805.2-e
Curve [w,w + 1,w + 1,3*w,2*w + 5]
Isogeny class 805.2-f
Curve [w + 1,w,w,2*w + 3,w + 2]
Isogeny class 805.3-a
Curve [1,-w,0,-73*w - 159,-489*w - 1073]
Isogeny class 805.3-b
Curve [w,-1,w,-5*w - 14,-5*w - 12]
Isogeny class 805.4-a
Curve [w,w - 1,w,-394*w - 874,6423*w + 14077]
Isogeny class 805.4-b
Curve [1,-1,0,-4*w + 13,0]
Isogeny class 805.8-a
Curve [w,w - 1,w + 1,41*w - 133,211*w - 677]
Isogeny class 805.8-b
Curve [1,-w + 1,1,-2*w - 1,1]
Isogeny class 805.8-c
Curve [w + 1,w + 1,1,-500*w - 3087,34834*w - 454]
Isogeny class 805.7-a
Curve [w + 1,w,0,-156*w - 341,1402*w + 3047]
Isogeny class 805.7-b
Curve [w,-1,w,-25*w - 63,-76*w - 160]
Isogeny class 805.7-c
Curve [w + 1,1,1,3*w - 8,-5*w + 5]
Isogeny class 805.7-d
Curve [1,0,1,-w,-w + 1]
Isogeny class 805.7-e
Curve [w + 1,w - 1,0,w + 6,0]
Isogeny class 805.7-f
Curve [w,w - 1,w,w - 2,0]
Isogeny class 805.6-a
Curve [1,w - 1,0,73*w - 232,489*w - 1562]
Isogeny class 805.6-b
Curve [w + 1,-w - 1,w + 1,3*w - 19,4*w - 17]
Isogeny class 805.5-a
Curve [w + 1,w,w,397*w - 1264,-7294*w + 23267]
Isogeny class 805.5-b
Curve [1,-1,0,4*w + 9,0]
Isogeny class 812.1-a
Curve [1,w,w,16*w + 38,-43*w - 96]
Isogeny class 812.1-b
Curve [w + 1,w + 1,0,6*w + 5,w + 19]
Isogeny class 812.1-c
Curve [w + 1,w - 1,w + 1,9*w - 23,-29*w + 99]
Isogeny class 812.1-d
Curve [w + 1,w + 1,w,2*w + 11,-7*w + 42]
Isogeny class 812.1-e
Curve [w + 1,w - 1,1,33*w - 107,137*w - 478]
Isogeny class 812.1-f
Curve [w,w,w,3*w - 5,2*w - 5]
Isogeny class 812.1-g
Curve [1,-w,w,-77*w - 77,530*w + 1015]
Isogeny class 812.2-a
Curve [1,-w + 1,w + 1,-17*w + 54,42*w - 139]
Isogeny class 812.2-b
Curve [w,w,1,1,w + 2]
Isogeny class 812.2-c
Curve [w,w + 1,1,-6*w - 12,6*w + 13]
Isogeny class 812.2-d
Curve [w,w,w,3*w + 4,15*w + 32]
Isogeny class 812.2-e
Curve [w,w + 1,w,-29*w - 80,-247*w - 563]
Isogeny class 812.2-f
Curve [w + 1,w + 1,w,2*w + 2,-3*w - 8]
Isogeny class 812.2-g
Curve [1,w - 1,w + 1,76*w - 154,-531*w + 1545]
Isogeny class 819.1-a
Curve [0,-1,w,107*w - 343,-1029*w + 3283]
Isogeny class 819.1-b
Curve [w + 1,-w,1,-9*w + 27,-79*w + 252]
Isogeny class 819.1-c
Curve [0,-w - 1,w,4*w - 7,-6*w + 14]
Isogeny class 819.1-d
Curve [0,-w + 1,w,-10*w + 28,-41*w + 137]
Isogeny class 819.2-a
Curve [1,0,w + 1,-765*w - 1683,8951*w + 19631]
Isogeny class 819.2-b
Curve [w,w + 1,w + 1,6*w + 12,28*w + 61]
Isogeny class 819.4-a
Curve [0,-1,w + 1,-107*w - 236,1028*w + 2254]
Isogeny class 819.4-b
Curve [w,0,1,8*w + 19,79*w + 173]
Isogeny class 819.4-c
Curve [0,w + 1,w + 1,-2*w - 4,2*w + 4]
Isogeny class 819.4-d
Curve [0,w,w + 1,10*w + 18,40*w + 96]
Isogeny class 819.3-a
Curve [1,0,w,764*w - 2447,-8952*w + 28583]
Isogeny class 819.3-b
Curve [w + 1,w - 1,0,-2*w + 21,-11*w + 46]
Isogeny class 828.1-a
Curve [1,-w - 1,0,-957*w - 2272,29313*w + 63301]
Isogeny class 828.1-b
Curve [w,w,w + 1,52*w + 755,251*w - 401]
Isogeny class 828.1-c
Curve [w + 1,-w + 1,0,-2*w - 120,20*w + 400]
Isogeny class 828.1-d
Curve [w + 1,-w + 1,w + 1,-w - 4,26*w - 87]
Isogeny class 828.1-e
Curve [w,1,w + 1,3*w - 12,7*w - 25]
Isogeny class 828.1-f
Curve [w + 1,w,w + 1,3*w - 1,-3*w + 16]
Isogeny class 828.1-g
Curve [w,w - 1,w + 1,4*w + 10,2*w + 6]
Isogeny class 828.2-a
Curve [1,w + 1,1,959*w - 3230,-28355*w + 89384]
Isogeny class 828.2-b
Curve [w + 1,w + 1,w + 1,-48*w + 811,507*w - 501]
Isogeny class 828.2-c
Curve [w,1,0,2*w - 122,-20*w + 420]
Isogeny class 828.2-d
Curve [w,1,w,-w - 3,-27*w - 60]
Isogeny class 828.2-e
Curve [w + 1,-w + 1,w,-5*w - 8,-8*w - 17]
Isogeny class 828.2-f
Curve [w,w - 1,w + 1,-w - 4,w + 2]
Isogeny class 828.2-g
Curve [w + 1,w,w + 1,-2*w + 18,10*w - 14]
Isogeny class 832.1-a
Curve [0,0,0,-11*w + 35,-52*w + 166]
Isogeny class 832.1-b
Curve [0,0,0,208*w - 667,2720*w - 8682]
Isogeny class 832.1-c
Curve [0,w + 1,0,25*w - 75,-655*w + 2092]
Isogeny class 832.1-d
Curve [0,0,0,7*w - 28,-20*w + 66]
Isogeny class 832.1-e
Curve [0,w,0,0,-4]
Isogeny class 832.1-f
Curve [0,w,0,-22*w + 73,-43*w + 138]
Isogeny class 832.2-a
Curve [0,0,0,11*w + 24,52*w + 114]
Isogeny class 832.2-b
Curve [0,0,0,-208*w - 459,-2720*w - 5962]
Isogeny class 832.2-c
Curve [0,-w - 1,0,-23*w - 51,679*w + 1488]
Isogeny class 832.2-d
Curve [0,0,0,-7*w - 21,20*w + 46]
Isogeny class 832.2-e
Curve [0,-w + 1,0,0,-4]
Isogeny class 832.2-f
Curve [0,-w + 1,0,22*w + 51,43*w + 95]
Isogeny class 835.1-a
Curve [w,w + 1,w,-150*w - 343,-2089*w - 4436]
Isogeny class 835.2-a
Curve [w + 1,-w - 1,1,w - 5,-w + 3]
Isogeny class 835.2-b
Curve [w,-w,1,-4*w - 4,5*w + 12]
Isogeny class 835.2-c
Curve [w + 1,-w + 1,w + 1,3*w + 10,4*w + 10]
Isogeny class 835.4-a
Curve [w + 1,w - 1,1,154*w - 491,1595*w - 4962]
Isogeny class 835.3-a
Curve [w,-1,1,-2*w - 3,w + 2]
Isogeny class 835.3-b
Curve [w + 1,-1,1,3*w - 8,-5*w + 17]
Isogeny class 835.3-c
Curve [w,1,w,-5*w + 15,-5*w + 15]
Isogeny class 841.1-a
Curve [w,w,w + 1,4*w - 139,838*w + 2570]
Curve [-w + 1,-w + 1,-w + 2,-4*w - 135,-838*w + 3408]
Isogeny class 845.1-a
Curve [w,-w + 1,w,-3*w + 4,-2*w + 4]
Isogeny class 845.1-b
Curve [w,0,w,-12*w + 35,25*w - 82]
Isogeny class 845.3-a
Curve [0,-w - 1,w + 1,-17*w - 46,119*w + 246]
Isogeny class 845.3-b
Curve [w,-w - 1,1,-4*w - 12,12*w + 20]
Isogeny class 845.3-c
Curve [0,w + 1,w + 1,40*w - 305,-337*w + 2529]
Isogeny class 845.3-d
Curve [w + 1,w - 1,1,34*w + 74,-1234*w - 2706]
Isogeny class 845.3-e
Curve [w,1,1,-9*w - 28,32*w + 76]
Isogeny class 845.3-f
Curve [0,-1,w + 1,-6*w - 13,-14*w - 31]
Isogeny class 845.3-g
Curve [1,w,w + 1,10*w - 30,-35*w + 109]
Isogeny class 845.3-h
Curve [w + 1,1,0,47*w - 219,-158*w + 100]
Isogeny class 845.4-a
Curve [w,-1,w,9*w + 18,9*w + 20]
Isogeny class 845.4-b
Curve [0,-w,w + 1,32*w + 77,66*w + 147]
Isogeny class 845.4-c
Curve [0,w - 1,w + 1,21*w - 68,74*w - 244]
Isogeny class 845.2-a
Curve [w + 1,0,w + 1,w + 1,w + 2]
Isogeny class 845.2-b
Curve [w + 1,-w,w + 1,10*w + 23,-26*w - 57]
Isogeny class 845.6-a
Curve [0,w + 1,w,19*w - 64,-102*w + 302]
Isogeny class 845.6-b
Curve [w + 1,1,w,4*w - 16,-8*w + 16]
Isogeny class 845.6-c
Curve [0,-w - 1,w,-38*w - 266,375*w + 2459]
Isogeny class 845.6-d
Curve [w,w + 1,w,-30*w + 102,1305*w - 4169]
Isogeny class 845.6-e
Curve [w + 1,-w + 1,1,8*w - 37,-32*w + 108]
Isogeny class 845.6-f
Curve [0,-1,w,6*w - 19,13*w - 44]
Isogeny class 845.6-g
Curve [1,-w + 1,w,-11*w - 19,34*w + 75]
Isogeny class 845.6-h
Curve [w,-w - 1,w,-46*w - 180,204*w + 115]
Isogeny class 845.5-a
Curve [w + 1,-w - 1,w + 1,-11*w + 27,-10*w + 29]
Isogeny class 845.5-b
Curve [0,w - 1,w,19638*w - 64571,-2539562*w + 8137679]
Isogeny class 845.5-c
Curve [0,-w,w,-21*w - 47,-75*w - 169]
Isogeny class 847.1-a
Curve [w + 1,w,0,-15*w - 32,-114*w - 250]
Isogeny class 847.1-b
Curve [w + 1,-1,0,351*w - 1141,-6049*w + 19240]
Isogeny class 847.1-c
Curve [w,0,1,w - 3,0]
Isogeny class 847.2-a
Curve [w,w - 1,1,19*w - 55,59*w - 185]
Isogeny class 847.2-b
Curve [w,-w,0,-351*w - 790,6049*w + 13191]
Isogeny class 847.2-c
Curve [w + 1,-w,1,-2*w - 2,0]
Isogeny class 863.1-a
Curve [1,0,w + 1,-w + 1,-2*w + 2]
Isogeny class 863.2-a
Curve [1,0,w,1,w + 1]
Isogeny class 865.2-a
Curve [1,w,1,1,-2*w - 5]
Isogeny class 865.2-b
Curve [0,-w + 1,w,-3*w - 4,6*w + 12]
Isogeny class 865.3-a
Curve [1,-w + 1,1,1,2*w - 7]
Isogeny class 865.3-b
Curve [0,w,w + 1,3*w - 7,-7*w + 18]
Isogeny class 871.2-a
Curve [0,w,1,-12*w - 25,96*w + 210]
Isogeny class 871.2-b
Curve [1,0,w,-12*w - 26,34*w + 73]
Isogeny class 871.2-c
Curve [w,w,0,w - 10,29*w - 146]
Isogeny class 871.2-d
Curve [1,1,1,-w + 3,14*w - 45]
Isogeny class 871.3-a
Curve [0,-w + 1,1,12*w - 37,-96*w + 306]
Isogeny class 871.3-b
Curve [1,0,w + 1,11*w - 38,-35*w + 107]
Isogeny class 871.3-c
Curve [w + 1,w + 1,1,5*w - 6,-38*w - 105]
Isogeny class 871.3-d
Curve [1,1,1,w + 2,-14*w - 31]
Isogeny class 875.1-a
Curve [1,-w,w,-2153*w - 4690,-86796*w - 190255]
Isogeny class 875.1-b
Curve [w + 1,-1,0,-10*w + 7,17*w - 26]
Isogeny class 875.1-c
Curve [w,w,w + 1,-22*w - 49,-112*w - 246]
Isogeny class 875.1-d
Curve [w,-w + 1,w,7*w - 39,-16*w + 53]
Isogeny class 875.1-e
Curve [w + 1,w - 1,w + 1,-2,-w]
Isogeny class 875.1-f
Curve [1,0,w,w - 9,-3*w + 10]
Isogeny class 875.1-g
Curve [1,w,w,2084*w - 7095,87902*w - 284746]
Isogeny class 875.1-h
Curve [w + 1,w + 1,0,3*w + 8,0]
Isogeny class 875.1-i
Curve [w,0,1,w - 4,4*w - 13]
Isogeny class 875.1-j
Curve [1,-1,w,77951*w - 250163,19506264*w - 62293004]
Isogeny class 875.2-a
Curve [1,w,0,-126*w - 276,344*w + 755]
Isogeny class 875.2-b
Curve [1,0,w,11*w - 36,35*w - 114]
Isogeny class 875.2-c
Curve [w + 1,-w - 1,w + 1,-4*w - 6,-3*w - 4]
Isogeny class 875.2-d
Curve [1,0,w,-67*w + 210,455*w - 1454]
Isogeny class 875.2-e
Curve [1,w,w,9*w - 27,-3*w + 8]
Isogeny class 875.2-f
Curve [1,w,0,-w - 1,-4*w - 9]
Isogeny class 875.2-g
Curve [w,w - 1,w,-267*w - 590,5444*w + 11935]
Isogeny class 875.2-h
Curve [w,-w,1,27*w - 88,-120*w + 383]
Isogeny class 875.2-i
Curve [1,1,0,-6*w - 18,23*w + 44]
Isogeny class 875.2-j
Curve [w,-w - 1,1,-7*w + 21,-48*w + 153]
Isogeny class 875.2-k
Curve [1,-w - 1,w,6*w - 16,3*w - 14]
Isogeny class 875.2-l
Curve [w + 1,1,0,-12832*w - 35293,-1487072*w - 3496872]
Isogeny class 875.2-m
Curve [w + 1,-1,w + 1,-4814*w - 10754,-306981*w - 674114]
Isogeny class 875.2-n
Curve [w,-1,w,12*w - 16,31*w - 33]
Isogeny class 875.4-a
Curve [1,w - 1,w + 1,2127*w - 6918,86485*w - 275956]
Isogeny class 875.4-b
Curve [w,-w,0,10*w - 3,-17*w - 9]
Isogeny class 875.4-c
Curve [w + 1,w + 1,w + 1,26*w - 67,66*w - 191]
Isogeny class 875.4-d
Curve [w + 1,0,w + 1,-9*w - 32,15*w + 37]
Isogeny class 875.4-e
Curve [w,w + 1,1,3*w,-w + 5]
Isogeny class 875.4-f
Curve [1,0,w + 1,-2*w - 8,2*w + 7]
Isogeny class 875.4-g
Curve [1,-w + 1,w + 1,-2085*w - 5011,-87903*w - 196844]
Isogeny class 875.4-h
Curve [w,w,1,3*w + 1,2*w + 3]
Isogeny class 875.4-i
Curve [w + 1,-w,1,-2*w - 3,-4*w - 9]
Isogeny class 875.4-j
Curve [w + 1,1,1,770*w - 2461,11998*w - 38306]
Isogeny class 875.3-a
Curve [1,-w + 1,0,126*w - 402,-344*w + 1099]
Isogeny class 875.3-b
Curve [1,0,w + 1,-12*w - 25,-36*w - 79]
Isogeny class 875.3-c
Curve [w,-1,w,2*w - 8,2*w - 6]
Isogeny class 875.3-d
Curve [1,0,w + 1,66*w + 143,-456*w - 999]
Isogeny class 875.3-e
Curve [1,-w + 1,w + 1,-10*w - 18,2*w + 5]
Isogeny class 875.3-f
Curve [1,-w + 1,0,w - 2,4*w - 13]
Isogeny class 875.3-g
Curve [w + 1,w,w,270*w - 853,-6031*w + 19257]
Isogeny class 875.3-h
Curve [w + 1,-1,1,-28*w - 61,120*w + 263]
Isogeny class 875.3-i
Curve [1,1,0,6*w - 24,-23*w + 67]
Isogeny class 875.3-j
Curve [w + 1,1,w,7*w + 14,55*w + 119]
Isogeny class 875.3-k
Curve [1,w + 1,w,-5*w - 10,-9*w - 21]
Isogeny class 875.3-l
Curve [w,-w - 1,w,38*w - 253,424*w - 783]
Isogeny class 875.3-m
Curve [w,-w,w,4812*w - 15566,306980*w - 981094]
Isogeny class 875.3-n
Curve [w + 1,-w - 1,w + 1,-14*w - 4,-32*w - 2]
Isogeny class 892.1-a
Curve [1,w,1,w + 3,-75*w - 165]
Isogeny class 892.2-a
Curve [1,-w + 1,1,-w + 4,75*w - 240]
Isogeny class 895.1-a
Curve [w + 1,w - 1,0,-2*w - 1,-14*w - 32]
Isogeny class 895.1-b
Curve [1,1,w,654*w - 2097,15270*w - 48813]
Isogeny class 895.1-c
Curve [w + 1,w,0,11*w - 16,26*w - 67]
Isogeny class 895.1-d
Curve [w,1,0,-5*w - 9,-18*w - 39]
Isogeny class 895.1-e
Curve [w + 1,w,1,6*w + 10,7*w + 22]
Isogeny class 895.4-a
Curve [w,w + 1,w + 1,6*w - 10,9*w - 20]
Isogeny class 895.4-b
Curve [1,1,w + 1,-655*w - 1443,-15271*w - 33543]
Isogeny class 895.4-c
Curve [w,w - 1,1,-7*w - 13,-39*w - 86]
Isogeny class 895.4-d
Curve [w + 1,-w + 1,0,5*w - 14,18*w - 57]
Isogeny class 895.4-e
Curve [w,w - 1,0,-2*w + 9,2*w - 6]
Isogeny class 900.1-a
Curve [1,w,w + 1,1,-w - 1]
Isogeny class 900.1-b
Curve [w,0,0,120*w + 264,306*w + 672]
Isogeny class 900.1-c
Curve [w + 1,w - 1,0,85*w - 410,-1349*w + 3252]
Isogeny class 900.1-d
Curve [w + 1,-1,w,-4925*w - 12165,-202871*w - 463938]
Isogeny class 900.1-e
Curve [w + 1,-w,1,-198*w - 673,2558*w + 3982]
Isogeny class 900.1-f
Curve [w,1,1,2923*w - 9351,-139293*w + 444719]
Isogeny class 900.1-g
Curve [w,-w,w + 1,4923*w - 17089,202870*w - 666809]
Isogeny class 900.1-h
Curve [w + 1,-w,0,-120*w + 384,-306*w + 978]
Isogeny class 900.1-i
Curve [w,-w + 1,1,-3,0]
Isogeny class 900.1-j
Curve [1,-w + 1,w,-w + 2,-1]
Isogeny class 900.1-k
Curve [w + 1,0,1,-w - 3,0]
Isogeny class 900.1-l
Curve [w,w,1,337*w - 1069,-5595*w + 17866]
Isogeny class 900.1-m
Curve [1,0,1,1,2]
Isogeny class 900.1-n
Curve [w,0,1,197*w - 870,-2558*w + 6540]
Isogeny class 900.1-o
Curve [w,w + 1,w + 1,-81*w - 332,935*w + 1320]
Isogeny class 900.2-a
Curve [w,w,w + 1,-42*w - 94,167*w + 373]
Isogeny class 900.2-b
Curve [w,w,w,9*w - 26,-23*w + 74]
Isogeny class 900.2-c
Curve [w + 1,w - 1,0,-14736*w - 32073,-1623051*w - 3560175]
Isogeny class 900.2-d
Curve [w,-w + 1,w,-279*w - 610,4087*w + 8961]
Isogeny class 900.2-e
Curve [w,0,w,3*w - 13,-105*w + 333]
Isogeny class 900.2-f
Curve [1,1,w,w + 4,26*w - 88]
Isogeny class 900.2-g
Curve [w,-w,w,2,1]
Isogeny class 900.2-h
Curve [w,-1,w,2*w + 2,-w - 4]
Isogeny class 900.2-i
Curve [1,-w - 1,1,220*w - 671,3641*w - 11661]
Isogeny class 900.3-a
Curve [w + 1,w + 1,w + 1,46*w - 132,-258*w + 847]
Isogeny class 900.3-b
Curve [w + 1,w + 1,w,-4*w - 13,w + 4]
Isogeny class 900.3-c
Curve [w,w + 1,w + 1,14740*w - 46816,1590974*w - 5080062]
Isogeny class 900.3-d
Curve [w + 1,0,w + 1,277*w - 889,-4088*w + 13048]
Isogeny class 900.3-e
Curve [w + 1,-w,w + 1,-5*w - 10,104*w + 228]
Isogeny class 900.3-f
Curve [1,1,w + 1,-2*w + 5,-27*w - 62]
Isogeny class 900.3-g
Curve [w + 1,-1,w + 1,-2*w + 2,-w + 1]
Isogeny class 900.3-h
Curve [w + 1,-w - 1,w + 1,-4*w + 4,-5]
Isogeny class 900.3-i
Curve [1,w + 1,0,-218*w - 451,-3860*w - 8471]
Isogeny class 905.1-a
Curve [1,w,1,w,1]
Isogeny class 905.4-a
Curve [1,-w + 1,1,-w + 1,1]
Isogeny class 923.1-a
Curve [w,w + 1,w,236*w - 748,-3190*w + 10179]
Isogeny class 923.4-a
Curve [w + 1,w - 1,1,-232*w - 510,2677*w + 5869]
Isogeny class 927.1-a
Curve [w,w - 1,1,14*w + 33,-34*w - 75]
Isogeny class 927.2-a
Curve [w + 1,w,0,-10*w + 51,67*w - 198]
Isogeny class 929.1-a
Curve [1,w + 1,w,4*w - 8,-19*w + 61]
Isogeny class 929.2-a
Curve [1,-w - 1,w,-3*w - 5,22*w + 47]
Isogeny class 944.1-a
Curve [0,w,0,w + 2,0]
Isogeny class 944.1-b
Curve [0,w - 1,0,4*w - 16,-16*w + 52]
Isogeny class 944.2-a
Curve [0,-w + 1,0,-w + 3,0]
Isogeny class 944.2-b
Curve [0,-w,0,-4*w - 12,16*w + 36]
Isogeny class 964.1-a
Curve [1,1,0,2*w - 6,0]
Isogeny class 964.2-a
Curve [1,1,0,-2*w - 4,0]
Isogeny class 980.1-a
Curve [w,w + 1,w + 1,2*w + 2,4*w - 6]
Isogeny class 980.1-b
Curve [1,w,w,34*w + 78,-33*w - 74]
Isogeny class 980.1-c
Curve [w,-w + 1,w,-101*w - 309,-634*w - 2098]
Isogeny class 980.1-d
Curve [1,-w - 1,w + 1,-4*w - 9,-4*w - 9]
Isogeny class 980.3-a
Curve [w + 1,-w - 1,w,-676*w - 1504,-15909*w - 34856]
Isogeny class 980.3-b
Curve [w + 1,-w,1,-27*w - 58,780*w + 1710]
Isogeny class 980.3-c
Curve [w,0,0,4*w - 12,-2*w + 8]
Isogeny class 980.3-d
Curve [w + 1,w,w + 1,123*w - 392,1118*w - 3570]
Isogeny class 980.3-e
Curve [1,0,1,66*w - 603,-3424*w + 292]
Isogeny class 980.3-f
Curve [w + 1,w,0,-298035*w - 689666,-151541901*w - 329594840]
Isogeny class 980.3-g
Curve [1,w,w,-1316*w - 2913,41394*w + 90765]
Isogeny class 980.3-h
Curve [w + 1,-w - 1,w,-416*w + 1267,-4095*w + 13222]
Isogeny class 980.3-i
Curve [1,w + 1,w,w - 16,8*w - 11]
Isogeny class 980.3-j
Curve [w + 1,w,w,-4*w + 16,-24]
Isogeny class 980.3-k
Curve [w + 1,w + 1,w + 1,16*w + 34,68*w + 149]
Isogeny class 980.3-l
Curve [w + 1,w - 1,w + 1,w + 2,5]
Isogeny class 980.3-m
Curve [w + 1,-w,1,5*w - 20,2*w - 4]
Isogeny class 980.3-n
Curve [1,w - 1,w + 1,3*w - 12,20*w - 71]
Isogeny class 980.3-o
Curve [w,-w + 1,0,-43*w + 126,64*w - 191]
Isogeny class 980.3-p
Curve [w,w + 1,0,24*w - 147,-157*w + 744]
Isogeny class 980.3-q
Curve [1,-w,w,1,-3]
Isogeny class 980.3-r
Curve [w + 1,w + 1,w,2*w - 70,-185*w - 628]
Isogeny class 980.3-s
Curve [1,-1,w + 1,15*w - 60,55*w - 190]
Isogeny class 980.3-t
Curve [w,1,w + 1,-6*w - 13,68*w + 149]
Isogeny class 980.4-a
Curve [1,-w - 1,w,3*w - 9,7*w - 22]
Isogeny class 980.4-b
Curve [w + 1,-w,0,-84*w + 265,-201*w + 643]
Isogeny class 980.4-c
Curve [1,w - 1,0,182*w - 618,6840*w - 21960]
Isogeny class 980.4-d
Curve [1,-w - 1,1,-5*w + 1,11*w + 32]
Isogeny class 980.4-e
Curve [1,-w - 1,w + 1,-4567*w - 9512,-235246*w - 509939]
Isogeny class 980.4-f
Curve [w,-w - 1,w,7557*w - 99871,4354602*w - 5837852]
Isogeny class 980.4-g
Curve [w,w,w,6*w - 7,-3*w + 28]
Isogeny class 980.4-h
Curve [w,-w - 1,w + 1,63*w + 138,367*w + 804]
Isogeny class 980.4-i
Curve [w + 1,-w - 1,w + 1,1353*w - 4339,45333*w - 144721]
Isogeny class 980.4-j
Curve [1,w - 1,w + 1,-18*w + 57,4*w - 17]
Isogeny class 980.4-k
Curve [w + 1,w - 1,w,11*w - 58,22*w - 169]
Isogeny class 980.2-a
Curve [w + 1,w - 1,0,2*w + 7,-w - 3]
Isogeny class 980.2-b
Curve [1,-w + 1,w + 1,-35*w + 112,32*w - 107]
Isogeny class 980.2-c
Curve [w + 1,0,w + 1,99*w - 410,633*w - 2732]
Isogeny class 980.2-d
Curve [1,w + 1,w + 1,5*w - 13,7*w - 25]
Isogeny class 980.6-a
Curve [w,-1,w + 1,674*w - 2179,15908*w - 50765]
Isogeny class 980.6-b
Curve [w,0,1,26*w - 84,-780*w + 2490]
Isogeny class 980.6-c
Curve [w + 1,-w,0,-4*w - 8,2*w + 6]
Isogeny class 980.6-d
Curve [w,w - 1,w + 1,-121*w - 275,-1391*w - 3032]
Isogeny class 980.6-e
Curve [1,0,1,-66*w - 537,3424*w - 3132]
Isogeny class 980.6-f
Curve [w,w - 1,1,298039*w - 987709,150554192*w - 478062768]
Isogeny class 980.6-g
Curve [1,-w + 1,w + 1,1315*w - 4229,-41395*w + 132159]
Isogeny class 980.6-h
Curve [w,-1,w + 1,414*w + 852,4094*w + 9127]
Isogeny class 980.6-i
Curve [1,-w - 1,w,-16,-8*w + 13]
Isogeny class 980.6-j
Curve [w,w - 1,w,7*w + 5,8*w + 8]
Isogeny class 980.6-k
Curve [w,w,w + 1,-12*w + 42,-23*w + 75]
Isogeny class 980.6-l
Curve [w,w + 1,1,2*w + 5,2*w + 4]
Isogeny class 980.6-m
Curve [w,0,1,-6*w - 14,-2*w - 2]
Isogeny class 980.6-n
Curve [1,-w,w,-4*w - 8,-21*w - 50]
Isogeny class 980.6-o
Curve [w + 1,0,0,43*w + 83,-64*w - 127]
Isogeny class 980.6-p
Curve [w + 1,w - 1,w,-20*w - 128,29*w + 566]
Isogeny class 980.6-q
Curve [1,w - 1,w + 1,-w + 1,-w - 3]
Isogeny class 980.6-r
Curve [w,w,w,3*w - 77,112*w - 735]
Isogeny class 980.6-s
Curve [1,-1,w,-16*w - 44,-56*w - 134]
Isogeny class 980.6-t
Curve [w + 1,-w + 1,w,4*w - 18,-69*w + 218]
Isogeny class 980.5-a
Curve [1,w + 1,w,-2*w - 6,-10*w - 21]
Isogeny class 980.5-b
Curve [w,0,0,84*w + 181,201*w + 442]
Isogeny class 980.5-c
Curve [1,-w,0,-182*w - 436,-6840*w - 15120]
Isogeny class 980.5-d
Curve [1,w + 1,0,7*w - 4,-5*w + 39]
Isogeny class 980.5-e
Curve [1,w + 1,w + 1,4568*w - 14079,239812*w - 759263]
Isogeny class 980.5-f
Curve [w + 1,1,0,-7556*w - 92307,-4362159*w - 1575557]
Isogeny class 980.5-g
Curve [w + 1,w + 1,w,-w + 3,-1]
Isogeny class 980.5-h
Curve [w + 1,1,1,-63*w + 208,-431*w + 1380]
Isogeny class 980.5-i
Curve [w,-1,w,-1355*w - 2984,-45334*w - 99387]
Isogeny class 980.5-j
Curve [1,-w,w,17*w + 40,-5*w - 12]
Isogeny class 980.5-k
Curve [w,w + 1,0,-7*w - 46,-80*w - 215]
Isogeny class 985.2-a
Curve [w + 1,0,0,-1,0]
Isogeny class 985.3-a
Curve [w,-w + 1,0,-1,0]
Isogeny class 991.1-a
Curve [w,-1,1,w - 4,10*w - 32]
Isogeny class 991.2-a
Curve [w + 1,-w - 1,1,-2*w - 3,-10*w - 22]
Isogeny class 995.2-a
Curve [1,-w + 1,w + 1,-6*w + 18,-2*w + 2]
Isogeny class 995.2-b
Curve [w,w - 1,w,-29*w - 77,-213*w - 477]
Isogeny class 995.2-c
Curve [1,-w + 1,w,3*w - 10,48*w - 156]
Isogeny class 995.3-a
Curve [1,w,w,5*w + 13,w + 1]
Isogeny class 995.3-b
Curve [w + 1,w,w,32*w - 102,139*w - 478]
Isogeny class 995.3-c
Curve [1,w,w + 1,-4*w - 7,-49*w - 108]

Total time: 8985.750 seconds, Total memory usage: 181.00MB
