Magma V2.21-3     Sat May 30 2015 18:51:57 on atkin    [Seed = 1098486269]
Type ? for help.  Type <Ctrl>-D to quit.
Field 2.2.88.1
Isogeny class  1.1-a
Curve [w,1,w + 1,-18*w - 79,38*w + 185]
Curve [-w,1,-w + 1,18*w - 79,-38*w + 185]
Isogeny class  3.1-a
Curve [1,-w,1,-5*w - 16,19*w + 93]
Isogeny class  3.1-b
Curve [w + 1,-1,1,3043*w - 14259,-201370*w + 944522]
Isogeny class  3.2-a
Curve [1,w,1,5*w - 16,-19*w + 93]
Isogeny class  3.2-b
Curve [w + 1,-w - 1,1,-3044*w - 14259,201370*w + 944522]
Isogeny class  6.1-a
Curve [1,1,0,-2408*w - 11294,-140640*w - 659660]
Isogeny class  6.1-b
Curve [w + 1,w,w,41,-43*w + 273]
Isogeny class  6.2-a
Curve [1,1,0,2408*w - 11294,140640*w - 659660]
Isogeny class  6.2-b
Curve [w + 1,w,0,11*w + 52,84*w + 394]
Isogeny class  9.1-a
Curve [w + 1,w,w + 1,-354*w - 1667,-9533*w - 44717]
Curve [-w + 1,-w,-w + 1,354*w - 1667,9533*w - 44717]
Isogeny class  9.1-b
Curve [1,1,1,5530*w - 25938,482958*w - 2265274]
Curve [1,1,1,-5530*w - 25938,-482958*w - 2265274]
Isogeny class  9.2-a
Curve [0,-w + 1,w + 1,2*w - 5,9*w - 52]
Curve [0,-w + 1,1,-2630*w - 12325,166312*w + 780079]
Isogeny class  9.3-a
Curve [0,w + 1,w + 1,-2*w - 5,-10*w - 52]
Curve [0,w + 1,1,2630*w - 12325,-166312*w + 780079]
Isogeny class  11.1-a
Curve [0,-1,w + 1,-170996*w - 802042,151040284*w + 708441725]
Isogeny class  11.1-b
Curve [0,-1,1,-10,-20]
Isogeny class  14.1-a
Curve [w + 1,w - 1,w + 1,3*w + 16,2*w + 43]
Isogeny class  14.1-b
Curve [1,0,w + 1,-640*w - 3000,19709*w + 92440]
Isogeny class  14.2-a
Curve [w + 1,w - 1,1,5*w + 27,14*w + 65]
Isogeny class  14.2-b
Curve [1,0,w + 1,639*w - 3000,-19710*w + 92440]
Isogeny class  16.1-a
Curve [0,1,0,-70*w - 328,588*w + 2758]
Curve [0,1,0,70*w - 328,-588*w + 2758]
Isogeny class  18.1-a
Curve [1,-w - 1,0,-20359*w - 95487,3457370*w + 16216505]
Isogeny class  18.1-b
Curve [w + 1,-w + 1,1,-22*w - 75,69*w + 347]
Isogeny class  18.1-c
Curve [1,w - 1,0,20359*w - 95487,-3457370*w + 16216505]
Isogeny class  18.1-d
Curve [w + 1,1,1,21*w - 75,-69*w + 347]
Isogeny class  18.2-a
Curve [1,w + 1,w + 1,5,-w - 9]
Isogeny class  18.2-b
Curve [w + 1,-w,1,13082*w - 61359,-1942367*w + 9110510]
Isogeny class  18.3-a
Curve [1,-w + 1,w + 1,-w + 5,-9]
Isogeny class  18.3-b
Curve [w + 1,0,1,-13083*w - 61359,1942367*w + 9110510]
Isogeny class  21.1-a
Curve [w,-w - 1,w + 1,-3*w - 2,-2*w + 1]
Isogeny class  21.1-b
Curve [w,-w - 1,w + 1,-45314*w - 212522,2996549*w + 14055086]
Isogeny class  21.2-a
Curve [1,w,1,2*w - 2,w - 1]
Isogeny class  21.2-b
Curve [w + 1,-w - 1,1,-4223*w - 19789,685206*w + 3213914]
Isogeny class  21.4-a
Curve [w,w - 1,w + 1,2*w - 2,w + 1]
Isogeny class  21.4-b
Curve [w,w - 1,w + 1,45313*w - 212522,-2996550*w + 14055086]
Isogeny class  21.3-a
Curve [1,-w,1,-2*w - 2,-w - 1]
Isogeny class  21.3-b
Curve [w + 1,-1,1,4222*w - 19789,-685206*w + 3213914]
Isogeny class  27.1-a
Curve [1,w,1,279*w - 1301,-5676*w + 26627]
Isogeny class  27.1-b
Curve [w + 1,-w - 1,1,-166*w - 760,-2594*w - 12154]
Isogeny class  27.3-a
Curve [1,-1,0,-w + 5,-3*w + 14]
Isogeny class  27.3-b
Curve [w + 1,w + 1,w + 1,2026*w + 9496,172950*w + 811204]
Isogeny class  27.2-a
Curve [1,-w,1,-279*w - 1301,5676*w + 26627]
Isogeny class  27.2-b
Curve [w + 1,-1,1,165*w - 760,2594*w - 12154]
Isogeny class  27.4-a
Curve [1,-1,0,w + 5,3*w + 14]
Isogeny class  27.4-b
Curve [w + 1,w + 1,1,-2014*w + 9507,-163454*w + 766764]
Isogeny class  29.1-a
Curve [0,w + 1,1,-121*w - 563,1689*w + 7920]
Isogeny class  29.1-b
Curve [0,w + 1,w + 1,-9*w + 53,-12*w + 55]
Isogeny class  29.2-a
Curve [0,-w + 1,1,121*w - 563,-1689*w + 7920]
Isogeny class  29.2-b
Curve [0,-w + 1,w + 1,9*w + 53,11*w + 55]
Isogeny class  32.1-a
Curve [0,0,0,-1,0]
Isogeny class  32.1-b
Curve [0,0,0,1,0]
Isogeny class  36.1-a
Curve [0,w,0,2*w - 2,10*w - 43]
Isogeny class  36.1-b
Curve [0,-w,0,-786*w + 3694,51420*w - 241185]
Isogeny class  36.1-c
Curve [0,-w,0,-2*w - 2,-10*w - 43]
Isogeny class  36.1-d
Curve [0,w,0,786*w + 3694,-51420*w - 241185]
Isogeny class  36.2-a
Curve [0,w - 1,w,4*w - 19,5*w - 27]
Isogeny class  36.2-b
Curve [w,w + 1,w,42*w + 187,183*w + 853]
Isogeny class  36.2-c
Curve [w,w + 1,0,1477*w - 6886,-76512*w + 358925]
Isogeny class  36.2-d
Curve [0,w - 1,w,-79068*w - 370851,-39009532*w - 182970936]
Isogeny class  36.3-a
Curve [0,-w - 1,w,-4*w - 19,-5*w - 27]
Isogeny class  36.3-b
Curve [w,-w + 1,w,-42*w + 187,-183*w + 853]
Isogeny class  36.3-c
Curve [w,-w + 1,0,-1477*w - 6886,76512*w + 358925]
Isogeny class  36.3-d
Curve [0,-w - 1,w,79068*w - 370851,39009532*w - 182970936]
Isogeny class  39.1-a
Curve [0,-w,w + 1,w + 12,-2*w - 9]
Isogeny class  39.1-b
Curve [0,-w,1,393*w - 1836,6706*w - 31458]
Isogeny class  39.4-a
Curve [0,w,w + 1,-w + 12,w - 9]
Isogeny class  39.4-b
Curve [0,w,1,-393*w - 1836,-6706*w - 31458]
Isogeny class  42.2-a
Curve [w + 1,-w + 1,w + 1,-52*w + 234,-849*w + 3977]
Isogeny class  42.2-b
Curve [1,w - 1,0,-2956*w - 13855,-194128*w - 910547]
Isogeny class  42.3-a
Curve [w + 1,1,w + 1,50*w + 234,848*w + 3977]
Isogeny class  42.3-b
Curve [1,-w - 1,0,2956*w - 13855,194128*w - 910547]
Isogeny class  44.1-a
Curve [0,1,w,1,-5]
Isogeny class  44.1-b
Curve [0,1,w,-11032*w + 51745,1565921*w - 7344826]
Isogeny class  48.1-a
Curve [w,w + 1,0,-15*w - 70,34*w + 159]
Isogeny class  48.1-b
Curve [w,0,w,9632*w - 45179,1134752*w - 5322458]
Isogeny class  48.1-c
Curve [w,0,0,21*w + 108,466*w + 2191]
Isogeny class  48.1-d
Curve [w,w + 1,w,12172*w - 57061,-1623133*w + 7613215]
Isogeny class  48.2-a
Curve [w,-w + 1,0,15*w - 70,-34*w + 159]
Isogeny class  48.2-b
Curve [w,0,w,-9632*w - 45179,-1134752*w - 5322458]
Isogeny class  48.2-c
Curve [w,0,0,-21*w + 108,-466*w + 2191]
Isogeny class  48.2-d
Curve [w,-w + 1,w,-12172*w - 57061,1623133*w + 7613215]
Isogeny class  49.1-a
Curve [w,w + 1,w + 1,6*w,10*w - 4]
Isogeny class  49.1-b
Curve [w,-w + 1,w + 1,4200*w - 19712,317477*w - 1489107]
Isogeny class  49.1-c
Curve [w,0,1,-690*w - 3224,20078*w + 94180]
Isogeny class  49.1-d
Curve [w,0,1,-1185*w - 5546,45611*w + 213940]
Curve [-w,0,1,1185*w - 5546,-45611*w + 213940]
Isogeny class  49.1-e
Curve [w,-w + 1,w + 1,-7*w,-11*w - 4]
Isogeny class  49.1-f
Curve [-w,0,1,690*w - 3224,-20078*w + 94180]
Isogeny class  49.1-g
Curve [w,w + 1,w + 1,-4201*w - 19712,-317478*w - 1489107]
Isogeny class  49.1-h
Curve [w,0,1,4730*w - 22178,392230*w - 1839716]
Curve [-w,0,1,-4730*w - 22178,-392230*w - 1839716]
Isogeny class  49.2-a
Curve [w,w - 1,w + 1,-9,-w - 8]
Curve [w,w - 1,w + 1,5915*w - 27729,474179*w - 2224076]
Isogeny class  49.3-a
Curve [w,-w - 1,w + 1,-w - 9,-8]
Curve [w,-w - 1,w + 1,-5916*w - 27729,-474180*w - 2224076]
Isogeny class  54.1-a
Curve [1,-w,w,152*w - 709,2417*w - 11345]
Isogeny class  54.1-b
Curve [w + 1,-1,w,14*w - 63,-13*w + 67]
Isogeny class  54.1-c
Curve [1,w + 1,1,67*w - 303,1116*w - 5227]
Isogeny class  54.1-d
Curve [w + 1,-1,0,1928623*w - 9046027,3156632532*w - 14805918963]
Isogeny class  54.1-e
Curve [1,w + 1,1,174878*w - 820240,-94503287*w + 443259713]
Isogeny class  54.1-f
Curve [w + 1,-w,1,-12174*w - 57088,-1595868*w - 7485308]
Isogeny class  54.1-g
Curve [w + 1,-1,w,-4699*w - 22047,-384015*w - 1801195]
Isogeny class  54.1-h
Curve [1,-w,w,-1092*w - 5228,48888*w + 229596]
Isogeny class  54.1-i
Curve [1,-w,0,-12736*w - 59729,-735388*w - 3449271]
Isogeny class  54.1-j
Curve [w + 1,-w,1,-85*w - 375,896*w + 4222]
Isogeny class  54.3-a
Curve [1,-w,w,2*w - 4,8*w - 48]
Isogeny class  54.3-b
Curve [1,w + 1,0,-2875*w - 13481,-138426*w - 649277]
Isogeny class  54.3-c
Curve [w + 1,-1,w,19091*w + 89538,217734*w + 1021258]
Isogeny class  54.3-d
Curve [w + 1,-w,0,-5*w - 4,2*w + 24]
Isogeny class  54.3-e
Curve [w + 1,-1,1,-1380*w - 6469,9126*w + 42805]
Isogeny class  54.3-f
Curve [1,w + 1,w,39584*w - 185656,9250638*w - 43389336]
Isogeny class  54.3-g
Curve [w + 1,-1,w + 1,-19*w - 94,-145*w - 683]
Isogeny class  54.3-h
Curve [1,-w,w + 1,-15*w + 74,33*w - 166]
Isogeny class  54.3-i
Curve [1,w + 1,0,-190433*w - 893206,62371652*w + 292548978]
Isogeny class  54.3-j
Curve [w + 1,-w,0,w - 1,12*w - 55]
Isogeny class  54.3-k
Curve [w + 1,-w,0,15*w - 78,-248*w + 1142]
Isogeny class  54.3-l
Curve [1,-w,1,3*w - 8,1032*w - 4844]
Isogeny class  54.2-a
Curve [1,w,w,-153*w - 709,-2417*w - 11345]
Isogeny class  54.2-b
Curve [w + 1,-w - 1,w,-15*w - 63,13*w + 67]
Isogeny class  54.2-c
Curve [1,-w + 1,1,-67*w - 303,-1116*w - 5227]
Isogeny class  54.2-d
Curve [w + 1,-w - 1,0,-1928623*w - 9046027,-3156632532*w - 14805918963]
Isogeny class  54.2-e
Curve [1,-w + 1,1,-174878*w - 820240,94503287*w + 443259713]
Isogeny class  54.2-f
Curve [w + 1,0,1,12173*w - 57088,1595868*w - 7485308]
Isogeny class  54.2-g
Curve [w + 1,-w - 1,w,4698*w - 22047,384015*w - 1801195]
Isogeny class  54.2-h
Curve [1,w,w,1091*w - 5228,-48888*w + 229596]
Isogeny class  54.2-i
Curve [1,w,0,12736*w - 59729,735388*w - 3449271]
Isogeny class  54.2-j
Curve [w + 1,0,1,84*w - 375,-896*w + 4222]
Isogeny class  54.4-a
Curve [1,w,w,-3*w - 4,-8*w - 48]
Isogeny class  54.4-b
Curve [1,-w + 1,0,2875*w - 13481,138426*w - 649277]
Isogeny class  54.4-c
Curve [w + 1,-w - 1,w,-19092*w + 89538,-217734*w + 1021258]
Isogeny class  54.4-d
Curve [w + 1,0,0,5*w - 4,-2*w + 24]
Isogeny class  54.4-e
Curve [w + 1,-w - 1,1,1379*w - 6469,-9126*w + 42805]
Isogeny class  54.4-f
Curve [1,-w + 1,w,-39585*w - 185656,-9250638*w - 43389336]
Isogeny class  54.4-g
Curve [w + 1,-w - 1,w + 1,17*w - 94,144*w - 683]
Isogeny class  54.4-h
Curve [1,w,w + 1,14*w + 74,-34*w - 166]
Isogeny class  54.4-i
Curve [1,-w + 1,0,190433*w - 893206,-62371652*w + 292548978]
Isogeny class  54.4-j
Curve [w + 1,0,0,-w - 1,-12*w - 55]
Isogeny class  54.4-k
Curve [w + 1,0,0,-15*w - 78,248*w + 1142]
Isogeny class  54.4-l
Curve [1,w,1,-3*w - 8,-1032*w - 4844]
Isogeny class  56.1-a
Curve [w,-w + 1,w,-5*w - 5,12*w - 42]
Isogeny class  56.1-b
Curve [0,-w - 1,0,-8*w - 33,119*w + 560]
Isogeny class  56.1-c
Curve [0,-w - 1,0,272*w - 1265,-4891*w + 22934]
Isogeny class  56.1-d
Curve [w,-w + 1,0,-306864*w - 1439278,-200677160*w - 941259262]
Isogeny class  56.2-a
Curve [w,w + 1,w,5*w - 5,-12*w - 42]
Isogeny class  56.2-b
Curve [0,w - 1,0,8*w - 33,-119*w + 560]
Isogeny class  56.2-c
Curve [0,w - 1,0,-272*w - 1265,4891*w + 22934]
Isogeny class  56.2-d
Curve [w,w + 1,0,306864*w - 1439278,200677160*w - 941259262]
Isogeny class  63.1-a
Curve [w + 1,w - 1,w + 1,6*w + 23,-9*w - 46]
Isogeny class  63.1-b
Curve [1,1,0,w + 5,0]
Isogeny class  63.1-c
Curve [w + 1,w,w,3501*w - 16380,100758*w - 472525]
Isogeny class  63.1-d
Curve [1,0,1,1229*w - 5765,27373*w - 128391]
Isogeny class  63.3-a
Curve [0,0,w + 1,-w - 5,-14*w - 69]
Isogeny class  63.3-b
Curve [w,w + 1,w + 1,-2250*w - 10561,-46815*w - 219585]
Isogeny class  63.3-c
Curve [1,-1,w + 1,-13644*w - 63994,-1821315*w - 8542728]
Isogeny class  63.3-d
Curve [w + 1,w + 1,0,8*w + 25,8*w + 56]
Isogeny class  63.3-e
Curve [w,w + 1,w + 1,25*w - 89,-689*w + 3275]
Isogeny class  63.3-f
Curve [0,0,1,5123*w - 24029,460386*w - 2159402]
Isogeny class  63.4-a
Curve [0,-w + 1,w + 1,163*w - 760,27217*w - 127669]
Isogeny class  63.4-b
Curve [1,-w,0,-1311*w - 6141,-54562*w - 255914]
Isogeny class  63.4-c
Curve [w + 1,-1,w,15*w - 67,-47*w + 228]
Isogeny class  63.4-d
Curve [0,-w + 1,1,-33*w - 144,-192*w - 894]
Isogeny class  63.2-a
Curve [w + 1,w - 1,1,2*w + 34,32*w - 90]
Isogeny class  63.2-b
Curve [1,1,0,-w + 5,0]
Isogeny class  63.2-c
Curve [w + 1,w,0,-3490*w - 16369,-117138*w - 549426]
Isogeny class  63.2-d
Curve [1,0,1,-1229*w - 5765,-27373*w - 128391]
Isogeny class  63.6-a
Curve [0,0,w + 1,w - 5,13*w - 69]
Isogeny class  63.6-b
Curve [w,-w + 1,w + 1,2249*w - 10561,46814*w - 219585]
Isogeny class  63.6-c
Curve [1,-1,w + 1,13643*w - 63994,1821314*w - 8542728]
Isogeny class  63.6-d
Curve [w + 1,w + 1,w,5*w + 14,6*w + 23]
Isogeny class  63.6-e
Curve [w,-w + 1,w + 1,-26*w - 89,688*w + 3275]
Isogeny class  63.6-f
Curve [0,0,1,-5123*w - 24029,-460386*w - 2159402]
Isogeny class  63.5-a
Curve [0,w + 1,w + 1,-163*w - 760,-27218*w - 127669]
Isogeny class  63.5-b
Curve [1,w,0,1311*w - 6141,54562*w - 255914]
Isogeny class  63.5-c
Curve [w + 1,-w - 1,w,-16*w - 67,47*w + 228]
Isogeny class  63.5-d
Curve [0,w + 1,1,33*w - 144,192*w - 894]
Isogeny class  66.1-a
Curve [w + 1,w,w,-219*w - 1043,-4931*w - 23139]
Isogeny class  66.1-b
Curve [1,1,w,62*w - 293,-557*w + 2607]
Isogeny class  66.1-c
Curve [w + 1,w,w,-6115*w - 28690,-157694*w - 739656]
Isogeny class  66.1-d
Curve [1,1,w,127338*w - 597270,-53924000*w + 252925974]
Isogeny class  66.2-a
Curve [w + 1,w,0,230*w - 1032,3888*w - 18200]
Isogeny class  66.2-b
Curve [1,1,w,-63*w - 293,557*w + 2607]
Isogeny class  66.2-c
Curve [w + 1,w,0,6126*w - 28679,129004*w - 605005]
Isogeny class  66.2-d
Curve [1,1,w,-127339*w - 597270,53924000*w + 252925974]
Isogeny class  72.1-a
Curve [w,0,w,-1421*w - 6666,60522*w + 283874]
Isogeny class  72.1-b
Curve [w,1,w,2,2]
Isogeny class  72.1-c
Curve [w,0,0,-42*w - 187,-84*w - 388]
Isogeny class  72.1-d
Curve [w,1,0,17927*w - 84071,-2074079*w + 9728303]
Isogeny class  72.1-e
Curve [w,0,w,1421*w - 6666,-60522*w + 283874]
Isogeny class  72.1-f
Curve [w,0,0,42*w - 187,84*w - 388]
Isogeny class  72.2-a
Curve [w,w + 1,w,109551*w - 513809,45198598*w - 212000170]
Isogeny class  72.2-b
Curve [0,0,w,29*w + 136,21*w + 93]
Isogeny class  72.2-c
Curve [0,0,w,365*w - 1712,8274*w - 38814]
Isogeny class  72.2-d
Curve [0,w - 1,w,-2*w + 14,5*w - 27]
Isogeny class  72.2-e
Curve [w,w + 1,0,-76*w - 362,9552*w + 44806]
Isogeny class  72.2-f
Curve [0,w - 1,w,1314*w + 6174,48212*w + 226122]
Isogeny class  72.2-g
Curve [w,-1,0,-121*w - 560,1386*w + 6505]
Isogeny class  72.2-h
Curve [0,w - 1,w,-3*w - 3,-6*w - 41]
Isogeny class  72.2-i
Curve [0,w - 1,w,-4595*w + 21557,-33165*w + 155554]
Isogeny class  72.2-j
Curve [w,-1,w,-13078*w + 61337,-3127662*w + 14670033]
Isogeny class  72.3-a
Curve [w,-w + 1,w,-109551*w - 513809,-45198598*w - 212000170]
Isogeny class  72.3-b
Curve [0,0,w,-29*w + 136,-21*w + 93]
Isogeny class  72.3-c
Curve [0,0,w,-365*w - 1712,-8274*w - 38814]
Isogeny class  72.3-d
Curve [0,-w - 1,w,2*w + 14,-5*w - 27]
Isogeny class  72.3-e
Curve [w,-w + 1,0,76*w - 362,-9552*w + 44806]
Isogeny class  72.3-f
Curve [0,-w - 1,w,-1314*w + 6174,-48212*w + 226122]
Isogeny class  72.3-g
Curve [w,-1,0,121*w - 560,-1386*w + 6505]
Isogeny class  72.3-h
Curve [0,-w - 1,w,3*w - 3,6*w - 41]
Isogeny class  72.3-i
Curve [0,-w - 1,w,4595*w + 21557,33165*w + 155554]
Isogeny class  72.3-j
Curve [w,-1,w,13078*w + 61337,3127662*w + 14670033]
Isogeny class  75.1-a
Curve [w,-w,w + 1,3499*w - 16425,108281*w - 507891]
Isogeny class  75.1-b
Curve [1,w - 1,w,-7*w + 36,9*w - 45]
Isogeny class  75.1-c
Curve [w + 1,-w + 1,w + 1,5568*w + 26137,-27810*w - 130416]
Isogeny class  75.1-d
Curve [w,-w,w + 1,-1800*w - 8417,-90014*w - 422168]
Isogeny class  75.2-a
Curve [w,w,w + 1,-3500*w - 16425,-108282*w - 507891]
Isogeny class  75.2-b
Curve [1,-w - 1,w,6*w + 36,-9*w - 45]
Isogeny class  75.2-c
Curve [w + 1,1,w + 1,-5570*w + 26137,27809*w - 130416]
Isogeny class  75.2-d
Curve [w,w,w + 1,1799*w - 8417,90013*w - 422168]
Isogeny class  78.2-a
Curve [w + 1,w,0,34*w - 105,267*w - 1175]
Isogeny class  78.2-b
Curve [w + 1,1,0,-31*w + 173,-100*w + 497]
Isogeny class  78.2-c
Curve [w + 1,1,w + 1,-111*w + 532,-8223*w + 38589]
Isogeny class  78.2-d
Curve [w + 1,-1,0,-67212*w + 315269,36692526*w - 172103189]
Isogeny class  78.2-e
Curve [1,-w,w,-79*w - 356,-700*w - 3272]
Isogeny class  78.2-f
Curve [1,-w - 1,w,-331*w - 1545,-6503*w - 30505]
Isogeny class  78.2-g
Curve [1,-w - 1,w + 1,378*w + 1780,-151972*w - 712813]
Isogeny class  78.2-h
Curve [1,1,w,-275*w - 1287,-5512*w - 25859]
Isogeny class  78.3-a
Curve [w + 1,w,w,-23*w - 116,-383*w - 1802]
Isogeny class  78.3-b
Curve [w + 1,-w + 1,0,31*w + 173,100*w + 497]
Isogeny class  78.3-c
Curve [w + 1,-w + 1,w + 1,109*w + 532,8222*w + 38589]
Isogeny class  78.3-d
Curve [w + 1,-w - 1,0,67212*w + 315269,-36692526*w - 172103189]
Isogeny class  78.3-e
Curve [1,w,w,78*w - 356,700*w - 3272]
Isogeny class  78.3-f
Curve [1,w - 1,w,330*w - 1545,6503*w - 30505]
Isogeny class  78.3-g
Curve [1,w - 1,w + 1,-379*w + 1780,151971*w - 712813]
Isogeny class  78.3-h
Curve [1,1,w,274*w - 1287,5512*w - 25859]
Isogeny class  81.1-a
Curve [w + 1,w + 1,0,27384*w - 128379,5500267*w - 25798442]
Isogeny class  81.1-b
Curve [w + 1,w + 1,1,7*w + 25,10*w + 36]
Isogeny class  81.1-c
Curve [1,-1,0,44178*w - 207213,-10509230*w + 49292658]
Isogeny class  81.1-d
Curve [1,-1,0,49770*w - 233442,-12990096*w + 60928951]
Curve [1,-1,0,-49770*w - 233442,12990096*w + 60928951]
Isogeny class  81.1-e
Curve [1,-1,w + 1,43*w - 206,329*w - 1550]
Isogeny class  81.1-f
Curve [w,-1,w + 1,-158*w - 743,-2300*w - 10788]
Curve [-w,-1,-w + 1,158*w - 743,2300*w - 10788]
Isogeny class  81.1-g
Curve [w + 1,w + 1,w,-27371*w - 128390,-5628657*w - 26400747]
Isogeny class  81.1-h
Curve [w + 1,w + 1,w + 1,-3223*w - 15127,201486*w + 945048]
Curve [-w + 1,-w + 1,-w + 1,3223*w - 15127,-201486*w + 945048]
Isogeny class  81.1-i
Curve [w + 1,w + 1,w + 1,5*w + 14,4*w + 14]
Isogeny class  81.1-j
Curve [1,-1,0,-44178*w - 207213,10509230*w + 49292658]
Isogeny class  81.1-k
Curve [1,-1,w + 1,-44*w - 206,-330*w - 1550]
Isogeny class  81.2-a
Curve [0,-w + 1,w + 1,-4595*w + 21557,-1596803*w + 7489660]
Isogeny class  81.2-b
Curve [0,-w + 1,1,12,2*w - 2]
Isogeny class  81.2-c
Curve [0,-w + 1,1,47014*w + 220526,-1913206*w - 8973725]
Isogeny class  81.2-d
Curve [0,-w + 1,w + 1,-19964*w + 93644,-132023355*w + 619244415]
Isogeny class  81.2-e
Curve [w,-w,w + 1,-5*w + 1,-3*w + 15]
Isogeny class  81.2-f
Curve [0,-w + 1,1,-3*w - 3,6*w + 35]
Isogeny class  81.2-g
Curve [w,-w,w + 1,24950*w - 117039,-10313997*w + 48376926]
Isogeny class  81.2-h
Curve [0,-w + 1,w + 1,2*w - 2,7*w - 46]
Isogeny class  81.4-a
Curve [0,0,1,-491*w - 2303,21864*w + 102551]
Isogeny class  81.4-b
Curve [0,0,w + 1,97*w - 455,-1127*w + 5278]
Isogeny class  81.3-a
Curve [0,w + 1,w + 1,4595*w + 21557,1596802*w + 7489660]
Isogeny class  81.3-b
Curve [0,w + 1,1,12,-2*w - 2]
Isogeny class  81.3-c
Curve [0,w + 1,1,-47014*w + 220526,1913206*w - 8973725]
Isogeny class  81.3-d
Curve [0,w + 1,w + 1,19964*w + 93644,132023354*w + 619244415]
Isogeny class  81.3-e
Curve [w,w,w + 1,4*w + 1,2*w + 15]
Isogeny class  81.3-f
Curve [0,w + 1,1,3*w - 3,-6*w + 35]
Isogeny class  81.3-g
Curve [w,w,w + 1,-24951*w - 117039,10313996*w + 48376926]
Isogeny class  81.3-h
Curve [0,w + 1,w + 1,-2*w - 2,-8*w - 46]
Isogeny class  81.5-a
Curve [0,0,1,491*w - 2303,-21864*w + 102551]
Isogeny class  81.5-b
Curve [0,0,w + 1,-97*w - 455,1126*w + 5278]
Isogeny class  84.2-a
Curve [w,0,w,-12804*w - 60057,2341058*w + 10980536]
Isogeny class  84.2-b
Curve [0,1,0,-4*w + 19,0]
Isogeny class  84.2-c
Curve [w,0,0,81887*w - 384074,-27482966*w + 128906543]
Isogeny class  84.2-d
Curve [w,0,w,-132*w - 625,2666*w + 12492]
Isogeny class  84.2-e
Curve [0,1,0,-1572*w - 7373,34498*w + 161810]
Isogeny class  84.2-f
Curve [w,0,0,-w + 14,2*w - 5]
Isogeny class  84.3-a
Curve [w,0,w,12804*w - 60057,-2341058*w + 10980536]
Isogeny class  84.3-b
Curve [0,1,0,4*w + 19,0]
Isogeny class  84.3-c
Curve [w,0,0,-81887*w - 384074,27482966*w + 128906543]
Isogeny class  84.3-d
Curve [w,0,w,132*w - 625,-2666*w + 12492]
Isogeny class  84.3-e
Curve [0,1,0,1572*w - 7373,-34498*w + 161810]
Isogeny class  84.3-f
Curve [w,0,0,w + 14,-2*w - 5]
Isogeny class  87.1-a
Curve [1,w,1,w + 3,-w + 9]
Isogeny class  87.1-b
Curve [w + 1,-w - 1,1,900*w + 4240,-23593*w - 110648]
Isogeny class  87.4-a
Curve [1,-w,1,-w + 3,w + 9]
Isogeny class  87.4-b
Curve [w + 1,-1,1,-901*w + 4240,23593*w - 110648]
Isogeny class  88.1-a
Curve [0,0,w,-1,-6]
Isogeny class  88.1-b
Curve [0,0,w,16548*w - 77617,-3259935*w + 15290445]
Isogeny class  98.1-a
Curve [w + 1,w - 1,1,-74117*w + 347683,-39870180*w + 187007781]
Isogeny class  98.1-b
Curve [1,0,1,4,-6]
Isogeny class  98.2-a
Curve [1,w - 1,w + 1,251*w + 1189,-28000*w - 131341]
Isogeny class  98.2-b
Curve [w + 1,-w + 1,w,90*w - 429,-813*w + 3811]
Isogeny class  98.3-a
Curve [1,-w - 1,w + 1,-252*w + 1189,27999*w - 131341]
Isogeny class  98.3-b
Curve [w + 1,1,w,-91*w - 429,813*w + 3811]
Isogeny class  99.1-a
Curve [w + 1,w,w,190652*w - 894196,30744314*w - 144203543]
Isogeny class  99.1-b
Curve [1,1,0,-11,0]
Isogeny class  100.1-a
Curve [w,-w,0,-854*w - 3971,29214*w + 137065]
Isogeny class  100.1-b
Curve [w,0,w,0,2]
Isogeny class  100.1-c
Curve [w,w,0,854*w - 3971,-29214*w + 137065]
Isogeny class  100.1-d
Curve [w,w,w,7*w + 22,21*w + 93]
Isogeny class  100.1-e
Curve [w,0,0,-15169*w + 71159,-2261469*w + 10607236]
Isogeny class  100.1-f
Curve [w,-w,w,-7*w + 22,-21*w + 93]
Isogeny class  108.1-a
Curve [0,w + 1,0,-150*w - 699,1961*w + 9196]
Isogeny class  108.1-b
Curve [0,w + 1,0,-374*w + 1765,-103577*w + 485826]
Isogeny class  108.1-c
Curve [w,-w + 1,0,-158843*w - 744998,70401448*w + 330212113]
Isogeny class  108.1-d
Curve [w,-w + 1,w,1179*w - 5540,32170*w - 150896]
Isogeny class  108.1-e
Curve [w,-w + 1,0,-1516*w - 7069,-70205*w - 329239]
Isogeny class  108.1-f
Curve [w,-w + 1,w,512*w - 2421,15795*w - 74107]
Isogeny class  108.1-g
Curve [0,-w - 1,0,2*w + 5,-5*w - 22]
Isogeny class  108.1-h
Curve [w,w,0,5970*w + 28002,94094*w + 441340]
Isogeny class  108.1-i
Curve [0,-w - 1,0,59362*w + 278437,207371573*w + 972658896]
Isogeny class  108.1-j
Curve [w,w,w,13*w - 37,-32*w + 185]
Isogeny class  108.2-a
Curve [0,-w + 1,0,150*w - 699,-1961*w + 9196]
Isogeny class  108.2-b
Curve [0,-w + 1,0,374*w + 1765,103577*w + 485826]
Isogeny class  108.2-c
Curve [w,w + 1,0,158843*w - 744998,-70401448*w + 330212113]
Isogeny class  108.2-d
Curve [w,w + 1,0,-4*w - 29,-65*w - 303]
Isogeny class  108.2-e
Curve [w,w + 1,w,187491*w - 879380,55477700*w - 260213432]
Isogeny class  108.2-f
Curve [w,w + 1,w,-512*w - 2421,-15795*w - 74107]
Isogeny class  108.2-g
Curve [0,w - 1,0,-2*w + 5,5*w - 22]
Isogeny class  108.2-h
Curve [w,-w,0,-5970*w + 28002,-94094*w + 441340]
Isogeny class  108.2-i
Curve [0,w - 1,0,-59362*w + 278437,-207371573*w + 972658896]
Isogeny class  108.2-j
Curve [w,-w,w,-13*w - 37,32*w + 185]
Isogeny class  109.1-a
Curve [0,-1,1,151*w - 710,2144*w - 10057]
Isogeny class  109.1-b
Curve [0,-1,w + 1,-34429*w - 161486,7542524*w + 35377570]
Isogeny class  109.2-a
Curve [0,-1,1,-151*w - 710,-2144*w - 10057]
Isogeny class  109.2-b
Curve [0,-1,w + 1,34429*w - 161486,-7542525*w + 35377570]
Isogeny class  112.1-a
Curve [w,-w,0,306856*w - 1439282,-199449720*w + 935502110]
Isogeny class  112.1-b
Curve [0,-w + 1,0,8*w - 33,119*w - 560]
Isogeny class  112.1-c
Curve [w,1,w,3*w + 17,43*w + 206]
Isogeny class  112.1-d
Curve [w,1,0,2558*w - 11984,-152560*w + 715580]
Isogeny class  112.1-e
Curve [0,-w + 1,0,-272*w - 1265,-4891*w - 22934]
Isogeny class  112.1-f
Curve [w,-w,w,-3*w - 9,16*w + 15]
Isogeny class  112.2-a
Curve [w,w,0,-306856*w - 1439282,199449720*w + 935502110]
Isogeny class  112.2-b
Curve [0,w + 1,0,-8*w - 33,-119*w - 560]
Isogeny class  112.2-c
Curve [w,1,w,-3*w + 17,-43*w + 206]
Isogeny class  112.2-d
Curve [w,1,0,-2558*w - 11984,152560*w + 715580]
Isogeny class  112.2-e
Curve [0,w + 1,0,272*w - 1265,4891*w - 22934]
Isogeny class  112.2-f
Curve [w,w,w,3*w - 9,-16*w + 15]
Isogeny class  116.1-a
Curve [w,w + 1,0,-99*w - 464,862*w + 4043]
Isogeny class  116.1-b
Curve [w,0,w,200*w - 939,870*w - 4080]
Isogeny class  116.1-c
Curve [0,w - 1,w,-w + 6,6*w + 16]
Isogeny class  116.1-d
Curve [w,0,0,-3*w - 4,-48*w - 219]
Isogeny class  116.1-e
Curve [0,w - 1,w,1707*w - 8002,-93055*w + 436463]
Isogeny class  116.1-f
Curve [w,w + 1,w,12256*w - 57455,585933*w - 2748223]
Isogeny class  116.2-a
Curve [w,-w + 1,0,99*w - 464,-862*w + 4043]
Isogeny class  116.2-b
Curve [w,0,w,-200*w - 939,-870*w - 4080]
Isogeny class  116.2-c
Curve [0,-w - 1,w,w + 6,-6*w + 16]
Isogeny class  116.2-d
Curve [w,0,0,3*w - 4,48*w - 219]
Isogeny class  116.2-e
Curve [0,-w - 1,w,-1707*w - 8002,93055*w + 436463]
Isogeny class  116.2-f
Curve [w,-w + 1,w,-12256*w - 57455,-585933*w - 2748223]
Isogeny class  117.1-a
Curve [0,w,1,6,2]
Isogeny class  117.1-b
Curve [0,w,w + 1,-22064*w - 103482,-3377944*w - 15843969]
Isogeny class  117.3-a
Curve [w + 1,-w - 1,1,32*w - 151,8068*w - 37842]
Isogeny class  117.3-b
Curve [w + 1,-w - 1,w,-2*w - 2,-w + 1]
Isogeny class  117.3-c
Curve [1,w,w,607*w + 2856,-8247231*w - 38682951]
Isogeny class  117.3-d
Curve [1,w,w + 1,179*w + 848,-3552*w - 16667]
Isogeny class  117.4-a
Curve [0,w - 1,w + 1,-6574*w - 30824,-617235*w - 2895099]
Isogeny class  117.4-b
Curve [0,w - 1,1,6*w - 24,-33*w + 156]
Isogeny class  117.2-a
Curve [0,-w,1,6,2]
Isogeny class  117.2-b
Curve [0,-w,w + 1,22064*w - 103482,3377943*w - 15843969]
Isogeny class  117.6-a
Curve [w + 1,-1,1,-33*w - 151,-8068*w - 37842]
Isogeny class  117.6-b
Curve [w + 1,-1,w,w - 2,w + 1]
Isogeny class  117.6-c
Curve [1,-w,w,-608*w + 2856,8247231*w - 38682951]
Isogeny class  117.6-d
Curve [1,-w,w + 1,-180*w + 848,3551*w - 16667]
Isogeny class  117.5-a
Curve [0,-w - 1,w + 1,6574*w - 30824,617234*w - 2895099]
Isogeny class  117.5-b
Curve [0,-w - 1,1,-6*w - 24,33*w + 156]
Isogeny class  118.1-a
Curve [w + 1,1,1,-13640*w + 64002,4225675*w - 19820145]
Isogeny class  118.1-b
Curve [1,-w - 1,0,6,4]
Isogeny class  118.2-a
Curve [w + 1,-w + 1,1,13639*w + 64002,-4225675*w - 19820145]
Isogeny class  118.2-b
Curve [1,w - 1,0,6,4]
Isogeny class  121.1-a
Curve [w,0,w + 1,4*w - 22,19*w - 91]
Curve [-w,0,-w + 1,-389*w + 1826,50911*w - 238791]
Isogeny class  121.1-b
Curve [1,1,1,-30,-76]
Isogeny class  121.1-c
Curve [w + 1,w,1,496790*w - 2330100,-413009700*w + 1937187283]
Isogeny class  121.1-d
Curve [0,-1,1,-7,10]
Curve [0,-1,w + 1,-121352*w - 569191,-51092234*w - 239643823]
Isogeny class  121.1-e
Curve [-w,0,-w + 1,-4*w - 22,-19*w - 91]
Curve [w,0,w + 1,389*w + 1826,-50911*w - 238791]
Isogeny class  122.1-a
Curve [1,-w + 1,w,3464*w - 16246,251111*w - 1177822]
Isogeny class  122.1-b
Curve [w + 1,0,w,-5,-4*w - 23]
Isogeny class  122.2-a
Curve [1,w + 1,w,-3465*w - 16246,-251111*w - 1177822]
Isogeny class  122.2-b
Curve [w + 1,-w,w,-w - 5,4*w - 23]
Isogeny class  126.1-a
Curve [w + 1,w,1,701*w + 3289,13282*w + 62284]
Isogeny class  126.1-b
Curve [w + 1,w - 1,0,-12*w + 102,-72*w + 396]
Isogeny class  126.1-c
Curve [w + 1,-w + 1,w + 1,402610*w - 1888418,-299941667*w + 1406851117]
Isogeny class  126.1-d
Curve [w + 1,w,1,-15*w + 122,-569*w + 2746]
Isogeny class  126.1-e
Curve [1,1,1,24872*w - 116660,5018528*w - 23538983]
Isogeny class  126.1-f
Curve [1,w - 1,0,-7*w + 38,516*w - 2418]
Isogeny class  126.1-g
Curve [w + 1,1,w,9*w - 31,38*w - 159]
Isogeny class  126.1-h
Curve [1,-w - 1,1,-49897*w - 234033,-39103599*w - 183412135]
Isogeny class  126.1-i
Curve [w + 1,-w + 1,1,-144*w - 646,1546*w + 7279]
Isogeny class  126.1-j
Curve [w + 1,w,w + 1,4*w + 11,3*w + 12]
Isogeny class  126.1-k
Curve [1,1,1,-29*w - 136,-175*w - 821]
Isogeny class  126.1-l
Curve [1,w - 1,0,202*w + 933,80608*w + 378077]
Isogeny class  126.1-m
Curve [1,0,w,-9686*w - 45429,269505*w + 1264085]
Isogeny class  126.1-n
Curve [1,1,w + 1,22796*w - 106925,-93640474*w + 439212747]
Isogeny class  126.3-a
Curve [w + 1,-w,0,-25996098*w - 121932486,-168208380830*w - 788967240360]
Isogeny class  126.3-b
Curve [1,w + 1,w,1339*w - 7842,70868*w - 309714]
Isogeny class  126.3-c
Curve [1,w + 1,w + 1,9*w + 50,-227*w - 1073]
Isogeny class  126.3-d
Curve [w + 1,-w,1,-33025*w + 154902,-7091925*w + 33264078]
Isogeny class  126.3-e
Curve [1,w + 1,1,w + 6,-47*w + 227]
Isogeny class  126.3-f
Curve [w + 1,-w,1,-9475*w - 44418,-1118670*w - 5247008]
Isogeny class  126.3-g
Curve [1,w + 1,0,53*w - 245,-518*w + 2411]
Isogeny class  126.3-h
Curve [w + 1,-w,w + 1,181*w + 864,2853*w + 13398]
Isogeny class  126.3-i
Curve [w + 1,-w,w,-135213*w - 634192,66479922*w + 311818488]
Isogeny class  126.3-j
Curve [1,w + 1,w + 1,-3*w + 23,w - 5]
Isogeny class  126.4-a
Curve [1,-1,0,7433*w - 34864,1093072*w - 5126962]
Isogeny class  126.4-b
Curve [1,-w + 1,0,-185*w + 871,806*w - 3781]
Isogeny class  126.4-c
Curve [w + 1,0,w,49665*w - 232941,14261449*w - 66892111]
Isogeny class  126.4-d
Curve [w + 1,0,0,-11125*w - 52177,-1413688*w - 6630783]
Isogeny class  126.4-e
Curve [w + 1,w + 1,w + 1,-5408*w - 25373,-476417*w - 2234597]
Isogeny class  126.4-f
Curve [1,-w + 1,0,-4*w - 10,4]
Isogeny class  126.2-a
Curve [w + 1,w,w + 1,-691*w + 3278,-10004*w + 46972]
Isogeny class  126.2-b
Curve [w + 1,w - 1,w,21*w + 91,163*w + 759]
Isogeny class  126.2-c
Curve [w + 1,1,w + 1,-402612*w - 1888418,299941666*w + 1406851117]
Isogeny class  126.2-d
Curve [w + 1,w,w + 1,25*w + 111,680*w + 3186]
Isogeny class  126.2-e
Curve [1,1,1,-24872*w - 116660,-5018528*w - 23538983]
Isogeny class  126.2-f
Curve [1,-w - 1,0,7*w + 38,-516*w - 2418]
Isogeny class  126.2-g
Curve [w + 1,-w + 1,w,-10*w - 31,-38*w - 159]
Isogeny class  126.2-h
Curve [1,w - 1,1,49897*w - 234033,39103599*w - 183412135]
Isogeny class  126.2-i
Curve [w + 1,1,1,143*w - 646,-1546*w + 7279]
Isogeny class  126.2-j
Curve [w + 1,w,1,6*w + 22,8*w + 34]
Isogeny class  126.2-k
Curve [1,1,1,29*w - 136,175*w - 821]
Isogeny class  126.2-l
Curve [1,-w - 1,0,-202*w + 933,-80608*w + 378077]
Isogeny class  126.2-m
Curve [1,0,w,9685*w - 45429,-269505*w + 1264085]
Isogeny class  126.2-n
Curve [1,1,w + 1,-22797*w - 106925,93640473*w + 439212747]
Isogeny class  126.6-a
Curve [w + 1,0,0,25996098*w - 121932486,168208380830*w - 788967240360]
Isogeny class  126.6-b
Curve [1,-w + 1,w,-1340*w - 7842,-70868*w - 309714]
Isogeny class  126.6-c
Curve [1,-w + 1,w + 1,-10*w + 50,226*w - 1073]
Isogeny class  126.6-d
Curve [w + 1,0,1,33024*w + 154902,7091925*w + 33264078]
Isogeny class  126.6-e
Curve [1,-w + 1,1,-w + 6,47*w + 227]
Isogeny class  126.6-f
Curve [w + 1,0,1,9474*w - 44418,1118670*w - 5247008]
Isogeny class  126.6-g
Curve [1,-w + 1,0,-53*w - 245,518*w + 2411]
Isogeny class  126.6-h
Curve [w + 1,0,w + 1,-183*w + 864,-2854*w + 13398]
Isogeny class  126.6-i
Curve [w + 1,0,w,135212*w - 634192,-66479922*w + 311818488]
Isogeny class  126.6-j
Curve [1,-w + 1,w + 1,2*w + 23,-2*w - 5]
Isogeny class  126.5-a
Curve [1,-1,0,-7433*w - 34864,-1093072*w - 5126962]
Isogeny class  126.5-b
Curve [1,w + 1,0,185*w + 871,-806*w - 3781]
Isogeny class  126.5-c
Curve [w + 1,-w,w,-49666*w - 232941,-14261449*w - 66892111]
Isogeny class  126.5-d
Curve [w + 1,-w,0,11125*w - 52177,1413688*w - 6630783]
Isogeny class  126.5-e
Curve [w + 1,w + 1,1,5420*w - 25362,451044*w - 2115489]
Isogeny class  126.5-f
Curve [1,w + 1,0,4*w - 10,4]
Isogeny class  134.1-a
Curve [1,-w + 1,w,26314*w - 123422,5083492*w - 23843698]
Isogeny class  134.1-b
Curve [1,0,w + 1,48*w + 227,396*w + 1854]
Isogeny class  134.1-c
Curve [w + 1,w - 1,w + 1,103*w - 453,402*w - 1833]
Isogeny class  134.1-d
Curve [w + 1,0,w,2*w + 3,3*w + 9]
Isogeny class  134.2-a
Curve [1,w + 1,w,-26315*w - 123422,-5083492*w - 23843698]
Isogeny class  134.2-b
Curve [1,0,w + 1,-49*w + 227,-397*w + 1854]
Isogeny class  134.2-c
Curve [w + 1,w - 1,1,-95*w - 442,-855*w - 4011]
Isogeny class  134.2-d
Curve [w + 1,-w,w,-3*w + 3,-3*w + 9]
Isogeny class  144.1-a
Curve [w,1,0,-42*w - 183,-84*w - 384]
Isogeny class  144.1-b
Curve [w,0,0,1435*w - 6722,66724*w - 312959]
Curve [-w,0,0,-1435*w - 6722,-66724*w - 312959]
Isogeny class  144.1-c
Curve [w,-w - 1,0,81435*w - 381964,-27114116*w + 127176477]
Isogeny class  144.1-d
Curve [0,w,0,-2*w - 2,10*w + 43]
Isogeny class  144.1-e
Curve [0,-w,0,2*w - 2,-10*w + 43]
Isogeny class  144.1-f
Curve [w,1,w,-1421*w - 6662,-66206*w - 310529]
Isogeny class  144.1-g
Curve [w,0,w,-2,-1]
Isogeny class  144.1-h
Curve [w,w - 1,w,80*w - 363,-801*w + 3761]
Isogeny class  144.1-i
Curve [w,w - 1,0,-81435*w - 381964,27114116*w + 127176477]
Isogeny class  144.1-j
Curve [w,0,0,17927*w - 84075,2145787*w - 10064627]
Isogeny class  144.1-k
Curve [w,1,0,42*w - 183,84*w - 384]
Isogeny class  144.1-l
Curve [0,-w,0,786*w + 3694,51420*w + 241185]
Isogeny class  144.1-m
Curve [0,w,0,-786*w + 3694,-51420*w + 241185]
Isogeny class  144.1-n
Curve [w,-w - 1,w,-80*w - 363,801*w + 3761]
Isogeny class  144.1-o
Curve [w,0,w,-22120*w - 103753,-3885784*w - 18225942]
Curve [-w,0,-w,22120*w - 103753,3885784*w - 18225942]
Isogeny class  144.1-p
Curve [w,1,w,1421*w - 6662,66206*w - 310529]
Isogeny class  144.2-a
Curve [0,-w + 1,w,4*w - 19,-5*w + 16]
Isogeny class  144.2-b
Curve [w,-1,w,-121*w - 571,-1749*w - 8204]
Isogeny class  144.2-c
Curve [w,-w,0,1469*w - 6890,82404*w - 386509]
Isogeny class  144.2-d
Curve [0,0,w,29*w + 136,-21*w - 104]
Isogeny class  144.2-e
Curve [0,-w + 1,w,1314*w + 6174,-48212*w - 226133]
Isogeny class  144.2-f
Curve [0,-w + 1,w,-3*w - 3,6*w + 30]
Isogeny class  144.2-g
Curve [w,-w,w,-5*w - 3,-8*w - 17]
Isogeny class  144.2-h
Curve [w,-w,0,-84*w - 366,-9872*w - 46294]
Isogeny class  144.2-i
Curve [0,w - 1,0,-10518*w - 49323,1291691*w + 6058561]
Curve [0,w - 1,0,10*w - 43,23*w - 107]
Isogeny class  144.2-j
Curve [w,-w,w,109543*w - 513813,-44760410*w + 209944927]
Isogeny class  144.2-k
Curve [0,0,w,365*w - 1712,-8274*w + 38803]
Isogeny class  144.2-l
Curve [w,-w,0,52334*w - 245468,-15643600*w + 73374988]
Isogeny class  144.2-m
Curve [w,-1,0,-13078*w + 61348,3088428*w - 14486008]
Isogeny class  144.2-n
Curve [0,-w + 1,w,-4595*w + 21557,33165*w - 155565]
Isogeny class  144.2-o
Curve [0,-w + 1,w,-2*w + 14,-5*w + 16]
Isogeny class  144.2-p
Curve [w,-w,w,34*w + 183,-31*w - 112]
Isogeny class  144.2-q
Curve [0,-w + 1,w,-79068*w - 370851,39009532*w + 182970925]
Isogeny class  144.3-a
Curve [0,w + 1,w,-4*w - 19,5*w + 16]
Isogeny class  144.3-b
Curve [w,-1,w,121*w - 571,1749*w - 8204]
Isogeny class  144.3-c
Curve [w,w,0,-1469*w - 6890,-82404*w - 386509]
Isogeny class  144.3-d
Curve [0,0,w,-29*w + 136,21*w - 104]
Isogeny class  144.3-e
Curve [0,w + 1,w,-1314*w + 6174,48212*w - 226133]
Isogeny class  144.3-f
Curve [0,w + 1,w,3*w - 3,-6*w + 30]
Isogeny class  144.3-g
Curve [w,w,w,5*w - 3,8*w - 17]
Isogeny class  144.3-h
Curve [w,w,0,84*w - 366,9872*w - 46294]
Isogeny class  144.3-i
Curve [0,-w - 1,0,-10*w - 43,-23*w - 107]
Curve [0,-w - 1,0,10518*w - 49323,-1291691*w + 6058561]
Isogeny class  144.3-j
Curve [w,w,w,-109543*w - 513813,44760410*w + 209944927]
Isogeny class  144.3-k
Curve [0,0,w,-365*w - 1712,8274*w + 38803]
Isogeny class  144.3-l
Curve [w,w,0,-52334*w - 245468,15643600*w + 73374988]
Isogeny class  144.3-m
Curve [w,-1,0,13078*w + 61348,-3088428*w - 14486008]
Isogeny class  144.3-n
Curve [0,w + 1,w,4595*w + 21557,-33165*w - 155565]
Isogeny class  144.3-o
Curve [0,w + 1,w,2*w + 14,5*w + 16]
Isogeny class  144.3-p
Curve [w,w,w,-34*w + 183,31*w - 112]
Isogeny class  144.3-q
Curve [0,w + 1,w,79068*w - 370851,-39009532*w + 182970925]
Isogeny class  147.1-a
Curve [w,0,1,-8*w - 31,-40*w - 189]
Isogeny class  147.1-b
Curve [w,0,1,97719*w - 458335,23199647*w - 108815984]
Isogeny class  147.3-a
Curve [1,-w,0,-41888*w - 196464,10156284*w + 47637199]
Isogeny class  147.3-b
Curve [w + 1,-1,w,10*w - 46,-62*w + 291]
Isogeny class  147.3-c
Curve [1,-w,0,-109259*w - 512462,-42413611*w - 198937465]
Isogeny class  147.3-d
Curve [w + 1,-1,w,7*w - 36,-15*w + 69]
Isogeny class  147.4-a
Curve [1,-w + 1,1,-442*w - 2062,11762*w + 55176]
Isogeny class  147.4-b
Curve [w,1,w + 1,98*w - 460,-91*w + 427]
Isogeny class  147.4-c
Curve [w,1,w + 1,-17829*w - 83620,-2844800*w - 13343288]
Isogeny class  147.4-d
Curve [w + 1,0,1,1641*w - 7678,80129*w - 375819]
Isogeny class  147.2-a
Curve [w,0,1,7*w - 31,40*w - 189]
Isogeny class  147.2-b
Curve [w,0,1,-97720*w - 458335,-23199647*w - 108815984]
Isogeny class  147.6-a
Curve [1,w,0,41888*w - 196464,-10156284*w + 47637199]
Isogeny class  147.6-b
Curve [w + 1,-w - 1,w,-11*w - 46,62*w + 291]
Isogeny class  147.6-c
Curve [1,w,0,109259*w - 512462,42413611*w - 198937465]
Isogeny class  147.6-d
Curve [w + 1,-w - 1,w,-8*w - 36,15*w + 69]
Isogeny class  147.5-a
Curve [1,w + 1,1,442*w - 2062,-11762*w + 55176]
Isogeny class  147.5-b
Curve [w,1,w + 1,-99*w - 460,90*w + 427]
Isogeny class  147.5-c
Curve [w,1,w + 1,17828*w - 83620,2844799*w - 13343288]
Isogeny class  147.5-d
Curve [w + 1,-w,1,-1642*w - 7678,-80129*w - 375819]
Isogeny class  150.1-a
Curve [1,w,w + 1,5,-4]
Isogeny class  150.1-b
Curve [w + 1,w,w,59*w - 240,454*w - 2072]
Isogeny class  150.1-c
Curve [1,w,w + 1,1288*w - 6036,-56354*w + 264320]
Isogeny class  150.1-d
Curve [w + 1,-w - 1,w + 1,-585*w - 2734,16760*w + 78621]
Isogeny class  150.1-e
Curve [1,1,0,-72993*w - 342367,-28306754*w - 132770445]
Isogeny class  150.1-f
Curve [w + 1,-w - 1,w + 1,-4813*w - 22565,-706981*w - 3316025]
Isogeny class  150.2-a
Curve [1,-w,w + 1,-w + 5,-w - 4]
Isogeny class  150.2-b
Curve [w + 1,w,0,-48*w - 229,-694*w - 3249]
Isogeny class  150.2-c
Curve [1,-w,w + 1,-1289*w - 6036,56353*w + 264320]
Isogeny class  150.2-d
Curve [w + 1,-1,w + 1,583*w - 2734,-16761*w + 78621]
Isogeny class  150.2-e
Curve [1,1,0,72993*w - 342367,28306754*w - 132770445]
Isogeny class  150.2-f
Curve [w + 1,-1,w + 1,4811*w - 22565,706980*w - 3316025]

Total time: 1254.410 seconds, Total memory usage: 87.44MB
