Magma V2.21-4     Wed Jun  3 2015 15:46:37 on atkin    [Seed = 3990096397]
Type ? for help.  Type <Ctrl>-D to quit.
Field 2.2.265.1
Isogeny class  4.1-a
Curve [0,0,0,-566868842643456*w - 4331071327961088,-20964566529998831222784*w - 160156611221652882063360]
Curve [0,0,0,566868842643456*w - 4897940170604544,20964566529998831222784*w - 181121177751651713286144]
Isogeny class  4.1-b
Curve [0,0,0,4610932604928*w - 43692198985728,-35484852811223531520*w + 303652815911566442496]
Curve [0,0,0,-4610932604928*w - 39081266380800,35484852811223531520*w + 268167963100342910976]
Isogeny class  6.1-a
Curve [0,0,0,102384*w - 884763,95399856*w - 824197194]
Isogeny class  6.1-b
Curve [0,0,0,1173989206224*w - 10142574438051,3703456031580990288*w - 31995676177615649826]
Isogeny class  6.2-a
Curve [0,0,0,-81*w - 4401,-54*w + 141210]
Isogeny class  6.2-b
Curve [0,0,0,35701074243351*w - 308436228469449,-524019760910950281822*w + 4527221718795685784370]
Isogeny class  6.4-a
Curve [0,0,0,-102384*w - 782379,-95399856*w - 728797338]
Isogeny class  6.4-b
Curve [0,0,0,-245037393*w - 1871941185,-11167593111414*w - 85313825819766]
Isogeny class  6.3-a
Curve [0,0,0,81*w - 4482,54*w + 141156]
Isogeny class  6.3-b
Curve [0,0,0,-555984*w - 4247424,1018407600*w + 7780033584]
Isogeny class  9.1-a
Curve [0,0,0,-321489*w - 2456001,-233009597862*w - 1780055921430]
Isogeny class  9.1-b
Curve [0,0,0,-127143*w - 971298,70062462*w + 535235796]
Isogeny class  9.1-c
Curve [0,0,0,221279435215109070600960000*w - 1911723831344068636283550000,52008474796524146584378605608079120000000*w - 449322552742956955173592952156995803750000]
Isogeny class  9.1-d
Curve [0,0,0,3638387113524430893356284800*w - 31433519096874848552092270875,-340811535341622732567433002549742473360000*w + 2944410688124596927252554615484793501973750]
Isogeny class  9.1-e
Curve [0,0,0,1917940283463031200*w - 16569873293854111875,-4124806265436299197194780000*w + 35635893727121317450393458750]
Isogeny class  9.1-f
Curve [0,0,0,116645296242240000*w - 1007746589256750000,629453115433587547260000000*w - 5438103727624190058048750000]
Isogeny class  9.1-g
Curve [0,0,0,321489*w - 2777490,233009597862*w - 2013065519292]
Isogeny class  9.1-h
Curve [0,0,0,1704033639*w - 14721845769,-108708568619454*w + 939177927217170]
Isogeny class  9.2-a
Curve [0,0,0,-36072*w - 361179,-14568120*w - 120933162]
Isogeny class  9.2-b
Curve [0,0,0,9976457412792*w - 86190708910131,48935509342700266440*w - 422773943355639484434]
Isogeny class  9.3-a
Curve [0,0,0,7831512*w - 67659651,-34035178968*w + 294043875678]
Isogeny class  9.3-b
Curve [0,0,0,1203384673327510008*w - 10396533939261048459,-2050058703879134526739946904*w + 17711298277900129351257151014]
Isogeny class  12.1-a
Curve [0,0,0,-450883584*w - 3495370752,16067952377856*w + 122594654158848]
Isogeny class  12.1-b
Curve [0,0,0,-4554164339208*w + 39345294291165,7176954087365831496*w - 62004651051019350402]
Isogeny class  12.1-c
Curve [0,0,0,-1657270237270401*w - 12660567317255025,-104773048045901682742566*w - 800404302199933362895398]
Isogeny class  12.1-d
Curve [0,0,0,33046272*w - 360329472,149369757696*w - 1539612499968]
Isogeny class  12.1-e
Curve [0,0,0,19015776*w - 164285091,-229553195030341920*w + 1983204237095382366]
Isogeny class  12.1-f
Curve [0,0,0,127143*w - 1098441,-125502127528014*w + 1084264372992690]
Isogeny class  12.1-g
Curve [0,0,0,5629962240*w - 48639585024,301202830098432*w - 2602214834282496]
Isogeny class  12.1-h
Curve [0,0,0,-692551135728*w - 5290682278203,-895029502013782128*w - 6837497594742519018]
Isogeny class  12.1-i
Curve [0,0,0,-30449992905*w + 263069982279,3923809498779714*w - 33899400191343294]
Isogeny class  12.1-j
Curve [0,0,0,-1086441652224*w - 8299773886464,1879815767482957824*w + 14360683932461039616]
Isogeny class  12.2-a
Curve [0,0,0,450883584*w - 3946254336,-16067952377856*w + 138662606536704]
Isogeny class  12.2-b
Curve [0,0,0,1097144136*w - 9478678347,21614483341944*w - 186736389971418]
Isogeny class  12.2-c
Curve [0,0,0,4630526703*w - 40005011457,489333666943242*w - 4227554322813942]
Isogeny class  12.2-d
Curve [0,0,0,279339303387412224*w - 2413326854335281408,229275080877107067601821696*w - 1980801494815891767299923968]
Isogeny class  12.2-e
Curve [0,0,0,254858819040*w - 2201829905763,196864638404213088*w - 1700794384351219170]
Isogeny class  12.2-f
Curve [0,0,0,1704033639*w - 14721845769,107630525253618*w - 929864268260622]
Isogeny class  12.2-g
Curve [0,0,0,41778567830709393408*w - 360942189154405049088,419362033081327413396247314432*w - 3623040667213943263461019754496]
Isogeny class  12.2-h
Curve [0,0,0,692551135728*w - 5983233413931,895029502013782128*w - 7732527096756301146]
Isogeny class  12.2-i
Curve [0,0,0,7335711*w - 63376209,11817146106*w - 102093173766]
Isogeny class  12.2-j
Curve [0,0,0,-7477235712*w - 57171087360,-1114805821243392*w - 8516316150890496]
Isogeny class  15.1-a
Curve [0,0,0,-32400*w - 270000,9720000*w + 72954000]
Isogeny class  15.1-b
Curve [0,0,0,-810000*w - 6750000,1215000000*w + 9119250000]
Isogeny class  15.2-a
Curve [0,0,0,32400*w - 302400,-9720000*w + 82674000]
Isogeny class  15.2-b
Curve [0,0,0,387299869200*w - 3346042478400,-374231462936184000*w + 3233139154745130000]
Isogeny class  18.1-a
Curve [0,0,0,209925092463984*w - 1813629005652411,-2989798518922682540112*w + 25830096113474822407446]
Isogeny class  18.1-b
Curve [0,0,0,76167*w - 658233,13642290*w - 117862398]
Isogeny class  18.1-c
Curve [0,0,0,873390340719*w - 7545577503825,529601471871355818*w - 4575444409947751110]
Isogeny class  18.1-d
Curve [0,0,0,104976*w - 999459,-36846576*w + 307566558]
Isogeny class  18.3-a
Curve [0,0,0,3807*w - 150417,2526714*w - 9977094]
Isogeny class  18.3-b
Curve [0,0,0,13301530712064*w - 114917381413632,-80685176001395392512*w + 697072340446420230144]
Isogeny class  18.3-c
Curve [0,0,0,-12825133056*w + 27009220608,1576474188447744*w - 12571090102517760]
Isogeny class  18.3-d
Curve [0,0,0,-12317563551744*w - 94098086166528,7541326504299331584*w + 57611273900616843264]
Isogeny class  18.3-e
Curve [0,0,0,88936517376*w - 768359063808,-44112482280235008*w + 381105833684410368]
Isogeny class  18.3-f
Curve [0,0,0,1649160*w - 14247819,3289848696*w - 28422352602]
Isogeny class  18.4-a
Curve [0,0,0,935698176*w - 8083853568,47604043063296*w - 411270865772544]
Isogeny class  18.4-b
Curve [0,0,0,139944720384*w - 1209039858432,87071514085195776*w - 752246535454433280]
Isogeny class  18.2-a
Curve [0,0,0,-1362096*w - 10405611,-2401994736*w - 18349823322]
Isogeny class  18.2-b
Curve [0,0,0,160569*w - 1387314,100773774*w - 870626124]
Isogeny class  18.2-c
Curve [0,0,0,-12528*w - 113184,-974160*w - 8338896]
Isogeny class  18.2-d
Curve [0,0,0,-3259486737*w - 24900556545,-281179904477238*w - 2148048657868086]
Isogeny class  18.6-a
Curve [0,0,0,463586946840*w - 4005117842571,-374630368671440568*w + 3236585465062256742]
Isogeny class  18.6-b
Curve [0,0,0,-157950817081344*w + 1364601915677952,-10721811223231764922368*w + 92630126295735003242496]
Isogeny class  18.6-c
Curve [0,0,0,12825133056*w + 14184087552,-1576474188447744*w - 10994615914070016]
Isogeny class  18.6-d
Curve [0,0,0,790934201509063163904*w - 6833205085597238034432,-3880375264480192031367817592832*w + 33524154020248093752414324129792]
Isogeny class  18.6-e
Curve [0,0,0,-1115928576*w + 9640850688,-201342679547904*w + 1739482035019776]
Isogeny class  18.6-f
Curve [0,0,0,-1649160*w - 12598659,-3289848696*w - 25132503906]
Isogeny class  18.5-a
Curve [0,0,0,-8902656*w + 60818688,118612131840*w - 1051356340224]
Isogeny class  18.5-b
Curve [0,0,0,-139944720384*w - 1069095138048,-87071514085195776*w - 665175021369237504]

Total time: 265.720 seconds, Total memory usage: 88.09MB
