Magma V2.21-4     Tue Jun  2 2015 10:22:39 on atkin    [Seed = 3990318239]
Type ? for help.  Type <Ctrl>-D to quit.
Field 2.2.249.1
Isogeny class  3.1-a
Curve [1,0,w + 1,-2461929*w + 20655252,-8180265489*w + 68631338793]
Isogeny class  3.1-b
Curve [1,0,-w + 2,2461929*w + 18193323,8180265489*w + 60451073304]
Isogeny class  4.1-a
Curve [1,0,w + 1,790527*w - 6632421,2033260062*w - 17058781354]
Isogeny class  4.1-b
Curve [1,0,-w + 2,-790527*w - 5841894,-2033260062*w - 15025521292]
Isogeny class  6.1-a
Curve [1,w - 1,0,-404883088*w - 2992032116,-12673316733993*w - 93654124086941]
Isogeny class  6.1-b
Curve [1,w - 1,1,2511*w - 21048,-985156*w + 8265344]
Isogeny class  6.2-a
Curve [1,-w,0,404883088*w - 3396915204,12673316733993*w - 106327440820934]
Isogeny class  6.2-b
Curve [1,-w,1,-2511*w - 18537,985156*w + 7280188]
Isogeny class  8.1-a
Curve [w,w - 1,0,615*w + 4554,11408*w + 84309]
Isogeny class  8.1-b
Curve [w,-w,0,-306291799791*w - 2263455638698,274031630762693489*w + 2025057282941004146]
Isogeny class  8.1-c
Curve [w,-w,w,-64*w + 530,1632*w - 13681]
Isogeny class  8.1-d
Curve [w,w - 1,w,758794082*w - 6366181194,35677694904796*w - 299331112228424]
Isogeny class  8.2-a
Curve [w + 1,w,0,-583*w + 5200,-6854*w + 58548]
Isogeny class  8.2-b
Curve [w + 1,-1,0,306291799791*w - 2569747438489,-274031630762693489*w + 2299088913703697635]
Isogeny class  8.2-c
Curve [w + 1,-1,w + 1,62*w + 466,-1633*w - 12049]
Isogeny class  8.2-d
Curve [w + 1,w,w + 1,-758794052*w - 5607387081,-35684061085960*w - 263700462555782]
Isogeny class  10.2-a
Curve [w,0,w + 1,102990805*w - 864079084,-1600261541361*w + 13425981367840]
Isogeny class  10.2-b
Curve [w,0,1,-19947514*w - 147409408,-136332744923*w - 1007480841593]
Isogeny class  10.3-a
Curve [w + 1,-w,w,-102990807*w - 761088278,1600261541360*w + 11825719826480]
Isogeny class  10.3-b
Curve [w + 1,-w,1,19947513*w - 167356922,136332744923*w - 1143813586516]
Isogeny class  12.1-a
Curve [1,0,w + 1,-273712644*w - 2022700010,-41718432950544*w - 308293667574996]
Isogeny class  12.1-b
Curve [1,0,w,273712643*w - 2296412653,41718432950543*w - 350012100525539]
Isogeny class  12.1-c
Curve [1,0,-w + 2,12174124*w - 102139277,-54138691125*w + 454216413699]
Isogeny class  12.1-d
Curve [1,0,w + 1,-12174124*w - 89965153,54138691125*w + 400077722574]
Isogeny class  12.1-e
Curve [1,0,w + 1,9436*w + 69734,7904308*w + 58411774]
Isogeny class  12.1-f
Curve [1,0,w,-9437*w + 79171,-7904309*w + 66316083]
Isogeny class  12.2-a
Curve [w + 1,-w + 1,0,-2340*w - 17177,180797*w + 1336304]
Isogeny class  12.2-b
Curve [w + 1,-w + 1,w + 1,-17461706*w + 146501417,-3825208288641*w + 32092988479362]
Isogeny class  12.3-a
Curve [w,1,0,2340*w - 19517,-180797*w + 1517101]
Isogeny class  12.3-b
Curve [w,1,w,17461704*w + 129039713,3825208288640*w + 28267780190722]
Isogeny class  15.1-a
Curve [w,0,1,6225468*w - 52230749,178041834494*w - 1493747297223]
Isogeny class  15.1-b
Curve [w + 1,-w,1,22208198654*w - 186323831161,4988735946424272*w - 41854830684679477]
Isogeny class  15.1-c
Curve [w + 1,-w,w,-58*w - 349,-970*w - 6980]
Isogeny class  15.1-d
Curve [w,0,w + 1,-166512*w - 1230463,-104740736*w - 774020016]
Isogeny class  15.2-a
Curve [w + 1,-w,1,-6225469*w - 46005281,-178041834494*w - 1315705462729]
Isogeny class  15.2-b
Curve [w,0,1,-22208198655*w - 164115632506,-4988735946424272*w - 36866094738255205]
Isogeny class  15.2-c
Curve [w,0,w + 1,56*w - 406,969*w - 7950]
Isogeny class  15.2-d
Curve [w + 1,-w,w,166510*w - 1396974,104740735*w - 878760751]
Isogeny class  16.1-a
Curve [0,1,0,2891072*w - 24255709,7566337404*w - 63480563884]
Isogeny class  16.1-b
Curve [0,1,0,-2891072*w - 21364637,-7566337404*w - 55914226480]
Isogeny class  16.2-a
Curve [w + 1,w - 1,w + 1,17*w + 102,59*w + 427]
Isogeny class  16.2-b
Curve [w + 1,-w - 1,w + 1,34*w - 276,564*w - 4679]
Isogeny class  16.2-c
Curve [w + 1,-w - 1,0,-406625911376*w - 3004911370806,-396728433398645835*w - 2931770325811150106]
Isogeny class  16.2-d
Curve [w + 1,w - 1,0,-746423360921*w - 5515969302460,-46021395749478367008*w - 340091990016646533424]
Isogeny class  16.4-a
Curve [w + 1,1,0,-27041853641*w - 199835699609,6798911352733952*w + 50243050090984492]
Isogeny class  16.4-b
Curve [w + 1,1,w + 1,36761*w - 308287,10924982*w - 91658714]
Isogeny class  16.3-a
Curve [w,w + 1,0,14*w + 121,43*w + 332]
Isogeny class  16.3-b
Curve [w,-1,w,-36*w - 240,-565*w - 4114]
Isogeny class  16.3-c
Curve [w,-1,0,406625911376*w - 3411537282182,396728433398645835*w - 3328498759209795941]
Isogeny class  16.3-d
Curve [w,w + 1,w,746423360953*w - 6262392663443,46021390233509064517*w - 386113339487876522369]
Isogeny class  16.5-a
Curve [w,-w - 1,w,27041853642*w - 226877553313,-6798938394587594*w + 57042188321271695]
Isogeny class  16.5-b
Curve [w,-w - 1,0,-36761*w - 271525,-10888221*w - 80462206]
Isogeny class  20.1-a
Curve [1,1,0,305704796732*w - 2564822561090,-353465959364140992*w + 2965532359472320404]
Isogeny class  20.1-b
Curve [1,1,1,-2447*w - 18083,-48434*w - 357921]
Isogeny class  20.1-c
Curve [1,-w,0,-488599615347*w - 3610686134084,-504169192548284197*w - 3725743237606505726]
Isogeny class  20.1-d
Curve [1,-w,1,4*w - 12,15*w - 146]
Isogeny class  20.2-a
Curve [1,1,0,-305704796732*w - 2259117764358,353465959364140992*w + 2612066400108179412]
Isogeny class  20.2-b
Curve [1,1,1,2447*w - 20530,48434*w - 406355]
Isogeny class  20.2-c
Curve [1,w - 1,0,488599615347*w - 4099285749431,504169192548284197*w - 4229912430154789923]
Isogeny class  20.2-d
Curve [1,w - 1,1,-4*w - 8,-15*w - 131]
Isogeny class  21.1-a
Curve [w,-w - 1,1,-1581622847238*w + 13269605204442,-3628501974210005222*w + 30442648679058662007]
Isogeny class  21.1-b
Curve [w,-w - 1,w + 1,-42*w - 200,191*w + 1700]
Isogeny class  21.2-a
Curve [w + 1,1,w,1581622847238*w + 11687982357204,3628503555832852460*w + 26814158392831013989]
Isogeny class  21.2-b
Curve [w + 1,1,1,42*w - 180,-150*w + 1712]
Isogeny class  24.1-a
Curve [w + 1,w - 1,0,-34925*w - 258090,-10330005*w - 76337362]
Isogeny class  24.1-b
Curve [w + 1,-1,0,-1835*w + 15543,2987040*w - 25060523]
Isogeny class  24.1-c
Curve [w + 1,-w + 1,w + 1,52*w - 409,986*w - 8179]
Isogeny class  24.1-d
Curve [w + 1,w - 1,w + 1,-151969*w - 1123050,111850662*w + 826561497]
Isogeny class  24.1-e
Curve [w + 1,w - 1,w + 1,-153*w - 1150,-4994*w - 36915]
Isogeny class  24.1-f
Curve [w + 1,w - 1,0,677829605824*w - 5686900186353,853588547388225962*w - 7161494316195134183]
Isogeny class  24.1-g
Curve [w + 1,w - 1,0,6800078520*w - 57051753533,-925708748070202*w + 7766573202091577]
Isogeny class  24.1-h
Curve [w + 1,-w + 1,0,-3852210941718*w - 28467326203211,15036479422906445626*w + 111117581866007889205]
Isogeny class  24.1-i
Curve [w + 1,-1,w + 1,31009428*w + 229155554,3435514849384*w + 25387997535317]
Isogeny class  24.1-j
Curve [w + 1,w - 1,w + 1,-14148331459*w + 118702618312,878887313185996*w - 7373747594453205]
Isogeny class  24.2-a
Curve [w,w + 1,w,34957*w - 293077,10071884*w - 84501056]
Isogeny class  24.2-b
Curve [w,-w,0,1835*w + 13708,-2987040*w - 22073483]
Isogeny class  24.2-c
Curve [w,1,w,-54*w - 355,-987*w - 7192]
Isogeny class  24.2-d
Curve [w,w + 1,0,152000*w - 1275017,-112973712*w + 947835137]
Isogeny class  24.2-e
Curve [w,w + 1,0,184*w - 1301,3844*w - 31523]
Isogeny class  24.2-f
Curve [w,w + 1,w,-677829605792*w - 5009070580591,-853594234288412346*w - 6307947794242468348]
Isogeny class  24.2-g
Curve [w,w + 1,w,-6800078488*w - 50251675075,925651696316638*w + 6840442849154096]
Isogeny class  24.2-h
Curve [w,1,0,3852210941718*w - 32319537144929,-15036479422906445626*w + 126154061288914334831]
Isogeny class  24.2-i
Curve [w,-w,w,-31009430*w + 260164984,-3435514849385*w + 28823512384702]
Isogeny class  24.2-j
Curve [w,w + 1,0,14148331490*w + 104554286855,-878768610567684*w - 6493983084715851]
Isogeny class  25.2-a
Curve [0,w + 1,1,w + 21,-1362351*w + 11429974]
Isogeny class  25.2-b
Curve [0,w + 1,1,w + 21,3*w + 11]
Isogeny class  25.2-c
Curve [0,w + 1,1,w + 21,23306640557631*w - 195539612608155]
Isogeny class  25.3-a
Curve [0,-w - 1,1,w + 21,-106769361316551*w + 895780732475635]
Isogeny class  25.3-b
Curve [0,-w - 1,1,w + 21,398721383202899742675*w + 2946497959640893043456]
Isogeny class  25.3-c
Curve [0,-w - 1,1,w + 21,-23306640557631*w - 172232972050545]
Isogeny class  28.1-a
Curve [1,0,w + 1,2*w + 18,98*w + 714]
Isogeny class  28.1-b
Curve [1,-w,w + 1,455*w - 3800,7541*w - 63310]
Isogeny class  28.1-c
Curve [1,-w,w,-26513975684*w - 195934751776,-6495489179850145*w - 48000800613090266]
Isogeny class  28.1-d
Curve [1,0,w,-83451019143*w + 700142944863,-98967518319393333*w + 830324308006348869]
Isogeny class  28.3-a
Curve [0,w - 1,w,95557518650*w - 801714864568,-54981765576844705*w + 461289696163018049]
Isogeny class  28.3-b
Curve [0,w - 1,w,-14*w - 80,68*w + 467]
Isogeny class  28.2-a
Curve [1,0,w,-3*w + 21,-99*w + 813]
Isogeny class  28.2-b
Curve [1,w - 1,w,-456*w - 3344,-7542*w - 55768]
Isogeny class  28.2-c
Curve [1,w - 1,w + 1,26513975683*w - 222448727460,6495489179850144*w - 54496289792940411]
Isogeny class  28.2-d
Curve [1,0,w + 1,83451019142*w + 616691925720,98967518319393332*w + 731356789686955536]
Isogeny class  28.6-a
Curve [0,-w,w + 1,-95557518650*w - 706157345918,54981765576844704*w + 406307930586173344]
Isogeny class  28.6-b
Curve [0,-w,w + 1,14*w - 94,-69*w + 535]
Isogeny class  30.1-a
Curve [1,1,w,770*w - 6464,30214*w - 253509]
Isogeny class  30.1-b
Curve [w,-w - 1,1,-9132254097*w - 67486142310,-1206131421905549*w - 8913150694741833]
Isogeny class  30.1-c
Curve [w,-w,w + 1,-9217847177*w - 68118663794,1190701387097613*w + 8799124790955822]
Isogeny class  30.1-d
Curve [w,-w,1,42271*w - 354624,142903224*w - 1198939003]
Isogeny class  30.1-e
Curve [w,-w - 1,w + 1,-12658*w + 106182,4319670*w - 36241458]
Isogeny class  30.1-f
Curve [1,1,w + 1,-2380954406021*w - 17594936200769,-5618987025747573496*w - 41523566340029359624]
Isogeny class  30.4-a
Curve [1,1,w + 1,-771*w - 5694,-30215*w - 223295]
Isogeny class  30.4-b
Curve [w + 1,1,w,9132254097*w - 76618396407,1206140554159646*w - 10119358735043789]
Isogeny class  30.4-c
Curve [w + 1,-1,w,9217847175*w - 77336510970,-1190701387097614*w + 9989826178053436]
Isogeny class  30.4-d
Curve [w + 1,-1,1,-42272*w - 312353,-142903224*w - 1056035779]
Isogeny class  30.4-e
Curve [w + 1,1,1,12658*w + 93586,-4307013*w - 31828201]
Isogeny class  30.4-f
Curve [1,1,w,2380954406020*w - 19975890606789,5618987025747573495*w - 47142553365776933119]

Total time: 426.110 seconds, Total memory usage: 88.09MB
