Magma V2.21-3     Sat May 30 2015 11:20:22 on atkin    [Seed = 1499891622]
Type ? for help.  Type <Ctrl>-D to quit.
Field 2.2.61.1
Isogeny class  4.1-a
Curve [w,-w + 1,w + 1,-56*w - 177,2930*w + 9990]
Isogeny class  9.1-a
Curve [w + 1,-w + 1,1,w - 2,2]
Isogeny class  9.1-b
Curve [w,-w - 1,w + 1,-55*w - 182,765*w + 2609]
Isogeny class  9.1-c
Curve [w,1,1,-2*w,2]
Isogeny class  9.1-d
Curve [w + 1,1,0,3468*w - 15254,222480*w - 980031]
Isogeny class  12.1-a
Curve [1,w + 1,w,29*w + 102,-962*w - 3279]
Isogeny class  12.2-a
Curve [1,-w - 1,w,-28*w + 130,990*w - 4371]
Isogeny class  15.2-a
Curve [w,-w - 1,w + 1,77*w - 351,-919*w + 4041]
Isogeny class  15.2-b
Curve [w + 1,w - 1,1,4*w + 18,6*w + 19]
Isogeny class  15.2-c
Curve [w,-w - 1,w,3*w - 21,17*w - 80]
Isogeny class  15.3-a
Curve [w + 1,1,1,-77*w - 259,841*w + 2864]
Isogeny class  15.3-b
Curve [w,w + 1,w,4*w + 8,5*w + 14]
Isogeny class  15.3-c
Curve [w + 1,1,0,-2*w - 3,-20*w - 66]
Isogeny class  20.1-a
Curve [w,-w + 1,w + 1,-4*w,-2*w + 6]
Isogeny class  20.2-a
Curve [w + 1,0,w,2*w - 3,w + 5]
Isogeny class  25.1-a
Curve [w + 1,1,1,445*w - 1940,9513*w - 41885]
Isogeny class  27.1-a
Curve [1,w - 1,w + 1,4,-2]
Isogeny class  27.1-b
Curve [1,-w - 1,w,9*w - 33,57*w - 261]
Isogeny class  27.1-c
Curve [w + 1,-w - 1,w,-128*w - 435,1478*w + 5032]
Isogeny class  27.1-d
Curve [1,-w - 1,w + 1,569*w - 2501,-14103*w + 62114]
Isogeny class  27.3-a
Curve [1,-w - 1,1,w + 4,-w - 1]
Isogeny class  27.3-b
Curve [w + 1,-w - 1,1,45*w - 200,-277*w + 1220]
Isogeny class  27.3-c
Curve [w,w,w + 1,3*w + 6,4*w + 12]
Isogeny class  27.3-d
Curve [w,w,w + 1,283*w - 1230,5006*w - 22030]
Isogeny class  27.2-a
Curve [1,-w,w,-w + 5,-w - 1]
Isogeny class  27.2-b
Curve [1,w + 1,w,-8*w - 24,-66*w - 228]
Isogeny class  27.2-c
Curve [w,-1,w + 1,126*w - 562,-1479*w + 6510]
Isogeny class  27.2-d
Curve [1,w + 1,w + 1,-568*w - 1932,13533*w + 46080]
Isogeny class  27.4-a
Curve [1,w + 1,0,w + 5,w + 3]
Isogeny class  27.4-b
Curve [w,-1,1,-46*w - 154,277*w + 943]
Isogeny class  27.4-c
Curve [w + 1,w + 1,w + 1,5*w + 17,9*w + 28]
Isogeny class  27.4-d
Curve [w + 1,w + 1,w + 1,-275*w - 939,-6229*w - 21212]
Isogeny class  36.1-a
Curve [w + 1,w,w + 1,-581*w - 1980,-19802*w - 67430]
Isogeny class  36.1-b
Curve [w,w - 1,1,26*w + 91,-394*w - 1342]
Isogeny class  36.1-c
Curve [w + 1,w,0,-18*w + 125,485*w - 2077]
Isogeny class  36.1-d
Curve [w,w - 1,w + 1,587*w - 2575,17233*w - 75900]
Isogeny class  36.2-a
Curve [w,w + 1,0,13*w - 22,-20*w + 129]
Isogeny class  36.2-b
Curve [w,-w,0,29*w + 112,256*w + 881]
Isogeny class  36.3-a
Curve [w + 1,w - 1,w,-5*w - 18,2*w + 3]
Isogeny class  36.3-b
Curve [w + 1,-1,0,-29*w + 141,-256*w + 1137]
Isogeny class  39.1-a
Curve [0,-w - 1,w,w + 5,-w - 6]
Isogeny class  39.1-b
Curve [0,-w,w,53*w - 227,464*w - 2052]
Isogeny class  39.1-c
Curve [1,w,1,3*w + 13,-4*w - 15]
Isogeny class  39.2-a
Curve [1,w - 1,w + 1,29*w - 126,137*w - 609]
Isogeny class  39.2-b
Curve [1,0,1,100*w - 441,1083*w - 4771]
Isogeny class  39.4-a
Curve [0,w + 1,w + 1,w + 5,-2]
Isogeny class  39.4-b
Curve [0,w - 1,w + 1,-53*w - 174,-465*w - 1588]
Isogeny class  39.4-c
Curve [1,-w + 1,1,-3*w + 16,4*w - 19]
Isogeny class  39.3-a
Curve [1,-w,w,-30*w - 96,-138*w - 471]
Isogeny class  39.3-b
Curve [1,0,1,-100*w - 341,-1083*w - 3688]
Isogeny class  45.1-a
Curve [1,-w + 1,1,-2*w,-w]
Isogeny class  45.1-b
Curve [w + 1,0,0,2448*w - 10766,-123645*w + 544686]
Isogeny class  45.1-c
Curve [1,-w + 1,1,6896*w - 30375,633752*w - 2791758]
Isogeny class  45.1-d
Curve [w + 1,-w + 1,0,194*w + 672,389*w + 1332]
Isogeny class  45.1-e
Curve [w,1,1,-2735*w - 9306,-159174*w - 542005]
Isogeny class  45.1-f
Curve [w,-w - 1,w,-78*w + 334,1901*w - 8379]
Isogeny class  45.1-g
Curve [w,-w - 1,0,-2*w + 5,-w + 7]
Isogeny class  45.1-h
Curve [w,w - 1,w + 1,-1040*w - 3545,-39039*w - 132934]
Isogeny class  45.4-a
Curve [w,-w,w,-4*w + 8,-7*w + 26]
Isogeny class  45.4-b
Curve [1,w + 1,w + 1,245*w - 1071,3932*w - 17321]
Isogeny class  45.4-c
Curve [w + 1,w + 1,w + 1,-117*w - 401,1107*w + 3768]
Isogeny class  45.2-a
Curve [1,w,1,2*w - 2,w - 1]
Isogeny class  45.2-b
Curve [w,-w + 1,0,-2448*w - 8318,123645*w + 421041]
Isogeny class  45.2-c
Curve [1,w,1,-6896*w - 23479,-633752*w - 2158006]
Isogeny class  45.2-d
Curve [w,1,0,-194*w + 866,-389*w + 1721]
Isogeny class  45.2-e
Curve [w + 1,-w + 1,1,2734*w - 12041,159174*w - 701179]
Isogeny class  45.2-f
Curve [w + 1,1,0,79*w + 271,-1823*w - 6207]
Isogeny class  45.2-g
Curve [w + 1,1,w + 1,2*w + 2,3*w + 8]
Isogeny class  45.2-h
Curve [w + 1,w,w + 1,1046*w - 4577,35500*w - 156331]
Isogeny class  45.5-a
Curve [w + 1,-1,w + 1,2*w + 4,6*w + 19]
Isogeny class  45.5-b
Curve [1,-w - 1,w + 1,-244*w - 827,-3689*w - 12562]
Isogeny class  45.5-c
Curve [w,w,w + 1,125*w - 534,-1634*w + 7220]
Isogeny class  47.1-a
Curve [w + 1,-w,w + 1,-380*w - 1289,7576*w + 25800]
Isogeny class  47.2-a
Curve [w,0,w,378*w - 1667,-7577*w + 33377]
Isogeny class  48.1-a
Curve [0,w - 1,0,-924*w - 3140,32116*w + 109356]
Isogeny class  48.2-a
Curve [0,-w,0,924*w - 4064,-32116*w + 141472]
Isogeny class  57.2-a
Curve [1,w + 1,0,1,0]
Isogeny class  57.2-b
Curve [w,-w + 1,w + 1,-3*w + 3,-2*w + 2]
Isogeny class  57.3-a
Curve [1,-w - 1,1,2*w - 1,-w]
Isogeny class  57.3-b
Curve [w + 1,0,w,w + 1,w + 1]
Isogeny class  60.1-a
Curve [1,-w,w,-30*w - 96,4009*w + 13650]
Isogeny class  60.1-b
Curve [w,-w + 1,1,49*w - 216,536*w - 2359]
Isogeny class  60.1-c
Curve [w + 1,1,0,-54*w - 182,-1808*w - 6156]
Isogeny class  60.1-d
Curve [1,0,w,-24*w - 80,-215*w - 735]
Isogeny class  60.1-e
Curve [w,-w + 1,1,-1131*w + 4774,-4186*w + 17195]
Isogeny class  60.1-f
Curve [w,-w + 1,1,-6*w - 1,-10*w - 20]
Isogeny class  60.2-a
Curve [1,-w - 1,1,9462*w - 41673,-1001593*w + 4412137]
Isogeny class  60.2-b
Curve [w,-w + 1,w,-5*w + 10,-3*w + 5]
Isogeny class  60.2-c
Curve [w,w - 1,w + 1,4*w + 10,2*w + 6]
Isogeny class  60.4-a
Curve [1,w - 1,w + 1,29*w - 126,-4010*w + 17659]
Isogeny class  60.4-b
Curve [w + 1,0,1,-50*w - 167,-536*w - 1823]
Isogeny class  60.4-c
Curve [w,-w - 1,w,55*w - 252,1753*w - 7727]
Isogeny class  60.4-d
Curve [1,0,w + 1,23*w - 104,214*w - 950]
Isogeny class  60.4-e
Curve [w + 1,0,1,1130*w + 3643,4186*w + 13009]
Isogeny class  60.4-f
Curve [w + 1,0,1,5*w - 7,10*w - 30]
Isogeny class  60.3-a
Curve [1,w + 1,0,-9460*w - 32211,992132*w + 3378333]
Isogeny class  60.3-b
Curve [w + 1,0,w + 1,3*w + 5,2*w + 2]
Isogeny class  60.3-c
Curve [w + 1,w,w + 1,2*w + 22,14*w - 10]
Isogeny class  61.1-a
Curve [1,0,0,-2,1]
Isogeny class  64.1-a
Curve [0,w,0,-6*w - 23,-31*w - 106]
Isogeny class  64.1-b
Curve [0,w + 1,0,w + 5,-7*w + 36]
Isogeny class  64.1-c
Curve [0,-w + 1,0,4,-4*w + 16]
Isogeny class  64.1-d
Curve [0,-w - 1,0,w + 5,7*w + 24]
Isogeny class  64.1-e
Curve [0,-w + 1,0,6*w - 29,31*w - 137]
Isogeny class  64.1-f
Curve [0,w,0,4,4*w + 12]
Isogeny class  65.1-a
Curve [0,1,w + 1,0,-w - 5]
Isogeny class  65.4-a
Curve [0,1,w,0,-5]
Isogeny class  75.1-a
Curve [w + 1,1,0,2*w - 2,w + 9]
Isogeny class  75.1-b
Curve [1,-w,1,w + 2,-2*w - 7]
Isogeny class  75.1-c
Curve [w,-1,0,w,w - 3]
Isogeny class  75.1-d
Curve [w,-w + 1,w,-1318*w - 4476,52363*w + 178314]
Isogeny class  75.1-e
Curve [w + 1,0,w + 1,w + 1,w + 2]
Isogeny class  75.1-f
Curve [1,1,w,-2*w + 7,3*w - 18]
Isogeny class  75.1-g
Curve [w + 1,-w,w,27*w - 140,212*w - 945]
Isogeny class  75.1-h
Curve [1,1,1,-25*w - 86,-150*w - 511]
Isogeny class  75.1-i
Curve [w + 1,1,1,134*w - 570,1360*w - 5970]
Isogeny class  75.3-a
Curve [1,w + 1,w + 1,3*w + 13,2*w + 5]
Isogeny class  75.3-b
Curve [w,w + 1,w,18*w - 54,59*w - 225]
Isogeny class  75.3-c
Curve [w + 1,w + 1,w + 1,45*w - 159,-250*w + 1170]
Isogeny class  75.3-d
Curve [w,1,w + 1,-315*w - 1071,5392*w + 18362]
Isogeny class  75.3-e
Curve [w + 1,w,1,269*w - 1142,-5282*w + 23327]
Isogeny class  75.3-f
Curve [1,-w,1,-163*w + 723,1840*w - 8108]
Isogeny class  75.3-g
Curve [w,-1,w,-461*w + 2026,-9979*w + 43956]
Isogeny class  75.2-a
Curve [w,-w - 1,w,-w - 16,11]
Isogeny class  75.2-b
Curve [1,w - 1,1,-w + 3,2*w - 9]
Isogeny class  75.2-c
Curve [w + 1,-w - 1,0,-w + 1,-w - 2]
Isogeny class  75.2-d
Curve [w + 1,0,w + 1,1316*w - 5794,-52364*w + 230677]
Isogeny class  75.2-e
Curve [w,-w + 1,w,-3*w + 4,-2*w + 4]
Isogeny class  75.2-f
Curve [1,1,w + 1,w + 5,-4*w - 15]
Isogeny class  75.2-g
Curve [w,0,w + 1,-29*w - 112,-213*w - 733]
Isogeny class  75.2-h
Curve [1,1,1,25*w - 111,150*w - 661]
Isogeny class  75.2-i
Curve [w,-w - 1,w + 1,-134*w - 451,-1227*w - 4174]
Isogeny class  75.6-a
Curve [1,-w - 1,w + 1,-2*w + 15,-w - 8]
Isogeny class  75.6-b
Curve [w + 1,w - 1,1,-10*w - 30,-96*w - 328]
Isogeny class  75.6-c
Curve [w,w,w + 1,-37*w - 130,127*w + 431]
Isogeny class  75.6-d
Curve [w + 1,-w + 1,w,313*w - 1385,-5393*w + 23755]
Isogeny class  75.6-e
Curve [w,w - 1,0,-261*w - 888,4394*w + 14962]
Isogeny class  75.6-f
Curve [1,w - 1,1,163*w + 560,-1840*w - 6268]
Isogeny class  75.6-g
Curve [w + 1,-w - 1,w + 1,459*w + 1565,9978*w + 33977]
Isogeny class  76.1-a
Curve [1,-1,1,102*w + 347,-70390*w - 239687]
Isogeny class  76.2-a
Curve [1,-1,1,-102*w + 449,70390*w - 310077]
Isogeny class  81.1-a
Curve [w,-w,1,-31190*w - 106191,5925959*w + 20178639]
Isogeny class  81.1-b
Curve [w,-w,1,-23*w - 63,-108*w - 358]
Isogeny class  81.1-c
Curve [w + 1,-1,1,22*w - 86,108*w - 466]
Isogeny class  81.1-d
Curve [w,-w,0,-477*w - 1611,-20503*w - 69806]
Isogeny class  81.2-a
Curve [w,-1,w + 1,-7,-8*w + 30]
Isogeny class  81.2-b
Curve [0,-w + 1,w,54*w - 234,-376*w + 1650]
Isogeny class  81.2-c
Curve [w + 1,w + 1,w + 1,-306*w - 1046,-7192*w - 24490]
Isogeny class  81.2-d
Curve [1,w + 1,1,30*w - 122,-3193*w + 14072]
Isogeny class  81.2-e
Curve [w + 1,w + 1,1,8*w - 3,28*w - 96]
Isogeny class  81.2-f
Curve [0,-w + 1,w,574*w + 1961,-1025*w - 3490]
Isogeny class  81.2-g
Curve [1,-w,w,-1938*w - 6593,95129*w + 323925]
Isogeny class  81.2-h
Curve [w + 1,-w,w,128*w - 573,1797*w - 7920]
Isogeny class  81.2-i
Curve [1,w + 1,0,-1897*w - 6458,84871*w + 288996]
Isogeny class  81.2-j
Curve [1,w + 1,w,-14*w - 45,-88*w - 303]
Isogeny class  81.2-k
Curve [w,-1,1,62*w - 289,590*w - 2652]
Isogeny class  81.2-l
Curve [w + 1,w + 1,w + 1,-8*w - 39,8*w + 18]
Isogeny class  81.3-a
Curve [w + 1,-w - 1,w,-2*w - 6,7*w + 23]
Isogeny class  81.3-b
Curve [0,w,w + 1,-54*w - 180,375*w + 1274]
Isogeny class  81.3-c
Curve [w,w,w + 1,314*w - 1368,5831*w - 25668]
Isogeny class  81.3-d
Curve [1,-w - 1,0,-28*w - 93,3222*w + 10972]
Isogeny class  81.3-e
Curve [w,w,0,2*w - 12,-39*w - 98]
Isogeny class  81.3-f
Curve [0,w,w + 1,-574*w + 2535,1024*w - 4515]
Isogeny class  81.3-g
Curve [1,w - 1,w + 1,1937*w - 8531,-95130*w + 419054]
Isogeny class  81.3-h
Curve [w,0,w + 1,-130*w - 444,-1798*w - 6123]
Isogeny class  81.3-i
Curve [1,-w - 1,1,1899*w - 8357,-86769*w + 382223]
Isogeny class  81.3-j
Curve [1,-w - 1,w,15*w - 60,73*w - 331]
Isogeny class  81.3-k
Curve [w + 1,-w - 1,1,-63*w - 227,-590*w - 2062]
Isogeny class  81.3-l
Curve [w,w,w + 1,16*w - 63,-64*w + 265]
Isogeny class  95.1-a
Curve [0,w - 1,w,-290*w - 981,4974*w + 16931]
Isogeny class  95.1-b
Curve [0,0,w,-2,-4]
Isogeny class  95.1-c
Curve [1,-1,w + 1,16*w - 73,-1272*w + 5596]
Isogeny class  95.1-d
Curve [0,1,w,-2*w - 6,2*w + 4]
Isogeny class  95.4-a
Curve [0,-w,w + 1,290*w - 1271,-4975*w + 21905]
Isogeny class  95.4-b
Curve [0,0,w + 1,-2,-w - 4]
Isogeny class  95.4-c
Curve [1,-1,w,-17*w - 56,1271*w + 4325]
Isogeny class  95.4-d
Curve [0,1,w + 1,2*w - 8,-3*w + 6]
Isogeny class  97.1-a
Curve [w + 1,w - 1,w + 1,9*w - 16,-24*w + 144]
Isogeny class  97.2-a
Curve [w,w + 1,1,-2*w - 5,8*w + 27]
Isogeny class  100.1-a
Curve [w,w,w,2*w - 23,-19*w - 18]
Isogeny class  100.1-b
Curve [1,0,1,189*w - 833,93030*w - 409809]
Isogeny class  100.1-c
Curve [w,w - 1,0,5*w - 5,5*w - 13]
Isogeny class  100.1-d
Curve [w + 1,-1,w,-9*w - 35,-557*w - 1900]
Isogeny class  100.1-e
Curve [w + 1,w + 1,w,7*w - 13,4*w - 3]
Isogeny class  100.1-f
Curve [1,0,1,-189*w - 644,-93030*w - 316779]
Isogeny class  100.1-g
Curve [w + 1,w,1,3*w + 7,-10*w - 27]
Isogeny class  100.1-h
Curve [w,-w,w + 1,7*w - 43,556*w - 2457]
Isogeny class  100.2-a
Curve [1,-w + 1,w + 1,-12*w - 32,-29*w - 95]
Isogeny class  100.2-b
Curve [w + 1,-w - 1,0,-432*w + 1904,2528*w - 11136]
Isogeny class  100.2-c
Curve [w,w - 1,1,2*w + 7,2*w + 6]
Isogeny class  100.2-d
Curve [1,-w - 1,w + 1,-1219*w + 5376,-15722*w + 69245]
Isogeny class  100.3-a
Curve [1,w,w,11*w - 43,28*w - 123]
Isogeny class  100.3-b
Curve [w,-1,0,432*w + 1472,-2528*w - 8608]
Isogeny class  100.3-c
Curve [w + 1,w,0,6*w + 17,5*w + 27]
Isogeny class  100.3-d
Curve [1,w + 1,w + 1,1220*w + 4157,16940*w + 57681]
Isogeny class  107.1-a
Curve [1,-1,w,-17*w - 56,-173*w - 592]
Isogeny class  107.2-a
Curve [1,-1,w + 1,16*w - 73,172*w - 765]
Isogeny class  108.1-a
Curve [1,w - 1,0,-29*w - 93,-771*w - 2628]
Isogeny class  108.1-b
Curve [w + 1,w - 1,w + 1,99*w - 413,-1255*w + 5565]
Isogeny class  108.1-c
Curve [1,-w - 1,1,-3*w + 22,-35*w + 148]
Isogeny class  108.1-d
Curve [w,w,0,-w + 33,-63*w + 307]
Isogeny class  108.1-e
Curve [1,w - 1,0,-379*w + 1674,-8583*w + 37811]
Isogeny class  108.1-f
Curve [w + 1,w - 1,w,3*w + 9,2*w + 3]
Isogeny class  108.1-g
Curve [w,w,w + 1,458*w - 2001,15829*w - 69707]
Isogeny class  108.3-a
Curve [1,w - 1,1,-3950*w - 13445,-271835*w - 925635]
Isogeny class  108.3-b
Curve [w,-w,1,-183*w + 804,303*w - 1335]
Isogeny class  108.3-c
Curve [w + 1,-1,w,-29*w + 129,-49*w + 220]
Isogeny class  108.3-d
Curve [w + 1,w - 1,w,584*w - 2547,23765*w - 104650]
Isogeny class  108.2-a
Curve [1,-w,0,29*w - 122,771*w - 3399]
Isogeny class  108.2-b
Curve [w,w + 1,1,-92*w - 312,842*w + 2867]
Isogeny class  108.2-c
Curve [1,w + 1,0,5*w + 19,39*w + 132]
Isogeny class  108.2-d
Curve [w + 1,w + 1,1,11*w + 39,97*w + 330]
Isogeny class  108.2-e
Curve [1,-w,0,379*w + 1295,8583*w + 29228]
Isogeny class  108.2-f
Curve [w,w + 1,0,5*w + 13,7*w + 9]
Isogeny class  108.2-g
Curve [w + 1,w + 1,w + 1,-450*w - 1535,-17823*w - 60691]
Isogeny class  108.4-a
Curve [1,-w,1,3950*w - 17395,271835*w - 1197470]
Isogeny class  108.4-b
Curve [w + 1,-1,1,182*w + 621,-303*w - 1032]
Isogeny class  108.4-c
Curve [w,-w,w + 1,27*w + 101,48*w + 171]
Isogeny class  108.4-d
Curve [w,w + 1,0,-576*w - 1962,-26312*w - 89596]
Isogeny class  117.1-a
Curve [0,1,w + 1,15*w - 84,1458*w - 6406]
Isogeny class  117.1-b
Curve [0,-w - 1,w + 1,7*w - 35,-13*w + 89]
Isogeny class  117.1-c
Curve [0,w + 1,w + 1,-21*w - 70,29*w + 97]
Isogeny class  117.1-d
Curve [0,1,w + 1,-460*w - 1566,1208*w + 4112]
Isogeny class  117.1-e
Curve [0,1,w + 1,-228*w - 777,3609*w + 12287]
Isogeny class  117.1-f
Curve [w + 1,w,1,8*w + 8,w + 56]
Isogeny class  117.3-a
Curve [0,0,w,896*w - 3947,-28850*w + 127083]
Isogeny class  117.3-b
Curve [0,-w + 1,w,68*w + 238,2216*w + 7546]
Isogeny class  117.3-c
Curve [w + 1,-w,0,6,w + 4]
Isogeny class  117.3-d
Curve [0,-w + 1,w,91*w - 397,-803*w + 3531]
Isogeny class  117.3-e
Curve [0,0,w,158*w + 538,1034*w + 3518]
Isogeny class  117.3-f
Curve [0,0,w,-397*w - 1352,8834*w + 30078]
Isogeny class  117.3-g
Curve [0,w - 1,w,2*w - 5,-6*w + 23]
Isogeny class  117.4-a
Curve [w + 1,w - 1,1,411*w - 1775,9126*w - 40156]
Isogeny class  117.4-b
Curve [w + 1,-1,1,105*w - 452,-1792*w + 7903]
Isogeny class  117.2-a
Curve [0,1,w,-15*w - 69,-1459*w - 4947]
Isogeny class  117.2-b
Curve [0,w + 1,w,-5*w - 29,6*w + 48]
Isogeny class  117.2-c
Curve [0,-w - 1,w,23*w - 92,-52*w + 219]
Isogeny class  117.2-d
Curve [0,1,w,460*w - 2026,-1209*w + 5321]
Isogeny class  117.2-e
Curve [0,1,w,228*w - 1005,-3610*w + 15897]
Isogeny class  117.2-f
Curve [w,w - 1,0,1,0]
Isogeny class  117.6-a
Curve [0,0,w + 1,-896*w - 3051,28849*w + 98233]
Isogeny class  117.6-b
Curve [0,w,w + 1,-68*w + 306,-2217*w + 9762]
Isogeny class  117.6-c
Curve [w,0,0,6,-w + 5]
Isogeny class  117.6-d
Curve [0,w,w + 1,-91*w - 306,802*w + 2728]
Isogeny class  117.6-e
Curve [0,0,w + 1,-158*w + 696,-1035*w + 4552]
Isogeny class  117.6-f
Curve [0,0,w + 1,397*w - 1749,-8835*w + 38912]
Isogeny class  117.6-g
Curve [0,-w,w + 1,-2*w - 3,5*w + 17]
Isogeny class  117.5-a
Curve [w,w + 1,w,-403*w - 1378,-10908*w - 37146]
Isogeny class  117.5-b
Curve [w,-w,1,-106*w - 346,1792*w + 6111]
Isogeny class  121.1-a
Curve [0,-1,1,-10,-20]
Isogeny class  123.2-a
Curve [w,1,1,18*w - 71,-55*w + 248]
Isogeny class  123.2-b
Curve [1,1,w + 1,7*w - 63,50*w - 177]
Isogeny class  123.2-c
Curve [1,w + 1,w + 1,-66*w - 222,-662*w - 2256]
Isogeny class  123.2-d
Curve [w,1,0,-89*w - 298,-1089*w - 3706]
Isogeny class  123.2-e
Curve [w + 1,w + 1,1,6*w + 21,8*w + 27]
Isogeny class  123.3-a
Curve [w + 1,-w + 1,1,-19*w - 53,55*w + 193]
Isogeny class  123.3-b
Curve [1,1,w,-8*w - 55,-51*w - 126]
Isogeny class  123.3-c
Curve [1,-w - 1,w + 1,67*w - 289,594*w - 2629]
Isogeny class  123.3-d
Curve [w + 1,-w + 1,0,89*w - 387,1089*w - 4795]
Isogeny class  123.3-e
Curve [w,w,0,4*w + 10,3*w + 13]
Isogeny class  125.1-a
Curve [w,w + 1,1,209*w - 888,3051*w - 13401]
Isogeny class  125.1-b
Curve [1,-w,0,3*w - 8,-2*w + 7]
Isogeny class  125.1-c
Curve [1,0,0,2*w - 8,3*w - 13]
Isogeny class  125.1-d
Curve [w,1,0,135*w - 583,-1496*w + 6598]
Isogeny class  125.1-e
Curve [w + 1,-w + 1,w + 1,-159*w - 533,1721*w + 5866]
Isogeny class  125.2-a
Curve [w + 1,w - 1,w + 1,-202*w - 688,-3739*w - 12734]
Isogeny class  125.2-b
Curve [1,w - 1,0,-3*w - 5,2*w + 5]
Isogeny class  125.2-c
Curve [1,0,0,-2*w - 6,-3*w - 10]
Isogeny class  125.2-d
Curve [w + 1,-w + 1,0,-135*w - 448,1496*w + 5102]
Isogeny class  125.2-e
Curve [w,1,w,157*w - 690,-1722*w + 7588]
Isogeny class  127.1-a
Curve [0,w + 1,w,w + 4,-2]
Isogeny class  127.1-b
Curve [w,1,0,-52*w - 172,-77*w - 260]
Isogeny class  127.1-c
Curve [w + 1,w,1,43,3*w + 46]
Isogeny class  127.2-a
Curve [0,-w - 1,w + 1,w + 4,-w - 6]
Isogeny class  127.2-b
Curve [w + 1,-w + 1,0,52*w - 224,77*w - 337]
Isogeny class  127.2-c
Curve [w,w - 1,0,8*w + 28,25*w + 85]
Isogeny class  135.1-a
Curve [1,w - 1,w,16168*w - 71220,2225649*w - 9804265]
Isogeny class  135.1-b
Curve [w + 1,-w - 1,0,-28*w - 90,80*w + 275]
Isogeny class  135.1-c
Curve [w + 1,-w - 1,w,-14*w + 51,-152*w + 665]
Isogeny class  135.1-d
Curve [1,-w - 1,0,2*w,-5]
Isogeny class  135.1-e
Curve [w + 1,-w - 1,w,12*w + 36,12*w + 38]
Isogeny class  135.1-f
Curve [w,0,0,328*w - 1437,-6032*w + 26576]
Isogeny class  135.1-g
Curve [w + 1,-w - 1,w + 1,11*w - 62,86*w - 386]
Isogeny class  135.1-h
Curve [w + 1,-w - 1,w,6*w + 21,156*w + 530]
Isogeny class  135.1-i
Curve [1,-w - 1,0,409*w + 1395,60908*w + 207400]
Isogeny class  135.1-j
Curve [1,-w - 1,w + 1,-12049*w + 53083,2240920*w - 9871544]
Isogeny class  135.1-k
Curve [w,0,0,1132*w - 4983,-40334*w + 177677]
Isogeny class  135.1-l
Curve [w,w,w,3*w + 3,2*w + 4]
Isogeny class  135.1-m
Curve [1,w - 1,0,401*w - 1764,7744*w - 34115]
Isogeny class  135.1-n
Curve [w,0,0,-81*w - 273,-923*w - 3142]
Isogeny class  135.1-o
Curve [1,w - 1,w + 1,7,-7*w - 28]
Isogeny class  135.2-a
Curve [1,-w,w,-451*w - 1516,10844*w + 36971]
Isogeny class  135.2-b
Curve [w + 1,-w,w + 1,12*w - 89,96*w - 499]
Isogeny class  135.2-c
Curve [1,w + 1,w,-168*w - 587,2078*w + 7116]
Isogeny class  135.2-d
Curve [w + 1,w + 1,w,5*w + 18,20*w - 24]
Isogeny class  135.2-e
Curve [1,w + 1,1,-16*w + 80,-17*w + 80]
Isogeny class  135.2-f
Curve [w,-1,w,-3772*w - 12850,-251362*w - 855923]
Isogeny class  135.2-g
Curve [1,-w,1,-1776*w - 6044,82984*w + 282572]
Isogeny class  135.2-h
Curve [w + 1,w + 1,w,34*w + 112,222*w + 753]
Isogeny class  135.2-i
Curve [1,-w,w,-19*w - 61,115*w + 386]
Isogeny class  135.2-j
Curve [w,-1,w,32*w + 104,32*w + 106]
Isogeny class  135.5-a
Curve [0,w - 1,1,76*w - 331,1311*w - 5774]
Isogeny class  135.5-b
Curve [0,0,1,-2*w - 7,3*w + 10]
Isogeny class  135.5-c
Curve [0,0,1,w - 7,-2*w + 7]
Isogeny class  135.5-d
Curve [0,w - 1,1,w - 1,2*w - 8]
Isogeny class  135.6-a
Curve [0,-w,1,169*w - 738,700*w - 3087]
Isogeny class  135.6-b
Curve [w,w,0,-w - 3,-11*w - 38]
Isogeny class  135.6-c
Curve [0,-w,1,28*w - 117,-3*w + 10]
Isogeny class  135.6-d
Curve [1,-w - 1,w,6,-2*w]
Isogeny class  135.4-a
Curve [1,-w,w + 1,-16169*w - 55052,-2225650*w - 7578616]
Isogeny class  135.4-b
Curve [w,-1,0,28*w - 118,-80*w + 355]
Isogeny class  135.4-c
Curve [w,-1,w + 1,12*w + 38,151*w + 513]
Isogeny class  135.4-d
Curve [1,w + 1,1,1,-w - 4]
Isogeny class  135.4-e
Curve [w,-1,w + 1,-14*w + 49,-13*w + 50]
Isogeny class  135.4-f
Curve [w + 1,-w,0,-328*w - 1109,6032*w + 20544]
Isogeny class  135.4-g
Curve [w,-1,w,-13*w - 49,-87*w - 299]
Isogeny class  135.4-h
Curve [w,-1,w + 1,-8*w + 28,-157*w + 686]
Isogeny class  135.4-i
Curve [1,w + 1,1,-407*w + 1803,-61316*w + 270111]
Isogeny class  135.4-j
Curve [1,w + 1,w + 1,12050*w + 41034,-2228872*w - 7589589]
Isogeny class  135.4-k
Curve [w + 1,-w,0,-1132*w - 3851,40334*w + 137343]
Isogeny class  135.4-l
Curve [w + 1,w + 1,w,6*w + 14,9*w + 25]
Isogeny class  135.4-m
Curve [1,-w,0,-401*w - 1363,-7744*w - 26371]
Isogeny class  135.4-n
Curve [w + 1,-w,0,81*w - 354,923*w - 4065]
Isogeny class  135.4-o
Curve [1,-w,w,-w + 8,6*w - 34]
Isogeny class  135.3-a
Curve [1,w - 1,w + 1,450*w - 1967,-10845*w + 47815]
Isogeny class  135.3-b
Curve [w,0,w,-14*w - 75,-97*w - 402]
Isogeny class  135.3-c
Curve [1,-w - 1,w,169*w - 756,-2247*w + 9950]
Isogeny class  135.3-d
Curve [w,w,w,4*w + 6,-6*w - 22]
Isogeny class  135.3-e
Curve [1,-w - 1,0,18*w + 63,0]
Isogeny class  135.3-f
Curve [w + 1,-w - 1,w + 1,3770*w - 16622,251361*w - 1107285]
Isogeny class  135.3-g
Curve [1,w - 1,1,1776*w - 7820,-82984*w + 365556]
Isogeny class  135.3-h
Curve [w,w,w,-25*w + 129,-85*w + 399]
Isogeny class  135.3-i
Curve [1,w - 1,w + 1,18*w - 80,-116*w + 501]
Isogeny class  135.3-j
Curve [w + 1,-w - 1,w + 1,-34*w + 136,-33*w + 138]
Isogeny class  135.8-a
Curve [0,-w,1,-76*w - 255,-1311*w - 4463]
Isogeny class  135.8-b
Curve [0,0,1,2*w - 9,-3*w + 13]
Isogeny class  135.8-c
Curve [0,0,1,-w - 6,2*w + 5]
Isogeny class  135.8-d
Curve [0,-w,1,-w,-2*w - 6]
Isogeny class  135.7-a
Curve [0,w - 1,1,-169*w - 569,-700*w - 2387]
Isogeny class  135.7-b
Curve [w + 1,w + 1,1,11*w + 3,9*w + 37]
Isogeny class  135.7-c
Curve [0,w - 1,1,-28*w - 89,3*w + 7]
Isogeny class  135.7-d
Curve [1,w + 1,w,w + 6,2*w + 4]
Isogeny class  141.1-a
Curve [w,-w + 1,0,3*w + 28,-1139*w - 3864]
Isogeny class  141.2-a
Curve [w,0,0,-17*w - 55,-116*w - 394]
Isogeny class  141.4-a
Curve [w + 1,0,0,-3*w + 31,1139*w - 5003]
Isogeny class  141.3-a
Curve [w + 1,-w,0,17*w - 72,116*w - 510]
Isogeny class  144.1-a
Curve [0,-w - 1,0,12*w - 44,48*w - 216]
Isogeny class  144.1-b
Curve [0,1,0,15*w + 51,45*w + 153]
Curve [0,1,0,-15*w + 66,-45*w + 198]
Isogeny class  144.1-c
Curve [0,w + 1,0,-10*w - 33,-59*w - 201]
Isogeny class  144.2-a
Curve [0,0,0,-6484*w - 22079,560168*w + 1907442]
Isogeny class  144.3-a
Curve [0,0,0,6484*w - 28563,-560168*w + 2467610]
Isogeny class  147.1-a
Curve [0,-1,1,70*w - 308,-798*w + 3515]
Isogeny class  147.2-a
Curve [0,-1,1,-70*w - 238,798*w + 2717]
Isogeny class  149.1-a
Curve [1,w + 1,w,206*w - 899,3833*w - 16883]
Isogeny class  149.2-a
Curve [1,-w - 1,w,-205*w - 694,-3628*w - 12356]
Isogeny class  156.1-a
Curve [w + 1,w,w,-1004*w + 4407,1064*w - 4664]
Isogeny class  156.1-b
Curve [1,0,w + 1,-472*w - 1606,-12089*w - 41166]
Isogeny class  156.2-a
Curve [1,-w - 1,w,-3*w + 19,3*w - 22]
Isogeny class  156.2-b
Curve [1,0,1,144*w + 490,-53968*w - 183768]
Isogeny class  156.2-c
Curve [w + 1,1,w + 1,-1738*w - 5919,99574*w + 339061]
Isogeny class  156.2-d
Curve [1,1,1,0,-2*w - 7]
Isogeny class  156.2-e
Curve [w + 1,-w + 1,w,11,-7*w + 12]
Isogeny class  156.2-f
Curve [w,-w + 1,w,205*w - 912,3723*w - 16405]
Isogeny class  156.2-g
Curve [1,-w - 1,w + 1,-16733*w - 56974,2307164*w + 7856181]
Isogeny class  156.2-h
Curve [1,1,w + 1,-7*w - 22,-33*w - 114]
Isogeny class  156.2-i
Curve [w,-w + 1,w + 1,-7*w - 12,5*w + 24]
Isogeny class  156.4-a
Curve [w,w - 1,w,1011*w + 3388,2331*w + 8121]
Isogeny class  156.4-b
Curve [1,0,w,471*w - 2077,12088*w - 53254]
Isogeny class  156.3-a
Curve [1,w + 1,w,4*w + 16,-3]
Isogeny class  156.3-b
Curve [1,0,1,-144*w + 634,53968*w - 237736]
Isogeny class  156.3-c
Curve [w,-w - 1,0,1738*w - 7656,-101312*w + 446292]
Isogeny class  156.3-d
Curve [1,1,1,0,2*w - 9]
Isogeny class  156.3-e
Curve [w,1,w + 1,-2*w + 12,6*w + 5]
Isogeny class  156.3-f
Curve [w + 1,0,w + 1,-207*w - 707,-3724*w - 12682]
Isogeny class  156.3-g
Curve [1,w + 1,w + 1,16734*w - 73707,-2290432*w + 10089639]
Isogeny class  156.3-h
Curve [1,1,w,6*w - 28,32*w - 146]
Isogeny class  156.3-i
Curve [w + 1,0,w,5*w - 18,-6*w + 30]
Isogeny class  164.1-a
Curve [1,w + 1,w,-50*w - 167,-493*w - 1682]
Isogeny class  164.2-a
Curve [1,-w - 1,w,51*w - 218,442*w - 1957]
Isogeny class  167.1-a
Curve [0,w,w,-26*w + 121,139*w - 614]
Isogeny class  167.2-a
Curve [0,-w + 1,w + 1,26*w + 95,-140*w - 475]
Isogeny class  169.2-a
Curve [w,w,w,375*w - 1633,-7665*w + 33790]
Isogeny class  169.2-b
Curve [1,w - 1,1,2*w + 12,2*w + 4]
Isogeny class  169.3-a
Curve [w + 1,w + 1,w,-366*w - 1250,6040*w + 20564]
Isogeny class  169.3-b
Curve [1,-w,1,-2*w + 14,-2*w + 6]
Isogeny class  171.1-a
Curve [w + 1,1,w,-8*w + 46,32*w - 108]
Isogeny class  171.1-b
Curve [1,w,w,10*w - 39,-52*w + 228]
Isogeny class  171.3-a
Curve [w,w + 1,1,-3*w + 46,9*w]
Isogeny class  171.3-b
Curve [w + 1,-1,w + 1,68*w - 301,-588*w + 2592]
Isogeny class  171.2-a
Curve [w,-w - 1,1,8*w + 38,-40*w - 114]
Isogeny class  171.2-b
Curve [1,-w + 1,w + 1,-11*w - 29,51*w + 176]
Isogeny class  171.6-a
Curve [w + 1,w - 1,w + 1,10*w + 34,25*w + 83]
Isogeny class  171.6-b
Curve [w,-w,w,-70*w - 231,587*w + 2005]
Isogeny class  180.1-a
Curve [w + 1,1,w,4*w - 7,10*w - 29]
Isogeny class  180.1-b
Curve [1,w,w,116*w - 535,-1224*w + 5165]
Isogeny class  180.1-c
Curve [1,0,0,-153*w + 674,73017*w - 321649]
Isogeny class  180.1-d
Curve [w + 1,0,w,-17894*w - 60935,-2105107*w - 7168155]
Isogeny class  180.1-e
Curve [1,w,0,13300*w - 58581,1645524*w - 7248735]
Isogeny class  180.1-f
Curve [w + 1,0,w,24*w - 100,825*w - 3625]
Isogeny class  180.1-g
Curve [w + 1,-w + 1,0,-2*w + 8,-4*w + 16]
Isogeny class  180.3-a
Curve [w + 1,-1,0,w,-5*w - 20]
Isogeny class  180.3-b
Curve [w + 1,w - 1,1,-1628*w - 4127,-64441*w - 221521]
Isogeny class  180.3-c
Curve [w + 1,w - 1,1,22*w + 13,89*w + 581]
Isogeny class  180.3-d
Curve [w + 1,w - 1,w + 1,-42*w - 143,233*w + 791]
Isogeny class  180.3-e
Curve [1,w - 1,0,-18*w + 81,16*w - 65]
Isogeny class  180.3-f
Curve [w + 1,-1,1,105*w - 452,-1586817*w + 6990136]
Isogeny class  180.3-g
Curve [1,-w - 1,w + 1,-3109*w - 10583,-666173*w - 2268403]
Isogeny class  180.3-h
Curve [w + 1,w - 1,w,23*w - 75,394*w - 1695]
Isogeny class  180.3-i
Curve [w + 1,w - 1,1,-178*w - 602,-3317*w - 11296]
Isogeny class  180.3-j
Curve [w,0,1,-22*w - 48,332*w + 1148]
Isogeny class  180.3-k
Curve [w,-w,w + 1,-12,-w - 3]
Isogeny class  180.4-a
Curve [1,-w,w,-106*w + 470,1583*w - 6980]
Isogeny class  180.4-b
Curve [1,-w,w + 1,2,-9]
Isogeny class  180.4-c
Curve [1,w + 1,w,3*w - 2,-32*w + 151]
Isogeny class  180.4-d
Curve [w,-w,w + 1,-3279*w - 11158,-202244*w - 688661]
Isogeny class  180.2-a
Curve [w,-w - 1,1,-4*w - 3,-6*w - 16]
Isogeny class  180.2-b
Curve [1,-w + 1,w + 1,-117*w - 419,1223*w + 3941]
Isogeny class  180.2-c
Curve [1,0,0,153*w + 521,-73017*w - 248632]
Isogeny class  180.2-d
Curve [w,-w + 1,w + 1,17892*w - 78828,2105106*w - 9273262]
Isogeny class  180.2-e
Curve [1,-w + 1,0,-13300*w - 45281,-1645524*w - 5603211]
Isogeny class  180.2-f
Curve [w,-w + 1,w + 1,-26*w - 75,-826*w - 2800]
Isogeny class  180.2-g
Curve [w,1,0,2*w + 6,4*w + 12]
Isogeny class  180.6-a
Curve [w,-w,0,-w + 1,5*w - 25]
Isogeny class  180.6-b
Curve [w,w + 1,w,1636*w - 5769,60307*w - 261493]
Isogeny class  180.6-c
Curve [w,w + 1,w,-14*w + 21,-83*w + 389]
Isogeny class  180.6-d
Curve [w,w + 1,1,49*w - 183,-376*w + 1696]
Isogeny class  180.6-e
Curve [1,-w,0,18*w + 63,-16*w - 49]
Isogeny class  180.6-f
Curve [w,-w,1,-106*w - 346,1586817*w + 5403319]
Isogeny class  180.6-g
Curve [1,w + 1,w + 1,3110*w - 13692,669281*w - 2948267]
Isogeny class  180.6-h
Curve [w,w + 1,0,-15*w - 51,-469*w - 1597]
Isogeny class  180.6-i
Curve [w,w + 1,w,186*w - 794,2708*w - 11894]
Isogeny class  180.6-j
Curve [w + 1,-w,1,21*w - 70,-332*w + 1480]
Isogeny class  180.6-k
Curve [w + 1,-1,w,-2*w - 11,-3]
Isogeny class  180.5-a
Curve [1,w - 1,w + 1,105*w + 364,-1584*w - 5397]
Isogeny class  180.5-b
Curve [1,w - 1,w,-w + 3,-w - 8]
Isogeny class  180.5-c
Curve [1,-w - 1,w,-2*w,34*w + 119]
Isogeny class  180.5-d
Curve [w + 1,-1,w,3277*w - 14436,202243*w - 890904]
Isogeny class  183.1-a
Curve [1,-w,1,-281*w + 1243,18232*w - 80317]
Isogeny class  183.1-b
Curve [0,-1,1,64*w - 282,530*w - 2335]
Isogeny class  183.1-c
Curve [0,-w + 1,1,7*w - 27,23*w - 103]
Isogeny class  183.1-d
Curve [0,-w - 1,1,20*w - 70,90*w - 426]
Isogeny class  183.1-e
Curve [w,-w + 1,1,-201*w + 881,-7273*w + 32035]
Isogeny class  183.1-f
Curve [1,-w + 1,0,-82*w - 272,872*w + 2973]
Isogeny class  183.1-g
Curve [w,-w + 1,w + 1,350*w - 1553,8002*w - 35257]
Isogeny class  183.2-a
Curve [1,w - 1,1,281*w + 962,-18232*w - 62085]
Isogeny class  183.2-b
Curve [0,-1,1,-64*w - 218,-530*w - 1805]
Isogeny class  183.2-c
Curve [0,w,1,-7*w - 20,-23*w - 80]
Isogeny class  183.2-d
Curve [0,w + 1,1,-18*w - 51,-109*w - 387]
Isogeny class  183.2-e
Curve [w + 1,0,1,200*w + 680,7273*w + 24762]
Isogeny class  183.2-f
Curve [1,w,0,82*w - 354,-872*w + 3845]
Isogeny class  183.2-g
Curve [w + 1,0,w,-352*w - 1202,-8003*w - 27254]
Isogeny class  188.1-a
Curve [w,1,w + 1,216*w - 952,842*w - 3709]
Isogeny class  188.1-b
Curve [1,-w,w,3,-7]
Isogeny class  188.1-c
Curve [1,w,0,-139*w - 470,-4223*w - 14381]
Isogeny class  188.2-a
Curve [w + 1,-w + 1,w,-218*w - 735,-843*w - 2866]
Isogeny class  188.2-b
Curve [1,w - 1,w + 1,-w + 3,-w - 7]
Isogeny class  188.2-c
Curve [1,-w + 1,0,139*w - 609,4223*w - 18604]
Isogeny class  192.1-a
Curve [0,w + 1,0,13*w - 51,-175*w + 768]
Isogeny class  192.1-b
Curve [0,w - 1,0,88*w - 384,-1024*w + 4512]
Isogeny class  192.1-c
Curve [0,-w + 1,0,-16*w - 48,81*w + 279]
Isogeny class  192.1-d
Curve [0,-w - 1,0,-84*w + 380,488*w - 2156]
Isogeny class  192.1-e
Curve [0,1,0,-5*w - 17,-15*w - 51]
Isogeny class  192.2-a
Curve [0,-w - 1,0,-11*w - 39,187*w + 632]
Isogeny class  192.2-b
Curve [0,-w,0,-88*w - 296,1024*w + 3488]
Isogeny class  192.2-c
Curve [0,w,0,16*w - 64,-81*w + 360]
Isogeny class  192.2-d
Curve [0,w + 1,0,86*w + 295,-403*w - 1373]
Isogeny class  192.2-e
Curve [0,1,0,5*w - 22,15*w - 66]
Isogeny class  195.1-a
Curve [0,-1,w + 1,-86*w + 381,245*w - 1086]
Isogeny class  195.1-b
Curve [0,-w,w + 1,-19*w - 61,119*w + 405]
Isogeny class  195.2-a
Curve [w,-w + 1,0,-181*w - 599,-2662*w - 9051]
Isogeny class  195.2-b
Curve [w + 1,-w,0,2,w - 4]
Isogeny class  195.2-c
Curve [w,-w - 1,w,-742*w + 3259,54976*w - 242181]
Isogeny class  195.2-d
Curve [w + 1,w + 1,0,13*w - 2,25*w - 27]
Isogeny class  195.2-e
Curve [1,1,w + 1,77*w - 1391,1735*w + 31367]
Isogeny class  195.2-f
Curve [w + 1,w + 1,w,-52*w + 271,1985*w - 8673]
Isogeny class  195.3-a
Curve [1,-w - 1,w + 1,92*w - 402,1033*w - 4556]
Isogeny class  195.3-b
Curve [w + 1,-w + 1,0,115*w + 403,231*w + 794]
Isogeny class  195.3-c
Curve [w,w,0,-15234*w - 51932,-2071760*w - 7054729]
Isogeny class  195.3-d
Curve [w,-w - 1,1,-642*w - 2175,-17541*w - 59724]
Isogeny class  195.3-e
Curve [1,-w - 1,w + 1,-137*w - 472,1604*w + 5394]
Isogeny class  195.3-f
Curve [w + 1,0,w + 1,15169*w - 67003,1443511*w - 6358422]
Isogeny class  195.3-g
Curve [w + 1,-w - 1,1,4507*w + 15353,-28919*w - 98471]
Isogeny class  195.3-h
Curve [w,0,w,-2,-1]
Isogeny class  195.4-a
Curve [w,-w - 1,w,349*w - 1547,-6489*w + 28580]
Isogeny class  195.4-b
Curve [1,-w - 1,w + 1,w - 1,-2*w + 1]
Isogeny class  195.8-a
Curve [0,-1,w,86*w + 295,-246*w - 840]
Isogeny class  195.8-b
Curve [0,w - 1,w,19*w - 80,-120*w + 525]
Isogeny class  195.7-a
Curve [w + 1,0,0,181*w - 780,2662*w - 11713]
Isogeny class  195.7-b
Curve [w,0,0,2,-w - 3]
Isogeny class  195.7-c
Curve [w + 1,1,0,743*w + 2532,-54234*w - 184673]
Isogeny class  195.7-d
Curve [w,w,1,-3*w - 7,-31*w - 105]
Isogeny class  195.7-e
Curve [1,1,w,-78*w - 1313,-1736*w + 33103]
Isogeny class  195.7-f
Curve [w,w,w,61*w + 202,-1775*w - 6047]
Isogeny class  195.6-a
Curve [1,w + 1,w + 1,-91*w - 310,-1126*w - 3832]
Isogeny class  195.6-b
Curve [w,1,0,-115*w + 518,-231*w + 1025]
Isogeny class  195.6-c
Curve [w + 1,w + 1,1,15244*w - 67159,2019829*w - 8897908]
Isogeny class  195.6-d
Curve [w + 1,1,w,642*w - 2817,18183*w - 80082]
Isogeny class  195.6-e
Curve [1,w + 1,w + 1,138*w - 609,-1468*w + 6390]
Isogeny class  195.6-f
Curve [w,-w + 1,w,-15171*w - 51832,-1443512*w - 4914910]
Isogeny class  195.6-g
Curve [w,-1,1,-4508*w + 19861,28919*w - 127390]
Isogeny class  195.6-h
Curve [w + 1,-w,w + 1,-2*w - 2,-w - 1]
Isogeny class  195.5-a
Curve [w + 1,1,0,-348*w - 1183,6140*w + 20908]
Isogeny class  195.5-b
Curve [1,w + 1,w + 1,0,0]
Isogeny class  196.1-a
Curve [1,0,1,4,-6]
Isogeny class  196.1-b
Curve [w,-w - 1,w + 1,-4345*w - 14790,308643*w + 1050972]
Isogeny class  208.1-a
Curve [0,-w,0,18*w + 65,-129*w - 438]
Isogeny class  208.2-a
Curve [0,w - 1,0,-18*w + 83,129*w - 567]
Isogeny class  219.1-a
Curve [w + 1,1,0,-735*w - 2501,19514*w + 66448]
Isogeny class  219.1-b
Curve [1,-w + 1,w + 1,-w + 4,-w - 3]
Isogeny class  219.1-c
Curve [w + 1,-w + 1,w,-4*w - 9,w + 1]
Isogeny class  219.2-a
Curve [1,1,1,-5*w + 22,4060*w - 17885]
Isogeny class  219.4-a
Curve [w,-w - 1,w,736*w - 3252,-20250*w + 89199]
Isogeny class  219.4-b
Curve [1,w,w,4,-3]
Isogeny class  219.4-c
Curve [w,1,w + 1,2*w - 12,-2*w + 2]
Isogeny class  219.3-a
Curve [1,1,1,5*w + 17,-4060*w - 13825]
Isogeny class  225.1-a
Curve [1,0,w,197*w - 870,146*w - 648]
Isogeny class  225.1-b
Curve [1,1,1,-10,-10]
Isogeny class  225.1-c
Curve [w,1,w,0,0]
Isogeny class  225.1-d
Curve [w,-w - 1,w,-848*w - 2885,-26326*w - 89643]
Isogeny class  225.1-e
Curve [w,w - 1,w + 1,-11145*w - 38096,-1299847*w - 4425439]
Isogeny class  225.1-f
Curve [0,w + 1,1,20*w + 70,66*w + 224]
Isogeny class  225.1-g
Curve [w + 1,1,0,849*w - 3718,27174*w - 119687]
Isogeny class  225.1-h
Curve [0,-w - 1,1,-18*w + 89,-47*w + 201]
Isogeny class  225.1-i
Curve [w + 1,w,w + 1,11151*w - 49233,1261757*w - 5558069]
Isogeny class  225.1-j
Curve [1,w,w + 1,-21*w + 97,154*w - 682]
Isogeny class  225.1-k
Curve [1,0,w + 1,-198*w - 673,-147*w - 502]
Isogeny class  225.1-l
Curve [w,-w + 1,0,-350*w - 1175,6812*w + 23208]
Curve [-w + 1,w,0,350*w - 1525,-6812*w + 30020]
Isogeny class  225.1-m
Curve [w + 1,-w + 1,w + 1,-2*w,-w]
Isogeny class  225.1-n
Curve [0,-1,1,-66365*w - 225981,18421416*w + 62727221]
Isogeny class  225.1-o
Curve [1,-w + 1,w,20*w + 77,-155*w - 527]
Isogeny class  225.2-a
Curve [w,-w,w + 1,w - 17,7*w - 38]
Isogeny class  225.2-b
Curve [1,-w,w,-1466*w - 4986,325930*w + 1109831]
Isogeny class  225.2-c
Curve [w + 1,-1,1,-66*w - 223,-518*w - 1764]
Isogeny class  225.2-d
Curve [w + 1,w + 1,w,7*w + 13,8*w + 46]
Isogeny class  225.2-e
Curve [1,-w,w,3*w - 11,-5*w + 16]
Isogeny class  225.2-f
Curve [w + 1,w + 1,0,1384*w - 6043,56233*w - 247638]
Isogeny class  225.2-g
Curve [w + 1,-1,w + 1,-8*w + 33,587*w - 2586]
Isogeny class  225.2-h
Curve [1,w + 1,w + 1,114*w - 496,-2004*w + 8823]
Isogeny class  225.2-i
Curve [1,-1,1,79*w - 387,-237*w + 1139]
Isogeny class  225.2-j
Curve [w,w + 1,w,3*w + 4,2*w + 4]
Isogeny class  225.2-k
Curve [1,w + 1,w,-21*w - 68,43*w + 143]
Isogeny class  225.2-l
Curve [1,-1,1,-409*w - 1393,5789*w + 19712]
Isogeny class  225.2-m
Curve [1,-w,w,-16*w + 74,300*w - 1329]
Isogeny class  225.2-n
Curve [1,w + 1,w,-72*w - 242,472*w + 1604]
Isogeny class  225.4-a
Curve [w,-w + 1,0,968*w - 4246,-30035*w + 132272]
Isogeny class  225.4-b
Curve [w,-w - 1,1,364*w - 1629,-6969*w + 30659]
Isogeny class  225.4-c
Curve [1,1,1,-163*w - 555,-2347*w - 7992]
Isogeny class  225.4-d
Curve [0,-w - 1,w,w + 7,-2*w - 6]
Isogeny class  225.4-e
Curve [0,1,w,15*w + 52,89*w + 300]
Isogeny class  225.4-f
Curve [w,1,w,19*w - 82,184*w - 808]
Isogeny class  225.4-g
Curve [w,-w - 1,0,868*w + 2965,-29012*w - 98784]
Isogeny class  225.4-h
Curve [1,0,0,114*w + 388,-3399*w - 11574]
Isogeny class  225.4-i
Curve [w + 1,w,w,17*w + 55,104*w + 351]
Isogeny class  225.4-j
Curve [1,1,w,34*w + 118,44*w + 147]
Isogeny class  225.4-k
Curve [w,1,0,23*w + 82,0]
Isogeny class  225.4-l
Curve [w,w - 1,w,3832*w - 16868,-256861*w + 1131519]
Isogeny class  225.4-m
Curve [1,1,0,8133*w - 35828,783870*w - 3453045]
Isogeny class  225.4-n
Curve [w + 1,-w + 1,0,8051*w + 27426,2034392*w + 6927366]
Isogeny class  225.4-o
Curve [1,1,0,-69*w + 304,0]
Isogeny class  225.4-p
Curve [1,w,w + 1,-248*w + 1097,-8811*w + 38810]
Isogeny class  225.4-q
Curve [w + 1,w,0,-55*w + 288,-248*w + 1152]
Isogeny class  225.4-r
Curve [w,1,w + 1,1226*w - 5402,-44646*w + 196670]
Isogeny class  225.4-s
Curve [w + 1,1,w,3*w + 4,21*w + 69]
Isogeny class  225.4-t
Curve [w,-w + 1,0,-w + 8,w - 4]
Isogeny class  225.7-a
Curve [w + 1,-1,1,-127*w + 570,1022*w - 4493]
Isogeny class  225.7-b
Curve [1,-1,w,-7*w - 22,-15*w - 54]
Isogeny class  225.7-c
Curve [w + 1,-1,w + 1,29*w + 80,196*w + 637]
Isogeny class  225.7-d
Curve [1,w + 1,0,31320*w + 106650,564881*w + 1923490]
Isogeny class  225.7-e
Curve [w,-w,0,74*w + 265,-634*w - 2150]
Isogeny class  225.7-f
Curve [w,-w,w,-4*w - 10,w + 15]
Isogeny class  225.7-g
Curve [1,w + 1,1,-42*w - 143,-421*w - 1434]
Isogeny class  225.3-a
Curve [w + 1,-1,w,-3*w - 15,-8*w - 30]
Isogeny class  225.3-b
Curve [1,w - 1,w + 1,1465*w - 6452,-325931*w + 1435761]
Isogeny class  225.3-c
Curve [w,-w,1,65*w - 288,518*w - 2282]
Isogeny class  225.3-d
Curve [w,w,w,2*w + 3,3*w + 9]
Isogeny class  225.3-e
Curve [1,w - 1,w + 1,-4*w - 8,4*w + 11]
Isogeny class  225.3-f
Curve [w,w,1,-1374*w - 4677,-60909*w - 207403]
Isogeny class  225.3-g
Curve [w,-w,w,6*w + 27,-588*w - 1998]
Isogeny class  225.3-h
Curve [1,-w - 1,w + 1,-113*w - 383,2116*w + 7202]
Isogeny class  225.3-i
Curve [1,-1,1,-79*w - 308,237*w + 902]
Isogeny class  225.3-j
Curve [w + 1,w - 1,1,5*w + 13,4*w + 26]
Isogeny class  225.3-k
Curve [1,-w - 1,w,22*w - 90,-65*w + 276]
Isogeny class  225.3-l
Curve [1,-1,1,409*w - 1802,-5789*w + 25501]
Isogeny class  225.3-m
Curve [1,w - 1,w + 1,15*w + 58,-301*w - 1029]
Isogeny class  225.3-n
Curve [1,-w - 1,w,73*w - 315,-545*w + 2391]
Isogeny class  225.5-a
Curve [w + 1,0,0,-968*w - 3278,30035*w + 102237]
Isogeny class  225.5-b
Curve [w + 1,1,w,-364*w - 1265,6605*w + 22425]
Isogeny class  225.5-c
Curve [1,1,1,163*w - 718,2347*w - 10339]
Isogeny class  225.5-d
Curve [0,w + 1,w + 1,w + 7,w - 1]
Isogeny class  225.5-e
Curve [0,1,w + 1,-15*w + 67,-90*w + 389]
Isogeny class  225.5-f
Curve [w + 1,-w + 1,w + 1,-21*w - 63,-185*w - 624]
Isogeny class  225.5-g
Curve [w + 1,1,w + 1,-868*w + 3832,28144*w - 123964]
Isogeny class  225.5-h
Curve [1,0,0,-114*w + 502,3399*w - 14973]
Isogeny class  225.5-i
Curve [w,w - 1,w,-10*w + 57,-40*w + 192]
Isogeny class  225.5-j
Curve [1,1,w + 1,-35*w + 152,-45*w + 191]
Isogeny class  225.5-k
Curve [w + 1,-w + 1,0,-23*w + 105,0]
Isogeny class  225.5-l
Curve [w + 1,w,w,-3825*w - 13028,240000*w + 817227]
Isogeny class  225.5-m
Curve [1,1,0,-8133*w - 27695,-783870*w - 2669175]
Isogeny class  225.5-n
Curve [w,1,0,-8051*w + 35477,-2034392*w + 8961758]
Isogeny class  225.5-o
Curve [1,1,0,69*w + 235,0]
Isogeny class  225.5-p
Curve [1,-w + 1,w,247*w + 850,8810*w + 30000]
Isogeny class  225.5-q
Curve [w,w - 1,1,63*w + 217,465*w + 1583]
Isogeny class  225.5-r
Curve [w + 1,-w + 1,w,-1228*w - 4175,44645*w + 152025]
Isogeny class  225.5-s
Curve [w,-w - 1,1,-3*w + 7,-18*w + 83]
Isogeny class  225.5-t
Curve [w + 1,0,0,w + 7,-w - 3]
Isogeny class  225.8-a
Curve [w,-w,1,126*w + 444,-1022*w - 3471]
Isogeny class  225.8-b
Curve [1,-1,w + 1,6*w - 29,14*w - 69]
Isogeny class  225.8-c
Curve [w,-w,w,-31*w + 111,-197*w + 834]
Isogeny class  225.8-d
Curve [1,-w - 1,1,-31318*w + 137968,-533562*w + 2350402]
Isogeny class  225.8-e
Curve [w + 1,-1,0,-74*w + 339,634*w - 2784]
Isogeny class  225.8-f
Curve [w + 1,-1,w + 1,2*w - 14,-2*w + 16]
Isogeny class  225.8-g
Curve [1,-w - 1,0,44*w - 186,378*w - 1669]
Isogeny class  228.1-a
Curve [1,-w + 1,0,-133*w + 589,2071*w - 9124]
Isogeny class  228.1-b
Curve [1,w,1,14*w - 55,-115*w + 510]
Isogeny class  228.1-c
Curve [1,-w + 1,w + 1,-4517*w + 19898,-18782*w + 82729]
Isogeny class  228.1-d
Curve [w,-w + 1,w + 1,-2*w - 2,2*w - 12]
Isogeny class  228.1-e
Curve [w + 1,-w - 1,w + 1,5*w - 178,-386*w + 949]
Isogeny class  228.2-a
Curve [w,-1,w,-7,-5]
Isogeny class  228.2-b
Curve [w + 1,-w + 1,w,5*w - 29,30*w - 135]
Isogeny class  228.2-c
Curve [w,w - 1,w,1543*w - 6785,-66510*w + 292998]
Isogeny class  228.2-d
Curve [1,-w,w,-225*w - 760,3999*w + 13616]
Isogeny class  228.4-a
Curve [1,w,0,133*w + 456,-2071*w - 7053]
Isogeny class  228.4-b
Curve [1,-w + 1,1,-14*w - 41,115*w + 395]
Isogeny class  228.4-c
Curve [1,w,w,4516*w + 15382,18781*w + 63948]
Isogeny class  228.4-d
Curve [w + 1,0,w,-3,-3*w - 9]
Isogeny class  228.4-e
Curve [w,-1,w,-7*w - 171,385*w + 564]
Isogeny class  228.3-a
Curve [w + 1,-w - 1,w + 1,-2*w - 7,-w - 5]
Isogeny class  228.3-b
Curve [w,1,w + 1,-7*w - 23,-31*w - 105]
Isogeny class  228.3-c
Curve [w + 1,w,w,-1536*w - 5234,59732*w + 203392]
Isogeny class  228.3-d
Curve [1,w - 1,w + 1,224*w - 985,-4000*w + 17615]
Isogeny class  235.2-a
Curve [w + 1,1,1,208*w - 938,-3155*w + 13698]
Isogeny class  235.2-b
Curve [w + 1,0,w,-584*w - 1992,-33837*w - 115222]
Isogeny class  235.2-c
Curve [w,-w - 1,w + 1,-2*w - 3,-w - 3]
Isogeny class  235.3-a
Curve [w,-w - 1,w + 1,-208*w - 745,3362*w + 11273]
Isogeny class  235.3-b
Curve [w,-w + 1,w + 1,582*w - 2575,33836*w - 149059]
Isogeny class  235.3-c
Curve [w + 1,1,1,2*w + 10,2*w + 7]
Isogeny class  240.1-a
Curve [0,w - 1,0,-378*w + 1669,-7130*w + 31410]
Isogeny class  240.2-a
Curve [0,w,0,-629*w - 2138,16043*w + 54627]
Isogeny class  240.2-b
Curve [0,-w,0,2,w + 3]
Isogeny class  240.4-a
Curve [0,-w,0,378*w + 1291,7130*w + 24280]
Isogeny class  240.3-a
Curve [0,-w + 1,0,629*w - 2767,-16043*w + 70670]
Isogeny class  240.3-b
Curve [0,w - 1,0,2,-w + 4]
Isogeny class  243.1-a
Curve [w + 1,-1,0,-237*w - 807,3436*w + 11700]
Isogeny class  243.1-b
Curve [w + 1,-1,w + 1,9*w - 41,-158*w + 698]
Isogeny class  243.1-c
Curve [w + 1,-1,0,810*w - 3555,24842*w - 109423]
Isogeny class  243.1-d
Curve [0,0,w + 1,0,48*w + 162]
Isogeny class  243.1-e
Curve [w,-w,1,-2*w + 6,-w]
Isogeny class  243.1-f
Curve [1,-1,1,-21*w - 74,111*w + 377]
Isogeny class  243.1-g
Curve [w,-w,w,118*w - 612,1917*w - 8173]
Isogeny class  243.1-h
Curve [0,0,w + 1,-489*w - 1665,-12284*w - 41830]
Isogeny class  243.1-i
Curve [1,-1,w,17083*w - 75255,2383831*w - 10501078]
Isogeny class  243.1-j
Curve [w,-w,w + 1,-1288*w - 4377,-50143*w - 170736]
Isogeny class  243.1-k
Curve [0,0,w + 1,-9*w - 30,-31*w - 107]
Isogeny class  243.1-l
Curve [1,-1,w,796*w - 3510,-24387*w + 107424]
Isogeny class  243.1-m
Curve [w,-w,1,-1169*w - 3966,42702*w + 145414]
Isogeny class  243.1-n
Curve [w + 1,-1,w,-4*w - 18,-220*w - 752]
Isogeny class  243.1-o
Curve [0,0,w + 1,0,-4*w - 15]
Isogeny class  243.1-p
Curve [1,-1,1,132*w - 587,-1675*w + 7393]
Isogeny class  243.1-q
Curve [1,-1,w,w - 6,10*w - 49]
Isogeny class  243.1-r
Curve [w,-w,w,2521*w - 11115,-131058*w + 577322]
Isogeny class  243.3-a
Curve [1,w - 1,1,-3*w - 5,12*w + 38]
Isogeny class  243.3-b
Curve [w + 1,w - 1,w + 1,3*w + 10,5*w + 15]
Isogeny class  243.2-a
Curve [w,-w,0,237*w - 1044,-3436*w + 15136]
Isogeny class  243.2-b
Curve [w,-w,w,-11*w - 30,157*w + 541]
Isogeny class  243.2-c
Curve [w,-w,0,-810*w - 2745,-24842*w - 84581]
Isogeny class  243.2-d
Curve [0,0,w,0,-49*w + 211]
Isogeny class  243.2-e
Curve [w + 1,-1,1,w + 4,w - 1]
Isogeny class  243.2-f
Curve [1,-1,1,21*w - 95,-111*w + 488]
Isogeny class  243.2-g
Curve [w + 1,-1,w + 1,-120*w - 494,-1918*w - 6256]
Isogeny class  243.2-h
Curve [0,0,w,489*w - 2154,12283*w - 54113]
Isogeny class  243.2-i
Curve [1,-1,w + 1,-17084*w - 58172,-2383832*w - 8117247]
Isogeny class  243.2-j
Curve [w + 1,-1,w,1286*w - 5664,50142*w - 220878]
Isogeny class  243.2-k
Curve [0,0,w,9*w - 39,30*w - 137]
Isogeny class  243.2-l
Curve [1,-1,w + 1,-797*w - 2714,24386*w + 83037]
Isogeny class  243.2-m
Curve [w + 1,-1,1,1168*w - 5135,-42702*w + 188116]
Isogeny class  243.2-n
Curve [w,-w,w + 1,2*w - 21,219*w - 972]
Isogeny class  243.2-o
Curve [0,0,w,0,-4937*w - 16814]
Isogeny class  243.2-p
Curve [1,-1,1,-132*w - 455,1675*w + 5718]
Isogeny class  243.2-q
Curve [1,-1,w + 1,-2*w - 5,-11*w - 39]
Isogeny class  243.2-r
Curve [w + 1,-1,w + 1,-2523*w - 8594,131057*w + 446264]
Isogeny class  243.4-a
Curve [1,-w,1,3*w - 8,-12*w + 50]
Isogeny class  243.4-b
Curve [w,w + 1,1,4*w + 15,5*w + 17]
Isogeny class  244.1-a
Curve [1,0,1,2,0]
Isogeny class  245.1-a
Curve [w + 1,-w - 1,1,-67*w - 222,-12*w - 39]
Isogeny class  245.1-b
Curve [1,-w + 1,w + 1,0,-8]
Isogeny class  245.1-c
Curve [0,1,1,236*w - 1040,5109*w - 22506]
Isogeny class  245.1-d
Curve [w,-w - 1,0,43*w - 190,-232*w + 1022]
Isogeny class  245.2-a
Curve [w,-1,1,66*w - 288,12*w - 51]
Isogeny class  245.2-b
Curve [1,w,w,-w + 1,-w - 7]
Isogeny class  245.2-c
Curve [0,1,1,-236*w - 804,-5109*w - 17397]
Isogeny class  245.2-d
Curve [w + 1,1,w + 1,-43*w - 148,189*w + 642]
Isogeny class  247.2-a
Curve [0,1,w,14*w + 48,-573*w - 1954]
Isogeny class  247.3-a
Curve [0,1,w + 1,-14*w + 62,572*w - 2527]
Isogeny class  249.1-a
Curve [0,-w - 1,w + 1,-17*w - 56,-84*w - 287]
Isogeny class  249.1-b
Curve [w + 1,-w + 1,w,-38*w - 123,362*w + 1235]
Isogeny class  249.1-c
Curve [w + 1,w - 1,w,-2*w - 8,-30*w - 106]
Isogeny class  249.2-a
Curve [1,-w - 1,w,-w + 11,-7*w + 21]
Isogeny class  249.4-a
Curve [0,w + 1,w,19*w - 74,101*w - 444]
Isogeny class  249.4-b
Curve [w,1,w + 1,36*w - 160,-363*w + 1597]
Isogeny class  249.4-c
Curve [w,w + 1,0,10*w - 9,22*w - 57]
Isogeny class  249.3-a
Curve [1,w + 1,w,2*w + 10,8*w + 24]

Total time: 3874.309 seconds, Total memory usage: 141.91MB
