Magma V2.21-3     Mon Jun  1 2015 11:27:25 on atkin    [Seed = 70863565]
Type ? for help.  Type <Ctrl>-D to quit.
Field 2.2.232.1
Isogeny class  6.1-a
Curve [0,0,0,-6502464*w - 49804848,-25011106560*w - 190537301376]
Isogeny class  6.1-b
Curve [0,0,0,155916952704*w - 1187428136112,92913518809152000*w - 707608277717931648]
Isogeny class  6.2-a
Curve [0,0,0,6502464*w - 49804848,25011106560*w - 190537301376]
Isogeny class  6.2-b
Curve [0,0,0,96942346560*w - 738290917296,45340929483621120*w - 345306231356257152]
Isogeny class  9.2-a
Curve [0,0,0,216*w - 540,3024*w - 17280]
Isogeny class  9.2-b
Curve [0,0,0,1201447944*w - 9149954940,64145181813552*w - 488515150526400]
Isogeny class  9.3-a
Curve [0,0,0,-216*w - 540,-3024*w - 17280]
Isogeny class  9.3-b
Curve [0,0,0,-1078488*w + 8213508,-684261648*w + 5211181440]
Isogeny class  18.1-a
Curve [0,0,0,-209952*w - 1471851,141717600*w + 992062566]
Isogeny class  18.1-b
Curve [0,0,0,-862776468*w + 6570709821,190401869898180*w - 1450057440076758]
Isogeny class  18.1-c
Curve [0,0,0,209952*w - 1471851,-141717600*w + 992062566]
Isogeny class  18.1-d
Curve [0,0,0,20845788588*w - 158756796099,-4521437112164220*w + 34434239158675242]
Isogeny class  18.2-a
Curve [0,0,0,2118400635924*w - 16133258590515,-4632559710232296996*w + 35280523652495827482]
Isogeny class  18.2-b
Curve [0,0,0,35049701376*w + 267253972992,25422552448892928*w + 193606623166464000]
Isogeny class  18.2-c
Curve [0,0,0,140184*w - 1074843,-79236360*w + 603575766]
Isogeny class  18.2-d
Curve [0,0,0,-48601728*w + 370139733,170652896064*w - 1299653736282]
Isogeny class  18.2-e
Curve [0,0,0,25815240*w - 196603011,-197031010680*w + 1500543472158]
Isogeny class  18.2-f
Curve [0,0,0,-177824659931136*w + 1354272267829248,9178668251301537644544*w - 69902654815897512837120]
Isogeny class  18.2-g
Curve [0,0,0,252936*w - 1926315,-191129112*w + 1455595974]
Isogeny class  18.2-h
Curve [0,0,0,-264816*w + 2016765,68635728*w - 522714114]
Isogeny class  18.3-a
Curve [0,0,0,10152*w - 98307,-2669976*w + 21504798]
Isogeny class  18.3-b
Curve [0,0,0,-35049701376*w + 267253972992,-25422552448892928*w + 193606623166464000]
Isogeny class  18.3-c
Curve [0,0,0,-140184*w - 1074843,79236360*w + 603575766]
Isogeny class  18.3-d
Curve [0,0,0,92124*w - 701595,-37989756*w + 289321362]
Isogeny class  18.3-e
Curve [0,0,0,49103604*w - 373961907,-282954413700*w + 2154916614042]
Isogeny class  18.3-f
Curve [0,0,0,-521364307968000*w + 3970592276742144,-46079062722534552109056*w + 350927686625692483584000]
Isogeny class  18.3-g
Curve [0,0,0,-252936*w - 1926315,191129112*w + 1455595974]
Isogeny class  18.3-h
Curve [0,0,0,264816*w + 2016765,-68635728*w - 522714114]
Isogeny class  21.2-a
Curve [0,0,0,2484*w - 19251,-188676*w + 1432026]
Isogeny class  21.2-b
Curve [0,0,0,37252548*w - 283706955,-341403813252*w + 2600053979202]
Isogeny class  21.3-a
Curve [0,0,0,-2484*w - 19251,188676*w + 1432026]
Isogeny class  21.3-b
Curve [0,0,0,183334104*w - 1396230939,7777614680568*w - 59232548712042]
Isogeny class  22.1-a
Curve [0,0,0,9155076262308*w - 69722983582803,41611470100212355020*w - 316903514884657440390]
Isogeny class  22.1-b
Curve [0,0,0,-33919020*w + 258319557,441034292556*w - 3358817104014]
Isogeny class  22.1-c
Curve [0,0,0,-57798792*w + 440154189,980989976376*w - 7470998911314]
Isogeny class  22.1-d
Curve [0,0,0,5372797311648*w - 40918005269307,18707717173044791520*w - 142473729318582906090]
Isogeny class  22.2-a
Curve [0,0,0,220467891096*w - 1679033526435,152096022345372120*w - 1158328796497278210]
Isogeny class  22.2-b
Curve [0,0,0,332343432*w - 2531052171,9101243624616*w - 69313006426266]
Isogeny class  22.2-c
Curve [0,0,0,2855593151748*w - 21747549526371,7248774455903903436*w - 55205021551746232566]
Isogeny class  22.2-d
Curve [0,0,0,25655292*w - 195438123,190964791620*w - 1454349252510]
Isogeny class  24.1-a
Curve [0,0,0,388368*w - 2964492,364912992*w - 2778880176]
Isogeny class  24.1-b
Curve [0,0,0,-6604848*w - 50333292,25510706784*w + 194281519248]
Isogeny class  24.2-a
Curve [0,0,0,683145492192*w - 5202681066828,-848177298888936768*w + 6459525861882658416]
Isogeny class  24.2-b
Curve [0,0,0,6604848*w - 50333292,-25510706784*w + 194281519248]
Isogeny class  27.1-a
Curve [0,0,0,2031480*w - 15471324,4215078000*w - 32101077600]
Isogeny class  27.1-b
Curve [0,0,0,21689878680*w - 165728104380,4816355271532560*w - 36686525040320256]
Isogeny class  27.1-c
Curve [0,0,0,-18283320*w - 139241916,113807106000*w + 866729095200]
Isogeny class  27.1-d
Curve [0,0,0,322971498103320*w - 2459677652173980,8730648486216824343120*w - 66490637938084049766912]
Isogeny class  27.2-a
Curve [0,0,0,-2031480*w - 15471324,-4215078000*w - 32101077600]
Isogeny class  27.2-b
Curve [0,0,0,2409986520*w - 18414233820,-178383528575280*w + 1358760186678528]
Isogeny class  27.2-c
Curve [0,0,0,225720*w - 1719036,-156114000*w + 1188928800]
Isogeny class  27.2-d
Curve [0,0,0,35885722011480*w - 273297516908220,-323357351341363864560*w + 2462616219929038880256]
Isogeny class  32.1-a
Curve [0,0,0,1,0]
Isogeny class  32.1-b
Curve [0,0,0,-1,0]
Isogeny class  33.1-a
Curve [0,0,0,1291517352*w - 9835903116,71962366549968*w - 548049055805568]
Isogeny class  33.1-b
Curve [0,0,0,-5832*w - 46764,-2577744*w - 19676736]
Isogeny class  33.4-a
Curve [0,0,0,-1314792*w - 10168524,-2358954576*w - 18052695936]
Isogeny class  33.4-b
Curve [0,0,0,5832*w - 46764,2577744*w - 19676736]
Isogeny class  36.1-a
Curve [0,0,0,1889568*w - 14390460,9795520512*w - 74600459568]
Isogeny class  36.1-b
Curve [0,0,0,-415152*w + 3161700,-4595383584*w + 34997398704]
Isogeny class  36.1-c
Curve [0,0,0,-1889568*w - 14390460,-9795520512*w - 74600459568]
Isogeny class  36.1-d
Curve [0,0,0,864*w + 4644,349056*w + 2576016]

Total time: 103.439 seconds, Total memory usage: 87.44MB
