Magma V2.21-4     Wed Jun  3 2015 15:54:29 on atkin    [Seed = 822611045]
Type ? for help.  Type <Ctrl>-D to quit.
Field 2.2.364.1
Isogeny class  2.1-a
Curve [0,0,0,-6116056416*w + 58343459733,178685751421152*w - 1704553430152806]
Isogeny class  2.1-b
Curve [0,0,0,3024*w + 18252,67824*w + 227232]
Isogeny class  2.1-c
Curve [0,0,0,1375829496*w - 13124576907,85797059433192*w - 818451783596214]
Isogeny class  2.1-d
Curve [0,0,0,-6116056416*w + 58343459733,-178685751421152*w + 1704553430152806]
Isogeny class  2.1-e
Curve [0,0,0,-3024*w + 18252,67824*w - 227232]
Isogeny class  2.1-f
Curve [0,0,0,3024*w + 18252,-67824*w - 227232]
Isogeny class  2.1-g
Curve [0,0,0,1375829496*w - 13124576907,-85797059433192*w + 818451783596214]
Isogeny class  2.1-h
Curve [0,0,0,-3024*w + 18252,-67824*w + 227232]
Isogeny class  4.1-a
Curve [0,0,0,-55651295376*w + 530879522688,6846222340869984*w - 65308798725723648]
Isogeny class  4.1-b
Curve [0,0,0,22464*w + 214272,1755648*w + 16747776]
Isogeny class  4.1-c
Curve [0,0,0,-55651295376*w + 530879522688,-6846222340869984*w + 65308798725723648]
Isogeny class  4.1-d
Curve [0,0,0,2714256*w - 25892352,7871308704*w - 75087499392]
Isogeny class  4.1-e
Curve [0,0,0,22464*w + 214272,-1755648*w - 16747776]
Isogeny class  4.1-f
Curve [0,0,0,-22464*w + 214272,1755648*w - 16747776]
Isogeny class  4.1-g
Curve [0,0,0,2714256*w - 25892352,-7871308704*w + 75087499392]
Isogeny class  4.1-h
Curve [0,0,0,-22464*w + 214272,-1755648*w + 16747776]
Isogeny class  5.1-a
Curve [0,0,0,-2212639671738816*w + 21107237214819789,748629004456782967870080*w - 7141465546690665896381070]
Isogeny class  5.1-b
Curve [0,0,0,-7560*w + 72117,-4728024*w + 45102474]
Isogeny class  5.1-c
Curve [0,0,0,-7560*w + 72117,4728024*w - 45102474]
Isogeny class  5.1-d
Curve [0,0,0,-2212639671738816*w + 21107237214819789,-748629004456782967870080*w + 7141465546690665896381070]
Isogeny class  5.2-a
Curve [0,0,0,8856*w - 84051,-1955880*w + 18643230]
Isogeny class  5.2-b
Curve [0,0,0,7560*w + 72117,4728024*w + 45102474]
Isogeny class  5.2-c
Curve [0,0,0,7560*w + 72117,-4728024*w - 45102474]
Isogeny class  5.2-d
Curve [0,0,0,8856*w - 84051,1955880*w - 18643230]

Total time: 14.560 seconds, Total memory usage: 56.06MB
