Magma V2.21-4     Wed Jun  3 2015 15:58:39 on atkin    [Seed = 4107034463]
Type ? for help.  Type <Ctrl>-D to quit.
Field 2.2.424.1
Isogeny class  1.1-a
Curve [0,0,0,17663419980*w - 181856039139,-6477113201289372*w + 66685961901779658]
Isogeny class  1.1-b
Curve [0,0,0,340192440*w - 3502495539,10941249561912*w - 112647058769682]
Isogeny class  1.1-c
Curve [0,0,0,1360769760*w - 14009982156,87529996495296*w - 901176470157456]
Isogeny class  1.1-d
Curve [0,0,0,70653679920*w - 727424156556,-51816905610314976*w + 533487695214237264]
Isogeny class  3.1-a
Curve [0,0,0,887339387304*w - 9135718141212,1490398726011142608*w - 15344594045608945824]
Isogeny class  3.1-b
Curve [0,0,0,8975124*w + 92404557,190442697372*w + 1960727575194]
Isogeny class  3.1-c
Curve [0,0,0,216*w + 2133,21816*w + 224262]
Isogeny class  3.1-d
Curve [0,0,0,1694433816*w - 17445263868,124366882106736*w - 1280435419958688]
Isogeny class  3.2-a
Curve [0,0,0,390137256*w - 4016708892,-15470665342128*w + 159280248397536]
Isogeny class  3.2-b
Curve [0,0,0,-8975124*w + 92404557,-190442697372*w + 1960727575194]
Isogeny class  3.2-c
Curve [0,0,0,-216*w + 2133,-21816*w + 224262]
Isogeny class  3.2-d
Curve [0,0,0,16548841380024*w - 170380750110588,-135155661976536152976*w + 1391512707170676270432]

Total time: 4.860 seconds, Total memory usage: 56.06MB
