Magma V2.21-4     Wed Jun  3 2015 16:26:46 on atkin    [Seed = 890099190]
Type ? for help.  Type <Ctrl>-D to quit.
Field 2.2.281.1
Isogeny class  2.1-a
Curve [w + 1,w - 1,1,-10722573175*w - 84510253275,-1749854223243365*w - 13791523843972021]
Isogeny class  2.2-a
Curve [w,w + 1,w + 1,10722573210*w - 95232826519,1749769712990055*w - 15540627487091946]
Isogeny class  8.1-a
Curve [w,-w + 1,w,-12*w + 73,-40*w + 208]
Isogeny class  8.1-b
Curve [w,w - 1,w,933561*w - 8291233,-1419373250*w + 12606203038]
Isogeny class  8.1-c
Curve [w,0,w,89825*w - 797693,44170868*w - 392304506]
Isogeny class  8.1-d
Curve [w,-w,w,129*w - 1146,3609*w - 32026]
Isogeny class  8.1-e
Curve [w,1,0,-176310961228*w - 1389599655372,-118050759091841516*w - 930420281408605756]
Isogeny class  8.2-a
Curve [w + 1,0,w + 1,10*w + 61,39*w + 168]
Isogeny class  8.2-b
Curve [w + 1,w,w + 1,-933527*w - 7357637,1411082051*w + 11121481708]
Isogeny class  8.2-c
Curve [w + 1,-w,w + 1,-89827*w - 707868,-44170869*w - 348133638]
Isogeny class  8.2-d
Curve [w + 1,-1,w + 1,-131*w - 1017,-3610*w - 28417]
Isogeny class  8.2-e
Curve [w + 1,-w + 1,0,176310961228*w - 1565910616600,118050759091841516*w - 1048471040500447272]
Isogeny class  10.1-a
Curve [w + 1,0,1,26278784*w - 233395544,-226734468978*w + 2013748378232]
Isogeny class  10.1-b
Curve [1,-w - 1,w,-1803235*w - 14212225,3820368896*w + 30110341775]
Isogeny class  10.1-c
Curve [1,-1,0,-1850543*w - 14585105,-3963454072*w - 31238071499]
Isogeny class  10.4-a
Curve [w,-w + 1,1,-26278785*w - 207116759,226734468978*w + 1787013909254]
Isogeny class  10.4-b
Curve [1,w + 1,w,1803236*w - 16015460,-3818565661*w + 33914695211]
Isogeny class  10.4-c
Curve [1,-1,0,1850543*w - 16435648,3963454072*w - 35201525571]
Isogeny class  14.1-a
Curve [1,1,w,10952341163*w - 97273517120,-1644217316045472*w + 14603160991297568]
Isogeny class  14.2-a
Curve [w + 1,1,1,353944*w - 3143353,-330283279*w + 2933420569]
Isogeny class  14.4-a
Curve [1,1,w + 1,-10952341164*w - 86321175957,1644217316045471*w + 12958943675252096]
Isogeny class  14.3-a
Curve [w,-w - 1,w + 1,-353944*w - 2789479,330637222*w + 2605926699]
Isogeny class  16.2-a
Curve [w + 1,w - 1,w + 1,-127386*w - 1004017,70815594*w + 558135027]
Isogeny class  16.2-b
Curve [w + 1,0,0,73693967*w + 580821060,-445468355683*w - 3510971009712]
Isogeny class  16.4-a
Curve [0,-w,w,-192*w - 1495,-3641*w - 28699]
Isogeny class  16.3-a
Curve [w,w + 1,0,127421*w - 1131401,-71819611*w + 637868797]
Isogeny class  16.3-b
Curve [w,-w + 1,0,-73693967*w + 654515027,445468355683*w - 3956439365395]
Isogeny class  16.5-a
Curve [0,w - 1,w + 1,192*w - 1687,3640*w - 32340]

Total time: 52.320 seconds, Total memory usage: 56.06MB
