Magma V2.21-4     Wed Jun  3 2015 15:58:49 on atkin    [Seed = 1366253417]
Type ? for help.  Type <Ctrl>-D to quit.
Field 2.2.433.1
Isogeny class  3.1-a
Curve [1,w,1,-50024838009*w + 545487142956,-7185964954797827*w + 78358104659428531]
Isogeny class  3.2-a
Curve [1,-w + 1,1,50024838009*w + 495462304947,7185964954797827*w + 71172139704630704]
Isogeny class  4.1-a
Curve [1,w - 1,w + 1,-183596225915247433*w + 2001993104035084020,738396121317306709527577766*w - 8051712041215403718971174891]
Isogeny class  4.1-b
Curve [1,1,w,3221641116*w - 35129825064,-307897027602031*w + 3357409570590572]
Isogeny class  4.1-c
Curve [1,1,w + 1,-3221641117*w - 31908183948,307897027602030*w + 3049512542988541]
Isogeny class  4.1-d
Curve [1,-w,w,183596225915247432*w + 1818396878119836588,-738396121317306709527577767*w - 7313315919898097009443597124]
Isogeny class  4.1-e
Curve [1,0,1,29530642419*w - 322011752616,-12559811845011234*w + 136956283149840194]
Curve [1,0,1,-29530642419*w - 292481110197,12559811845011234*w + 124396471304828960]
Isogeny class  6.2-a
Curve [1,w,1,-8433891771*w - 83532013715,1365231161498006*w + 13521694520702646]
Isogeny class  6.3-a
Curve [1,-w + 1,1,8433891771*w - 91965905486,-1365231161498006*w + 14886925682200652]

Total time: 30.309 seconds, Total memory usage: 88.09MB
