Magma V2.21-3     Mon Jun  1 2015 11:04:08 on atkin    [Seed = 271243096]
Type ? for help.  Type <Ctrl>-D to quit.
Field 2.2.204.1
Isogeny class  16.1-a
Curve [0,0,0,-589906800*w - 4212777276,-21483015161400*w - 153419415204132]
Isogeny class  16.1-b
Curve [0,0,0,589906800*w - 4212777276,21483015161400*w - 153419415204132]
Isogeny class  16.1-c
Curve [0,0,0,65545200*w - 468086364,-795667228200*w + 5682200563116]
Isogeny class  16.1-d
Curve [0,0,0,65545200*w - 468086364,795667228200*w - 5682200563116]
Isogeny class  17.1-a
Curve [0,0,0,-8019,17517870]
Isogeny class  17.1-b
Curve [0,0,0,-8019,-17517870]
Isogeny class  17.1-c
Curve [0,0,0,-891,648810]
Isogeny class  17.1-d
Curve [0,0,0,-891,-648810]
Isogeny class  24.1-a
Curve [0,-3,0,-36,108]
Isogeny class  24.1-b
Curve [0,1,0,-4,-4]
Isogeny class  24.1-c
Curve [0,3,0,-36,-108]
Isogeny class  24.1-d
Curve [0,-1,0,-4,4]
Isogeny class  25.2-a
Curve [0,0,0,0,133335926874*w + 952208978724]
Isogeny class  25.2-b
Curve [0,0,0,0,4938367662*w + 35266999212]
Isogeny class  25.3-a
Curve [0,0,0,0,244077138*w + 1743059412]
Isogeny class  25.3-b
Curve [0,0,0,0,-244077138*w - 1743059412]
Isogeny class  34.1-a
Curve [0,0,0,-3915,58374]
Isogeny class  34.1-b
Curve [0,0,0,-3915,-58374]
Isogeny class  34.1-c
Curve [0,0,0,-35235,-1576098]
Isogeny class  34.1-d
Curve [0,0,0,-35235,1576098]
Isogeny class  35.1-a
Curve [0,0,0,-88214832*w - 630116091,1028036998800*w + 7341671944278]
Isogeny class  35.1-b
Curve [0,0,0,4616683593750000*w + 34171499267578125,1536483240417480468750000*w + 10971727240470886230468750]
Isogeny class  35.1-c
Curve [0,0,0,384047883931640625000*w + 2742650511550048828125,-35877797508384572113037109375000*w - 256218723079876588142395019531250]
Isogeny class  35.1-d
Curve [0,0,0,384047883931640625000*w + 2742650511550048828125,35877797508384572113037109375000*w + 256218723079876588142395019531250]
Isogeny class  35.2-a
Curve [0,0,0,-935283672*w - 6679261404,1997401656672*w + 14264300974176]
Isogeny class  35.2-b
Curve [0,0,0,-1944*w - 13932,114048*w + 816480]
Isogeny class  35.2-c
Curve [0,0,0,-1944*w - 13932,-114048*w - 816480]
Isogeny class  35.2-d
Curve [0,0,0,-935283672*w - 6679261404,-1997401656672*w - 14264300974176]
Isogeny class  35.2-e
Curve [0,0,0,4968*w - 478332,-35668512*w + 249278688]
Isogeny class  35.2-f
Curve [0,0,0,-6453432*w - 46086732,21782919168*w + 155561158368]
Isogeny class  35.2-g
Curve [0,0,0,-6453432*w - 46086732,-21782919168*w - 155561158368]
Isogeny class  35.2-h
Curve [0,0,0,4968*w - 478332,35668512*w - 249278688]
Isogeny class  35.4-a
Curve [0,0,0,-1075105872*w - 7677794547,51151721809104*w + 365296360347954]
Isogeny class  35.4-b
Curve [0,0,0,-1075105872*w - 7677794547,-51151721809104*w - 365296360347954]
Isogeny class  35.4-c
Curve [0,0,0,-323352*w - 2324619,268100280*w + 1915247754]
Isogeny class  35.4-d
Curve [0,0,0,-323352*w - 2324619,-268100280*w - 1915247754]
Isogeny class  35.3-a
Curve [0,0,0,-190728*w - 1362204,-430813728*w - 3076625376]
Isogeny class  35.3-b
Curve [0,0,0,1944*w - 13932,-114048*w + 816480]
Isogeny class  35.3-c
Curve [0,0,0,1944*w - 13932,114048*w - 816480]
Isogeny class  35.3-d
Curve [0,0,0,-190728*w - 1362204,430813728*w + 3076625376]
Isogeny class  35.3-e
Curve [0,0,0,758808*w - 5499036,48841056*w - 317793888]
Isogeny class  35.3-f
Curve [0,0,0,-10091304*w - 72066348,710125335936*w + 5071309261920]
Isogeny class  35.3-g
Curve [0,0,0,-10091304*w - 72066348,-710125335936*w - 5071309261920]
Isogeny class  35.3-h
Curve [0,0,0,758808*w - 5499036,-48841056*w + 317793888]
Isogeny class  36.1-a
Curve [0,0,0,0,-1]
Isogeny class  36.1-b
Curve [0,0,0,0,1]

Total time: 50.899 seconds, Total memory usage: 55.41MB
