Magma V2.21-3     Mon Jun  1 2015 11:13:49 on atkin    [Seed = 639424797]
Type ? for help.  Type <Ctrl>-D to quit.
Field 2.2.217.1
Isogeny class  4.1-a
Curve [1,1,0,89895*w - 707065,-37511019*w + 295041417]
Curve [1,1,0,-89895*w - 617170,37511019*w + 257530398]
Isogeny class  4.1-b
Curve [1,0,0,-5894*w - 40465,851278*w + 5844415]
Curve [1,0,0,5894*w - 46359,-851278*w + 6695693]
Isogeny class  4.1-c
Curve [1,1,1,-7682232*w + 60424288,-18970234890*w + 149209622415]
Curve [1,1,1,7682232*w + 52742056,18970234890*w + 130239387525]
Isogeny class  4.1-d
Curve [1,0,1,1230190055*w - 9676010586,63741468271084*w - 501355964650234]
Curve [1,0,1,-1230190055*w - 8445820531,-63741468271084*w - 437614496379150]
Isogeny class  6.1-a
Curve [1,-w + 1,w + 1,-w + 18,-5*w + 9]
Isogeny class  6.1-b
Curve [1,w,w,-83592993998*w - 573904350815,35287915421569989*w + 242267769386884299]
Isogeny class  6.2-a
Curve [w + 1,0,w,1454820719431*w + 9988013356524,857134272549098597*w + 5884621003953910568]
Isogeny class  6.2-b
Curve [w + 1,1,1,7*w + 83,20*w + 171]
Isogeny class  6.4-a
Curve [1,w,w,18,4*w + 5]
Isogeny class  6.4-b
Curve [1,-w + 1,w + 1,83592993997*w - 657497344813,-35287915421569990*w + 277555684808454288]
Isogeny class  6.3-a
Curve [w,-w + 1,w + 1,-1454820719433*w + 11442834075956,-857134272549098598*w + 6741755276503009165]
Isogeny class  6.3-b
Curve [w,-w - 1,w + 1,-7*w + 36,-14*w + 101]
Isogeny class  7.1-a
Curve [1,-1,1,3555471*w - 27965415,-9820546524*w + 77243115188]
Isogeny class  7.1-b
Curve [1,-1,1,-3555471*w - 24409944,9820546524*w + 67422568664]
Isogeny class  8.1-a
Curve [w,-w - 1,w,2*w + 94,-w + 185]
Isogeny class  8.1-b
Curve [w,-w + 1,w,-24740869992*w + 194598321582,22630333034170967*w - 177997977712882799]
Isogeny class  8.3-a
Curve [0,-w + 1,w,5238176497*w + 35962490874,-66537844035834579*w - 456812902144981867]
Isogeny class  8.3-b
Curve [0,w - 1,w,17*w - 118,63*w - 499]
Isogeny class  8.2-a
Curve [w + 1,1,0,-w + 150,-w + 334]
Isogeny class  8.2-b
Curve [w + 1,0,w + 1,24740869990*w + 169857451590,-22630333034170968*w - 155367644678711832]
Isogeny class  8.4-a
Curve [0,w,w + 1,-5238176497*w + 41200667371,66537844035834578*w - 523350746180816446]
Isogeny class  8.4-b
Curve [0,-w,w + 1,-17*w - 101,-64*w - 436]
Isogeny class  12.1-a
Curve [1,w + 1,w,2401258290*w - 18887000841,-1781930806827389*w + 14015705361500025]
Isogeny class  12.1-b
Curve [1,-w,w + 1,-269*w - 1827,7022*w + 48214]
Isogeny class  12.1-c
Curve [1,w + 1,w,5*w - 12,8*w - 36]
Isogeny class  12.1-d
Curve [1,0,w + 1,-97*w - 663,-1164*w - 8000]
Isogeny class  12.1-e
Curve [1,1,w,15849071845*w - 124660239549,-122912772997547574*w + 966765491060639043]
Isogeny class  12.1-f
Curve [1,w,w,315558654*w - 2482013931,-10476032628218*w + 82398814876539]
Isogeny class  12.1-g
Curve [1,-w + 1,w + 1,-345489*w - 2371916,-269827466*w - 1852489645]
Isogeny class  12.1-h
Curve [1,-w,w + 1,14295711517782*w + 98146634615178,-108336789967633526908*w - 743781890611497981980]
Isogeny class  12.2-a
Curve [1,-w - 1,w,-2401258289*w - 16485742552,1781933208085678*w + 12233791040415188]
Isogeny class  12.2-b
Curve [1,w - 1,w,268*w - 2095,-7023*w + 55237]
Isogeny class  12.2-c
Curve [1,-w - 1,w,-4*w - 8,-4*w - 20]
Isogeny class  12.2-d
Curve [1,0,w,96*w - 759,1163*w - 9163]
Isogeny class  12.2-e
Curve [1,1,w + 1,-15849071846*w - 108811167704,122912772997547573*w + 843852718063091469]
Isogeny class  12.2-f
Curve [1,-w + 1,w + 1,-315558655*w - 2166455277,10476032628217*w + 71922782248321]
Isogeny class  12.2-g
Curve [1,w,w,345488*w - 2717404,269827465*w - 2122317110]
Isogeny class  12.2-h
Curve [1,w - 1,w,-14295711517783*w + 112442346132961,108336789967633526907*w - 852118680579131508887]
Isogeny class  16.1-a
Curve [0,-w - 1,0,173969*w - 1368320,298753280*w - 2349831979]
Isogeny class  16.1-b
Curve [0,w - 2,0,-173969*w - 1194351,-298753280*w - 2051078699]
Isogeny class  16.4-a
Curve [w,-w,0,135395107380*w - 1064944791976,73595259266350305*w - 578860562895182670]
Curve [w,-w,0,-915*w - 6166,38130*w + 262020]
Isogeny class  16.4-b
Curve [0,w + 1,w,-4*w - 16,-39*w - 287]
Isogeny class  16.4-c
Curve [0,-w - 1,w,24209908780*w - 190422067424,-43420271235987521*w + 341520403614058609]
Isogeny class  16.5-a
Curve [w + 1,-1,0,915*w - 7081,-38130*w + 300150]
Curve [w + 1,-1,0,-135395107380*w - 929549684596,-73595259266350305*w - 505265303628832365]
Isogeny class  16.5-b
Curve [0,-w - 1,w + 1,6*w - 21,33*w - 305]
Isogeny class  16.5-c
Curve [0,w + 1,w + 1,-24209908778*w - 166212158645,43420247026078741*w + 298099966165912443]
Isogeny class  18.1-a
Curve [1,w,w,-75847738430*w - 520729609055,41827136892263825*w + 287162532376013355]
Isogeny class  18.1-b
Curve [1,0,0,30147*w - 237120,-1433952*w + 11278692]
Isogeny class  18.1-c
Curve [1,1,1,-1137872795*w - 7812020081,89109812318517*w + 611779845960947]
Isogeny class  18.1-d
Curve [1,-w + 1,w + 1,4375439*w - 34414830,13532426327*w - 106438757079]
Isogeny class  18.3-a
Curve [1,w - 1,0,-830*w - 5679,-36869*w - 253139]
Isogeny class  18.3-b
Curve [1,-w - 1,0,1282185*w - 10084950,-59649260730692*w + 469168870210578]
Isogeny class  18.4-a
Curve [w + 1,-w,w,22314643*w + 153200347,-51401394581*w - 352894214785]
Isogeny class  18.4-b
Curve [w + 1,w + 1,1,-51097*w + 402168,89757235*w - 705981077]
Isogeny class  18.2-a
Curve [1,-w + 1,w + 1,75847738429*w - 596577347485,-41827136892263826*w + 328989669268277180]
Isogeny class  18.2-b
Curve [1,0,0,-30147*w - 206973,1433952*w + 9844740]
Isogeny class  18.2-c
Curve [1,1,1,1137872795*w - 8949892876,-89109812318517*w + 700889658279464]
Isogeny class  18.2-d
Curve [1,w,w,-4375440*w - 30039390,-13532426328*w - 92906330751]
Isogeny class  18.6-a
Curve [1,-w,0,830*w - 6509,36869*w - 290008]
Isogeny class  18.6-b
Curve [1,w + 1,1,-1282183*w - 8802766,59649259448508*w + 409519600677120]
Isogeny class  18.5-a
Curve [w,0,w + 1,-22314645*w + 175514991,51401394580*w - 404295609366]
Isogeny class  18.5-b
Curve [w,w,1,51126*w + 351015,-89406219*w - 613814810]
Isogeny class  24.1-a
Curve [w,-w - 1,w,-41375107*w - 284059059,-393253125143*w - 2699863573347]
Isogeny class  24.1-b
Curve [w,-w + 1,w,2453955*w - 19301491,2913510739*w - 22916101969]
Isogeny class  24.2-a
Curve [w,-w + 1,w,336489*w - 2646647,290506815*w - 2284969705]
Isogeny class  24.2-b
Curve [w,-w - 1,w,84422494595*w + 579599254025,-37821305330343075*w - 259660656295996747]
Isogeny class  24.5-a
Curve [w,0,0,-20980095005*w - 144038001566,-6931189089642232*w - 47585800971397296]
Isogeny class  24.5-b
Curve [w,w,w,11*w + 64,75*w - 135]
Isogeny class  24.6-a
Curve [w + 1,w - 1,0,74808102*w + 513592027,-1245129380724*w - 8548385872680]
Isogeny class  24.6-b
Curve [w + 1,-w - 1,0,-9029*w + 71056,372815*w - 2932315]
Isogeny class  24.4-a
Curve [w + 1,1,0,41375108*w - 325434112,393294500250*w - 3093442132602]
Isogeny class  24.4-b
Curve [w + 1,0,w + 1,-2453957*w - 16847536,-2913510740*w - 20002591230]
Isogeny class  24.3-a
Curve [w + 1,0,w + 1,-336491*w - 2310158,-290506816*w - 1994462890]
Isogeny class  24.3-b
Curve [w + 1,1,0,-84422494594*w + 664021748674,37821220907848480*w - 297481297604591148]
Isogeny class  24.8-a
Curve [w + 1,-w,0,20980095005*w - 165018096571,6931189089642232*w - 54516990061039528]
Isogeny class  24.8-b
Curve [w + 1,w + 1,w + 1,17*w + 102,16*w + 102]
Isogeny class  24.7-a
Curve [w,w + 1,w,-74808074*w + 588400075,1245642972724*w - 9797554890183]
Isogeny class  24.7-b
Curve [w,-1,0,9029*w + 62027,-372815*w - 2559500]
Isogeny class  28.1-a
Curve [1,1,0,17972493709570*w + 123389435429100,188910303755554419300*w + 1296956121048782494856]
Isogeny class  28.1-b
Curve [1,1,w + 1,34459453116853*w - 271039447746091,-284797544467916034747*w + 2240063674553031395713]
Isogeny class  28.1-c
Curve [1,-w + 1,-w + 1,8796257*w + 60390368,110141681624*w + 756173301963]
Isogeny class  28.1-d
Curve [1,0,w + 1,-13,-3*w - 6]
Isogeny class  28.1-e
Curve [1,1,w,-34459453116854*w - 236579994629237,284797544467916034746*w + 1955266130085115360967]
Isogeny class  28.1-f
Curve [1,w,w,-8796257*w + 69186625,-110141681624*w + 866314983587]
Isogeny class  28.1-g
Curve [1,0,w,-w - 12,2*w - 8]
Isogeny class  28.1-h
Curve [1,0,1,4,-6]
Isogeny class  32.3-a
Curve [w,-w,w,-7*w + 43,-15*w + 118]
Isogeny class  32.3-b
Curve [w,1,0,745267879*w - 5861874550,-47726076965927*w + 375387546055146]
Isogeny class  32.3-c
Curve [w,w - 1,w,-74306405654*w - 510147650677,-29924029686491351*w - 205442226796479475]
Isogeny class  32.3-d
Curve [w,1,0,187369*w - 1473653,120613308*w - 948678976]
Isogeny class  32.3-e
Curve [w,w - 1,w,-152*w - 1062,-25045*w - 171955]
Isogeny class  32.3-f
Curve [w,-w,w,-1538413713430*w - 10561917707267,-5913763132240472579*w - 40600703827762428754]
Isogeny class  32.4-a
Curve [w + 1,-1,w + 1,5*w + 36,14*w + 103]
Isogeny class  32.4-b
Curve [w + 1,-w + 1,0,-745267879*w - 5116606671,47726076965927*w + 327661469089219]
Isogeny class  32.4-c
Curve [w + 1,w,w + 1,74306405680*w - 584454056304,29923519538840700*w - 235362243937064808]
Isogeny class  32.4-d
Curve [w + 1,-w + 1,0,-187369*w - 1286284,-120613308*w - 828065668]
Isogeny class  32.4-e
Curve [w + 1,w,w + 1,178*w - 1187,24009*w - 188090]
Isogeny class  32.4-f
Curve [w + 1,-1,w + 1,1538413713428*w - 12100331420697,5913763132240472578*w - 46514466960002901333]
Isogeny class  36.1-a
Curve [1,0,1,18170910*w - 142922565,-37958992902*w + 298564937704]
Curve [1,0,1,-18170910*w - 124751655,37958992902*w + 260605944802]
Isogeny class  36.1-b
Curve [1,1,w + 1,-1571*w - 10790,-94116*w - 646153]
Isogeny class  36.1-c
Curve [1,1,w,-2193*w - 15052,-152183*w - 1044818]
Isogeny class  36.1-d
Curve [1,1,1,-922574585*w + 7256473432,-415253563783224*w + 3266160267278153]
Curve [1,1,1,922574585*w + 6333898847,415253563783224*w + 2850906703494929]
Isogeny class  36.1-e
Curve [1,-w + 1,-w + 1,1641823*w - 12913675,16668950623*w - 131108963245]
Isogeny class  36.1-f
Curve [1,1,w + 1,2192*w - 17245,152182*w - 1197001]
Isogeny class  36.1-g
Curve [1,1,w,1570*w - 12360,94115*w - 740268]
Isogeny class  36.1-h
Curve [1,0,w + 1,-31361461241716*w - 215310855542898,-259500299390934832412*w - 1781588907636113432576]
Isogeny class  36.1-i
Curve [1,0,w,265238154*w + 1820981922,36463180779136*w + 250336506607920]
Isogeny class  36.1-j
Curve [1,w,w,-1641823*w - 11271852,-16668950623*w - 114440012622]
Isogeny class  36.1-k
Curve [1,0,0,-535*w - 3673,18121*w + 124409]
Curve [1,0,0,535*w - 4208,-18121*w + 142530]
Isogeny class  36.1-l
Curve [1,0,w + 1,-265238155*w + 2086220076,-36463180779137*w + 286799687387056]
Isogeny class  36.1-m
Curve [1,0,w,31361461241715*w - 246672316784613,259500299390934832411*w - 2041089207027048264987]
Isogeny class  36.1-n
Curve [1,1,0,-256502816*w - 1761009805,-6243923164672*w - 42867404301347]
Curve [1,1,0,256502816*w - 2017512621,6243923164672*w - 49111327466019]
Isogeny class  36.2-a
Curve [w + 1,1,w + 1,-18889209*w - 129683094,-121374137928*w - 833289280620]
Isogeny class  36.2-b
Curve [w + 1,0,0,149415*w - 1175089,-134583423*w + 1058560802]
Isogeny class  36.4-a
Curve [1,-w - 1,w + 1,-74748*w - 513164,43852645*w + 301068577]
Isogeny class  36.4-b
Curve [1,-w - 1,0,4841*w - 38052,639137*w - 5027130]
Isogeny class  36.4-c
Curve [1,-w - 1,1,-2*w - 2,-w + 1]
Isogeny class  36.4-d
Curve [1,w - 1,w + 1,266596449*w - 2096903675,3288830970961*w - 25868168223011]
Isogeny class  36.4-e
Curve [1,-1,w + 1,141914*w + 974308,107118255*w + 735416079]
Isogeny class  36.4-f
Curve [1,w - 1,1,944387614819*w - 7428042943985,3839419702433867523*w - 30198801829045309649]
Isogeny class  36.4-g
Curve [1,w - 1,0,-202719229854*w - 1391760749853,-121620093788313668*w - 834977880748035203]
Isogeny class  36.4-h
Curve [1,w - 1,w,-287024413*w - 1970554584,7100824914292*w + 48750428928420]
Isogeny class  36.4-i
Curve [1,-w - 1,w + 1,243100*w - 1912073,7384089990*w - 58079263989]
Isogeny class  36.4-j
Curve [1,-1,w + 1,3709378880*w - 29175970955,343563822591826*w - 2702287480449949]
Isogeny class  36.4-k
Curve [1,w - 1,w + 1,-56622691*w - 388740794,-519356656762*w - 3565622317093]
Isogeny class  36.4-l
Curve [1,w - 1,0,-7529749323046*w - 51695192270298,-44119782515603646688*w - 302902599039787699280]
Isogeny class  36.4-m
Curve [1,-w - 1,w,1042*w - 8175,142769*w - 1122983]
Isogeny class  36.4-n
Curve [1,-1,w + 1,36831*w - 289697,107034349*w - 841874403]
Isogeny class  36.4-o
Curve [1,-w - 1,0,w + 15,-w - 9]
Isogeny class  36.4-p
Curve [1,w - 1,0,-3458375228*w - 23743336536,382829662027190*w + 2628301705171542]
Isogeny class  36.4-q
Curve [1,-w - 1,1,-52746970000*w - 362132209022,16876763887132991*w + 115866746237596929]
Isogeny class  36.4-r
Curve [1,-1,w + 1,-157643415*w - 1082294546,2850868607848*w + 19572524196653]
Isogeny class  36.4-s
Curve [1,w - 1,1,18869*w - 148397,-3876957*w + 30494063]
Isogeny class  36.4-t
Curve [1,-w - 1,0,-117*w + 945,897*w - 7079]
Isogeny class  36.3-a
Curve [w,-w - 1,0,18889209*w - 148572302,121355248719*w - 954514846245]
Isogeny class  36.3-b
Curve [w,-w + 1,0,-149415*w - 1025674,134583423*w + 923977379]
Isogeny class  36.5-a
Curve [1,w + 1,w + 1,74749*w - 587912,-43777898*w + 344333311]
Isogeny class  36.5-b
Curve [1,w + 1,1,-4839*w - 33212,-643977*w - 4421205]
Isogeny class  36.5-c
Curve [1,w + 1,0,4*w - 4,4*w - 4]
Isogeny class  36.5-d
Curve [1,-w,w,-266596450*w - 1830307225,-3288830970962*w - 22579337252049]
Isogeny class  36.5-e
Curve [1,-1,w,-141915*w + 1116223,-107118256*w + 842534335]
Isogeny class  36.5-f
Curve [1,-w,1,-944387614819*w - 6483655329166,-3839419702433867523*w - 26359382126611442126]
Isogeny class  36.5-g
Curve [1,-w,0,202719229854*w - 1594479979707,121620093788313668*w - 956597974536348871]
Isogeny class  36.5-h
Curve [1,-w,w + 1,287024412*w - 2257578997,-7100824914293*w + 55851253842712]
Isogeny class  36.5-i
Curve [1,w + 1,w + 1,-243099*w - 1668973,-7384333091*w - 50696842971]
Isogeny class  36.5-j
Curve [1,-1,w,-3709378881*w - 25466592074,-343563822591827*w - 2358723657858122]
Isogeny class  36.5-k
Curve [1,-w,w,56622690*w - 445363484,519356656761*w - 4084978973854]
Isogeny class  36.5-l
Curve [1,-w,0,7529749323046*w - 59224941593344,44119782515603646688*w - 347022381555391345968]
Isogeny class  36.5-m
Curve [1,w + 1,w,-1041*w - 7133,-143811*w - 987347]
Isogeny class  36.5-n
Curve [1,-1,w,-36832*w - 252865,-107034350*w - 734840053]
Isogeny class  36.5-o
Curve [1,w + 1,1,w + 15,w + 5]
Isogeny class  36.5-p
Curve [1,-w,0,18,-2*w + 2]
Isogeny class  36.5-q
Curve [1,w + 1,0,12*w - 87,-90*w + 641]
Isogeny class  36.5-r
Curve [1,-1,w,157643414*w - 1239937960,-2850868607849*w + 22423392804502]
Isogeny class  36.5-s
Curve [1,-w,1,-81499895287739*w - 559534265505393,1025001886227478601877*w + 7037109379430496332534]
Isogeny class  36.5-t
Curve [1,w + 1,1,-4507641812665*w + 35454676062323,-8524952390565186935*w + 67052671444470327903]

Total time: 742.340 seconds, Total memory usage: 87.44MB
