Magma V2.21-4     Wed Jun  3 2015 16:01:26 on atkin    [Seed = 3973435270]
Type ? for help.  Type <Ctrl>-D to quit.
Field 2.2.457.1
Isogeny class  4.1-a
Curve [1,1,0,-1797627*w - 18315624,16799647005*w + 171167893354]
Curve [1,1,0,1797627*w - 20113251,-16799647005*w + 187967540359]
Isogeny class  4.1-b
Curve [1,1,1,-13610933815432910568*w - 138678798850594549260,-21014053426409282188052722856184*w - 214107549685706159706062316713267]
Isogeny class  6.1-a
Curve [1,w,1,-10075393175452795*w - 102655956047261842,-1792301473526103661546294*w - 18261363907664053540688320]
Isogeny class  6.2-a
Curve [w + 1,-w + 1,1,2442442704114693711*w - 27327952035147365828,1027949969929204765000419207799*w - 11501505204372374415692922873225]
Isogeny class  6.2-b
Curve [1,w,w,2388205541028*w - 26721104394893,-6557857313933730983*w + 73374417269485212433]
Isogeny class  6.2-c
Curve [w + 1,1,w,-4927*w - 50084,509059*w + 5187064]
Isogeny class  6.2-d
Curve [1,-w + 1,1,-369384295*w - 3763574965,12652225152112*w + 128910727998211]
Isogeny class  6.2-e
Curve [w + 1,w - 1,1,-5654053*w - 57607860,23486739445*w + 239301201505]
Isogeny class  6.2-f
Curve [w + 1,1,1,760891523942240568002*w - 8513447228552590474455,37365919982458279207860700197514*w - 418079026914124626708411470111789]
Isogeny class  6.2-g
Curve [w + 1,w,w,-27227751259200422386*w - 277417544690968790852,-252639300917614073247819093993*w - 2574086044998836837225109848878]
Isogeny class  6.2-h
Curve [w + 1,1,w,1007173847636*w - 11269045759749,1798816917659029249*w - 20126565246743730767]
Isogeny class  6.2-i
Curve [w + 1,-w - 1,w,-37836076479016147*w - 385503427647245515,-12268801568047814143313819*w - 125004109774157050479475063]
Isogeny class  6.2-j
Curve [w + 1,0,1,-10791*w - 109794,1864040*w + 18992640]
Isogeny class  6.4-a
Curve [1,-w + 1,1,10075393175452795*w - 112731349222714637,1792301473526103661546294*w - 20053665381190157202234614]
Isogeny class  6.3-a
Curve [w,1,1,-2442442704114693712*w - 24885509331032672116,-1027949969929204765000419207799*w - 10473555234443169650692503665426]
Isogeny class  6.3-b
Curve [1,-w + 1,w + 1,-2388205541029*w - 24332898853865,6557857313933730982*w + 66816559955551481450]
Isogeny class  6.3-c
Curve [w,-w - 1,1,4927*w - 55011,-513986*w + 5751134]
Isogeny class  6.3-d
Curve [1,w,1,369384295*w - 4132959260,-12652225152112*w + 141562953150323]
Isogeny class  6.3-e
Curve [w,w + 1,w + 1,5654110*w - 63262026,-23544347362*w + 263432506184]
Isogeny class  6.3-f
Curve [w,-w - 1,w + 1,-760891523942240568002*w - 7752555704610349906567,-37365919981697387683918459629513*w - 380713106923913791795940420007822]
Isogeny class  6.3-g
Curve [w,w - 1,w + 1,27227751259200422442*w - 304645295950169213352,252639300612968777297649880697*w - 2826725342507841970973911574323]
Isogeny class  6.3-h
Curve [w,-w - 1,1,-1007173847636*w - 10261871912113,-1798815910485181613*w - 18327738067212789405]
Isogeny class  6.3-i
Curve [w,-1,w + 1,37836076479016145*w - 423339504126261661,12268801568047814143313818*w - 137272911342204864622788882]
Isogeny class  6.3-j
Curve [w,-w + 1,1,10790*w - 120584,-1864040*w + 20856680]

Total time: 91.769 seconds, Total memory usage: 88.09MB
