Magma V2.21-4     Wed Jun  3 2015 15:51:41 on atkin    [Seed = 639630653]
Type ? for help.  Type <Ctrl>-D to quit.
Field 2.2.321.1
Isogeny class  2.1-a
Curve [0,0,0,-1132029*w - 9575091,2806997490*w + 23742248958]
Isogeny class  2.1-b
Curve [0,0,0,1259739*w - 11915019,2303553978*w - 21787558794]
Isogeny class  2.2-a
Curve [0,0,0,-232924353651*w - 1970129254320,183145697351211870*w + 1549089609990252912]
Isogeny class  2.2-b
Curve [0,0,0,-1259739*w - 10655280,-2303553978*w - 19484004816]
Isogeny class  4.1-a
Curve [0,0,0,81608472*w - 771880131,30990245982696*w - 293113066655682]
Isogeny class  4.1-b
Curve [0,0,0,-81608472*w - 690271659,-30990245982696*w - 262122820672986]
Isogeny class  5.1-a
Curve [0,0,0,-432*w + 4077,-81648*w + 771822]
Isogeny class  5.1-b
Curve [0,0,0,-92448*w - 781947,1881924192*w + 15917759766]
Isogeny class  5.2-a
Curve [0,0,0,432*w + 3645,81648*w + 690174]
Isogeny class  5.2-b
Curve [0,0,0,79783488*w + 674827605,-6489600285888*w - 54890573577498]

Total time: 10.419 seconds, Total memory usage: 56.06MB
