Magma V2.21-3     Sat May 30 2015 11:16:41 on atkin    [Seed = 2995627849]
Type ? for help.  Type <Ctrl>-D to quit.
Field 2.2.65.1
Isogeny class  1.1-a
Curve [0,0,0,10487599200*w - 47521933875,945108509436000*w - 4282408900019250]
Isogeny class  1.1-b
Curve [0,0,0,262189980000*w - 1188048346875,118138563679500000*w - 535301112502406250]
Isogeny class  8.1-a
Curve [0,0,0,8232192*w - 39591936,27003248640*w - 123689631744]
Isogeny class  8.1-b
Curve [0,0,0,619757568*w - 2808705024,16868985274368*w - 76435683803136]
Isogeny class  8.2-a
Curve [0,0,0,-6237*w - 25299,-577854*w - 1968354]
Isogeny class  8.2-b
Curve [0,0,0,371547*w - 1683531,-247421142*w + 1121097078]
Isogeny class  9.1-a
Curve [0,0,0,42344640000*w - 191874150000,-9525445020000000*w + 43161023441250000]
Isogeny class  9.1-b
Curve [0,0,0,1058616000000*w - 4796853750000,-1190680627500000000*w + 5395127930156250000]
Isogeny class  10.1-a
Curve [0,0,0,-3979125*w + 18029925,-7531845750*w + 34127763750]
Isogeny class  10.1-b
Curve [0,0,0,-99478125*w + 450748125,-941480718750*w + 4265970468750]
Isogeny class  10.2-a
Curve [0,0,0,26325*w - 118800,7377750*w - 33426000]
Isogeny class  10.2-b
Curve [0,0,0,874800*w + 3088800,776358000*w + 2741418000]
Isogeny class  14.2-a
Curve [0,0,0,-15336*w - 167211,3586248*w + 27285606]
Isogeny class  14.2-b
Curve [0,0,0,9628848*w - 75479715,42935253552*w - 263730752226]
Isogeny class  14.2-c
Curve [0,0,0,-7001856*w - 24750171,-20262308544*w - 71550317898]
Isogeny class  14.2-d
Curve [0,0,0,59685768*w - 270577395,-503817632424*w + 2282881059342]
Isogeny class  14.3-a
Curve [0,0,0,15336*w - 182547,-3586248*w + 30871854]
Isogeny class  14.3-b
Curve [0,0,0,262954952208*w - 1191482778195,147366403312474512*w - 667736165128704786]
Isogeny class  14.3-c
Curve [0,0,0,7001856*w - 31752027,20262308544*w - 91812626442]
Isogeny class  14.3-d
Curve [0,0,0,1102078008*w - 4993664715,-39272723961624*w + 177949773745542]
Isogeny class  16.2-a
Curve [0,0,0,-1174608*w - 4147632,-1460951424*w - 5158809216]
Isogeny class  16.2-b
Curve [0,0,0,-6912*w + 30672,5004288*w - 22681728]
Isogeny class  16.4-a
Curve [0,0,0,405*w - 864,2646*w - 30240]
Isogeny class  16.4-b
Curve [0,0,0,4163805*w - 18866736,8690726142*w - 39378800160]
Isogeny class  16.3-a
Curve [0,0,0,459*w - 1323,-54*w - 64746]
Isogeny class  16.3-b
Curve [0,0,0,26595*w - 120339,4970754*w - 22529826]
Isogeny class  16.5-a
Curve [0,0,0,-405*w - 459,-2646*w - 27594]
Isogeny class  16.5-b
Curve [0,0,0,-8829*w + 39501,1405026*w - 6370434]
Isogeny class  25.1-a
Curve [0,0,0,642470400*w - 2911194000,17797218566400*w - 80641499281200]
Isogeny class  25.1-b
Curve [0,0,0,-638820000*w + 2894653125,-1536362100000*w + 6961455393750]
Isogeny class  25.1-c
Curve [0,0,0,-25552800*w + 115786125,-12290896800*w + 55691643150]
Isogeny class  25.1-d
Curve [0,0,0,16061760000*w - 72779850000,2224652320800000*w - 10080187410150000]
Isogeny class  26.1-a
Curve [0,0,0,280350720*w - 1214853120,-4948825669632*w + 22609874386944]
Isogeny class  26.1-b
Curve [0,0,0,1244056320*w - 5636217600,-48235014217728*w + 218559365406720]
Isogeny class  26.2-a
Curve [0,0,0,-280350720*w - 934502400,4948825669632*w + 17661048717312]
Isogeny class  26.2-b
Curve [0,0,0,-6290369280*w + 28502323200,-638450507096064*w + 2892901550063616]
Isogeny class  28.1-a
Curve [0,0,0,-176256*w - 640251,25909632*w + 90940374]
Isogeny class  28.1-b
Curve [0,0,0,-55904256*w - 195201792,449027407872*w + 1587618275328]
Isogeny class  28.1-c
Curve [0,0,0,-32120064*w + 46939392,-111152259072*w + 877011591168]
Isogeny class  28.1-d
Curve [0,0,0,122067*w - 869427,45011106*w - 182476098]
Isogeny class  28.2-a
Curve [0,0,0,176256*w - 816507,-25909632*w + 116850006]
Isogeny class  28.2-b
Curve [0,0,0,55904256*w - 251106048,-449027407872*w + 2036645683200]
Isogeny class  28.2-c
Curve [0,0,0,236845430784*w - 1073175927552,-124807379348717568*w + 565518321139802112]
Isogeny class  28.2-d
Curve [0,0,0,759833136*w - 3442911939,-7178582822544*w + 32527083669822]
Isogeny class  29.1-a
Curve [0,0,0,58752*w - 266544,-14261616*w + 64623744]
Isogeny class  29.1-b
Curve [0,0,0,267435*w - 1211787,-138362310*w + 626937462]
Isogeny class  29.2-a
Curve [0,0,0,7965*w - 38448,-887490*w + 4061664]
Isogeny class  29.2-b
Curve [0,0,0,37557*w - 170208,-8658522*w + 39232944]
Isogeny class  32.1-a
Curve [0,0,0,166320*w - 753840,-47088000*w + 213363072]
Isogeny class  32.1-b
Curve [0,0,0,-403920*w - 1427760,280056960*w + 988930944]
Isogeny class  32.3-a
Curve [0,0,0,2197179648*w - 9955713024,-112587366998016*w + 510147869147136]
Isogeny class  32.3-b
Curve [0,0,0,-6480*w - 7344,-1102464*w + 2153088]
Isogeny class  32.3-c
Curve [0,0,0,-20736*w - 73008,-3421440*w - 12071808]
Isogeny class  32.3-d
Curve [0,0,0,-13713408*w - 67792896,-74770808832*w - 231206289408]
Isogeny class  32.5-a
Curve [0,0,0,-103005*w - 363987,-36141822*w - 127619874]
Isogeny class  32.5-b
Curve [0,0,0,-1701*w - 6939,83322*w + 304614]
Isogeny class  32.5-c
Curve [0,0,0,8019*w - 39555,-791694*w + 3657582]
Isogeny class  32.5-d
Curve [0,0,0,29835*w - 135243,-5342166*w + 24205878]
Isogeny class  32.2-a
Curve [0,0,0,8640*w - 43200,-945216*w + 4345920]
Isogeny class  32.2-b
Curve [0,0,0,-2160*w - 8640,74304*w + 274752]
Isogeny class  32.4-a
Curve [0,0,0,104787*w - 475011,-37071054*w + 167974830]
Isogeny class  32.4-b
Curve [0,0,0,94203*w - 426843,33181434*w - 150349338]
Isogeny class  32.4-c
Curve [0,0,0,5427*w + 18333,3444498*w + 12153294]
Isogeny class  32.4-d
Curve [0,0,0,1323*w - 6939,-58374*w + 275238]
Isogeny class  32.6-a
Curve [0,0,0,103005*w - 466992,36141822*w - 163761696]
Isogeny class  32.6-b
Curve [0,0,0,1701*w - 8640,-83322*w + 387936]
Isogeny class  32.6-c
Curve [0,0,0,26583309*w - 120452400,-149770918674*w + 678631334112]
Isogeny class  32.6-d
Curve [0,0,0,468693*w - 2123712,350628534*w - 1588743072]
Isogeny class  40.1-a
Curve [0,0,0,453276000*w - 2053846800,10546773480000*w - 47788789752000]
Isogeny class  40.1-b
Curve [0,0,0,-2521497600*w + 11437867008,-1007596811059200*w + 4565376826343424]
Isogeny class  40.1-c
Curve [0,0,0,-32516145440266125312000*w - 114825936419884420300800,-6408623381902416011948866928640000*w - 22629685339140961827600558194688000]
Isogeny class  40.1-d
Curve [0,0,0,818654714039107584000*w - 3727345737574593331200,35234123976493174357009367040000*w - 159679545659012821607088390144000]
Isogeny class  40.1-e
Curve [0,0,0,-27537408*w + 182255616,-1832366112768*w + 6612899069952]
Isogeny class  40.1-f
Curve [0,0,0,6230925*w - 28209600,16986462750*w - 76966956000]
Isogeny class  40.3-a
Curve [0,0,0,86659875*w - 392667075,-258227628750*w + 1170062664750]
Isogeny class  40.3-b
Curve [0,0,0,70875*w - 513675,-5433750*w + 56085750]
Isogeny class  40.2-a
Curve [0,0,0,-1581525*w - 3872475,-1819887750*w - 5870036250]
Isogeny class  40.2-b
Curve [0,0,0,-511266816*w + 2378059776,130302544969728*w - 589069048872960]
Isogeny class  40.2-c
Curve [0,0,0,672817207826313746841600*w - 3048621478772444076441600,603175793188864828354315709054976000*w - 2733067252705983565112236258099200000]
Isogeny class  40.2-d
Curve [0,0,0,733191618255283814400*w - 3342176442877634150400,21802553283163573823610028032000*w - 98837342180210621445329387520000]
Isogeny class  40.2-e
Curve [0,0,0,27537408*w + 154718208,1832366112768*w + 4780532957184]
Isogeny class  40.2-f
Curve [0,0,0,-6230925*w - 21978675,-16986462750*w - 59980493250]
Isogeny class  40.4-a
Curve [0,0,0,107325*w - 496800,-37847250*w + 171612000]
Isogeny class  40.4-b
Curve [0,0,0,2683125*w - 12420000,-4730906250*w + 21451500000]
Isogeny class  45.1-a
Curve [0,0,0,-324675,-32933250]
Isogeny class  45.1-b
Curve [0,0,0,-12987,-263466]
Isogeny class  49.1-a
Curve [0,0,0,-373680*w - 1121472,223152192*w + 806795856]
Isogeny class  49.1-b
Curve [0,0,0,-27*w - 432,-10746*w - 34128]
Isogeny class  49.1-c
Curve [0,0,0,256176*w + 585360,52491456*w + 254791440]
Isogeny class  49.1-d
Curve [0,0,0,-104775984*w + 473166144,-648253965888*w + 2938092177168]
Isogeny class  49.1-e
Curve [0,0,0,177741*w - 805680,-131540706*w + 595992816]
Isogeny class  49.1-f
Curve [0,0,0,619056*w - 2804976,-532419264*w + 2412460368]
Isogeny class  49.1-g
Curve [0,0,0,-865269*w - 3206331,1504623978*w + 4940854470]
Isogeny class  49.1-h
Curve [0,0,0,292707*w - 1326483,2853633618*w - 12930180066]
Isogeny class  50.1-a
Curve [0,0,0,5529600*w - 20908800,13713408000*w - 50955264000]
Isogeny class  50.1-b
Curve [0,0,0,121068000000*w - 548575200000,56254815360000000*w - 254897815680000000]
Isogeny class  50.1-c
Curve [0,0,0,4842720000*w - 21943008000,450038522880000*w - 2039182525440000]
Isogeny class  50.1-d
Curve [0,0,0,138240000*w - 522720000,1714176000000*w - 6369408000000]
Isogeny class  50.2-a
Curve [0,0,0,-5529600*w - 15379200,-13713408000*w - 37241856000]
Isogeny class  50.2-b
Curve [0,0,0,-1064448000*w - 3760128000,-46390026240000*w - 163796705280000]
Isogeny class  50.2-c
Curve [0,0,0,161568000*w - 732672000,-42730398720000*w + 193616732160000]
Isogeny class  50.2-d
Curve [0,0,0,-38534400*w + 165715200,-862424064000*w + 3897510912000]
Isogeny class  52.1-a
Curve [0,0,0,-115303153687068672*w + 522155075435495424,6320444824358437596954624*w - 28636547635738373252972544]
Isogeny class  52.1-b
Curve [0,0,0,1752101390647296*w + 4829666296725504,-12829308581874700910592*w - 23935274406287882846208]
Isogeny class  52.1-c
Curve [0,0,0,-5203309363200*w + 23571290456064,3989739802730692608*w - 18078200215545839616]
Isogeny class  52.1-d
Curve [0,0,0,74629361664*w + 238167281664,-6215227437219840*w - 23644486066765824]
Isogeny class  52.1-e
Curve [0,0,0,-84105216*w - 505799424,1417004679168*w + 3751952375808]
Isogeny class  52.1-f
Curve [0,0,0,8000508672*w - 36297241344,-783434965966848*w + 3549715776921600]
Isogeny class  52.1-g
Curve [0,0,0,52731*w - 240219,26490618*w - 120067866]
Isogeny class  52.1-h
Curve [0,0,0,31347*w - 142803,-9318078*w + 42233886]
Isogeny class  52.1-i
Curve [0,0,0,-3483,121014]
Isogeny class  52.1-j
Curve [0,0,0,-5859,-344034]
Isogeny class  52.1-k
Curve [0,0,0,582691449600*w - 2640260143872,-486422425565945856*w + 2204042684216795136]
Isogeny class  52.1-l
Curve [0,0,0,1860827904*w - 8626625280,96524939796480*w - 436318385577984]
Isogeny class  52.1-m
Curve [0,0,0,244634038272*w - 981769531392,130083564217171968*w - 594765434646429696]
Isogeny class  52.1-n
Curve [0,0,0,-74629361664*w + 312796643328,6215227437219840*w - 29859713503985664]
Isogeny class  52.1-o
Curve [0,0,0,12600247830183936*w - 54286282087464960,-1646555804985751668523008*w + 7452297405075160408522752]
Isogeny class  52.1-p
Curve [0,0,0,-1752101390647296*w + 6581767687372800,12829308581874700910592*w - 36764582988162583756800]
Isogeny class  56.1-a
Curve [0,0,0,4783779*w - 21678867,10943613378*w - 49586860962]
Isogeny class  56.1-b
Curve [0,0,0,-5345109*w - 18916443,13525550586*w + 47757272166]
Isogeny class  56.2-a
Curve [0,0,0,2132163*w + 6936381,5670495666*w + 19693339758]
Isogeny class  56.2-b
Curve [0,0,0,1149147*w - 5206491,2529635130*w - 11462096538]
Isogeny class  56.2-c
Curve [0,0,0,-7975493259264*w - 28158457393152,-24613557212756312064*w - 86912801113719177216]
Isogeny class  56.2-d
Curve [0,0,0,-20782413*w + 93952413,-41482106478*w + 188011167822]
Isogeny class  56.2-e
Curve [0,0,0,-52245*w - 145179,14610618*w + 52796070]
Isogeny class  56.2-f
Curve [0,0,0,-8041254912*w + 34723123200,-6455348637990912*w + 29222731626577920]
Isogeny class  56.5-a
Curve [0,0,0,7130133*w - 32307552,11991579606*w - 54335393568]
Isogeny class  56.5-b
Curve [0,0,0,-5345595*w + 31448736,3604728582*w - 50919448608]
Isogeny class  56.5-c
Curve [0,0,0,-11068083*w + 50152608,18640738494*w - 84463712928]
Isogeny class  56.5-d
Curve [0,0,0,4020813*w - 18220896,5045207742*w - 23129555616]
Isogeny class  56.6-a
Curve [0,0,0,1172880*w - 5292432,1386233136*w - 6286737456]
Isogeny class  56.6-b
Curve [0,0,0,-204525*w - 349299,-59138910*w - 130055490]
Isogeny class  56.6-c
Curve [0,0,0,-3401109*w + 15130341,-6071510790*w + 27469771110]
Isogeny class  56.6-d
Curve [0,0,0,28512*w - 28944,-4428432*w - 33646320]
Isogeny class  56.4-a
Curve [0,0,0,24337341*w - 110276208,-131214486114*w + 594549741600]
Isogeny class  56.4-b
Curve [0,0,0,-1141371*w - 16580592,-6757333578*w - 6748214112]
Isogeny class  56.3-a
Curve [0,0,0,-256608*w - 873936,-261226944*w - 918551232]
Isogeny class  56.3-b
Curve [0,0,0,-3650427*w + 16540416,-13292589402*w + 60230434464]
Isogeny class  56.3-c
Curve [0,0,0,17183342592*w - 63984107520,2766339412328448*w - 7172858987937792]
Isogeny class  56.3-d
Curve [0,0,0,3448656*w - 15617664,-9164403072*w + 41525215488]
Isogeny class  56.3-e
Curve [0,0,0,15686784*w + 55361664,27249543936*w + 96224322816]
Isogeny class  56.3-f
Curve [0,0,0,14141199863808*w - 64075598069760,58117443369819439104*w - 263337625741695123456]
Isogeny class  56.8-a
Curve [0,0,0,3915*w - 18603,2063119626*w - 9348266538]
Isogeny class  56.8-b
Curve [0,0,0,5345595*w + 26103141,-3604728582*w - 47314720026]
Isogeny class  56.8-c
Curve [0,0,0,-14014701*w + 63503757,265192040610*w - 1201619321154]
Isogeny class  56.8-d
Curve [0,0,0,-4020813*w - 14200083,-5045207742*w - 18084347874]
Isogeny class  56.7-a
Curve [0,0,0,-52946784*w + 239835600,1850706547920*w - 8385797503872]
Isogeny class  56.7-b
Curve [0,0,0,204525*w - 553824,59138910*w - 189194400]
Isogeny class  56.7-c
Curve [0,0,0,673858197*w - 3053128032,13714254287190*w - 62141020227360]
Isogeny class  56.7-d
Curve [0,0,0,-28512*w - 432,4428432*w - 38074752]
Isogeny class  64.1-a
Curve [0,0,0,2592*w + 4320,-620352*w - 2061504]
Isogeny class  64.1-b
Curve [0,0,0,548208*w - 2484000,-442673856*w + 2005812288]
Isogeny class  64.1-c
Curve [0,0,0,-1296*w - 6048,-63936*w - 209088]
Isogeny class  64.1-d
Curve [0,0,0,12960*w - 61344,-1290816*w + 5797440]
Isogeny class  64.2-a
Curve [0,0,0,104787*w - 475011,37071054*w - 167974830]
Isogeny class  64.2-b
Curve [0,0,0,45360*w - 218160,7122816*w - 31729536]
Isogeny class  64.2-c
Curve [0,0,0,-6480*w - 28080,667008*w + 2263680]
Isogeny class  64.2-d
Curve [0,0,0,1323*w - 6939,58374*w - 275238]
Isogeny class  64.3-a
Curve [0,0,0,2197179648*w - 9955713024,112587366998016*w - 510147869147136]
Isogeny class  64.3-b
Curve [0,0,0,32400*w - 146880,-6360768*w + 28821312]
Isogeny class  64.3-c
Curve [0,0,0,-129600*w - 457920,-32394816*w - 114388416]
Isogeny class  64.3-d
Curve [0,0,0,-13713408*w - 67792896,74770808832*w + 231206289408]
Isogeny class  65.1-a
Curve [0,0,0,-1323,3942]
Isogeny class  65.1-b
Curve [0,0,0,-33075,492750]
Isogeny class  70.2-a
Curve [0,0,0,-2063880*w - 9167067,-2097296280*w - 8317003914]
Isogeny class  70.2-b
Curve [0,0,0,-125404416*w - 89697024,917242748928*w + 4477645578240]
Isogeny class  70.2-c
Curve [0,0,0,40339938090240000*w - 182785035564000000,-7154446468009867776000000*w + 32417719006137088896000000]
Isogeny class  70.2-d
Curve [0,0,0,75411*w - 350595,28597698*w - 129165138]
Isogeny class  70.2-e
Curve [0,0,0,180202254336*w - 817017532416,-83642709582544896*w + 379003299480207360]
Isogeny class  70.2-f
Curve [0,0,0,6766738894467072*w - 30660966020395008,-608328895455934400692224*w + 2756416623179839701516288]
Isogeny class  70.2-g
Curve [0,0,0,2872202571*w - 13014320571,207613113642666*w - 940721773871610]
Isogeny class  70.2-h
Curve [0,0,0,1894337280000*w - 1974900960000,-704752068096000000*w + 5442414689664000000]
Isogeny class  70.2-i
Curve [0,0,0,-1644144659712*w + 7449789259008,-1117455381618352128*w + 5063334484888313856]
Isogeny class  70.2-j
Curve [0,0,0,412776*w - 1874691,266850936*w - 1209200130]
Isogeny class  70.3-a
Curve [0,0,0,2063880*w - 11230947,2097296280*w - 10414300194]
Isogeny class  70.3-b
Curve [0,0,0,125404416*w - 215101440,-917242748928*w + 5394888327168]
Isogeny class  70.3-c
Curve [0,0,0,-3490401404160000*w + 15810572455200000,-77494423915574784000000*w + 351140580659251584000000]
Isogeny class  70.3-d
Curve [0,0,0,-75411*w - 275184,-28597698*w - 100567440]
Isogeny class  70.3-e
Curve [0,0,0,-180202254336*w - 636815278080,83642709582544896*w + 295360589897662464]
Isogeny class  70.3-f
Curve [0,0,0,161262489600*w - 1550315814912,-219653315202908160*w + 1280875753881206784]
Isogeny class  70.3-g
Curve [0,0,0,4655637*w - 21443184,-14301605322*w + 64704946608]
Isogeny class  70.3-h
Curve [0,0,0,-1894337280000*w - 80563680000,704752068096000000*w + 4737662621568000000]
Isogeny class  70.3-i
Curve [0,0,0,347452796160*w - 1574154252288,-297486280220221440*w + 1347949198592114688]
Isogeny class  70.3-j
Curve [0,0,0,35911512*w - 162719739,136637963208*w - 619124220522]
Isogeny class  72.3-a
Curve [0,0,0,1053*w - 4320,-32562*w + 159840]
Isogeny class  72.3-b
Curve [0,0,0,14589477*w - 66106800,-60338240874*w + 273400345440]
Isogeny class  72.4-a
Curve [0,0,0,-1053*w - 3267,32562*w + 127278]
Isogeny class  72.4-b
Curve [0,0,0,-4293*w + 17685,-943542*w + 4303638]
Isogeny class  74.2-a
Curve [0,0,0,106308531*w - 483476499,-2389086331326*w + 10824386387742]
Isogeny class  74.2-b
Curve [0,0,0,-339904512*w - 6038164224,47378655903744*w + 37493842305024]
Isogeny class  74.2-c
Curve [0,0,0,13078528771903488*w - 59260499528122368,1634612411097921086816256*w - 7406639493961133869498368]
Isogeny class  74.2-d
Curve [0,0,0,1667061*w - 7321968,-2272016682*w + 10230225264]
Isogeny class  74.2-e
Curve [0,0,0,119243664*w - 540257472,-1405715882832*w + 6369473169360]
Isogeny class  74.2-f
Curve [0,0,0,13976592187392*w - 65939658964992,60730283921875402752*w - 262040955487996870656]
Isogeny class  74.2-g
Curve [0,0,0,43466533632*w - 198618483456,9999968548331520*w - 45285153108959232]
Isogeny class  74.2-h
Curve [0,0,0,460080*w - 10176219,-4896527760*w + 13730269878]
Isogeny class  74.3-a
Curve [0,0,0,821063411568*w - 3720371165955,776142767840095728*w - 3516802798261716738]
Isogeny class  74.3-b
Curve [0,0,0,339904512*w - 6378068736,-47378655903744*w + 84872498208768]
Isogeny class  74.3-c
Curve [0,0,0,1276040687616*w - 7366028931072,-15901804939980570624*w + 71285709612095373312]
Isogeny class  74.3-d
Curve [0,0,0,-1667061*w - 5654907,2272016682*w + 7958208582]
Isogeny class  74.3-e
Curve [0,0,0,-23514904989*w + 106518805677,5926732606065042*w - 26854725950186850]
Isogeny class  74.3-f
Curve [0,0,0,-29943272012304384*w - 105879466645991424,-5668539132896148979187712*w - 20010851069442115131408384]
Isogeny class  74.3-g
Curve [0,0,0,768987596187648*w - 3484392984048384,-23144481548558519795712*w + 104870628171798038765568]
Isogeny class  74.3-h
Curve [0,0,0,-460080*w - 9716139,4896527760*w + 8833742118]
Isogeny class  80.1-a
Curve [0,1,0,4,4]
Isogeny class  80.1-b
Curve [0,-w + 5,0,-36*w + 164,-308*w + 1396]
Isogeny class  80.2-a
Curve [0,0,0,63349862400*w - 287055360000,-22511677538304000*w + 102003296108544000]
Isogeny class  80.2-b
Curve [0,0,0,-16821*w + 76005,1092474*w - 4950234]
Isogeny class  80.2-c
Curve [0,0,0,-4725*w - 16875,722250*w + 897750]
Isogeny class  80.2-d
Curve [0,0,0,675*w - 11475,127325250*w - 576497250]
Isogeny class  80.2-e
Curve [0,0,0,-386829*w - 1365795,-20531502*w - 72499698]
Isogeny class  80.2-f
Curve [0,0,0,-16210022400*w - 57798144000,-3511674667008000*w - 12393613688832000]
Isogeny class  80.4-a
Curve [0,0,0,-8386875*w - 29700000,7790343750*w + 27499500000]
Isogeny class  80.4-b
Curve [0,0,0,-388125*w + 1738125,226968750*w - 1030218750]
Isogeny class  80.4-c
Curve [0,0,0,-15525*w + 69525,1815750*w - 8241750]
Isogeny class  80.4-d
Curve [0,0,0,-335475*w - 1188000,62322750*w + 219996000]
Isogeny class  80.3-a
Curve [0,0,0,74049638400*w - 335536128000,34060667387904000*w - 154333262905344000]
Isogeny class  80.3-b
Curve [0,0,0,1759509*w - 7972560,199187046*w - 902542176]
Isogeny class  80.3-c
Curve [0,0,0,4725*w - 21600,-722250*w + 1620000]
Isogeny class  80.3-d
Curve [0,0,0,345600*w - 1566000,-321192000*w + 1455192000]
Isogeny class  80.3-e
Curve [0,0,0,5616*w + 4320,-105408*w - 430272]
Isogeny class  80.3-f
Curve [0,0,0,-13846118400*w - 49545216000,2321660510208000*w + 8188153823232000]
Isogeny class  80.5-a
Curve [0,0,0,24446475*w - 110770875,-38690331750*w + 175310871750]
Isogeny class  80.5-b
Curve [0,0,0,10800*w - 21600,918000*w - 5670000]
Isogeny class  80.5-c
Curve [0,0,0,15525*w + 54000,-1815750*w - 6426000]
Isogeny class  80.5-d
Curve [0,0,0,335475*w - 1523475,-62322750*w + 282318750]
Isogeny class  81.1-a
Curve [0,0,0,381101760000*w - 1726867350000,257187015540000000*w - 1165347632913750000]
Isogeny class  81.1-b
Curve [0,0,0,13962780000*w - 63268846875,-1451862184500000*w + 6578575347093750]
Isogeny class  81.1-c
Curve [0,0,0,558511200*w - 2530753875,-11614897476000*w + 52628602776750]
Isogeny class  81.1-d
Curve [0,0,0,15244070400*w - 69074694000,2057496124320000*w - 9322781063310000]
Isogeny class  90.1-a
Curve [0,0,0,-61820928*w - 138129408,-274183225344*w - 974016479232]
Isogeny class  90.1-b
Curve [0,0,0,1328659200*w - 6020524800,-445696293888000*w + 2019507379200000]
Isogeny class  90.1-c
Curve [0,0,0,2095200*w - 10741275,-3162348000*w + 13792605750]
Isogeny class  90.1-d
Curve [0,0,0,83808*w - 429651,-25298784*w + 110340846]
Isogeny class  90.1-e
Curve [0,0,0,33216480000*w - 150513120000,-55712036736000000*w + 252438422400000000]
Isogeny class  90.1-f
Curve [0,0,0,-1545523200*w - 3453235200,-34272903168000*w - 121752059904000]
Isogeny class  90.2-a
Curve [0,0,0,61820928*w - 199950336,274183225344*w - 1248199704576]
Isogeny class  90.2-b
Curve [0,0,0,1640736000*w - 7434547200,-69998183424000*w + 317170999296000]
Isogeny class  90.2-c
Curve [0,0,0,1171390464000*w - 5277273292800,5913336474501120000*w - 26801510755074048000]
Isogeny class  90.2-d
Curve [0,0,0,84979954483200*w - 385048431820800,3672143849205006336000*w - 16638957790106222592000]
Isogeny class  90.2-e
Curve [0,0,0,-290304000*w - 1039564800,45938368512000*w + 162234703872000]
Isogeny class  90.2-f
Curve [0,0,0,3777822720*w - 17100177408,170689214545920*w - 773415430520832]
Isogeny class  94.1-a
Curve [0,0,0,-3908493*w - 16503075,-9724829598*w - 32962722930]
Isogeny class  94.1-b
Curve [0,0,0,69550731*w - 21274361019,-266275977988950*w + 38590557393798]
Isogeny class  94.4-a
Curve [0,0,0,3908493*w - 20411568,9724829598*w - 42687552528]
Isogeny class  94.4-b
Curve [0,0,0,308775888*w - 1399697280,5932095195312*w - 26878945897008]
Isogeny class  98.1-a
Curve [0,0,0,-35106048*w - 128017152,268769304576*w + 962487705600]
Isogeny class  98.1-b
Curve [0,0,0,2120276736*w - 9769151232,-462583865696256*w + 2096950501269504]
Isogeny class  98.3-a
Curve [0,0,0,21168*w - 117747,30855600*w - 138248370]
Isogeny class  98.3-b
Curve [0,0,0,8978411520*w - 40689119232,3741410992324608*w - 16952822107471872]
Isogeny class  98.3-c
Curve [0,0,0,1483812864*w - 35586846720,1352641628602368*w - 7998569408102400]
Isogeny class  98.3-d
Curve [0,0,0,896253120*w - 4061039787,222999284424960*w - 1010438496547290]
Isogeny class  98.4-a
Curve [0,0,0,177832827*w - 805783707,-2598012187254*w + 11771928034470]
Isogeny class  98.4-b
Curve [0,0,0,4455703338024960*w - 20189367745118208,-55713532137125581946880*w + 252445194097802902241280]
Isogeny class  98.4-c
Curve [0,0,0,44064*w - 199827,28156896*w - 127582290]
Isogeny class  98.4-d
Curve [0,0,0,-776304*w - 2763963,211969872*w + 744820758]
Isogeny class  98.4-e
Curve [0,0,0,277101042204672*w - 1319227981037568,-945962837842455429120*w + 3925760817490695290880]
Isogeny class  98.4-f
Curve [0,0,0,41715*w - 189459,-9353070*w + 42373854]
Isogeny class  98.2-a
Curve [0,0,0,-393984*w - 33951744,33277796352*w + 200787296256]
Isogeny class  98.2-b
Curve [0,0,0,17191740672*w - 77918146560,-2869450875445248*w + 13002000610295808]
Isogeny class  98.6-a
Curve [0,0,0,-21168*w - 96579,-30855600*w - 107392770]
Isogeny class  98.6-b
Curve [0,0,0,55971827712*w - 253616652288,14335199908724736*w - 64954639979642880]
Isogeny class  98.6-c
Curve [0,0,0,-1483812864*w - 34103033856,-1352641628602368*w - 6645927779500032]
Isogeny class  98.6-d
Curve [0,0,0,11515392*w - 52286283,-53844713280*w + 243872641350]
Isogeny class  98.5-a
Curve [0,0,0,-5184*w - 50544,1434672*w + 1271376]
Isogeny class  98.5-b
Curve [0,0,0,13931520196608*w - 63665206198272,105588941093370593280*w - 478410943387643412480]
Isogeny class  98.5-c
Curve [0,0,0,1381536*w - 6259923,-499429152*w + 2262977838]
Isogeny class  98.5-d
Curve [0,0,0,-8181*w - 41067,-2920374*w - 10166634]
Isogeny class  98.5-e
Curve [0,0,0,-979527152959488*w - 3458960015228928,5742770326004626882560*w + 20278431337667824189440]
Isogeny class  98.5-f
Curve [0,0,0,-41715*w - 147744,9353070*w + 33020784]
Isogeny class  100.1-a
Curve [0,0,0,-6274125*w + 106660125,112631951250*w - 1326298691250]
Isogeny class  100.1-b
Curve [0,0,0,56798543104875*w - 257361539452875,178978574959762646250*w - 810974988868220426250]
Isogeny class  100.1-c
Curve [0,0,0,6075*w - 27675,6133050*w - 27797850]
Isogeny class  100.1-d
Curve [0,0,0,136447200000*w - 618213600000,-51142250880000000*w + 231732627840000000]
Curve [0,0,0,-84088800000*w + 379814400000,-109377959040000000*w + 495620536320000000]
Isogeny class  100.1-e
Curve [0,0,0,1080*w + 1485,189000*w + 708750]
Curve [0,0,0,-57645*w + 260685,-120534750*w + 546162750]
Isogeny class  100.1-f
Curve [0,0,0,-1080*w + 2565,-189000*w + 897750]
Curve [0,0,0,57645*w + 203040,120534750*w + 425628000]
Isogeny class  100.1-g
Curve [0,0,0,-136447200000*w - 481766400000,51142250880000000*w + 180590376960000000]
Curve [0,0,0,84088800000*w + 295725600000,109377959040000000*w + 386242577280000000]
Isogeny class  100.1-h
Curve [0,0,0,-675,-79650]
Isogeny class  100.1-i
Curve [0,0,0,24387523875*w - 414587905875,3408457208861250*w - 40136322643121250]
Isogeny class  100.1-j
Curve [0,0,0,-14612437125*w + 66210841125,5914319850416250*w - 26798545445636250]
Isogeny class  100.2-a
Curve [0,0,0,46710000*w - 211680000,-318579750000*w + 1443528000000]
Isogeny class  100.2-b
Curve [0,0,0,1485*w - 2160,-21330*w - 142560]
Isogeny class  100.2-c
Curve [0,0,0,37125*w - 54000,-2666250*w - 17820000]
Isogeny class  100.2-d
Curve [0,0,0,1868400*w - 8467200,-2548638000*w + 11548224000]
Isogeny class  100.3-a
Curve [0,0,0,-399600*w - 1501200,261414000*w + 933498000]
Isogeny class  100.3-b
Curve [0,0,0,-1485*w - 675,21330*w - 163890]
Isogeny class  100.3-c
Curve [0,0,0,-41445*w + 186165,18421290*w - 83476170]
Isogeny class  100.3-d
Curve [0,0,0,10227600*w - 46342800,-35717058000*w + 161838594000]
Isogeny class  104.1-a
Curve [0,0,0,-1168128,-2050064640*w + 8124330240]
Isogeny class  104.1-b
Curve [0,0,0,132509520*w - 600417792,-52704770152320*w + 238812105841920]
Isogeny class  104.2-a
Curve [0,0,0,2997891*w - 13584051,13597694370*w - 61612865730]
Isogeny class  104.2-b
Curve [0,0,0,-396981*w - 1428219,8750145690*w + 30893928390]
Isogeny class  112.3-a
Curve [0,0,0,-31563*w + 139104,22674870*w - 102847968]
Isogeny class  112.3-b
Curve [0,0,0,274752*w - 4899312,-1111594752*w + 1547856000]
Isogeny class  112.3-c
Curve [0,0,0,-215543808*w - 742735872,-4795424833536*w - 16900212916224]
Isogeny class  112.3-d
Curve [0,0,0,-156598272*w - 589344768,-1257202778112*w - 4418286649344]
Isogeny class  112.3-e
Curve [0,0,0,2807380758572826624*w - 12876880057322176512,-5191734551840800401895981056*w + 23548070222176161504511918080]
Isogeny class  112.3-f
Curve [0,0,0,-1156032*w - 4201200,1409227200*w + 4793881536]
Isogeny class  112.3-g
Curve [0,0,0,13510557*w - 61218720,625324614030*w - 2833426408032]
Isogeny class  112.3-h
Curve [0,0,0,205728104790230040576*w - 932214911584696270848,-3225353205208262145163124539392*w + 14614493475407346460210508070912]
Isogeny class  112.3-i
Curve [0,0,0,4126401792*w - 18697347072,-72241764212736*w + 327336738029568]
Isogeny class  112.3-j
Curve [0,0,0,-2084666112*w + 9445773312,-113380185120768*w + 513740208734208]
Isogeny class  112.3-k
Curve [0,0,0,52885872*w - 240436080,-421538684544*w + 1909686478464]
Isogeny class  112.3-l
Curve [0,0,0,-7100352*w - 25071984,-23099342400*w - 81566761536]
Isogeny class  112.7-a
Curve [0,0,0,-11933757*w + 54068445,-40488599790*w + 183459159630]
Isogeny class  112.7-b
Curve [0,0,0,-8989893*w - 31639275,21086279370*w + 74470172310]
Isogeny class  112.7-c
Curve [0,0,0,4148064*w - 18795024,9256604400*w - 41942854512]
Isogeny class  112.7-d
Curve [0,0,0,709776*w + 2469744,2846078640*w + 10047172176]
Isogeny class  112.8-a
Curve [0,0,0,-27621*w - 97659,3391578*w + 7962246]
Isogeny class  112.8-b
Curve [0,0,0,3617784*w - 16393563,-7515761364*w + 34054872822]
Isogeny class  112.8-c
Curve [0,0,0,-231248277*w + 1048010805,17777183717034*w - 80550695082186]
Isogeny class  112.8-d
Curve [0,0,0,-1019167920*w - 3599237619,35561401121556*w + 125571790078542]
Isogeny class  112.8-e
Curve [0,0,0,795744*w - 3824523,773392212*w - 3464918586]
Isogeny class  112.8-f
Curve [0,0,0,-11421*w + 397629,68492466*w - 274082130]
Isogeny class  112.8-g
Curve [0,0,0,-4040280*w - 16132419,-9598586292*w - 32913650754]
Isogeny class  112.8-h
Curve [0,0,0,50787*w - 355779,138302755506*w - 626657728338]
Isogeny class  112.6-a
Curve [0,0,0,31563*w + 107541,-22674870*w - 80173098]
Isogeny class  112.6-b
Curve [0,0,0,-375360885*w - 1326510891,7951732395210*w + 28078044323094]
Isogeny class  112.6-c
Curve [0,0,0,1237697280*w + 3870215424,48769834033152*w + 166150309404672]
Isogeny class  112.6-d
Curve [0,0,0,-2280234240*w - 8429716224,30792166612992*w + 107143728390144]
Isogeny class  112.6-e
Curve [0,0,0,-59836436758127972450304*w - 211332725710244888444928,16000335223290872984826606992228352*w + 56499351987707148572486244652548096]
Isogeny class  112.6-f
Curve [0,0,0,-7278741*w - 28448523,-265050283158*w - 934172279370]
Isogeny class  112.6-g
Curve [0,0,0,5325507*w - 24132195,-13452330798*w + 60953950926]
Isogeny class  112.6-h
Curve [0,0,0,80930515001335087104*w - 379559173483954962432,-812750669156858053452606996480*w + 3700415039482353782266395623424]
Isogeny class  112.6-i
Curve [0,0,0,198253308672*w - 908892064512,54707814225321984*w - 247783690164805632]
Isogeny class  112.6-j
Curve [0,0,0,264831683328*w - 1194641111808,208901876132192256*w - 946397367336148992]
Isogeny class  112.6-k
Curve [0,0,0,2051811*w - 9377667,4199400882*w - 19019211858]
Isogeny class  112.6-l
Curve [0,0,0,2083347*w - 9298611,3615506658*w - 16459793730]
Isogeny class  112.10-a
Curve [0,0,0,40833693*w - 185021280,-204583043250*w + 926992153440]
Isogeny class  112.10-b
Curve [0,0,0,9341541*w + 11929248,13838002470*w + 75545192160]
Isogeny class  112.10-c
Curve [0,0,0,-3208032*w + 14535504,-27608026608*w + 125095522176]
Isogeny class  112.10-d
Curve [0,0,0,-2544480*w - 7330608,-4366884528*w - 11819433600]
Isogeny class  112.9-a
Curve [0,0,0,27621*w - 125280,-3391578*w + 11353824]
Isogeny class  112.9-b
Curve [0,0,0,7574472*w - 34321347,22377173076*w - 101393851518]
Isogeny class  112.9-c
Curve [0,0,0,-1610411787*w + 7297011360,-32715178960842*w + 148236683666400]
Isogeny class  112.9-d
Curve [0,0,0,1019167920*w - 4618405539,-35561401121556*w + 161133191200098]
Isogeny class  112.9-e
Curve [0,0,0,1807274592*w - 8188994187,-83967779998548*w + 380468832449274]
Isogeny class  112.9-f
Curve [0,0,0,11421*w + 386208,-68492466*w - 205589664]
Isogeny class  112.9-g
Curve [0,0,0,4040280*w - 20172699,9598586292*w - 42512237046]
Isogeny class  112.9-h
Curve [0,0,0,1037420541*w - 4700686176,-21045643638354*w + 95360523499872]
Isogeny class  116.1-a
Curve [0,0,0,-1917*w - 2403,-25326*w - 22194]
Isogeny class  116.1-b
Curve [0,0,0,-3645*w + 6237,24786*w - 514674]
Isogeny class  116.1-c
Curve [0,0,0,-33004800*w - 118395648,-237345693696*w - 839070130176]
Isogeny class  116.1-d
Curve [0,0,0,-31739904*w - 139898880,33974301229056*w + 120131365109760]
Isogeny class  116.1-e
Curve [0,0,0,38382336*w - 173968128,-283494408192*w + 1284551958528]
Isogeny class  116.1-f
Curve [0,0,0,6387853940490240*w - 28944186992492544,320003233151366612385792*w - 1449975889494789580652544]
Isogeny class  116.1-g
Curve [0,0,0,11415217766400*w - 16003048144896,24411823352812929024*w - 7079236401761353728]
Isogeny class  116.1-h
Curve [0,0,0,-95821056*w - 338694912,496164151296*w + 1752102199296]
Isogeny class  116.1-i
Curve [0,0,0,243412992*w - 1165307904,-9105179148288*w + 69507309109248]
Isogeny class  116.1-j
Curve [0,0,0,210021120*w - 951651072,3334141550592*w - 15107426131968]
Isogeny class  116.1-k
Curve [0,0,0,-172773*w + 780597,46371690*w - 210157578]
Isogeny class  116.1-l
Curve [0,0,0,-495288*w + 2244213,-230654088*w + 1045123398]
Isogeny class  116.4-a
Curve [0,0,0,56592*w - 257040,-131421744*w + 595494720]
Isogeny class  116.4-b
Curve [0,0,0,117936*w - 534384,-41543280*w + 188237952]
Isogeny class  116.4-c
Curve [0,0,0,25920*w - 117504,-4282416*w + 19401984]
Isogeny class  116.4-d
Curve [0,0,0,6912*w - 76032,-13095216*w + 62975232]
Isogeny class  116.2-a
Curve [0,0,0,116570880*w - 528194304,419104530432*w - 1899016593408]
Isogeny class  116.2-b
Curve [0,0,0,422091*w - 1912491,300623562*w - 1362164202]
Isogeny class  116.2-c
Curve [0,0,0,-11232*w - 39987,-1310688*w - 4630770]
Isogeny class  116.2-d
Curve [0,0,0,-693633024*w - 2450718720,57884213772288*w + 204492754649088]
Isogeny class  116.2-e
Curve [0,0,0,8019*w - 39987,-400734*w + 1908414]
Isogeny class  116.2-f
Curve [0,0,0,4663931830272*w - 21192895365120,-11034455154534383616*w + 49989392226664316928]
Isogeny class  116.2-g
Curve [0,0,0,30321672192*w - 410404257792,-28775741864804352*w + 41655238536462336]
Isogeny class  116.2-h
Curve [0,0,0,-1944*w - 7803,110808*w + 396630]
Isogeny class  116.2-i
Curve [0,0,0,160026624*w - 725483520,-329799160037376*w + 1494362760413184]
Isogeny class  116.2-j
Curve [0,0,0,459*w - 22059,62154*w - 1371114]
Isogeny class  116.2-k
Curve [0,0,0,5832*w - 26163,484056*w - 2194290]
Isogeny class  116.2-l
Curve [0,0,0,6255360*w + 21060864,10053033984*w + 35376390144]
Isogeny class  116.5-a
Curve [0,0,0,5072112*w - 22982400,-12484174032*w + 56567401488]
Isogeny class  116.5-b
Curve [0,0,0,6480*w - 29376,7529328*w - 34116336]
Isogeny class  116.5-c
Curve [0,0,0,-25920*w - 91584,4282416*w + 15119568]
Isogeny class  116.5-d
Curve [0,0,0,-6912*w - 69120,13095216*w + 49880016]
Isogeny class  117.1-a
Curve [0,0,0,-146475,-18596250]
Isogeny class  117.1-b
Curve [0,0,0,-5859,-148770]
Isogeny class  121.1-a
Curve [0,0,0,-13392,-1080432]
Isogeny class  121.1-b
Curve [0,0,0,-334800,-135054000]
Isogeny class  126.1-a
Curve [0,0,0,77468643*w - 351032643,745208855730*w - 3376637881938]
Isogeny class  126.1-b
Curve [0,0,0,1057536*w - 4847499,1199589696*w - 5440525434]
Isogeny class  126.2-a
Curve [0,0,0,-45739134639975168*w - 161514604561121280,-10690961143247225530195968*w - 37751158148088369100161024]
Isogeny class  126.2-b
Curve [0,0,0,938088*w - 4250691,930948984*w - 4218249474]
Isogeny class  126.2-c
Curve [0,0,0,52976830464*w - 240141411072,3113177300434944*w - 14103978466222080]
Isogeny class  126.2-d
Curve [0,0,0,-8792064*w - 131390208,664043028480*w + 2254477418496]
Isogeny class  126.2-e
Curve [0,0,0,-374760*w - 1807083,328771656*w + 1039522086]
Isogeny class  126.2-f
Curve [0,0,0,-23774895281652480*w - 100239276253003776,-4646187213837318264987648*w - 15451442674179867723497472]
Isogeny class  126.4-a
Curve [0,0,0,-1405879029537949008*w + 6370182875192010525,-289106924286721108968016848*w + 1309969763413583447435894046]
Isogeny class  126.4-b
Curve [0,0,0,-258419268109217376*w - 187533427204258443,-9899624481273390711813644448*w - 34919145123583903471018764090]
Isogeny class  126.3-a
Curve [0,0,0,45739134639975168*w - 207253739201096448,10690961143247225530195968*w - 48442119291335594630356992]
Isogeny class  126.3-b
Curve [0,0,0,770904*w - 3493179,-740739384*w + 3356385174]
Isogeny class  126.3-c
Curve [0,0,0,797238982656*w - 3612398992128,-4747997631418564608*w + 21513789160651579392]
Isogeny class  126.3-d
Curve [0,0,0,8792064*w - 140182272,-664043028480*w + 2918520446976]
Isogeny class  126.3-e
Curve [0,0,0,374760*w - 2181843,-328771656*w + 1368293742]
Isogeny class  126.3-f
Curve [0,0,0,1716970522336136798976*w - 7779814710065121878784,77753924532409480373314882510848*w - 352313052527224193278242432688128]
Isogeny class  128.1-a
Curve [0,0,0,2160*w - 9504,105408*w - 489024]
Isogeny class  128.1-b
Curve [0,0,0,47088*w - 213408,8572608*w - 38843712]
Isogeny class  128.1-c
Curve [0,0,0,-129600*w - 457920,32394816*w + 114388416]
Isogeny class  128.1-d
Curve [0,0,0,94203*w - 426843,-33181434*w + 150349338]
Isogeny class  128.1-e
Curve [0,0,0,32400*w - 146880,6360768*w - 28821312]
Isogeny class  128.1-f
Curve [0,0,0,5427*w + 18333,-3444498*w - 12153294]
Isogeny class  128.1-g
Curve [0,0,0,-83808*w - 296352,-26426304*w - 93317184]
Isogeny class  128.1-h
Curve [0,0,0,154656*w - 700704,66325824*w - 300532032]
Isogeny class  128.5-a
Curve [0,0,0,20979*w - 100899,-3445038*w + 15808014]
Isogeny class  128.5-b
Curve [0,0,0,-1377*w - 2619,57834*w + 35910]
Isogeny class  128.5-c
Curve [0,0,0,-4313088*w + 37933056,7969701888*w - 15896936448]
Isogeny class  128.5-d
Curve [0,0,0,-7494204672*w - 26462958336,-709029524791296*w - 2503674639949824]
Isogeny class  128.5-e
Curve [0,0,0,-297*w + 1485,-18414*w + 85374]
Isogeny class  128.5-f
Curve [0,0,0,-22869*w + 103653,-11582406*w + 52481574]
Isogeny class  128.5-g
Curve [0,0,0,-71793*w + 325269,86510970*w - 391992426]
Isogeny class  128.5-h
Curve [0,0,0,-132150528*w - 466483968,1659918458880*w + 5861303672832]
Isogeny class  128.5-i
Curve [0,0,0,-186813*w - 660339,-101825694*w - 359552898]
Isogeny class  128.5-j
Curve [0,0,0,-1701236736*w + 7708594176,22636034260992*w - 102566793314304]
Isogeny class  128.5-k
Curve [0,0,0,-5522688*w + 20894976,41915031552*w - 193151803392]
Isogeny class  128.5-l
Curve [0,0,0,-20493*w + 90909,12965778*w - 58718898]
Isogeny class  128.5-m
Curve [0,0,0,-479416320*w + 2176339968,3391823020032*w - 15366703546368]
Isogeny class  128.5-n
Curve [0,0,0,891*w + 3861,-105462*w - 349866]
Isogeny class  128.5-o
Curve [0,0,0,-2997*w - 12987,232794*w + 867078]
Isogeny class  128.5-p
Curve [0,0,0,127512576*w + 465260544,-1070190821376*w - 3785580085248]
Isogeny class  128.5-q
Curve [0,0,0,-81081*w + 367389,-77303646*w + 350272782]
Isogeny class  128.5-r
Curve [0,0,0,-30461184*w - 96166656,177438007296*w + 575440478208]
Isogeny class  128.5-s
Curve [0,0,0,-62397*w - 219699,-15783390*w - 55758402]
Isogeny class  128.5-t
Curve [0,0,0,76923*w - 348651,-23156982*w + 104926806]
Isogeny class  128.2-a
Curve [0,0,0,47088*w - 213408,-8572608*w + 38843712]
Isogeny class  128.2-b
Curve [0,0,0,2160*w - 9504,-105408*w + 489024]
Isogeny class  128.2-c
Curve [0,0,0,-6480*w - 28080,-667008*w - 2263680]
Isogeny class  128.2-d
Curve [0,0,0,-6480*w - 7344,1102464*w - 2153088]
Isogeny class  128.2-e
Curve [0,0,0,45360*w - 218160,-7122816*w + 31729536]
Isogeny class  128.2-f
Curve [0,0,0,-20736*w - 73008,3421440*w + 12071808]
Isogeny class  128.2-g
Curve [0,0,0,154656*w - 700704,-66325824*w + 300532032]
Isogeny class  128.2-h
Curve [0,0,0,-83808*w - 296352,26426304*w + 93317184]
Isogeny class  128.6-a
Curve [0,0,0,-11988*w - 51948,1590192*w + 6033744]
Isogeny class  128.6-b
Curve [0,0,0,-5508*w - 10476,-462672*w - 287280]
Isogeny class  128.6-c
Curve [0,0,0,-184356*w + 835380,-57614544*w + 261058896]
Isogeny class  128.6-d
Curve [0,0,0,9369*w - 40284,932094*w - 4357584]
Isogeny class  128.6-e
Curve [0,0,0,-91476*w + 414612,-92659248*w + 419852592]
Isogeny class  128.6-f
Curve [0,0,0,-1188*w + 5940,-147312*w + 682992]
Isogeny class  128.6-g
Curve [0,0,0,-287172*w + 1301076,692087760*w - 3135939408]
Isogeny class  128.6-h
Curve [0,0,0,17820*w + 42228,-7249392*w - 24452496]
Isogeny class  128.6-i
Curve [0,0,0,307692*w - 1394604,215145936*w - 974850768]
Isogeny class  128.6-j
Curve [0,0,0,540*w + 7668,-432*w - 113616]
Isogeny class  128.6-k
Curve [0,0,0,662364*w - 3000780,589063536*w - 2669136624]
Isogeny class  128.6-l
Curve [0,0,0,-81972*w + 363636,-103726224*w + 469751184]
Isogeny class  128.6-m
Curve [0,0,0,-2511*w + 11556,-92826*w + 420336]
Isogeny class  128.6-n
Curve [0,0,0,-324324*w + 1469556,618429168*w - 2802182256]
Isogeny class  128.6-o
Curve [0,0,0,1090908*w - 4943052,-1435927824*w + 6506374032]
Isogeny class  128.6-p
Curve [0,0,0,-653535*w + 2961252,384531894*w - 1742363568]
Isogeny class  128.6-q
Curve [0,0,0,3564*w + 15444,843696*w + 2798928]
Isogeny class  128.6-r
Curve [0,0,0,2347785*w - 10638108,-3931548786*w + 17814354192]
Isogeny class  128.6-s
Curve [0,0,0,-249588*w - 878796,-126267120*w - 446067216]
Isogeny class  128.6-t
Curve [0,0,0,3996*w - 19980,350352*w - 1556496]
Isogeny class  131.1-a
Curve [0,0,0,-14229*w + 64341,-143910*w + 652374]
Isogeny class  131.1-b
Curve [0,0,0,-4320*w + 9936,8208*w + 148608]
Isogeny class  131.2-a
Curve [0,0,0,1093365*w - 4954176,-637393914*w + 2888113968]
Isogeny class  131.2-b
Curve [0,0,0,240381*w - 1089072,-65700450*w + 297697248]
Isogeny class  134.1-a
Curve [0,0,0,4462646805*w - 20220851664,325815367680918*w - 1476311418774288]
Isogeny class  134.1-b
Curve [0,0,0,-42318045*w + 191782269,-974898208782*w + 4417430405742]
Isogeny class  134.1-c
Curve [0,0,0,-562464*w + 2702133,-1520837856*w + 7288705350]
Isogeny class  134.1-d
Curve [0,0,0,-38445840*w - 175097376,311754213936*w + 1005869546064]
Isogeny class  134.4-a
Curve [0,0,0,197009739*w - 893217051,-2910221495478*w + 13186435684518]
Isogeny class  134.4-b
Curve [0,0,0,14409202752*w + 51005478573,6133195733440896*w + 21666310353604206]
Isogeny class  134.4-c
Curve [0,0,0,562464*w + 2139669,1520837856*w + 5767867494]
Isogeny class  134.4-d
Curve [0,0,0,158434294707*w - 731294502147,-67456510004097918*w + 305056535065375662]
Isogeny class  139.1-a
Curve [0,0,0,432*w - 5643,69552*w + 13446]
Isogeny class  139.1-b
Curve [0,0,0,13010733*w - 58953312,50969929374*w - 230951318688]
Isogeny class  139.2-a
Curve [0,0,0,-432*w - 5211,-69552*w + 82998]
Isogeny class  139.2-b
Curve [0,0,0,6689277*w - 30309984,-72144691794*w + 326896896096]
Isogeny class  140.1-a
Curve [0,0,0,-2787028992*w + 12127961088,711194580615168*w - 3224167331659776]
Isogeny class  140.1-b
Curve [0,0,0,3617765243569335937500000*w - 16392559081798553466796875,7522850426703827230453491210937500000*w - 34087004784559163234353065490722656250]
Isogeny class  140.1-c
Curve [0,0,0,-9203687424*w - 32482480896,-966450510692352*w - 3398108477202432]
Isogeny class  140.1-d
Curve [0,0,0,-11513081899008*w - 61075186354944,-48918321248035110912*w - 242178125355794276352]
Isogeny class  140.1-e
Curve [0,0,0,23556096*w - 124865280,-88011767808*w + 1158974300160]
Isogeny class  140.1-f
Curve [0,0,0,-195342840*w + 885105333,-1708637575752*w + 7742057977350]
Isogeny class  140.1-g
Curve [0,0,0,-7322185728*w - 26885357568,914790085558272*w + 3217916593963008]
Isogeny class  140.1-h
Curve [0,0,0,8110368*w - 39686787,-20429705952*w + 90754230654]
Isogeny class  140.1-i
Curve [0,0,0,34992*w + 53757,-1504656*w - 12466818]
Isogeny class  140.1-j
Curve [0,0,0,36876384*w - 166971915,246486690144*w - 1116871126074]
Isogeny class  140.1-k
Curve [0,0,0,364141008*w - 1649969811,-7562596733424*w + 34267100422446]
Isogeny class  140.1-l
Curve [0,0,0,-1094472*w + 4892589,-482963256*w + 2181929454]
Isogeny class  140.1-m
Curve [0,0,0,539592413184*w - 2478835630080,425060758199992320*w - 1922886775458496512]
Isogeny class  140.1-n
Curve [0,0,0,-49896*w + 193725,-5880600*w + 28823742]
Isogeny class  140.1-o
Curve [0,0,0,23405760*w - 105130683,-122262264000*w + 554579012502]
Isogeny class  140.1-p
Curve [0,0,0,-644112*w - 2290491,-531751824*w - 1877097834]
Isogeny class  140.1-q
Curve [0,0,0,109860986880*w - 497804514048,-50641922263744512*w + 229465398157959168]
Isogeny class  140.1-r
Curve [0,0,0,-11601372524544*w + 52567031808000,197622243008536117248*w - 895451852170202185728]
Isogeny class  140.1-s
Curve [0,0,0,-310181400*w - 1094730363,-5808823445160*w - 20511641308842]
Isogeny class  140.1-t
Curve [0,0,0,-24905665714176*w - 87949911884544,-135843588913707122688*w - 479681469155461570560]
Isogeny class  140.1-u
Curve [0,0,0,-33067008*w + 147854592,-111585698316288*w + 505608110235648]
Isogeny class  140.1-v
Curve [0,0,0,238258728215332031250000*w - 1024278908767547607421875,121498673172701256752014160156250000*w - 552091694837267413258552551269531250]
Isogeny class  140.2-a
Curve [0,0,0,2787028992*w + 9340932096,-711194580615168*w - 2512972751044608]
Isogeny class  140.2-b
Curve [0,0,0,3072723499745280000*w - 13924917376450560000,-5840609499303446052864000000*w + 26464519640327280132096000000]
Isogeny class  140.2-c
Curve [0,0,0,25056000*w - 55358208,11584224239616*w + 40241434189824]
Isogeny class  140.2-d
Curve [0,0,0,44163603302400*w - 200110979236608,320754830218472816640*w - 1453381472726670385152]
Isogeny class  140.2-e
Curve [0,0,0,-83011785984*w - 293126757120,33262031787761664*w + 117452537924050944]
Isogeny class  140.2-f
Curve [0,0,0,302211*w - 1288035,-167098734*w + 762257358]
Isogeny class  140.2-g
Curve [0,0,0,7322185728*w - 34207543296,-914790085558272*w + 4132706679521280]
Isogeny class  140.2-h
Curve [0,0,0,47023011*w - 213070851,330117919794*w - 1495806777810]
Isogeny class  140.2-i
Curve [0,0,0,-34992*w + 88749,1504656*w - 13971474]
Isogeny class  140.2-j
Curve [0,0,0,-1918485*w + 8677557,1485069930*w - 6729780618]
Isogeny class  140.2-k
Curve [0,0,0,-208656*w + 901341,-173214288*w + 788406750]
Isogeny class  140.2-l
Curve [0,0,0,549888264*w - 2491614459,13715812912248*w - 62148115918890]
Isogeny class  140.2-m
Curve [0,0,0,542177832960*w - 2456904019968,-567041317594988544*w + 2569336016560717824]
Isogeny class  140.2-n
Curve [0,0,0,49896*w + 143829,5880600*w + 22943142]
Isogeny class  140.2-o
Curve [0,0,0,-80053029*w - 282675771,779527436634*w + 2752611890310]
Isogeny class  140.2-p
Curve [0,0,0,644112*w - 2934603,531751824*w - 2408849658]
Isogeny class  140.2-q
Curve [0,0,0,157987584*w - 761598720,-58524914147328*w + 265335425851392]
Isogeny class  140.2-r
Curve [0,0,0,5116538880*w - 18353958912,53975903109120*w - 835766796681216]
Isogeny class  140.2-s
Curve [0,0,0,840051*w - 1881171,545608386*w - 2071528290]
Isogeny class  140.2-t
Curve [0,0,0,46244494080*w - 226025724672,11399632711557120*w - 53246048071163904]
Isogeny class  140.2-u
Curve [0,0,0,1300015872*w - 5877750528,52318560559104*w - 227503730958336]
Isogeny class  140.2-v
Curve [0,0,0,-3646976352583680000*w - 12905033068707840000,-7619778989854260461568000000*w - 26904719076811213897728000000]
Isogeny class  144.2-a
Curve [0,0,0,60480*w - 275184,4693248*w - 21250944]
Isogeny class  144.2-b
Curve [0,0,0,-2071440*w - 7315056,3242284416*w + 11448922752]
Isogeny class  144.4-a
Curve [0,0,0,-141918480*w + 643051008,-266875793712*w + 1209248614656]
Isogeny class  144.4-b
Curve [0,0,0,56565*w - 256176,14560614*w - 65974176]
Isogeny class  144.4-c
Curve [0,0,0,257229*w - 1165536,141257790*w - 640057248]
Isogeny class  144.4-d
Curve [0,0,0,-31198608*w + 141371136,-27508676976*w + 124645333248]
Isogeny class  144.3-a
Curve [0,0,0,338688*w - 1444608,-1497194496*w + 6780837888]
Isogeny class  144.3-b
Curve [0,0,0,23839488*w - 108000000,-929361420288*w + 4211056041984]
Isogeny class  144.5-a
Curve [0,0,0,112752*w - 513648,-41582160*w + 188358480]
Isogeny class  144.5-b
Curve [0,0,0,-56565*w - 199611,-14560614*w - 51413562]
Isogeny class  144.5-c
Curve [0,0,0,-14445*w + 65421,-6320862*w + 28640574]
Isogeny class  144.5-d
Curve [0,0,0,-4998672*w - 17651952,-12217320720*w - 43140921840]
Isogeny class  146.2-a
Curve [0,0,0,-8507239846552535040*w - 30034516472000151552,5547251418918925554665127936*w + 19588243973831999396253794304]
Isogeny class  146.2-b
Curve [0,0,0,143349480*w - 649881819,1796062662936*w - 8138108767626]
Isogeny class  146.2-c
Curve [0,0,0,-104168997*w - 373009995,-1169909999622*w - 4153540769802]
Isogeny class  146.2-d
Curve [0,0,0,373491*w - 1692387,1235003490*w - 5595960114]
Isogeny class  146.2-e
Curve [0,0,0,-710543031336*w - 2511006115203,688232242010245608*w + 2430204110844470910]
Isogeny class  146.2-f
Curve [0,0,0,-407780088348672*w + 1843553111113728,-10144914036594611060736*w + 45968578886517280210944]
Isogeny class  146.3-a
Curve [0,0,0,127005622272000*w + 146361211158528,994424509688683954176*w + 3924939538450706595840]
Isogeny class  146.3-b
Curve [0,0,0,2863600344*w - 12975359571,-175990835600856*w + 797437155933486]
Isogeny class  146.3-c
Curve [0,0,0,-81648*w - 292032,-127289232*w - 449562096]
Isogeny class  146.3-d
Curve [0,0,0,422253*w - 1913328,299876094*w - 1358777808]
Isogeny class  146.3-e
Curve [0,0,0,-28392309*w - 125500779,-191494257462*w - 624889799658]
Isogeny class  146.3-f
Curve [0,0,0,34270839680532480*w - 155285541888196608,-1418525777603610261061632*w + 6427523114387644612608000]
Isogeny class  148.1-a
Curve [0,0,0,3611547*w + 8749701,9652410522*w + 35688053574]
Isogeny class  148.1-b
Curve [0,0,0,242471664*w - 1098683811,4087923984432*w - 18522911437218]
Isogeny class  148.1-c
Curve [0,0,0,-1356912*w + 6124437,2003869584*w - 9069248538]
Isogeny class  148.1-d
Curve [0,0,0,-98541117*w + 446497245,1243384664274*w - 5633935067250]
Isogeny class  148.1-e
Curve [0,0,0,-24152229*w - 87422139,-227317942566*w - 803880575226]
Isogeny class  148.1-f
Curve [0,0,0,454106088*w - 2057611491,-5503105158984*w + 24935278728222]
Isogeny class  148.3-a
Curve [0,0,0,900578979*w - 4077925587,-29499711576318*w + 133665881000670]
Isogeny class  148.3-b
Curve [0,0,0,13900491*w - 50640363,-48851610678*w + 210546408726]
Isogeny class  148.2-a
Curve [0,0,0,-99846189*w - 352444851,567238412322*w + 2003019795774]
Isogeny class  148.2-b
Curve [0,0,0,111065040*w - 503279379,2206761972624*w - 9999124811730]
Isogeny class  148.2-c
Curve [0,0,0,1356912*w + 4767525,-2003869584*w - 7065378954]
Isogeny class  148.2-d
Curve [0,0,0,513459*w + 73197,-1018347390*w + 2950072542]
Isogeny class  148.2-e
Curve [0,0,0,-53183925*w - 188778411,-421289900982*w - 1488272202090]
Isogeny class  148.2-f
Curve [0,0,0,-14176296*w + 64179621,-95572990584*w + 433056120822]
Isogeny class  148.6-a
Curve [0,0,0,-1252658340099*w + 5675727916512,991827233734525038*w - 4494095688761673120]
Isogeny class  148.6-b
Curve [0,0,0,-13900491*w - 36739872,48851610678*w + 161694798048]
Isogeny class  160.1-a
Curve [0,0,0,-2494530000*w + 11303010000,-104372334000000*w + 472924494000000]
Isogeny class  160.1-b
Curve [0,0,0,-34290000*w + 155250000,-168102000000*w + 761670000000]
Isogeny class  160.3-a
Curve [0,0,0,1964224512*w + 6952144896,-693136113795072*w - 2447806126620672]
Isogeny class  160.3-b
Curve [0,0,0,2607814097282845900800*w - 11816694213542255001600,145554009367230488150273949696000*w - 659523864177707183582818074624000]
Isogeny class  160.3-c
Curve [0,0,0,189800299034931363840000*w - 860009692763962264780800,90374028089570145912751506063360000*w - 409496368138447768471541014069248000]
Isogeny class  160.3-d
Curve [0,0,0,-776925*w + 3325725,-456360750*w + 2100876750]
Isogeny class  160.3-e
Curve [0,0,0,-1839255552*w + 8334987264,868550554681344*w - 3935517654122496]
Isogeny class  160.3-f
Curve [0,0,0,-6885*w - 23787,48330*w + 168534]
Isogeny class  160.3-g
Curve [0,0,0,-269325*w - 951075,-220920750*w - 780347250]
Isogeny class  160.3-h
Curve [0,0,0,17808076800*w - 81199411200,-3372084559872000*w + 15286180184064000]
Isogeny class  160.3-i
Curve [0,0,0,-6237*w + 16173,168642*w - 724194]
Isogeny class  160.3-j
Curve [0,0,0,-28063125*w + 127153125,-141062343750*w + 639171843750]
Isogeny class  160.3-k
Curve [0,0,0,-353240325*w - 1247330475,7255717202250*w + 25620872649750]
Isogeny class  160.3-l
Curve [0,0,0,-41472000*w - 2126131200,2786918400000*w + 53638004736000]
Isogeny class  160.3-m
Curve [0,0,0,-8218125*w - 28771875,40597031250*w + 143394468750]
Isogeny class  160.3-n
Curve [0,0,0,6075*w - 27675,849440250*w - 3848924250]
Isogeny class  160.2-a
Curve [0,0,0,540000*w + 1350000,297000000*w + 837000000]
Isogeny class  160.2-b
Curve [0,0,0,5130000*w - 22410000,16335000000*w - 73791000000]
Isogeny class  160.4-a
Curve [0,0,0,394592256*w + 1472200704,-89284216356864*w - 317234337546240]
Isogeny class  160.4-b
Curve [0,0,0,105530686229289369600*w - 1494315466984783872000,-6826165569317699493436588032000*w + 18462093830814214218414292992000]
Isogeny class  160.4-c
Curve [0,0,0,-570130066716386918400*w - 2038854757905963417600,-15011727479987228568616697856000*w - 52939788428405304820393574400000]
Isogeny class  160.4-d
Curve [0,0,0,1606801725*w - 7280625600,-70391445275250*w + 318952710180000]
Isogeny class  160.4-e
Curve [0,0,0,-8943906816*w + 40526217216,6724774616629248*w - 30470820845322240]
Isogeny class  160.4-f
Curve [0,0,0,6885*w - 30672,-48330*w + 216864]
Isogeny class  160.4-g
Curve [0,0,0,-10800,-87480000*w - 309528000]
Isogeny class  160.4-h
Curve [0,0,0,20835532800*w - 94843699200,-5102760886272000*w + 23125781643264000]
Isogeny class  160.4-i
Curve [0,0,0,496368*w - 2248992,-29844288*w + 135228096]
Isogeny class  160.4-j
Curve [0,0,0,4320000*w - 8640000,-7344000000*w + 45360000000]
Isogeny class  160.4-k
Curve [0,0,0,1922400*w - 7376400,-2497608000*w + 11699640000]
Isogeny class  160.4-l
Curve [0,0,0,41472000*w - 2167603200,-2786918400000*w + 56424923136000]
Isogeny class  160.4-m
Curve [0,0,0,2710530000*w - 12281760000,-244572642000000*w + 1108190160000000]
Isogeny class  160.4-n
Curve [0,0,0,1225125*w - 5551200,2143563750*w - 9712764000]
Isogeny class  166.2-a
Curve [0,0,0,17934237*w - 81323568,-86088886290*w + 389610164592]
Isogeny class  166.2-b
Curve [0,0,0,1305807696*w - 5916796416,-53416159744464*w + 242035455351888]
Isogeny class  166.3-a
Curve [0,0,0,-17934237*w - 63389331,86088886290*w + 303521278302]
Isogeny class  166.3-b
Curve [0,0,0,55719104715*w - 253404192123,1161313494976421226*w - 5262049733564257722]
Isogeny class  175.1-a
Curve [0,0,0,725274000*w - 3290446800,21361759862400*w - 96790597585200]
Isogeny class  175.1-b
Curve [0,0,0,-3706560*w - 16981920,-8131752000*w - 31671399600]
Isogeny class  175.1-c
Curve [0,0,0,-309735765*w + 1401464565,239579811744570*w - 1085568081632010]
Isogeny class  175.1-d
Curve [0,0,0,-3863565*w - 13576275,-8240214510*w - 29362843170]
Isogeny class  175.1-e
Curve [0,0,0,18128266560*w - 82143672480,2667596150836800*w - 12087223051993200]
Isogeny class  175.1-f
Curve [0,0,0,-8002800*w - 28414800,17556652800*w + 61971123600]
Isogeny class  175.2-a
Curve [0,0,0,34153714800*w - 154754971200,-4876309453161600*w + 22095186552478800]
Isogeny class  175.2-b
Curve [0,0,0,3706560*w - 20688480,8131752000*w - 39803151600]
Isogeny class  175.2-c
Curve [0,0,0,16413784245*w - 74372934240,2298229614639270*w - 10413574678794960]
Isogeny class  175.2-d
Curve [0,0,0,3863565*w - 17439840,8240214510*w - 37603057680]
Isogeny class  175.2-e
Curve [0,0,0,17836251840*w - 80820551520,2360839525617600*w - 10697269394142000]
Isogeny class  175.2-f
Curve [0,0,0,8002800*w - 36417600,-17556652800*w + 79527776400]
Isogeny class  179.1-a
Curve [0,0,0,206037*w - 933552,969554502*w - 4393176480]
Isogeny class  179.1-b
Curve [0,0,0,-29057427*w - 102685536,171272378718*w + 604776334176]
Isogeny class  179.1-c
Curve [0,0,0,-354240*w - 1614843,286082496*w + 927656982]
Isogeny class  179.1-d
Curve [0,0,0,3213*w + 11232,-277074*w - 982800]
Isogeny class  179.2-a
Curve [0,0,0,-46809792*w + 212101200,491420735568*w - 2226690684288]
Isogeny class  179.2-b
Curve [0,0,0,5844209805*w - 26480868192,-488275750343682*w + 2212440350926176]
Isogeny class  179.2-c
Curve [0,0,0,26583907968*w - 120455112987,-4737014236168704*w + 21464021982760182]
Isogeny class  179.2-d
Curve [0,0,0,-3213*w + 14445,277074*w - 1259874]
Isogeny class  180.1-a
Curve [0,0,0,3773952*w - 17106363,8014985856*w - 36316753002]
Isogeny class  180.1-b
Curve [0,0,0,-3773952*w - 13332411,-8014985856*w - 28301767146]
Isogeny class  180.1-c
Curve [0,0,0,1917,99198]
Isogeny class  180.1-d
Curve [0,0,0,-17253*w + 78597,-7638246*w + 34620102]
Isogeny class  180.1-e
Curve [0,0,0,19353600*w - 94176000,-99311616000*w + 445492224000]
Isogeny class  180.1-f
Curve [0,0,0,54086400*w - 280800000,356852736000*w - 1534878720000]
Isogeny class  180.1-g
Curve [0,0,0,-774765*w - 3179763,-840082590*w - 2854159362]
Isogeny class  180.1-h
Curve [0,0,0,4257964800*w - 19301241600,215249605632000*w - 975315244032000]
Isogeny class  180.1-i
Curve [0,0,0,274723731*w - 1244809971,4976466133986*w - 22549009372290]
Isogeny class  180.1-j
Curve [0,0,0,1466899200*w - 6648134400,-61315660800000*w + 277828697088000]
Isogeny class  181.1-a
Curve [0,0,0,271053*w - 1228176,159562494*w - 722998224]
Isogeny class  181.1-b
Curve [0,0,0,59589*w - 270000,16447158*w - 74524320]
Isogeny class  181.2-a
Curve [0,0,0,-621*w + 2781,437346*w - 1981746]
Isogeny class  181.2-b
Curve [0,0,0,-432*w - 432,39312*w - 224640]
Isogeny class  182.1-a
Curve [0,0,0,901096677*w - 4082972400,-29656418615226*w + 134377076102256]
Isogeny class  182.1-b
Curve [0,0,0,214461*w - 949104,-100486386*w + 505872432]
Isogeny class  182.2-a
Curve [0,0,0,13621905063936*w - 133587491880960,87605408821627846656*w - 633335515488316293120]
Isogeny class  182.2-b
Curve [0,0,0,1638188388974592*w - 7438641496326144,72595505892083128860672*w - 328963958573667893379072]
Isogeny class  182.4-a
Curve [0,0,0,-105455493*w + 477723285,-45605658849894*w + 206645131562454]
Isogeny class  182.4-b
Curve [0,0,0,-214461*w - 734643,100486386*w + 405386046]
Isogeny class  182.3-a
Curve [0,0,0,161568353813598830592*w - 732087090898516574208,2262590786280528828263168999424*w - 10252090442268896964016991109120]
Isogeny class  182.3-b
Curve [0,0,0,37936976895148032*w - 171999795273007104,8144814069388778636574720*w - 36905601441608588354125824]
Isogeny class  185.1-a
Curve [0,0,0,-101995200*w - 295531200,1012215528000*w + 3441233754000]
Isogeny class  185.1-b
Curve [0,0,0,-4079808*w - 11821248,8097724224*w + 27529870032]
Isogeny class  185.2-a
Curve [0,0,0,3075360198336*w - 13934847470976,-5894287368218604864*w + 26707775682978519120]
Isogeny class  185.2-b
Curve [0,0,0,4079808*w - 15901056,-8097724224*w + 35627594256]
Isogeny class  188.1-a
Curve [0,0,0,2663076516802560*w - 13532516729303040,163324173152028109307904*w - 760211054285093356437504]
Isogeny class  188.1-b
Curve [0,0,0,207011099101409280*w - 938316204320993280,102960426277303834177437696*w - 466529039268796212064026624]
Isogeny class  188.2-a
Curve [0,0,0,962884700630876160*w - 4364063167985418240,964380006766138721575108608*w - 4369744298927132124918054912]
Isogeny class  188.2-b
Curve [0,0,0,12606513374822400*w - 62164030292951040,1536114749894378297229312*w - 7098140192141140580892672]
Isogeny class  194.1-a
Curve [0,0,0,189048040507243880729542656*w - 856600701613334685139599360,2842725245488881079923609279186729959424*w - 12880754441758328869520624571660883722240]
Isogeny class  194.1-b
Curve [0,0,0,3460053796289073119232*w - 15677743940636711583744,222585171592699828392774674153472*w - 1008562107935974247481811320963072]
Isogeny class  194.2-a
Curve [0,0,0,-40732937883*w + 184566186144,14766836529639078*w - 66910439379421728]
Isogeny class  194.2-b
Curve [0,0,0,-3331152*w + 10679661,7890089904*w - 39397104594]
Isogeny class  194.4-a
Curve [0,0,0,-762510182121593634816*w - 2677549252626647875584,-22942574782223052978889565405184*w - 81019381596583682175391179472896]
Isogeny class  194.4-b
Curve [0,0,0,-1698491481245481959424*w + 7695664700595439140864,21246515631070245366325164638208*w - 96270804950302459799708387770368]
Isogeny class  194.3-a
Curve [0,0,0,40460283*w - 178397019,279935677242*w - 1275357365082]
Isogeny class  194.3-b
Curve [0,0,0,3331152*w + 7348509,-7890089904*w - 31507014690]
Isogeny class  196.1-a
Curve [0,0,0,98675142753779712*w - 440613548071059456,761030837405072221355900928*w - 3448324805750251846857916416]
Isogeny class  196.1-b
Curve [0,0,0,-3065040*w + 13891365,9844561584*w - 44607098250]
Isogeny class  196.1-c
Curve [0,0,0,161273211840000*w - 732270060331875,-207145146005928000000*w + 938668013848520718750]
Isogeny class  196.1-d
Curve [0,0,0,-1656728597161995927552*w + 7504638127524928290816,-1464407766325086392763109343232*w + 6606608266291505505033586212864]
Isogeny class  196.1-e
Curve [0,0,0,-875719148477349888*w + 44531032673746944,-8443489482817528314760003584*w - 29772652487769931684924882944]
Isogeny class  196.1-f
Curve [0,0,0,5805,-285714]
Isogeny class  196.1-g
Curve [0,0,0,2524340806650000*w - 11438113557706875,-12805880379495459750000*w + 58025094346442716593750]
Isogeny class  196.1-h
Curve [0,0,0,30252806857637756928*w + 106776090749284909056,3616814339200102789753602048*w + 12672185079660085139786956800]
Isogeny class  196.2-a
Curve [0,0,0,-744917472*w - 2622188160,-22171811167152*w - 78310546371072]
Isogeny class  196.2-b
Curve [0,0,0,-15943392*w + 72081792,145863992592*w - 660953129472]
Isogeny class  196.4-a
Curve [0,0,0,1858680*w - 8685819,-1233450072*w + 5537395926]
Isogeny class  196.4-b
Curve [0,0,0,11105157888*w + 17522908416,-3613353961512960*w - 11617531960172544]
Isogeny class  196.4-c
Curve [0,0,0,2248587*w + 7949205,11298457098*w + 39895275222]
Isogeny class  196.4-d
Curve [0,0,0,-16200*w - 114291,4578120*w + 10916046]
Isogeny class  196.4-e
Curve [0,0,0,-4075224323881697280*w - 14390268103218954240,-8991656112667584371003228160*w - 31750697126676501375574081536]
Isogeny class  196.4-f
Curve [0,0,0,13994724037754880*w - 65657209261916160,2056044882048685902397440*w - 9357158334863363977248768]
Isogeny class  196.4-g
Curve [0,0,0,510219*w - 2353131,404713098*w - 1830543786]
Isogeny class  196.4-h
Curve [0,0,0,-1038312*w + 4705965,3543315624*w - 16055168274]
Isogeny class  196.4-i
Curve [0,0,0,197658876672*w - 880703490816,-88282316598239232*w + 397133426483748864]
Isogeny class  196.4-j
Curve [0,0,0,137650131*w - 623768499,-761877905886*w + 3452161666878]
Isogeny class  196.6-a
Curve [0,0,0,-2599533*w - 9327555,-2908626894*w - 10248761682]
Isogeny class  196.6-b
Curve [0,0,0,-653805*w - 3036339,-1355005854*w - 4545795330]
Isogeny class  196.6-c
Curve [0,0,0,79083*w - 597915,54715770*w - 125182746]
Isogeny class  196.6-d
Curve [0,0,0,-133677*w - 484083,147761442*w + 521251902]
Isogeny class  196.6-e
Curve [0,0,0,6405291*w - 30341979,-18535351878*w + 82884641958]
Isogeny class  196.6-f
Curve [0,0,0,16819083*w - 76210875,-75385334502*w + 341580652614]
Isogeny class  196.3-a
Curve [0,0,0,88747488*w + 236230560,-1585009167696*w - 5857689478320]
Isogeny class  196.3-b
Curve [0,0,0,149607648*w - 677874528,1999852259184*w - 9061590108528]
Isogeny class  196.5-a
Curve [0,0,0,-1858680*w - 6827139,1233450072*w + 4303945854]
Isogeny class  196.5-b
Curve [0,0,0,-1390088798208*w - 4888844280576,1659277066253893632*w + 5854728507780096000]
Isogeny class  196.5-c
Curve [0,0,0,-68904*w + 5033853,-3273748056*w + 2735267454]
Isogeny class  196.5-d
Curve [0,0,0,16200*w - 130491,-4578120*w + 15494166]
Isogeny class  196.5-e
Curve [0,0,0,123071477760*w + 434597909760,7438465482522624*w + 26251240559763456]
Isogeny class  196.5-f
Curve [0,0,0,60609669120*w + 284953939200,517912065835499520*w - 2321334259722952704]
Isogeny class  196.5-g
Curve [0,0,0,99112248*w - 449122563,-1090882265976*w + 4942925910270]
Isogeny class  196.5-h
Curve [0,0,0,-10233432*w + 46369125,-109610901864*w + 496661120694]
Isogeny class  196.5-i
Curve [0,0,0,-38313603072*w + 173305840896,33681413960957952*w - 152612988550815744]
Isogeny class  196.5-j
Curve [0,0,0,138291192*w - 635214987,1775878464744*w - 8042544437562]
Isogeny class  196.9-a
Curve [0,0,0,-8723619*w - 36945072,32382656766*w + 110670621408]
Isogeny class  196.9-b
Curve [0,0,0,653805*w - 3690144,1355005854*w - 5900801184]
Isogeny class  196.9-c
Curve [0,0,0,575484885*w - 2607602976,-41029510667562*w + 185910000260832]
Isogeny class  196.9-d
Curve [0,0,0,133677*w - 617760,-147761442*w + 669013344]
Isogeny class  196.9-e
Curve [0,0,0,3167742357*w - 14353859232,368180212846230*w - 1668271892138784]
Isogeny class  196.9-f
Curve [0,0,0,11908053*w - 53958960,28191647430*w - 127739952288]
Isogeny class  199.1-a
Curve [0,0,0,146057229*w - 661804128,-1884374372610*w + 8538343129440]
Isogeny class  199.1-b
Curve [0,0,0,9936*w - 45387,-1064880*w + 4822470]
Isogeny class  199.2-a
Curve [0,0,0,663741*w - 3007584,579299310*w - 2624879520]
Isogeny class  199.2-b
Curve [0,0,0,-9936*w - 35451,1064880*w + 3757590]
Isogeny class  200.1-a
Curve [0,0,0,5087059200*w - 23050137600,1254736604160000*w - 5685373255680000]
Isogeny class  200.1-b
Curve [0,0,0,-410400*w - 1414800,-286200000*w - 1007640000]
Isogeny class  200.1-c
Curve [0,0,0,53784000*w - 243702000,12271089600000*w - 55601888400000]
Isogeny class  200.1-d
Curve [0,0,0,396576000*w - 1824768000,-8379417600000*w + 40907980800000]
Isogeny class  200.1-e
Curve [0,0,0,29113344000*w - 131922432000,-5429116108800000*w + 24600327782400000]
Isogeny class  200.1-f
Curve [0,0,0,486000*w + 1242000,1285200000*w + 961200000]
Isogeny class  200.1-g
Curve [0,0,0,-3899475*w + 17668800,-10185581250*w + 46152180000]
Isogeny class  200.1-h
Curve [0,0,0,-24883200*w - 132710400,238878720000*w + 477757440000]
Isogeny class  200.3-a
Curve [0,0,0,64800*w - 302400,-17982000*w + 81216000]
Isogeny class  200.3-b
Curve [0,0,0,-270000*w - 1080000,90450000*w + 302400000]
Isogeny class  200.3-c
Curve [0,0,0,-5130000*w - 19710000,13601250000*w + 47250000000]
Isogeny class  200.3-d
Curve [0,0,0,-205200*w - 788400,108810000*w + 378000000]
Isogeny class  200.3-e
Curve [0,0,0,-10800*w - 43200,723600*w + 2419200]
Isogeny class  200.3-f
Curve [0,0,0,1620000*w - 7560000,-2247750000*w + 10152000000]
Isogeny class  200.2-a
Curve [0,0,0,138412800*w - 627782400,-1877437440000*w + 8506321920000]
Isogeny class  200.2-b
Curve [0,0,0,859275*w + 3017925,1049996250*w + 3706863750]
Isogeny class  200.2-c
Curve [0,0,0,-172125*w - 529875,-2040018750*w - 7180481250]
Isogeny class  200.2-d
Curve [0,0,0,18265824000*w - 82920672000,-140570403609600000*w + 636943363660800000]
Isogeny class  200.2-e
Curve [0,0,0,163296000*w - 1448928000,-225497779200000*w + 1029026073600000]
Isogeny class  200.2-f
Curve [0,0,0,-8839125*w + 40051125,-79203993750*w + 358883493750]
Isogeny class  200.2-g
Curve [0,0,0,1847475*w - 8370675,2773001250*w - 12564821250]
Isogeny class  200.2-h
Curve [0,0,0,-1118188800*w - 3949689600,-129334164480000*w - 456695055360000]
Isogeny class  200.4-a
Curve [0,0,0,72511200*w - 328557600,559681758000*w - 2535990174000]
Isogeny class  200.4-b
Curve [0,0,0,831600*w - 3769200,-438814800*w + 1988312400]
Isogeny class  200.4-c
Curve [0,0,0,15508800*w - 70286400,-67080690000*w + 303950610000]
Isogeny class  200.4-d
Curve [0,0,0,205200*w - 993600,-108810000*w + 486810000]
Isogeny class  200.4-e
Curve [0,0,0,10800*w - 54000,-723600*w + 3142800]
Isogeny class  200.4-f
Curve [0,0,0,64800*w - 410400,22086000*w - 85158000]

Total time: 6328.380 seconds, Total memory usage: 266.19MB
