Magma V2.21-3     Mon Jun  1 2015 11:27:22 on atkin    [Seed = 137554634]
Type ? for help.  Type <Ctrl>-D to quit.
Field 2.2.229.1
Isogeny class  1.1-a
Curve [0,0,0,26055*w - 421686,10797192*w - 105188706]
Curve [0,0,0,-26055*w - 395631,-10797192*w - 94391514]
Isogeny class  4.1-a
Curve [0,0,0,-236871*w - 1676295,-171801216*w - 1213983450]
Isogeny class  4.1-b
Curve [0,0,0,-4024064323200465*w - 28436721217283286,382221334401722400824280*w + 2700919002481410894947478]
Isogeny class  4.1-c
Curve [0,0,0,-23409*w - 165726,3172608*w + 22416750]
Isogeny class  4.1-d
Curve [0,0,0,-67940194773105*w - 480110709729942,825647088457486894680*w + 5834331341155580638518]
Isogeny class  5.1-a
Curve [0,0,0,11390625000*w - 166060546875,2965833984375000*w - 31704842285156250]
Isogeny class  5.2-a
Curve [0,0,0,-11390625000*w - 154669921875,-2965833984375000*w - 28739008300781250]
Isogeny class  9.2-a
Curve [0,0,0,-108737424*w - 768379203,1697757071472*w + 11996984688318]
Isogeny class  9.3-a
Curve [0,0,0,-27351*w - 225207,-3804192*w - 24685290]

Total time: 3.120 seconds, Total memory usage: 55.41MB
