Magma V2.21-4     Wed Jun  3 2015 15:50:18 on atkin    [Seed = 3572346218]
Type ? for help.  Type <Ctrl>-D to quit.
Field 2.2.305.1
Isogeny class  4.1-a
Curve [0,0,0,-3918213*w - 32651775,-90125529822*w - 742613283738]
Isogeny class  4.1-b
Curve [0,0,0,3918213*w - 36569988,90125529822*w - 832738813560]
Isogeny class  5.1-a
Curve [0,0,0,182102565987*w - 1681193579463,-114096936362818374*w + 1053357132784309038]
Isogeny class  5.1-b
Curve [0,0,0,-32852709*w - 273772575,278760359682*w + 2296920156678]
Isogeny class  8.1-a
Curve [0,0,0,974695680*w + 8023809024,32015180980224*w + 263552958627840]
Isogeny class  8.1-b
Curve [0,0,0,397571328*w - 3670410240,12750993285120*w - 117718758162432]
Isogeny class  8.2-a
Curve [0,0,0,-16503178221*w - 135856219383,-4825721255315094*w - 39725938650353346]
Isogeny class  8.2-b
Curve [0,0,0,-17253*w - 142047,-5158782*w - 42467706]
Isogeny class  9.1-a
Curve [0,0,0,-956650692213*w - 7972089101775,1519035063960370482*w + 12516493597193929878]
Isogeny class  9.1-b
Curve [0,0,0,21718654659*w - 200509325991,9436588721736858*w - 87119762861860146]
Isogeny class  9.1-c
Curve [0,0,0,-3918213*w - 32651775,-23055368094*w - 189970840026]
Isogeny class  9.1-d
Curve [0,0,0,5302714786936659*w - 48955323639743991,-621742801678439288533974*w + 5740007013183106710266238]

Total time: 9.500 seconds, Total memory usage: 56.06MB
