Magma V2.21-4     Wed Jun  3 2015 15:52:02 on atkin    [Seed = 3789045202]
Type ? for help.  Type <Ctrl>-D to quit.
Field 2.2.337.1
Isogeny class  1.1-a
Curve [1,-1,0,43*w - 416,439*w - 4249]
Curve [1,-1,0,-43*w - 373,-439*w - 3810]
Isogeny class  4.1-a
Curve [1,1,0,-12198943922868379*w - 105871949018226775,936790687705518244827671*w + 8130200167867296235793601]
Curve [1,1,0,12198943922868379*w - 118070892941095154,-936790687705518244827671*w + 9066990855572814480621272]
Isogeny class  4.1-b
Curve [1,1,w,107955*w - 1044877,418588924*w - 4051430077]
Isogeny class  4.1-c
Curve [1,1,w + 1,-107956*w - 936922,-418588925*w - 3632841153]
Isogeny class  6.2-a
Curve [1,-w + 1,w,6083036276474164986*w - 58876369093719015841,-24742079501273165104881755104*w + 239473141151057045098076553321]
Isogeny class  6.2-b
Curve [1,-w + 1,w + 1,1383572054*w - 13391289334,-84861911528508*w + 821359761485203]
Isogeny class  6.3-a
Curve [1,w,w + 1,-6083036276474164987*w - 52793332817244850855,24742079501273165104881755103*w + 214731061649783879993194798217]
Isogeny class  6.3-b
Curve [1,w,w,-1383572055*w - 12007717279,84861911528507*w + 736497849956696]
Isogeny class  7.1-a
Curve [0,0,1,110671282*w - 1071162977,-1914834524762*w + 18533261862878]
Isogeny class  7.2-a
Curve [0,0,1,-110671282*w - 960491695,1914834524762*w + 16618427338116]
Isogeny class  9.2-a
Curve [1,-1,w + 1,4,7*w + 46]
Isogeny class  9.3-a
Curve [1,-1,w,-w + 5,-8*w + 54]
Isogeny class  12.1-a
Curve [1,-w,0,6106004*w - 59098639,13698903656*w - 132588673051]
Isogeny class  12.1-b
Curve [1,0,1,-27494272*w - 238616735,-213326491008*w - 1851413657038]
Isogeny class  12.1-c
Curve [1,0,0,7098*w + 61602,230272*w + 1998480]
Isogeny class  12.1-d
Curve [1,w + 1,w + 1,-3057233*w - 26533030,-8803103504*w - 76400197561]
Isogeny class  12.1-e
Curve [1,w + 1,w + 1,6170158830*w - 59719609077,799196730265370*w - 7735249229332299]
Isogeny class  12.1-f
Curve [1,-w,w,6870434109710819476*w - 66497419395938559740,-26551956998745047083051956341*w + 256990547050423884224601543852]
Isogeny class  12.1-g
Curve [1,-w,0,-8781*w + 85019,-1456698071*w + 14099059943]
Isogeny class  12.1-h
Curve [1,w,w + 1,26,2*w - 16]
Isogeny class  12.1-i
Curve [1,w + 1,w,-611469563735*w + 5918279307898,-396615197484523422*w + 3838751191668359124]
Isogeny class  12.1-j
Curve [1,1,1,-3*w - 27,-10*w - 87]
Isogeny class  12.3-a
Curve [w,w - 1,w,-21*w - 192,-73*w - 624]
Isogeny class  12.2-a
Curve [1,w - 1,0,-6106004*w - 52992635,-13698903656*w - 118889769395]
Isogeny class  12.2-b
Curve [1,0,1,27494272*w - 266111007,213326491008*w - 2064740148046]
Isogeny class  12.2-c
Curve [1,0,0,-7098*w + 68700,-230272*w + 2228752]
Isogeny class  12.2-d
Curve [1,-w - 1,w + 1,3057234*w - 29590264,8800046269*w - 85173710801]
Isogeny class  12.2-e
Curve [1,-w - 1,w + 1,-6170158829*w - 53549450248,-799190560106542*w - 6935998949616681]
Isogeny class  12.2-f
Curve [1,w - 1,w + 1,-6870434109710819477*w - 59626985286227740264,26551956998745047083051956340*w + 230438590051678837141549587511]
Isogeny class  12.2-g
Curve [1,w - 1,0,8781*w + 76238,1456698071*w + 12642361872]
Isogeny class  12.2-h
Curve [1,-w + 1,w,-w + 27,-3*w - 13]
Isogeny class  12.2-i
Curve [1,-w - 1,w,611469563736*w + 5306809744162,396614586014959686*w + 3442130687374091540]
Isogeny class  12.2-j
Curve [1,1,1,3*w - 30,10*w - 97]
Isogeny class  12.6-a
Curve [w + 1,w,w + 1,62*w - 171,-78*w + 2789]

Total time: 63.369 seconds, Total memory usage: 88.09MB
