Magma V2.21-3     Mon Jun  1 2015 11:29:08 on atkin    [Seed = 3990297268]
Type ? for help.  Type <Ctrl>-D to quit.
Field 2.2.233.1
Isogeny class  2.1-a
Curve [w + 1,0,1,927211*w - 7540096,24963534685*w - 203007676600]
Isogeny class  2.2-a
Curve [w,-w + 1,1,-927212*w - 6612884,-24963534685*w - 178044141915]
Isogeny class  4.1-a
Curve [1,-1,1,-55429669*w - 395333754,-619296480248*w - 4416927010369]
Curve [1,-1,1,55429669*w - 450763423,619296480248*w - 5036223490617]
Isogeny class  4.1-b
Curve [1,w + 1,w + 1,1214*w + 8673,-37302*w - 266061]
Curve [1,-w + 2,-w + 2,-1214*w + 9887,37302*w - 303363]
Isogeny class  8.1-a
Curve [w,-1,w,-19296*w - 137602,-4162450*w - 29687249]
Isogeny class  8.1-b
Curve [w,1,0,-4190268*w + 34076069,-45057515215*w + 366415317890]
Isogeny class  8.1-c
Curve [w,-w - 1,0,-1577*w - 11129,-103928*w - 740984]
Isogeny class  8.1-d
Curve [w,w - 1,0,-2400189*w - 17118546,5572954097*w + 39747249122]
Isogeny class  8.1-e
Curve [w,-1,w,12*w - 50,94*w - 641]
Isogeny class  8.2-a
Curve [w + 1,-w - 1,w + 1,19294*w - 156898,4162449*w - 33849699]
Isogeny class  8.2-b
Curve [w + 1,-w + 1,0,4190268*w + 29885801,45057515215*w + 321357802675]
Isogeny class  8.2-c
Curve [w + 1,1,w + 1,1577*w - 12707,105505*w - 857619]
Isogeny class  8.2-d
Curve [w + 1,w,0,2400219*w - 19518706,-5590072643*w + 45459415022]
Isogeny class  8.2-e
Curve [w + 1,-w - 1,w + 1,-14*w - 38,-95*w - 547]
Isogeny class  9.1-a
Curve [w,-1,1,15377*w - 124972,-2805341*w + 22813645]
Isogeny class  9.1-b
Curve [w + 1,-w - 1,1,-15378*w - 109595,2805341*w + 20008304]
Isogeny class  13.1-a
Curve [w + 1,-w - 1,w,-57*w - 348,-658*w - 4567]
Isogeny class  13.1-b
Curve [w + 1,-1,1,70272*w - 571337,-42788527*w + 347963812]
Isogeny class  13.2-a
Curve [w,-1,w + 1,55*w - 404,657*w - 5225]
Isogeny class  13.2-b
Curve [w,-w,1,-70273*w - 501064,42788527*w + 305175285]
Isogeny class  14.1-a
Curve [w,-w,w + 1,16684570467*w - 135681742760,-3973875075855982*w + 32316222752933831]
Isogeny class  14.1-b
Curve [w,w + 1,1,-16184*w - 115409,-6236862*w - 44482342]
Isogeny class  14.2-a
Curve [1,w - 1,0,-1337*w - 9515,69836*w + 498064]
Isogeny class  14.2-b
Curve [1,w + 1,0,w + 19,2*w + 6]
Isogeny class  14.2-c
Curve [1,w,0,-15886990*w - 113308678,95170985461*w + 678775529469]
Isogeny class  14.2-d
Curve [w,w,1,-409968*w - 2923947,-1326197897*w - 9458667206]
Isogeny class  14.4-a
Curve [w + 1,-1,w,-16684570469*w - 118997172292,3973875075855981*w + 28342347677077850]
Isogeny class  14.4-b
Curve [w + 1,w - 1,w,16213*w - 131623,6105239*w - 49648039]
Isogeny class  14.3-a
Curve [1,-w,0,1337*w - 10852,-69836*w + 567900]
Isogeny class  14.3-b
Curve [1,-w - 1,1,w + 18,-2*w - 11]
Isogeny class  14.3-c
Curve [1,-w + 1,0,15886990*w - 129195668,-95170985461*w + 773946514930]
Isogeny class  14.3-d
Curve [w + 1,w + 1,1,409999*w - 3333886,1323273951*w - 10761086089]
Isogeny class  16.1-a
Curve [0,-w,0,136*w - 1084,-2056*w + 16700]
Isogeny class  16.1-b
Curve [0,w - 1,0,-136*w - 948,2056*w + 14644]
Isogeny class  16.1-c
Curve [0,-w + 1,0,-234184347*w - 1670242262,7358337486852*w + 52480904758384]
Isogeny class  16.2-a
Curve [w + 1,w - 1,w + 1,22593518*w - 183734082,-180205879737*w + 1465464626579]
Isogeny class  16.4-a
Curve [0,w,w,23*w - 165,-3069*w + 24961]
Isogeny class  16.3-a
Curve [w,w + 1,0,-22593489*w - 161140562,180022145655*w + 1283948323582]
Isogeny class  16.5-a
Curve [0,-w + 1,w + 1,-23*w - 142,3068*w + 21892]
Isogeny class  18.1-a
Curve [1,0,0,-5077*w - 36210,-544062*w - 3880342]
Isogeny class  18.2-a
Curve [1,0,0,5077*w - 41287,544062*w - 4424404]
Isogeny class  26.1-a
Curve [w + 1,w + 1,1,-48178*w - 343607,15391269*w + 109773129]
Isogeny class  26.1-b
Curve [w + 1,0,1,-22634*w - 161397,4961078*w + 35383276]
Isogeny class  26.1-c
Curve [w + 1,w + 1,w,19*w + 106,66*w + 424]
Isogeny class  26.2-a
Curve [1,w,w,3*w - 5,3*w - 19]
Isogeny class  26.2-b
Curve [1,1,0,-526*w - 3751,-18371*w - 131025]
Isogeny class  26.2-c
Curve [1,w,1,-4504*w - 32108,-469806*w - 3350748]
Isogeny class  26.2-d
Curve [w + 1,-1,1,-21550*w + 175375,-2399157*w + 19510639]
Isogeny class  26.4-a
Curve [w,w,1,48209*w - 391845,-15783113*w + 128351494]
Isogeny class  26.4-b
Curve [w,-w + 1,1,22633*w - 184030,-4961078*w + 40344354]
Isogeny class  26.4-c
Curve [w,w,w + 1,11*w + 65,28*w + 192]
Isogeny class  26.3-a
Curve [1,-w + 1,w + 1,-4*w - 2,-4*w - 16]
Isogeny class  26.3-b
Curve [1,1,0,526*w - 4277,18371*w - 149396]
Isogeny class  26.3-c
Curve [1,-w + 1,1,4504*w - 36612,469806*w - 3820554]
Isogeny class  26.3-d
Curve [w,-w,1,21549*w + 153826,2399157*w + 17111482]
Isogeny class  28.1-a
Curve [1,w,1,-1069*w - 7609,49583*w + 353622]
Isogeny class  28.1-b
Curve [1,1,w + 1,-106667*w + 867430,82769666*w - 673096913]
Isogeny class  28.1-c
Curve [1,-w - 1,1,-13*w - 80,117*w + 843]
Isogeny class  28.1-d
Curve [1,-w + 1,w,117764*w - 957665,-55642979*w + 452498067]
Isogeny class  28.1-e
Curve [1,-1,1,96*w - 781,-1432*w + 11645]
Isogeny class  28.1-f
Curve [1,-1,w,-11*w + 58,-33*w + 318]
Isogeny class  28.1-g
Curve [1,-w + 1,1,-1104*w - 7851,57657*w + 411241]
Isogeny class  28.1-h
Curve [1,-w,1,-2641658*w - 18840733,-6536350281*w - 46618353272]
Isogeny class  28.1-i
Curve [1,w - 1,w + 1,40*w - 322,-509*w + 4095]
Isogeny class  28.1-j
Curve [1,0,w + 1,78494*w - 638331,-33043397*w + 268714460]
Isogeny class  28.1-k
Curve [1,-1,1,-246425*w - 1757545,220608584*w + 1573417651]
Isogeny class  28.1-l
Curve [1,-w - 1,1,-6337103*w - 45197275,-14378657525*w - 102551012019]
Isogeny class  28.1-m
Curve [1,0,w + 1,2287410997*w + 16314201260,235187924890803*w + 1677399970926300]
Isogeny class  28.1-n
Curve [1,1,0,-927*w - 6611,-91989*w - 656081]
Isogeny class  28.3-a
Curve [0,0,w + 1,-18571113*w - 132452312,121717395282*w + 868109004320]
Isogeny class  28.2-a
Curve [1,-w + 1,1,1069*w - 8678,-49583*w + 403205]
Isogeny class  28.2-b
Curve [1,1,w,106666*w + 760764,-82769667*w - 590327246]
Isogeny class  28.2-c
Curve [1,w + 1,0,15*w - 93,-103*w + 867]
Isogeny class  28.2-d
Curve [1,w,w + 1,-117765*w - 839901,55642978*w + 396855088]
Isogeny class  28.2-e
Curve [1,-1,1,-96*w - 685,1432*w + 10213]
Isogeny class  28.2-f
Curve [1,-1,w + 1,10*w + 47,32*w + 285]
Isogeny class  28.2-g
Curve [1,w,1,1104*w - 8955,-57657*w + 468898]
Isogeny class  28.2-h
Curve [1,w - 1,1,2641658*w - 21482391,6536350281*w - 53154703553]
Isogeny class  28.2-i
Curve [1,-w,w,-41*w - 281,508*w + 3587]
Isogeny class  28.2-j
Curve [1,0,w,-78495*w - 559836,33043396*w + 235671064]
Isogeny class  28.2-k
Curve [1,-1,1,246425*w - 2003970,-220608584*w + 1794026235]
Isogeny class  28.2-l
Curve [1,w + 1,0,6337105*w - 51534378,14384994629*w - 116981203922]
Isogeny class  28.2-m
Curve [1,0,w,-2287410998*w + 18601612258,-235187924890804*w + 1912587895817104]
Isogeny class  28.2-n
Curve [1,1,0,927*w - 7538,91989*w - 748070]
Isogeny class  28.6-a
Curve [0,0,w,18571113*w - 151023425,-121717395283*w + 989826399603]
Isogeny class  32.1-a
Curve [0,-1,0,-92*w - 656,-1332*w - 9500]
Isogeny class  32.3-a
Curve [w + 1,-1,0,-4816*w - 34325,1052*w + 7525]
Isogeny class  32.3-b
Curve [w + 1,0,w + 1,14174*w + 101102,-10049828*w - 71677048]
Isogeny class  32.3-c
Curve [w + 1,1,0,-1347*w - 9571,65011*w + 463711]
Isogeny class  32.3-d
Curve [w + 1,-1,w + 1,5*w + 49,15*w + 147]
Isogeny class  32.3-e
Curve [w + 1,1,0,39207*w + 279667,-7971049*w - 56850825]
Isogeny class  32.3-f
Curve [w + 1,-w,w + 1,-31892580*w + 259355855,152914609369*w - 1243527409392]
Isogeny class  32.3-g
Curve [w + 1,-w + 1,w + 1,-46998*w - 335114,1602495*w + 11429455]
Isogeny class  32.3-h
Curve [w + 1,w,w + 1,17*w + 104,61*w + 426]
Isogeny class  32.3-i
Curve [w + 1,-w,w + 1,2237*w - 18179,171866*w - 1397586]
Isogeny class  32.5-a
Curve [w + 1,-w,w + 1,-4*w + 44,-7*w + 109]
Isogeny class  32.5-b
Curve [w + 1,w + 1,w + 1,-30433720*w + 247492405,1588577010168*w - 12918576335930]
Isogeny class  32.2-a
Curve [0,-1,0,92*w - 748,1332*w - 10832]
Isogeny class  32.4-a
Curve [w,-w,0,4816*w - 39141,-1052*w + 8577]
Isogeny class  32.4-b
Curve [w,-w + 1,w,-14176*w + 115278,10049827*w - 81726875]
Isogeny class  32.4-c
Curve [w,-w - 1,w,315946*w - 2569341,274451581*w - 2231886575]
Isogeny class  32.4-d
Curve [w,-w,w,-7*w + 56,-16*w + 163]
Isogeny class  32.4-e
Curve [w,-w - 1,w,-39206*w + 318815,8010255*w - 65140747]
Isogeny class  32.4-f
Curve [w,0,w,31892578*w + 227463277,-152914609370*w - 1090612800022]
Isogeny class  32.4-g
Curve [w,1,w,46996*w - 382110,-1602496*w + 13031951]
Isogeny class  32.4-h
Curve [w,w - 1,w,11*w + 64,31*w + 221]
Isogeny class  32.4-i
Curve [w,-w + 1,w,794111071*w + 5663734293,-21758436429051*w - 155184840592313]
Isogeny class  32.6-a
Curve [w,0,w,2*w + 42,6*w + 103]
Isogeny class  32.6-b
Curve [w,w,w,30433750*w + 217058626,-1588359951513*w - 11328451227787]
Isogeny class  36.2-a
Curve [w + 1,0,0,-1159375544*w - 8268862008,-59359932072965*w - 423365053199913]
Isogeny class  36.3-a
Curve [w,-w + 1,0,1159375544*w - 9428237552,59359932072965*w - 482724985272878]
Isogeny class  38.1-a
Curve [w + 1,w - 1,1,-12*w + 354,470*w - 3011]
Isogeny class  38.2-a
Curve [w + 1,-1,w,-6*w - 41,-126*w - 889]
Isogeny class  38.4-a
Curve [w,w + 1,w + 1,41*w + 285,-145*w - 1033]
Isogeny class  38.3-a
Curve [w,-w,w + 1,4*w - 46,125*w - 1015]
Isogeny class  46.1-a
Curve [1,1,w + 1,-3672154*w + 29862572,-19970326120*w + 162402062204]
Isogeny class  46.2-a
Curve [w,-w,w + 1,-439125*w + 3571025,-3425981659*w + 27860661025]
Isogeny class  46.2-b
Curve [1,-1,0,-39224*w - 279752,-11652133*w - 83104979]
Isogeny class  46.2-c
Curve [1,0,w,-8*w + 61,344*w - 2814]
Isogeny class  46.4-a
Curve [1,1,w,3672153*w + 26190419,19970326119*w + 142431736085]
Isogeny class  46.3-a
Curve [w + 1,-1,w,439123*w + 3131901,3425981658*w + 24434679367]
Isogeny class  46.3-b
Curve [1,-1,0,39224*w - 318976,11652133*w - 94757112]
Isogeny class  46.3-c
Curve [1,0,w + 1,7*w + 53,-345*w - 2470]
Isogeny class  49.1-a
Curve [1,-w + 1,w,28*w - 216,306*w - 2517]
Curve [1,w,-w + 1,-28*w - 188,-306*w - 2211]
Isogeny class  50.1-a
Curve [1,-w - 1,w + 1,-39863*w - 284293,12101292*w + 86308457]
Isogeny class  50.2-a
Curve [1,w + 1,w + 1,39864*w - 324156,-12061430*w + 98085594]
Isogeny class  52.1-a
Curve [1,w + 1,1,-38*w - 260,1345*w + 9585]
Isogeny class  52.1-b
Curve [1,-1,1,w - 13,-18*w + 151]
Isogeny class  52.1-c
Curve [1,-w - 1,w + 1,241958973*w - 1967651180,-4786999530168*w + 38928688039241]
Isogeny class  52.3-a
Curve [0,1,w,426*w - 3464,-22634*w + 184047]
Isogeny class  52.3-b
Curve [0,-1,w,-343*w - 2446,7882*w + 56203]
Isogeny class  52.4-a
Curve [w,-w - 1,w,-3783*w - 26888,339730*w + 2423247]
Isogeny class  52.4-b
Curve [w,1,w,15854*w - 128858,3073783*w - 24996339]
Isogeny class  52.2-a
Curve [1,-w - 1,0,40*w - 299,-1384*w + 11229]
Isogeny class  52.2-b
Curve [1,-1,1,-w - 12,18*w + 133]
Isogeny class  52.2-c
Curve [1,w + 1,w + 1,-241958972*w - 1725692207,4786757571194*w + 34139962816867]
Isogeny class  52.6-a
Curve [0,1,w + 1,-426*w - 3038,22633*w + 161413]
Isogeny class  52.6-b
Curve [0,-1,w + 1,343*w - 2789,-7883*w + 64085]
Isogeny class  52.5-a
Curve [w + 1,1,0,3784*w - 30613,-335947*w + 2732364]
Isogeny class  52.5-b
Curve [w + 1,-w + 1,w + 1,-15856*w - 113004,-3073784*w - 21922556]

Total time: 330.819 seconds, Total memory usage: 119.47MB
