Magma V2.21-4     Wed Jun  3 2015 16:01:49 on atkin    [Seed = 1566953373]
Type ? for help.  Type <Ctrl>-D to quit.
Field 2.2.473.1
Isogeny class  1.1-a
Curve [0,0,0,-10368*w - 107568,-1994544*w - 20691936]
Isogeny class  1.1-b
Curve [0,0,0,-135255663*w - 1403180334,-9054289829682*w - 93931752249540]
Isogeny class  1.1-c
Curve [0,0,0,-4455*w - 46494,1718982*w + 17831340]
Isogeny class  1.1-d
Curve [0,0,0,383408640*w - 4361273280,-13476535724736*w + 153285856487568]
Curve [0,0,0,-383408640*w - 3977864640,13476535724736*w + 139809320762832]
Isogeny class  1.1-e
Curve [0,0,0,-313891200*w - 3256395696,10506258432144*w + 108994883384736]
Isogeny class  2.1-a
Curve [0,0,0,-901950640128*w - 9357089918976,-1537650450979356672*w - 15952018758478331904]
Isogeny class  2.1-b
Curve [0,0,0,-26873856*w - 342282240,279534108672*w + 3169180975104]
Isogeny class  2.2-a
Curve [0,0,0,-88371523584*w - 916791091200,-65203974481379328*w - 676444391762558976]
Isogeny class  2.2-b
Curve [0,0,0,26873856*w - 369156096,-279534108672*w + 3448715083776]

Total time: 4.169 seconds, Total memory usage: 56.06MB
