Magma V2.21-3     Mon Jun  1 2015 11:35:35 on atkin    [Seed = 3722861623]
Type ? for help.  Type <Ctrl>-D to quit.
Field 2.2.237.1
Isogeny class  16.1-a
Curve [0,-w - 1,0,w + 20,6*w - 78]
Curve [0,w - 2,0,-w + 21,-6*w - 72]
Isogeny class  19.1-a
Curve [w + 1,-1,1,8*w + 65,24*w + 105]
Isogeny class  19.1-b
Curve [w,w + 1,w + 1,-40*w - 295,153*w + 1103]
Isogeny class  19.2-a
Curve [w,-w,1,-9*w + 74,-24*w + 129]
Isogeny class  19.2-b
Curve [w + 1,w - 1,0,70*w - 306,-489*w + 4852]
Isogeny class  39.1-a
Curve [0,-w,w + 1,-128*w - 904,-1845*w - 13275]
Isogeny class  39.1-b
Curve [w + 1,-1,1,2084*w - 16953,-137012*w + 1123443]
Isogeny class  39.1-c
Curve [w,0,w,2*w + 44,6*w + 109]
Isogeny class  39.1-d
Curve [w,w + 1,w,277*w - 2079,7107*w - 57625]
Isogeny class  39.1-e
Curve [1,1,w,-31*w - 219,4974*w + 35787]
Isogeny class  39.1-f
Curve [1,-w,0,w + 25,6*w + 57]
Isogeny class  39.1-g
Curve [0,-1,w + 1,0,-21]
Isogeny class  39.1-h
Curve [w,w + 1,w + 1,-114*w - 833,-3297*w - 23745]
Isogeny class  39.2-a
Curve [0,w - 1,w,128*w - 1032,1844*w - 15119]
Isogeny class  39.2-b
Curve [w,-w,1,-2085*w - 14868,137012*w + 986431]
Isogeny class  39.2-c
Curve [w + 1,-w,w + 1,-4*w + 46,-7*w + 115]
Isogeny class  39.2-d
Curve [w + 1,w - 1,1,-247*w - 1774,-8910*w - 64129]
Isogeny class  39.2-e
Curve [1,1,w + 1,30*w - 250,-4975*w + 40761]
Isogeny class  39.2-f
Curve [1,w - 1,0,-w + 26,-6*w + 63]
Isogeny class  39.2-g
Curve [0,-1,w,0,-w - 20]
Isogeny class  39.2-h
Curve [w + 1,w - 1,0,144*w - 918,2349*w - 18468]
Isogeny class  47.1-a
Curve [0,-w - 1,w,w + 18,-2*w - 22]
Isogeny class  47.1-b
Curve [0,w + 1,w,771*w - 6292,18009*w - 147615]
Isogeny class  47.2-a
Curve [0,w + 1,w + 1,w + 18,w - 6]
Isogeny class  47.2-b
Curve [0,-w - 1,w + 1,-769*w - 5522,-17240*w - 124084]
Isogeny class  53.1-a
Curve [w + 1,w,w,7*w + 30,-94*w - 689]
Isogeny class  53.1-b
Curve [1,0,w + 1,2*w - 21,-97*w + 774]
Isogeny class  53.2-a
Curve [w,w - 1,w,22*w - 22,101*w - 333]
Isogeny class  53.2-b
Curve [1,0,w,-3*w - 18,96*w + 678]
Isogeny class  57.1-a
Curve [w,-w - 1,0,-7*w + 72,-17*w + 139]
Isogeny class  57.1-b
Curve [w + 1,-w + 1,w + 1,-68*w + 580,7773*w - 63639]
Isogeny class  57.2-a
Curve [w + 1,1,w + 1,7*w + 64,24*w + 186]
Isogeny class  57.2-b
Curve [w,1,w,66*w + 514,-7774*w - 55865]
Isogeny class  64.1-a
Curve [0,w - 1,0,285*w - 2319,4315*w - 35358]
Isogeny class  64.1-b
Curve [0,-1,0,-3*w - 22,-7*w - 50]
Isogeny class  64.1-c
Curve [0,-w,0,-285*w - 2034,-4315*w - 31043]
Isogeny class  64.1-d
Curve [0,-1,0,3*w - 25,7*w - 57]
Isogeny class  68.1-a
Curve [1,w,0,-274*w - 1956,6152*w + 44266]
Isogeny class  68.1-b
Curve [1,w + 1,w,-235*w - 1676,6412*w + 46129]
Isogeny class  68.1-c
Curve [w + 1,w + 1,0,253*w - 1767,-5036*w + 42317]
Isogeny class  68.1-d
Curve [w,-w,w,-7*w + 59,-14*w + 189]
Isogeny class  68.1-e
Curve [w,1,w,2*w + 55,6*w + 139]
Isogeny class  68.1-f
Curve [w,w,0,13*w + 101,37*w + 269]
Isogeny class  68.1-g
Curve [w + 1,w - 1,w + 1,28*w - 4,88*w + 101]
Isogeny class  68.1-h
Curve [w,w,1,10*w + 86,23*w + 171]
Isogeny class  68.2-a
Curve [1,-w + 1,0,274*w - 2230,-6152*w + 50418]
Isogeny class  68.2-b
Curve [1,-w - 1,w,236*w - 1912,-6648*w + 54453]
Isogeny class  68.2-c
Curve [w,w,1,-221*w - 1576,3461*w + 24917]
Isogeny class  68.2-d
Curve [w + 1,-1,w + 1,5*w + 52,13*w + 175]
Isogeny class  68.2-e
Curve [w + 1,-w + 1,w + 1,-4*w + 57,-7*w + 145]
Isogeny class  68.2-f
Curve [w + 1,w + 1,1,19*w + 143,65*w + 468]
Isogeny class  68.2-g
Curve [w,w + 1,1,w + 26,-92*w - 651]
Isogeny class  68.2-h
Curve [w + 1,w + 1,0,22*w + 126,64*w + 504]

Total time: 112.430 seconds, Total memory usage: 87.44MB
