Magma V2.21-3     Sat May 30 2015 18:52:03 on atkin    [Seed = 3405107587]
Type ? for help.  Type <Ctrl>-D to quit.
Field 2.2.89.1
Isogeny class  2.1-a
Curve [w + 1,-w - 1,w,1515*w - 7916,-99637*w + 519800]
Isogeny class  2.2-a
Curve [w,-1,w + 1,-1517*w - 6400,99636*w + 420163]
Isogeny class  4.1-a
Curve [1,w,w + 1,715*w + 3022,1995*w + 8408]
Curve [1,-w + 1,-w + 2,-715*w + 3737,-1995*w + 10403]
Isogeny class  4.1-b
Curve [1,-1,0,-72875*w - 307313,20764677*w + 87564447]
Curve [1,-1,0,72875*w - 380188,-20764677*w + 108329124]
Isogeny class  4.2-a
Curve [w + 1,-w - 1,w + 1,-14*w - 53,34*w + 148]
Isogeny class  4.3-a
Curve [w,-1,w,12*w - 65,-35*w + 183]
Isogeny class  8.1-a
Curve [w,-w - 1,w,-8316*w + 43371,324545*w - 1693155]
Isogeny class  8.2-a
Curve [w + 1,1,0,8317*w + 35077,-316229*w - 1333533]
Isogeny class  10.1-a
Curve [1,w - 1,1,-w + 11,2*w - 8]
Isogeny class  10.1-b
Curve [1,w - 1,1,-289*w - 1211,5248*w + 22126]
Isogeny class  10.2-a
Curve [w,-w - 1,1,19676*w - 102652,-7387714*w + 38541634]
Isogeny class  10.4-a
Curve [1,-w,1,w + 10,-2*w - 6]
Isogeny class  10.4-b
Curve [1,-w,1,289*w - 1500,-5248*w + 27374]
Isogeny class  10.3-a
Curve [w + 1,1,w,-19676*w - 82976,7368038*w + 31070944]
Isogeny class  16.2-a
Curve [w + 1,w - 1,w + 1,6*w + 15,9*w + 49]
Isogeny class  16.2-b
Curve [w + 1,-w,0,35147*w + 148230,-6225753*w - 26253930]
Isogeny class  16.2-c
Curve [w + 1,-1,0,w + 5,-5*w - 21]
Isogeny class  16.4-a
Curve [w,0,w,-1842*w - 7770,96300*w + 406095]
Isogeny class  16.4-b
Curve [0,1,w,-29330*w - 123684,-5955681*w - 25115055]
Isogeny class  16.3-a
Curve [w,w + 1,0,5*w + 23,6*w + 26]
Isogeny class  16.3-b
Curve [w,0,0,-35147*w + 183377,6225753*w - 32479683]
Isogeny class  16.3-c
Curve [w,-w,0,-w + 6,5*w - 26]
Isogeny class  16.5-a
Curve [w + 1,-w,w + 1,1840*w - 9612,-96301*w + 502395]
Isogeny class  16.5-b
Curve [0,1,w + 1,29330*w - 153014,5955680*w - 31070736]
Isogeny class  18.1-a
Curve [1,w - 1,w,-85208*w - 359311,26726360*w + 112704799]
Isogeny class  18.1-b
Curve [w + 1,w,w,676*w - 3474,20138*w - 104980]
Isogeny class  18.2-a
Curve [1,-w,w + 1,85207*w - 444519,-26726361*w + 139431159]
Isogeny class  18.2-b
Curve [w,w - 1,w + 1,-666*w - 2820,-22948*w - 96784]
Isogeny class  20.1-a
Curve [1,w + 1,1,-261041*w - 1100805,155406195*w + 655346457]
Isogeny class  20.1-b
Curve [1,0,0,-201207*w - 848488,82209021*w + 346674666]
Isogeny class  20.1-c
Curve [1,w + 1,1,20708*w - 108020,3454315*w - 18021119]
Isogeny class  20.1-d
Curve [1,1,w,76708*w - 400187,22388440*w - 116800287]
Isogeny class  20.1-e
Curve [1,0,1,19206*w - 100198,-3144442*w + 16404524]
Isogeny class  20.4-a
Curve [w,-w - 1,w,-40*w - 158,211*w + 902]
Isogeny class  20.4-b
Curve [w,-w,w,-678*w - 2843,-20907*w - 88145]
Isogeny class  20.2-a
Curve [1,-w - 1,0,261043*w - 1361847,-155667237*w + 812114499]
Isogeny class  20.2-b
Curve [1,0,0,201207*w - 1049695,-82209021*w + 428883687]
Isogeny class  20.2-c
Curve [1,-w - 1,0,-20706*w - 87313,-3433608*w - 14479491]
Isogeny class  20.2-d
Curve [1,1,w + 1,-76709*w - 323479,-22388441*w - 94411847]
Isogeny class  20.2-e
Curve [1,0,1,-19206*w - 80992,3144442*w + 13260082]
Isogeny class  20.5-a
Curve [w + 1,1,0,41*w - 176,-171*w + 937]
Isogeny class  20.5-b
Curve [w + 1,-1,w + 1,676*w - 3521,20906*w - 109052]
Isogeny class  22.1-a
Curve [w + 1,-w + 1,1,22*w - 108,-75*w + 397]
Isogeny class  22.2-a
Curve [1,-w - 1,0,92*w + 392,2085*w + 8794]
Isogeny class  22.2-b
Curve [1,w - 1,1,-13709*w - 57803,-2126416*w - 8967081]
Isogeny class  22.2-c
Curve [w + 1,-1,w,32*w + 129,-9423*w - 39741]
Isogeny class  22.4-a
Curve [w,1,1,-23*w - 85,75*w + 322]
Isogeny class  22.3-a
Curve [1,w + 1,1,-90*w + 483,-2176*w + 11362]
Isogeny class  22.3-b
Curve [1,-w,1,13709*w - 71512,2126416*w - 11093497]
Isogeny class  22.3-c
Curve [w,-w,w + 1,-34*w + 162,9422*w - 49164]
Isogeny class  25.1-a
Curve [1,-w - 1,w + 1,90542*w - 472348,-19571351*w + 102103536]
Isogeny class  32.3-a
Curve [w,-w - 1,0,-528*w - 2207,12615*w + 53214]
Isogeny class  32.3-b
Curve [w,w,0,3*w + 13,-5*w - 21]
Isogeny class  32.3-c
Curve [w,-1,w,-6019*w - 25387,-3521370*w - 14849587]
Isogeny class  32.3-d
Curve [w,w - 1,w,-149643*w + 780713,5455485*w - 28461171]
Isogeny class  32.3-e
Curve [w,w - 1,0,10*w + 37,25*w + 102]
Isogeny class  32.3-f
Curve [w,-w + 1,0,-14*w - 28,50*w + 244]
Isogeny class  32.3-g
Curve [w,-w - 1,0,-3*w + 7,-4*w]
Isogeny class  32.4-a
Curve [w + 1,1,w + 1,528*w - 2736,2197539*w - 11464505]
Isogeny class  32.4-b
Curve [w + 1,w + 1,0,11*w + 27,19*w + 51]
Isogeny class  32.4-c
Curve [w + 1,-w - 1,w + 1,6017*w - 31406,3521369*w - 18370957]
Isogeny class  32.4-d
Curve [w + 1,w,w + 1,149653*w + 631081,-4674762*w - 19713430]
Isogeny class  32.4-e
Curve [w + 1,-w - 1,w + 1,1585147*w + 6684556,-70404497*w - 296895095]
Isogeny class  32.4-f
Curve [w + 1,0,0,14*w - 42,-50*w + 294]
Isogeny class  32.4-g
Curve [w + 1,1,w + 1,3*w + 3,7*w - 1]
Isogeny class  34.2-a
Curve [w,0,1,40146*w + 169304,-5261473*w - 22187579]
Isogeny class  34.2-b
Curve [w,-w,w + 1,-139*w - 568,-5338*w - 22489]
Isogeny class  34.3-a
Curve [w + 1,-w,1,-40147*w + 209450,5261473*w - 27449052]
Isogeny class  34.3-b
Curve [w + 1,-1,w,137*w - 706,5337*w - 27826]
Isogeny class  36.1-a
Curve [1,w + 1,1,135*w - 691,-961*w + 5023]
Isogeny class  36.1-b
Curve [1,-w - 1,0,-133*w - 557,1095*w + 4619]
Isogeny class  40.1-a
Curve [w + 1,-w - 1,w + 1,5*w - 47,133*w - 703]
Isogeny class  40.1-b
Curve [w + 1,w - 1,w + 1,4359*w - 22696,-343447*w + 1791849]
Isogeny class  40.1-c
Curve [w + 1,w - 1,w + 1,4*w + 24,15*w + 11]
Isogeny class  40.1-d
Curve [w + 1,-w + 1,w + 1,88*w + 348,497*w + 1877]
Isogeny class  40.2-a
Curve [w + 1,w - 1,0,14*w - 13,23*w - 37]
Isogeny class  40.2-b
Curve [w + 1,-1,w + 1,-5395*w - 22755,-482383*w - 2034207]
Isogeny class  40.2-c
Curve [w + 1,w,w + 1,-1959047*w - 8261287,-3251357698*w - 13710944742]
Isogeny class  40.2-d
Curve [w + 1,0,w + 1,-439*w - 1874,-12428*w - 52462]
Isogeny class  40.5-a
Curve [w + 1,-w,w + 1,227*w - 1197,-3191*w + 16641]
Isogeny class  40.5-b
Curve [0,-w + 1,w + 1,9,-2*w - 6]
Isogeny class  40.5-c
Curve [w + 1,-w,w + 1,57824*w - 301680,-2178327*w + 11364305]
Isogeny class  40.6-a
Curve [w,-w - 1,w,2*w - 25,-2*w + 3]
Isogeny class  40.6-b
Curve [w,0,w,-2,-1]
Isogeny class  40.4-a
Curve [w,-1,w,-7*w - 40,-134*w - 569]
Isogeny class  40.4-b
Curve [w,w + 1,0,-4348*w - 18335,320751*w + 1352604]
Isogeny class  40.4-c
Curve [w,w + 1,0,7*w + 30,9*w + 38]
Isogeny class  40.4-d
Curve [w,1,w,-90*w + 438,-498*w + 2375]
Isogeny class  40.3-a
Curve [w,w + 1,w,-2*w - 21,-47*w - 201]
Isogeny class  40.3-b
Curve [w,-w,w,5393*w - 28148,482382*w - 2516589]
Isogeny class  40.3-c
Curve [w,w - 1,w,1959057*w - 10220355,3241137353*w - 16908982951]
Isogeny class  40.3-d
Curve [w,-w + 1,w,437*w - 2311,12427*w - 64889]
Isogeny class  40.8-a
Curve [w,0,w,-229*w - 968,3190*w + 13451]
Isogeny class  40.8-b
Curve [0,w,w,9,w - 7]
Isogeny class  40.8-c
Curve [w,0,w,-57826*w - 243854,2178326*w + 9185979]
Isogeny class  40.7-a
Curve [w + 1,1,0,-w - 1,0]
Isogeny class  40.7-b
Curve [w + 1,-w,w + 1,-2*w - 2,-w - 1]
Isogeny class  44.1-a
Curve [1,-1,0,13*w + 55,2355*w + 9931]
Isogeny class  44.1-b
Curve [1,-w + 1,0,-26*w - 102,188*w + 796]
Isogeny class  44.1-c
Curve [1,-w - 1,w + 1,113543*w - 592344,45371712*w - 236703811]
Isogeny class  44.1-d
Curve [1,w,1,7*w + 38,29*w + 114]
Isogeny class  44.1-e
Curve [1,-w - 1,1,-7*w - 26,229*w + 967]
Isogeny class  44.3-a
Curve [0,w,w,-631*w - 2655,17693*w + 74604]
Isogeny class  44.3-b
Curve [0,w,w,-w + 1,-6]
Isogeny class  44.2-a
Curve [1,-1,0,-13*w + 68,-2355*w + 12286]
Isogeny class  44.2-b
Curve [1,w,0,26*w - 128,-188*w + 984]
Isogeny class  44.2-c
Curve [1,w + 1,w + 1,-113542*w - 478801,-45485256*w - 191810899]
Isogeny class  44.2-d
Curve [1,-w + 1,1,-7*w + 45,-29*w + 143]
Isogeny class  44.2-e
Curve [1,w + 1,0,9*w - 33,-221*w + 1163]
Isogeny class  44.6-a
Curve [0,-w + 1,w + 1,631*w - 3286,-17694*w + 92297]
Isogeny class  44.6-b
Curve [0,-w + 1,w + 1,w,-w - 6]
Isogeny class  45.1-a
Curve [0,-w + 1,1,55*w + 241,-2719*w - 11461]
Isogeny class  45.1-b
Curve [0,-w + 1,1,-w + 4,-w - 1]
Isogeny class  45.2-a
Curve [0,w,1,-55*w + 296,2719*w - 14180]
Isogeny class  45.2-b
Curve [0,w,1,w + 3,w - 2]
Isogeny class  47.1-a
Curve [0,-1,1,-7667*w + 39999,-2182428*w + 11385706]
Isogeny class  47.2-a
Curve [0,-1,1,7667*w + 32332,2182428*w + 9203278]
Isogeny class  49.1-a
Curve [1,-w - 1,w,1309542*w - 6831859,1773509445*w - 9252382058]
Isogeny class  50.1-a
Curve [1,w,w + 1,22*w - 108,-151*w + 784]
Isogeny class  50.1-b
Curve [w + 1,1,1,-16*w - 61,40*w + 171]
Isogeny class  50.1-c
Curve [w + 1,0,1,-32*w + 195,-206*w + 1108]
Isogeny class  50.3-a
Curve [1,w,w + 1,3*w - 28,-24*w + 80]
Isogeny class  50.3-b
Curve [w + 1,w - 1,w,32*w - 119,-249*w + 1391]
Isogeny class  50.3-c
Curve [1,w,w + 1,1139*w + 4810,6456*w + 27220]
Isogeny class  50.4-a
Curve [1,-w + 1,w + 1,-152*w - 630,-1952*w - 8229]
Isogeny class  50.4-b
Curve [w + 1,w,w,-14887*w - 62785,2074982*w + 8750175]
Isogeny class  50.4-c
Curve [w + 1,0,1,49*w + 229,223*w + 974]
Isogeny class  50.4-d
Curve [w + 1,-w + 1,w,-19*w - 66,53*w + 238]
Isogeny class  50.4-e
Curve [1,w - 1,0,8,w]
Isogeny class  50.4-f
Curve [w + 1,1,1,5*w + 27,7*w + 31]
Isogeny class  50.4-g
Curve [w + 1,w - 1,1,-86*w + 507,1414*w - 7289]
Isogeny class  50.4-h
Curve [w + 1,1,1,-340*w - 1428,15907*w + 67081]
Isogeny class  50.4-i
Curve [1,-w + 1,w + 1,33*w - 170,341*w - 1791]
Isogeny class  50.4-j
Curve [w + 1,1,w,22,-4*w + 60]
Isogeny class  50.4-k
Curve [w + 1,w - 1,w,-854293*w - 3602550,929538527*w + 3919855194]
Isogeny class  50.4-l
Curve [w + 1,w,w,2783*w + 11730,42954*w + 181132]
Isogeny class  50.4-m
Curve [w + 1,w - 1,1,-70846*w - 298753,-22652128*w - 95523811]
Isogeny class  50.4-n
Curve [1,w - 1,0,-8665*w - 36532,-946988*w - 3993444]
Isogeny class  50.2-a
Curve [1,-w + 1,w,-23*w - 85,150*w + 634]
Isogeny class  50.2-b
Curve [w,-w - 1,w + 1,16*w - 99,-57*w + 288]
Isogeny class  50.2-c
Curve [w,-w + 1,1,31*w + 164,206*w + 902]
Isogeny class  50.6-a
Curve [1,-w + 1,w,-4*w - 24,23*w + 57]
Isogeny class  50.6-b
Curve [w,w + 1,1,-21*w - 86,130*w + 548]
Isogeny class  50.6-c
Curve [1,-w + 1,w,-1140*w + 5950,-6457*w + 33677]
Isogeny class  50.5-a
Curve [1,w,w,151*w - 781,1951*w - 10180]
Isogeny class  50.5-b
Curve [w,w - 1,w + 1,14897*w - 77694,-2152666*w + 11230475]
Isogeny class  50.5-c
Curve [w,-w + 1,1,-50*w + 279,-223*w + 1197]
Isogeny class  50.5-d
Curve [w,1,w + 1,17*w - 84,-54*w + 291]
Isogeny class  50.5-e
Curve [1,-w,0,8,-w + 1]
Isogeny class  50.5-f
Curve [w,-w - 1,w + 1,-5*w + 10,-3*w + 6]
Isogeny class  50.5-g
Curve [w,w + 1,w + 1,97*w + 400,-918*w - 3873]
Isogeny class  50.5-h
Curve [w,-w - 1,w + 1,340*w - 1790,-16248*w + 84756]
Isogeny class  50.5-i
Curve [1,w,w,-34*w - 136,-342*w - 1449]
Isogeny class  50.5-j
Curve [w,-w - 1,1,22,4*w + 34]
Isogeny class  50.5-k
Curve [w,w + 1,1,854304*w - 4456842,-933141077*w + 4868188277]
Isogeny class  50.5-l
Curve [w,w - 1,w + 1,-2773*w + 14491,-28453*w + 148479]
Isogeny class  50.5-m
Curve [w,w + 1,w + 1,70857*w - 369620,22353364*w - 116617217]
Isogeny class  50.5-n
Curve [1,-w,0,8665*w - 45197,946988*w - 4940432]
Isogeny class  53.1-a
Curve [w + 1,-1,1,18*w - 72,649*w - 3362]
Isogeny class  53.2-a
Curve [w,-w,1,-19*w - 53,-649*w - 2713]
Isogeny class  55.1-a
Curve [w,1,w + 1,73022*w - 380951,-23196170*w + 121014208]
Isogeny class  55.4-a
Curve [w + 1,-w + 1,w,-73024*w - 307928,23196169*w + 97818039]
Isogeny class  64.1-a
Curve [0,w,0,-247333*w + 1290343,-73726628*w + 384631128]
Isogeny class  64.2-a
Curve [0,0,0,-60*w + 313,212*w - 1106]
Isogeny class  64.2-b
Curve [0,w + 1,0,-3*w - 10,-18*w - 76]
Isogeny class  64.4-a
Curve [w,-w,0,470*w + 2007,-44182*w - 186291]
Isogeny class  64.4-b
Curve [w,0,w,-136811*w - 576933,-60327714*w - 254401402]
Isogeny class  64.4-c
Curve [w,w - 1,0,-112015*w - 472366,44450845*w + 187448794]
Isogeny class  64.4-d
Curve [w,-w + 1,w,-2*w - 2,-3*w + 9]
Isogeny class  64.4-e
Curve [w,-1,w,43*w - 228,-284*w + 1479]
Isogeny class  64.4-f
Curve [w,1,w,-6*w + 38,36*w - 177]
Isogeny class  64.6-a
Curve [w,1,w,w,w + 1]
Isogeny class  64.6-b
Curve [w,-w,0,-156523*w - 660031,-78758240*w - 332122731]
Isogeny class  64.6-c
Curve [0,-1,w,158331*w - 826011,109340934*w - 570430628]
Isogeny class  64.6-d
Curve [0,-w,w,-2*w - 4,8*w + 31]
Isogeny class  64.3-a
Curve [0,0,0,60*w + 253,-212*w - 894]
Isogeny class  64.3-b
Curve [0,-w - 1,0,5*w - 14,14*w - 80]
Isogeny class  64.5-a
Curve [w + 1,-1,0,-470*w + 2477,44182*w - 230473]
Isogeny class  64.5-b
Curve [w + 1,-w,w + 1,136809*w - 713744,60327713*w - 314729116]
Isogeny class  64.5-c
Curve [w + 1,w,0,112027*w - 584370,-44923211*w + 234364090]
Isogeny class  64.5-d
Curve [w + 1,0,w + 1,-4,2*w + 6]
Isogeny class  64.5-e
Curve [w + 1,-w - 1,w + 1,-45*w - 185,283*w + 1195]
Isogeny class  64.5-f
Curve [w + 1,-w + 1,w + 1,4*w + 32,-37*w - 141]
Isogeny class  64.7-a
Curve [w + 1,-w + 1,w + 1,-3*w + 1,-2*w + 2]
Isogeny class  64.7-b
Curve [w + 1,-1,0,156523*w - 816554,78758240*w - 410880971]
Isogeny class  64.7-c
Curve [0,-1,w + 1,-158331*w - 667680,-109340935*w - 461089694]
Isogeny class  64.7-d
Curve [0,w - 1,w + 1,2*w - 6,-9*w + 39]
Isogeny class  68.1-a
Curve [1,w + 1,1,-2*w - 7,-13*w - 55]
Isogeny class  68.1-b
Curve [1,1,0,-55355*w - 233431,15373751*w + 64830963]
Isogeny class  68.1-c
Curve [1,1,0,-11,22*w + 73]
Isogeny class  68.1-d
Curve [1,0,w,1684*w - 8788,-1257192*w + 6558752]
Isogeny class  68.1-e
Curve [1,w - 1,1,18297*w + 77166,2740579*w + 11556991]
Isogeny class  68.1-f
Curve [1,w,w,527*w - 2742,11209*w - 58478]
Isogeny class  68.1-g
Curve [1,-w - 1,w,334177*w - 1743389,228768643*w - 1193483867]
Isogeny class  68.2-a
Curve [1,-w - 1,0,4*w - 10,10*w - 58]
Isogeny class  68.2-b
Curve [1,1,0,55355*w - 288786,-15373751*w + 80204714]
Isogeny class  68.2-c
Curve [1,1,0,-11,-22*w + 95]
Isogeny class  68.2-d
Curve [1,0,w + 1,-1685*w - 7104,1257191*w + 5301560]
Isogeny class  68.2-e
Curve [1,-w,1,-18297*w + 95463,-2740579*w + 14297570]
Isogeny class  68.2-f
Curve [1,-w + 1,w + 1,-528*w - 2215,-11210*w - 47269]
Isogeny class  68.2-g
Curve [1,w + 1,w,-334176*w - 1409212,-229102820*w - 966124436]
Isogeny class  71.1-a
Curve [0,1,1,-580*w + 3026,-60534*w + 315805]
Isogeny class  71.2-a
Curve [0,1,1,580*w + 2446,60534*w + 255271]
Isogeny class  72.1-a
Curve [w,-1,0,47*w - 234,517*w - 2690]
Isogeny class  72.3-a
Curve [0,-1,w,80*w - 417,821*w - 4290]
Isogeny class  72.3-b
Curve [w,w + 1,0,-236349*w - 996681,134803851*w + 568466568]
Isogeny class  72.3-c
Curve [0,1,w,-147074*w - 620212,66631763*w + 280985509]
Isogeny class  72.2-a
Curve [w + 1,-w - 1,0,-47*w - 187,-517*w - 2173]
Isogeny class  72.4-a
Curve [0,-1,w + 1,-80*w - 337,-822*w - 3469]
Isogeny class  72.4-b
Curve [w + 1,w - 1,w + 1,236360*w - 1233043,-136036894*w + 709703282]
Isogeny class  72.4-c
Curve [0,1,w + 1,147074*w - 767286,-66631764*w + 347617272]
Isogeny class  79.1-a
Curve [0,-w,1,8,-w + 2]
Isogeny class  79.2-a
Curve [0,w - 1,1,8,w + 1]
Isogeny class  80.1-a
Curve [0,-w,0,-4410*w - 18591,-338516*w - 1427516]
Isogeny class  80.3-a
Curve [w + 1,w - 1,0,-89*w - 373,699*w + 2947]
Isogeny class  80.3-b
Curve [w + 1,-w,0,15,10*w + 53]
Isogeny class  80.3-c
Curve [w + 1,1,w + 1,-43*w + 216,124*w - 761]
Isogeny class  80.4-a
Curve [w,-1,0,-11498*w - 48483,-441593*w - 1862192]
Isogeny class  80.4-b
Curve [w,w,w,-996*w - 4209,-28778*w - 121361]
Isogeny class  80.4-c
Curve [w,-w,0,w - 6,5*w - 26]
Isogeny class  80.4-d
Curve [w,0,w,-37862*w - 159666,8623279*w + 36364285]
Isogeny class  80.4-e
Curve [w,-w,w,-616*w - 2582,20280*w + 85539]
Isogeny class  80.4-f
Curve [w,w + 1,0,191*w - 940,-2892*w + 15169]
Isogeny class  80.4-g
Curve [w,w + 1,0,-4*w + 45,-49*w + 132]
Isogeny class  80.7-a
Curve [w + 1,-w + 1,0,-347*w - 1443,6675*w + 28166]
Isogeny class  80.7-b
Curve [w + 1,-w - 1,w + 1,-627*w - 2638,-18990*w - 80076]
Isogeny class  80.7-c
Curve [w + 1,1,w + 1,-148*w - 625,1064*w + 4486]
Isogeny class  80.7-d
Curve [0,-w - 1,w + 1,7668*w - 39991,11869389*w - 61922509]
Isogeny class  80.7-e
Curve [0,0,w + 1,142*w - 741,-4561*w + 23785]
Isogeny class  80.7-f
Curve [w + 1,-w - 1,w + 1,-30*w - 121,140*w + 594]
Isogeny class  80.8-a
Curve [w,-w - 1,0,-113685*w - 479389,-45315457*w - 191094838]
Isogeny class  80.8-b
Curve [w,w + 1,w,640350*w - 3340657,592892900*w - 3093116591]
Isogeny class  80.8-c
Curve [w,-1,w,-32146*w + 167703,-27392599*w + 142906931]
Isogeny class  80.8-d
Curve [w,w + 1,w,92*w - 437,-718*w + 3821]
Isogeny class  80.2-a
Curve [0,w - 1,0,4410*w - 23001,338516*w - 1766032]
Isogeny class  80.6-a
Curve [w,w + 1,w,101*w - 484,-1083*w + 5725]
Isogeny class  80.6-b
Curve [w,0,0,15,-10*w + 63]
Isogeny class  80.6-c
Curve [w,-w - 1,0,43*w + 174,-167*w - 810]
Isogeny class  80.5-a
Curve [w + 1,-w - 1,0,11498*w - 59981,441593*w - 2303785]
Isogeny class  80.5-b
Curve [w + 1,w + 1,w + 1,1008*w - 5194,24580*w - 128095]
Isogeny class  80.5-c
Curve [w + 1,-1,0,-w - 5,-5*w - 21]
Isogeny class  80.5-d
Curve [w + 1,-w,w + 1,37860*w - 197528,-8623280*w + 44987564]
Isogeny class  80.5-e
Curve [w + 1,-1,w + 1,614*w - 3198,-20281*w + 105819]
Isogeny class  80.5-f
Curve [w + 1,w - 1,w + 1,-180*w - 762,2130*w + 8979]
Isogeny class  80.5-g
Curve [w + 1,w - 1,w + 1,15*w + 28,77*w + 285]
Isogeny class  80.10-a
Curve [w,1,0,347*w - 1790,-6675*w + 34841]
Isogeny class  80.10-b
Curve [w,-1,w,625*w - 3263,18989*w - 99065]
Isogeny class  80.10-c
Curve [w,-w - 1,0,148*w - 772,-1212*w + 6323]
Isogeny class  80.10-d
Curve [0,w + 1,w,-7666*w - 32324,-11877057*w - 50085443]
Isogeny class  80.10-e
Curve [0,0,w,-142*w - 599,4560*w + 19225]
Isogeny class  80.10-f
Curve [w,-1,w,28*w - 149,-141*w + 735]
Isogeny class  80.9-a
Curve [w + 1,1,w + 1,113685*w - 593075,45429142*w - 237003370]
Isogeny class  80.9-b
Curve [w + 1,w - 1,0,-640338*w - 2700297,-595593208*w - 2511610940]
Isogeny class  80.9-c
Curve [w + 1,-w - 1,w + 1,32144*w + 135557,27392598*w + 115514332]
Isogeny class  80.9-d
Curve [w + 1,w - 1,0,-80*w - 335,372*w + 1568]
Isogeny class  81.1-a
Curve [0,0,1,-1590*w - 8580,92750*w + 359875]
Curve [0,0,1,1590*w - 10170,-92750*w + 452625]
Curve [0,0,1,-14310*w - 77220,-2504250*w - 9716632]
Curve [0,0,1,14310*w - 91530,2504250*w - 12220882]
Isogeny class  85.2-a
Curve [1,-w + 1,w,16*w - 81,111*w - 588]
Isogeny class  85.2-b
Curve [1,1,w + 1,-37*w - 154,-274*w - 1158]
Isogeny class  85.3-a
Curve [1,w,w + 1,-17*w - 65,-112*w - 477]
Isogeny class  85.3-b
Curve [1,1,w,36*w - 190,273*w - 1431]
Isogeny class  88.1-a
Curve [w,w,w,-67475*w + 352051,-16055184*w + 83759801]
Isogeny class  88.1-b
Curve [w,w + 1,w,-5*w + 69,23*w - 45]
Isogeny class  88.1-c
Curve [w,1,w,56637*w - 295468,16075168*w - 83863989]
Isogeny class  88.1-d
Curve [w,0,w,978461*w - 5104620,-1142772839*w + 5961835125]
Isogeny class  88.2-a
Curve [w,-w + 1,w,-296*w - 1226,-4977*w - 20959]
Isogeny class  88.2-b
Curve [w,w,0,802008*w - 4184020,851208860*w - 4440748528]
Isogeny class  88.2-c
Curve [w,-w + 1,w,22*w + 115,-9*w - 9]
Isogeny class  88.2-d
Curve [w,w + 1,0,-28363*w - 119606,-5506295*w - 23219994]
Isogeny class  88.2-e
Curve [w,-w,w,-111*w - 452,-36004*w - 151809]
Isogeny class  88.5-a
Curve [w,-w - 1,0,2208*w - 11519,-117194*w + 611400]
Isogeny class  88.5-b
Curve [0,-w,w,5*w - 17,-5*w + 14]
Isogeny class  88.5-c
Curve [0,1,w,1338*w - 6980,-57324*w + 299052]
Isogeny class  88.5-d
Curve [0,1,w,255*w - 1330,3651*w - 19054]
Isogeny class  88.6-a
Curve [0,0,w + 1,23*w - 120,785*w - 4105]
Isogeny class  88.6-b
Curve [0,-1,w + 1,-20*w - 84,-34*w - 146]
Isogeny class  88.4-a
Curve [w + 1,w + 1,w + 1,67487*w + 284587,16407246*w + 69189199]
Isogeny class  88.4-b
Curve [w + 1,w - 1,0,17*w + 74,40*w + 168]
Isogeny class  88.4-c
Curve [w + 1,-w + 1,w + 1,-56639*w - 238831,-16075169*w - 67788821]
Isogeny class  88.4-d
Curve [w + 1,-w,w + 1,-978463*w - 4126159,1142772838*w + 4819062286]
Isogeny class  88.3-a
Curve [w + 1,0,w + 1,294*w - 1522,4976*w - 25936]
Isogeny class  88.3-b
Curve [w + 1,w + 1,0,-801994*w - 3382001,-855392879*w - 3607183701]
Isogeny class  88.3-c
Curve [w + 1,0,w + 1,-24*w + 137,8*w - 18]
Isogeny class  88.3-d
Curve [w + 1,w - 1,w + 1,28374*w - 147982,5358313*w - 27954179]
Isogeny class  88.3-e
Curve [w + 1,-1,w + 1,109*w - 563,36003*w - 187813]
Isogeny class  88.8-a
Curve [w + 1,1,w + 1,-2208*w - 9312,114986*w + 484894]
Isogeny class  88.8-b
Curve [0,w - 1,w + 1,-5*w - 12,4*w + 9]
Isogeny class  88.8-c
Curve [0,1,w + 1,-1338*w - 5642,57323*w + 241728]
Isogeny class  88.8-d
Curve [0,1,w + 1,-255*w - 1075,-3652*w - 15403]
Isogeny class  88.7-a
Curve [0,0,w,-23*w - 97,-786*w - 3319]
Isogeny class  88.7-b
Curve [0,-1,w,20*w - 104,33*w - 179]
Isogeny class  89.1-a
Curve [1,1,0,4,5]
Isogeny class  89.1-b
Curve [1,1,1,-1,0]
Isogeny class  90.1-a
Curve [1,0,w,1578*w - 8235,88802*w - 463286]
Isogeny class  90.2-a
Curve [w,w - 1,1,2382*w - 12389,136611*w - 712649]
Isogeny class  90.2-b
Curve [1,-w,1,-5093*w - 21471,-394432*w - 1663313]
Isogeny class  90.2-c
Curve [1,-w,w,-8*w - 25,-13*w - 56]
Isogeny class  90.2-d
Curve [1,1,1,42*w - 219,345*w - 1800]
Isogeny class  90.2-e
Curve [1,-w - 1,w + 1,-45991*w - 193938,11815901*w + 49827542]
Isogeny class  90.4-a
Curve [1,0,w + 1,-1579*w - 6657,-88803*w - 374484]
Isogeny class  90.3-a
Curve [w + 1,w,1,-2371*w - 9996,-149000*w - 628332]
Isogeny class  90.3-b
Curve [1,w - 1,1,5093*w - 26564,394432*w - 2057745]
Isogeny class  90.3-c
Curve [1,w - 1,w + 1,7*w - 33,12*w - 69]
Isogeny class  90.3-d
Curve [1,1,1,-42*w - 177,-345*w - 1455]
Isogeny class  90.3-e
Curve [1,w + 1,w + 1,45992*w - 239929,-11769911*w + 61403515]
Isogeny class  94.1-a
Curve [1,0,w,2*w - 15,-6*w + 19]
Isogeny class  94.4-a
Curve [1,0,w + 1,-3*w - 13,5*w + 13]
Isogeny class  97.1-a
Curve [w,-w + 1,w + 1,-4*w + 7,-4*w + 12]
Isogeny class  97.2-a
Curve [w + 1,0,w,2*w + 4,3*w + 9]
Isogeny class  98.1-a
Curve [1,1,1,-12208*w - 51481,10679843*w + 45036797]
Isogeny class  98.1-b
Curve [w + 1,-1,w,-3005*w - 12678,189558*w + 799360]
Isogeny class  98.1-c
Curve [1,-w,w + 1,-6*w - 17,24*w + 102]
Isogeny class  98.2-a
Curve [1,1,1,12208*w - 63689,-10679843*w + 55716640]
Isogeny class  98.2-b
Curve [w,-w,w + 1,3003*w - 15682,-189559*w + 988918]
Isogeny class  98.2-c
Curve [1,w - 1,w,5*w - 22,-25*w + 127]
Isogeny class  99.1-a
Curve [w,-1,w + 1,345*w - 1805,-2939*w + 15330]
Isogeny class  99.1-b
Curve [w,-1,w + 1,81340*w - 424355,27508429*w - 143511217]
Isogeny class  99.1-c
Curve [1,-w,0,6711*w - 35003,659911*w - 3442754]
Isogeny class  99.2-a
Curve [w + 1,-w - 1,w,-347*w - 1459,2938*w + 12392]
Isogeny class  99.2-b
Curve [w + 1,-w - 1,w,-81342*w - 343014,-27508430*w - 116002787]
Isogeny class  99.2-c
Curve [1,w - 1,0,-6711*w - 28292,-659911*w - 2782843]
Isogeny class  100.1-a
Curve [1,0,1,22*w - 212,-182*w + 1250]
Isogeny class  100.1-b
Curve [1,0,w + 1,220682*w - 1151299,-173579365*w + 905561900]
Isogeny class  100.1-c
Curve [1,-1,w + 1,1167*w + 4923,-1293883*w - 5456295]
Isogeny class  100.1-d
Curve [1,w - 1,0,1637429*w - 8542445,-2479422477*w + 12935123675]
Isogeny class  100.1-e
Curve [1,0,1,-7*w - 30,462*w + 1948]
Isogeny class  100.1-f
Curve [1,-w,0,-1637429*w - 6905016,2479422477*w + 10455701198]
Isogeny class  100.1-g
Curve [1,-1,w,-1168*w + 6091,1293882*w - 6750177]
Isogeny class  100.1-h
Curve [1,-1,0,6110*w + 25766,39949700*w + 168467508]
Curve [1,-1,0,-6110*w + 31876,-39949700*w + 208417208]
Isogeny class  100.1-i
Curve [1,0,w,-220683*w - 930616,173579364*w + 731982536]
Isogeny class  100.1-j
Curve [1,0,1,-22*w - 190,182*w + 1068]
Isogeny class  100.1-k
Curve [1,0,1,7*w - 37,-462*w + 2410]
Isogeny class  100.1-l
Curve [1,-1,1,-70*w - 297,-730*w - 3079]
Curve [1,-1,1,70*w - 367,730*w - 3809]
Isogeny class  100.2-a
Curve [w + 1,-1,w + 1,20*w + 80,850*w + 3582]
Isogeny class  100.4-a
Curve [1,1,0,1749037*w - 9124709,-5663974653*w + 29548902331]
Isogeny class  100.4-b
Curve [1,-w + 1,0,-1211375*w - 5108347,-1574935101*w - 6641486457]
Isogeny class  100.4-c
Curve [1,w - 1,0,1025297*w + 4323676,39098117*w + 164876386]
Isogeny class  100.4-d
Curve [1,-w - 1,1,337044*w - 1758344,-231899815*w + 1209819139]
Isogeny class  100.4-e
Curve [1,w + 1,1,3509*w - 18293,-192747*w + 1005569]
Isogeny class  100.4-f
Curve [1,-w - 1,0,23*w + 101,-915*w - 3857]
Isogeny class  100.4-g
Curve [1,w - 1,w + 1,-1569*w + 8189,-107481*w + 560721]
Isogeny class  100.4-h
Curve [1,1,0,31787*w + 134046,-47224717*w - 199146186]
Isogeny class  100.4-i
Curve [1,w,w + 1,26512*w - 138306,-4790824*w + 24993680]
Isogeny class  100.4-j
Curve [1,1,1,5876*w - 30655,-532268*w + 2776837]
Isogeny class  100.4-k
Curve [1,-w - 1,0,41015*w - 213963,4908979*w - 25610105]
Isogeny class  100.4-l
Curve [1,-1,w,1270*w - 6628,-48075*w + 250800]
Isogeny class  100.4-m
Curve [1,w + 1,w,-844*w - 3555,-30853*w - 130111]
Isogeny class  100.4-n
Curve [1,-w,1,30494*w - 159068,-12994413*w + 67791706]
Isogeny class  100.4-o
Curve [1,1,0,4551*w - 23742,-357135*w + 1863170]
Isogeny class  100.6-a
Curve [w + 1,1,0,4*w + 15,4*w + 16]
Isogeny class  100.6-b
Curve [w + 1,w,0,19*w - 30,51*w - 171]
Isogeny class  100.6-c
Curve [w + 1,w - 1,w + 1,-16817*w - 70920,2573620*w + 10852928]
Isogeny class  100.7-a
Curve [w + 1,-1,0,5*w - 3,-2*w + 30]
Isogeny class  100.3-a
Curve [w,-w,w,-22*w + 102,-851*w + 4433]
Isogeny class  100.5-a
Curve [1,1,0,-1749037*w - 7375672,5663974653*w + 23884927678]
Isogeny class  100.5-b
Curve [1,w,0,1211375*w - 6319722,1574935101*w - 8216421558]
Isogeny class  100.5-c
Curve [1,-w,0,-1025297*w + 5348973,-39098117*w + 203974503]
Isogeny class  100.5-d
Curve [1,w + 1,0,-337042*w - 1421300,231562772*w + 976498024]
Isogeny class  100.5-e
Curve [1,-w - 1,0,-3507*w - 14785,196255*w + 827607]
Isogeny class  100.5-f
Curve [1,w + 1,1,-21*w + 123,893*w - 4649]
Isogeny class  100.5-g
Curve [1,-w,w,1568*w + 6621,107480*w + 453241]
Isogeny class  100.5-h
Curve [1,1,0,-31787*w + 165833,47224717*w - 246370903]
Isogeny class  100.5-i
Curve [1,-w + 1,w,-26513*w - 111793,4790823*w + 20202857]
Isogeny class  100.5-j
Curve [1,1,1,-5876*w - 24779,532268*w + 2244569]
Isogeny class  100.5-k
Curve [1,w + 1,1,-41013*w - 172949,-4949993*w - 20874075]
Isogeny class  100.5-l
Curve [1,-1,w + 1,-1271*w - 5358,48074*w + 202725]
Isogeny class  100.5-m
Curve [1,-w - 1,w,845*w - 4400,30008*w - 156564]
Isogeny class  100.5-n
Curve [1,w - 1,1,-30494*w - 128574,12994413*w + 54797293]
Isogeny class  100.5-o
Curve [1,1,0,-4551*w - 19191,357135*w + 1506035]
Isogeny class  100.9-a
Curve [w,-w - 1,w,-3*w - 4,-w + 2]
Isogeny class  100.9-b
Curve [w,w - 1,0,-7*w - 34,-85*w - 361]
Isogeny class  100.9-c
Curve [w,w + 1,0,16828*w - 87735,-2644540*w + 13796622]
Isogeny class  100.8-a
Curve [w,-w,0,-5*w + 2,2*w + 28]
Isogeny class  106.2-a
Curve [1,w - 1,1,-w + 3,-4]
Isogeny class  106.2-b
Curve [w,-w,1,207517*w - 1082616,-112914914*w + 589076041]
Isogeny class  106.2-c
Curve [1,-w,0,-3*w - 6,100*w + 425]
Isogeny class  106.2-d
Curve [w,w,w + 1,-5106001*w + 26637991,14461577211*w - 75445911825]
Isogeny class  106.3-a
Curve [1,-w,1,w + 2,-4]
Isogeny class  106.3-b
Curve [w + 1,-1,1,-207518*w - 875099,112914914*w + 476161127]
Isogeny class  106.3-c
Curve [1,w - 1,0,3*w - 9,-100*w + 525]
Isogeny class  106.3-d
Curve [w + 1,w + 1,w,5106013*w + 21532002,-14434939209*w - 60872002470]
Isogeny class  110.1-a
Curve [1,1,w,-1300*w + 6780,-257586*w + 1343817]
Isogeny class  110.1-b
Curve [w,-w + 1,1,45*w + 223,119*w + 535]
Isogeny class  110.1-c
Curve [1,-w,0,-895*w - 3768,36354*w + 153307]
Isogeny class  110.2-a
Curve [w,-1,1,10121*w - 52805,-1859505*w + 9700986]
Isogeny class  110.2-b
Curve [w,0,1,7013*w - 36574,1582858*w - 8257744]
Isogeny class  110.2-c
Curve [w,-w + 1,1,469*w + 2011,23521*w + 99221]
Isogeny class  110.2-d
Curve [w,1,1,-430*w - 1809,9454*w + 39851]
Isogeny class  110.3-a
Curve [1,1,0,-w + 5,-2*w + 10]
Isogeny class  110.3-b
Curve [1,-w,1,-6047*w - 25494,324060*w + 1366561]
Isogeny class  110.3-c
Curve [1,-w,1,289*w - 1500,-59172*w + 308695]
Isogeny class  110.4-a
Curve [1,-1,0,49874*w - 260192,12983357*w - 67734051]
Isogeny class  110.4-b
Curve [w,w + 1,w + 1,-1187147*w + 6193375,-5887784558*w + 30716516566]
Isogeny class  110.4-c
Curve [1,-1,0,623*w - 3250,-1590*w + 8295]
Isogeny class  110.8-a
Curve [1,1,w + 1,1299*w + 5480,257585*w + 1086231]
Isogeny class  110.8-b
Curve [w + 1,0,1,-46*w + 268,-119*w + 654]
Isogeny class  110.8-c
Curve [1,w - 1,0,895*w - 4663,-36354*w + 189661]
Isogeny class  110.7-a
Curve [w + 1,-w - 1,1,-10122*w - 42684,1859505*w + 7841481]
Isogeny class  110.7-b
Curve [w + 1,-w,1,-7014*w - 29561,-1582858*w - 6674886]
Isogeny class  110.7-c
Curve [w + 1,0,1,-470*w + 2480,-23521*w + 122742]
Isogeny class  110.7-d
Curve [w + 1,-w + 1,1,429*w - 2239,-9454*w + 49305]
Isogeny class  110.6-a
Curve [1,1,0,w + 4,2*w + 8]
Isogeny class  110.6-b
Curve [1,w - 1,1,6047*w - 31541,-324060*w + 1690621]
Isogeny class  110.6-c
Curve [1,w - 1,1,-289*w - 1211,59172*w + 249523]
Isogeny class  110.5-a
Curve [1,-1,0,-49874*w - 210318,-12983357*w - 54750694]
Isogeny class  110.5-b
Curve [w + 1,w - 1,1,1187158*w + 5006238,5892790785*w + 24849843147]
Isogeny class  110.5-c
Curve [1,-1,0,-623*w - 2627,1590*w + 6705]
Isogeny class  121.1-a
Curve [w,w + 1,1,12551301*w - 65479965,134825991618*w - 703385926245]
Isogeny class  121.1-b
Curve [w + 1,w - 1,w,-12551290*w - 52928676,-134878920294*w - 568783134441]
Isogeny class  121.1-c
Curve [0,-1,1,-10,-20]
Isogeny class  125.1-a
Curve [1,-w + 1,0,-54969*w + 286778,-12402089*w + 64701579]
Isogeny class  125.1-b
Curve [1,1,1,-129*w + 673,-3448*w + 17988]
Isogeny class  125.1-c
Curve [1,w + 1,0,w + 8,w + 3]
Isogeny class  125.2-a
Curve [1,0,w,-2*w,1]
Isogeny class  125.2-b
Curve [1,1,1,129*w + 544,3448*w + 14540]
Isogeny class  125.2-c
Curve [1,-w - 1,1,w + 7,-w - 4]
Isogeny class  128.1-a
Curve [0,-w + 1,0,13*w - 62,-344*w + 1792]
Isogeny class  128.1-b
Curve [0,-w,0,1747*w - 9105,88680*w - 462648]
Isogeny class  128.1-c
Curve [0,w + 1,0,w + 10,2*w + 4]
Isogeny class  128.1-d
Curve [0,w,0,254*w + 1077,-3407*w - 14370]
Isogeny class  128.3-a
Curve [0,1,0,-16311*w - 68783,7351089*w + 30999473]
Isogeny class  128.3-b
Curve [0,w - 1,0,22*w - 109,-163*w + 853]
Isogeny class  128.5-a
Curve [w + 1,1,w + 1,44682*w - 233087,-1720146634*w + 8973988797]
Isogeny class  128.5-b
Curve [w + 1,-w - 1,0,175*w - 909,-2417*w + 12611]
Isogeny class  128.5-c
Curve [w + 1,w + 1,w + 1,-903*w - 3813,27815*w + 117293]
Isogeny class  128.5-d
Curve [w + 1,1,0,395*w + 1670,-2137*w - 9010]
Isogeny class  128.5-e
Curve [w + 1,-w + 1,0,128853*w - 672215,80649119*w - 420745687]
Isogeny class  128.5-f
Curve [w + 1,-w - 1,w + 1,138*w + 588,-4441*w - 18723]
Isogeny class  128.5-g
Curve [w + 1,0,0,70*w - 334,708*w - 3660]
Isogeny class  128.5-h
Curve [w + 1,w,0,-73846*w - 311407,30427024*w + 128310473]
Isogeny class  128.5-i
Curve [w + 1,-w + 1,w + 1,1316*w - 6875,60723*w - 316795]
Isogeny class  128.5-j
Curve [w + 1,-w + 1,w + 1,74634*w + 314746,-602441*w - 2540473]
Isogeny class  128.5-k
Curve [w + 1,-1,0,160*w - 809,2420*w - 12599]
Isogeny class  128.5-l
Curve [w + 1,w - 1,0,-29*w - 120,298*w + 1256]
Isogeny class  128.5-m
Curve [w + 1,w - 1,0,7*w + 27,7*w + 59]
Isogeny class  128.5-n
Curve [w + 1,w + 1,0,7055*w + 29751,-18033*w - 76045]
Isogeny class  128.5-o
Curve [w + 1,-w,w + 1,-8*w + 29,-71*w + 364]
Isogeny class  128.5-p
Curve [w + 1,w - 1,w + 1,5*w + 17,9*w + 35]
Isogeny class  128.5-q
Curve [w + 1,1,w + 1,81*w - 404,-1492*w + 7819]
Isogeny class  128.5-r
Curve [w + 1,0,w + 1,1612*w - 8398,-75258*w + 392644]
Isogeny class  128.5-s
Curve [w + 1,-1,w + 1,1656*w + 6979,-59360*w - 250323]
Isogeny class  128.5-t
Curve [w + 1,1,0,-4*w - 13,-2*w + 9]
Isogeny class  128.7-a
Curve [w + 1,w + 1,0,981*w + 4137,114982*w + 484878]
Isogeny class  128.7-b
Curve [w + 1,0,0,-4*w + 52,-21*w + 143]
Isogeny class  128.7-c
Curve [w + 1,w,w + 1,20652*w + 87085,10851254*w + 45759633]
Isogeny class  128.7-d
Curve [w + 1,w - 1,w + 1,5*w + 19,10*w + 38]
Isogeny class  128.2-a
Curve [0,w,0,-13*w - 49,344*w + 1448]
Isogeny class  128.2-b
Curve [0,w - 1,0,-1747*w - 7358,-88680*w - 373968]
Isogeny class  128.2-c
Curve [0,-w - 1,0,w + 10,-2*w - 4]
Isogeny class  128.2-d
Curve [0,-w + 1,0,-254*w + 1331,3407*w - 17777]
Isogeny class  128.4-a
Curve [0,1,0,16311*w - 85094,-7351089*w + 38350562]
Isogeny class  128.4-b
Curve [0,-w,0,-22*w - 87,163*w + 690]
Isogeny class  128.6-a
Curve [w,-w - 1,0,-44682*w - 188404,-9968418*w - 42036708]
Isogeny class  128.6-b
Curve [w,-1,0,-175*w - 734,2417*w + 10194]
Isogeny class  128.6-c
Curve [w,w,w,915*w - 4739,-32543*w + 169834]
Isogeny class  128.6-d
Curve [w,-w - 1,w,-394*w + 2042,2531*w - 13211]
Isogeny class  128.6-e
Curve [w,1,0,-128853*w - 543362,-80649119*w - 340096568]
Isogeny class  128.6-f
Curve [w,-1,w,-140*w + 728,4440*w - 23163]
Isogeny class  128.6-g
Curve [w,-w + 1,0,-70*w - 264,-708*w - 2952]
Isogeny class  128.6-h
Curve [w,w - 1,0,73858*w - 385276,-30812300*w + 160747528]
Isogeny class  128.6-i
Curve [w,1,w,-1318*w - 5557,-60724*w - 256071]
Isogeny class  128.6-j
Curve [w,w,w,443*w + 1859,1431*w + 6030]
Isogeny class  128.6-k
Curve [w,0,w,26793*w - 139777,-5145510*w + 26844082]
Isogeny class  128.6-l
Curve [w,w + 1,w,41*w - 171,-429*w + 2313]
Isogeny class  128.6-m
Curve [w,w + 1,w,5*w + 12,9*w + 33]
Isogeny class  128.6-n
Curve [w,w,0,-7041*w + 36781,54815*w - 285905]
Isogeny class  128.6-o
Curve [w,0,w,6*w + 23,70*w + 294]
Isogeny class  128.6-p
Curve [w,w + 1,0,6*w + 24,8*w + 34]
Isogeny class  128.6-q
Curve [w,-w - 1,0,-81*w - 322,1573*w + 6650]
Isogeny class  128.6-r
Curve [w,-w + 1,w,-1614*w - 6784,75257*w + 317387]
Isogeny class  128.6-s
Curve [w,-w,w,-1658*w + 8637,59359*w - 309682]
Isogeny class  128.6-t
Curve [w,-w - 1,w,5*w - 40,3839*w - 20035]
Isogeny class  128.8-a
Curve [w,w,0,-967*w + 5093,-109888*w + 573349]
Isogeny class  128.8-b
Curve [w,-w + 1,0,4*w + 48,21*w + 122]
Isogeny class  128.8-c
Curve [w,w - 1,w,-20642*w + 107716,-10743528*w + 56048927]
Isogeny class  128.8-d
Curve [w,w + 1,0,6*w + 26,9*w + 38]
Isogeny class  134.2-a
Curve [1,-w - 1,1,-53*w - 220,-370*w - 1559]
Isogeny class  134.2-b
Curve [1,-w,1,-22*w - 86,248*w + 1050]
Isogeny class  134.3-a
Curve [1,w + 1,0,55*w - 273,424*w - 2202]
Isogeny class  134.3-b
Curve [1,w - 1,1,22*w - 108,-248*w + 1298]
Isogeny class  136.1-a
Curve [w + 1,-1,w + 1,-10492*w - 44249,2948568*w + 12434081]
Isogeny class  136.1-b
Curve [w + 1,w,w + 1,6*w + 17,9*w + 42]
Isogeny class  136.1-c
Curve [w + 1,-1,0,-267477*w + 1395450,-7466845*w + 38954484]
Isogeny class  136.1-d
Curve [w + 1,w + 1,w + 1,166*w + 694,2991*w + 12611]
Isogeny class  136.2-a
Curve [w + 1,0,w + 1,4520*w - 23569,-2279303*w + 11891126]
Isogeny class  136.2-b
Curve [w + 1,-w,w + 1,-5*w + 13,-9*w + 40]
Isogeny class  136.2-c
Curve [w + 1,w - 1,0,-9329*w - 39338,-1105621*w - 4662394]
Isogeny class  136.5-a
Curve [w,w - 1,0,-32142*w + 167725,-5198274*w + 27119396]
Isogeny class  136.4-a
Curve [w,-w,w,10490*w - 54739,-2948569*w + 15382650]
Isogeny class  136.4-b
Curve [w,w - 1,w,4*w + 2,3*w + 17]
Isogeny class  136.4-c
Curve [w,-w,0,267477*w + 1127973,7466845*w + 31487639]
Isogeny class  136.4-d
Curve [w,w,w,-154*w + 837,-2143*w + 11234]
Isogeny class  136.3-a
Curve [w,-w + 1,w,-4522*w - 19047,2279302*w + 9611824]
Isogeny class  136.3-b
Curve [w,0,w,3*w + 10,8*w + 32]
Isogeny class  136.3-c
Curve [w,w + 1,w,9341*w - 48689,1066272*w - 5562656]
Isogeny class  136.8-a
Curve [w + 1,w,0,32154*w + 135594,5365999*w + 22628367]

Total time: 1845.369 seconds, Total memory usage: 181.00MB
