Magma V2.21-3     Sat May 30 2015 18:52:36 on atkin    [Seed = 104419748]
Type ? for help.  Type <Ctrl>-D to quit.
Field 2.2.97.1
Isogeny class  3.1-a
Curve [w + 1,0,1,3*w + 16,w + 35]
Isogeny class  3.2-a
Curve [w,-w + 1,1,-4*w + 20,-w + 36]
Isogeny class  6.1-a
Curve [1,-w,w + 1,-2712803*w - 12002595,3673224085*w + 16251918802]
Isogeny class  6.1-b
Curve [w + 1,-w,1,-130820947*w - 578807959,1808429993272*w + 8001269927498]
Isogeny class  6.2-a
Curve [1,-w - 1,0,-3033*w + 16465,-264986*w + 1437389]
Isogeny class  6.4-a
Curve [1,w - 1,w,2712802*w - 14715397,-3673224086*w + 19925142888]
Isogeny class  6.4-b
Curve [w,0,1,130820946*w - 709628905,-1808429993272*w + 9809699920770]
Isogeny class  6.3-a
Curve [1,w + 1,1,3035*w + 13431,268020*w + 1185834]
Isogeny class  8.1-a
Curve [w,-w - 1,w,-347*w - 1522,-8933*w - 39507]
Isogeny class  8.1-b
Curve [w,-w,w,6314*w + 27955,-20372430*w - 90136343]
Isogeny class  8.2-a
Curve [w + 1,1,0,348*w - 1845,9280*w - 50285]
Isogeny class  8.2-b
Curve [w + 1,-1,w + 1,-6316*w + 34269,20372429*w - 110508773]
Isogeny class  9.1-a
Curve [0,-1,1,-52326*w + 283839,15381327*w - 83434915]
Curve [0,-1,1,52326*w + 231513,-15381327*w - 68053588]
Isogeny class  9.1-b
Curve [1,0,1,-171898*w + 932448,-41983520*w + 227736619]
Curve [1,0,1,171898*w + 760550,41983520*w + 185753099]
Isogeny class  9.1-c
Curve [1,1,0,46*w - 249,396*w - 2148]
Curve [1,1,0,-46*w - 203,-396*w - 1752]
Isogeny class  9.2-a
Curve [1,w + 1,0,w + 8,w + 3]
Isogeny class  9.2-b
Curve [1,-w,w + 1,-415172*w - 1836890,288105428*w + 1274701983]
Isogeny class  9.2-c
Curve [w,-1,1,-539151*w - 2385428,15645584026*w + 69222774138]
Isogeny class  9.3-a
Curve [1,-w - 1,1,w + 7,-w - 4]
Isogeny class  9.3-b
Curve [1,w - 1,w,415171*w - 2252061,-288105429*w + 1562807412]
Isogeny class  9.3-c
Curve [w + 1,-w - 1,1,539150*w - 2924579,-15645584026*w + 84868358164]
Isogeny class  12.1-a
Curve [1,1,1,-w - 6,-2*w - 9]
Isogeny class  12.1-b
Curve [1,w,1,13*w - 62,-w + 8]
Isogeny class  12.1-c
Curve [1,w + 1,1,275041*w - 1491926,-173964881*w + 943660139]
Isogeny class  12.3-a
Curve [0,-1,w,w + 4,w]
Isogeny class  12.4-a
Curve [w + 1,w + 1,w + 1,9*w + 24,18*w + 66]
Isogeny class  12.4-b
Curve [w + 1,1,w + 1,3400*w - 18421,-223311*w + 1211378]
Isogeny class  12.2-a
Curve [1,1,1,w - 7,2*w - 11]
Isogeny class  12.2-b
Curve [1,-w + 1,1,-13*w - 49,w + 7]
Isogeny class  12.2-c
Curve [1,-w - 1,0,-275039*w - 1216886,174239921*w + 770912144]
Isogeny class  12.6-a
Curve [0,-1,w + 1,-w + 5,-2*w + 1]
Isogeny class  12.5-a
Curve [w,w,w,4*w + 8,2*w + 4]
Isogeny class  12.5-b
Curve [w,-w - 1,0,-3400*w - 15020,226711*w + 1003088]
Isogeny class  16.1-a
Curve [0,0,0,-33313*w - 147391,7341239*w + 32480790]
Curve [0,0,0,33313*w - 180704,-7341239*w + 39822029]
Isogeny class  16.2-a
Curve [w,-w + 1,0,-4*w + 24,-9*w + 49]
Isogeny class  16.2-b
Curve [w,0,w,-18437*w - 81575,2981483*w + 13191359]
Isogeny class  16.3-a
Curve [w + 1,0,0,4*w + 20,9*w + 40]
Isogeny class  16.3-b
Curve [w + 1,-w,w + 1,18435*w - 100012,-2981484*w + 16172842]
Isogeny class  18.1-a
Curve [1,-w + 1,1,29916684*w - 162280920,197681230384*w - 1072307779263]
Isogeny class  18.1-b
Curve [1,1,1,1409*w - 7643,-60755*w + 329561]
Isogeny class  18.3-a
Curve [1,-1,0,-208*w - 920,-3289*w - 14552]
Isogeny class  18.4-a
Curve [w + 1,-1,1,-408*w - 1802,-11317*w - 50071]
Isogeny class  18.4-b
Curve [w + 1,w - 1,w,-15628*w + 84828,793606*w - 4304748]
Isogeny class  18.4-c
Curve [1,-1,w + 1,-9*w - 38,-19*w - 87]
Isogeny class  18.4-d
Curve [w + 1,-w - 1,1,4078*w + 18058,1057147*w + 4677281]
Isogeny class  18.2-a
Curve [1,w,1,-29916684*w - 132364236,-197681230384*w - 874626548879]
Isogeny class  18.2-b
Curve [1,1,1,-1409*w - 6234,60755*w + 268806]
Isogeny class  18.6-a
Curve [1,-1,0,208*w - 1128,3289*w - 17841]
Isogeny class  18.5-a
Curve [w,-w,1,407*w - 2209,11317*w - 61388]
Isogeny class  18.5-b
Curve [w,w + 1,1,15640*w + 69201,-708778*w - 3135938]
Isogeny class  18.5-c
Curve [1,-1,w,8*w - 46,18*w - 105]
Isogeny class  18.5-d
Curve [w,-1,1,-4079*w + 22137,-1057147*w + 5734428]
Isogeny class  22.1-a
Curve [w,-w - 1,1,87109*w - 472519,-797868537*w + 4327981151]
Isogeny class  22.4-a
Curve [w + 1,1,w,-87109*w - 385410,797781428*w + 3529727204]
Isogeny class  24.1-a
Curve [w,1,w,78905*w - 428006,-26631110*w + 144458577]
Isogeny class  24.1-b
Curve [w,-w + 1,w,604356*w - 3278298,570822291*w - 3096384939]
Isogeny class  24.1-c
Curve [w,-w - 1,0,1657*w - 8988,-77047*w + 417936]
Isogeny class  24.1-d
Curve [w,-w - 1,0,-78*w - 322,-821*w - 3611]
Isogeny class  24.1-e
Curve [w,-1,0,-88499*w + 480070,67955350*w - 368618955]
Isogeny class  24.1-f
Curve [w,-w - 1,w,142*w - 796,2386*w - 12968]
Isogeny class  24.2-a
Curve [w,w - 1,w,-1845*w - 8173,90962*w + 402450]
Isogeny class  24.2-b
Curve [w,w,w,-29935*w - 132455,3573345*w + 15810006]
Isogeny class  24.2-c
Curve [w,-w - 1,w,-279*w + 1499,699*w - 3799]
Isogeny class  24.2-d
Curve [w,-w + 1,w,22*w - 156,268*w - 1532]
Isogeny class  24.5-a
Curve [w,-1,w,6103924*w - 33110303,1442221486*w - 7823227908]
Isogeny class  24.4-a
Curve [w + 1,-w + 1,w + 1,-78907*w - 349101,26631109*w + 117827467]
Isogeny class  24.4-b
Curve [w + 1,0,w + 1,-604358*w - 2673942,-570822292*w - 2525562648]
Isogeny class  24.4-c
Curve [w + 1,1,w + 1,-1657*w - 7332,75390*w + 333557]
Isogeny class  24.4-d
Curve [w + 1,1,w + 1,78*w - 401,899*w - 4833]
Isogeny class  24.4-e
Curve [w + 1,-w - 1,0,88499*w + 391571,-67955350*w - 300663605]
Isogeny class  24.4-f
Curve [w + 1,1,0,177673*w - 963732,90693412*w - 491959912]
Isogeny class  24.3-a
Curve [w + 1,w,w + 1,1856*w - 10006,-99124*w + 537824]
Isogeny class  24.3-b
Curve [w + 1,w + 1,w + 1,29948*w - 162378,-3705788*w + 20101947]
Isogeny class  24.3-c
Curve [w + 1,1,0,280*w + 1244,-420*w - 1856]
Isogeny class  24.3-d
Curve [w + 1,0,w + 1,-24*w - 134,-269*w - 1264]
Isogeny class  24.8-a
Curve [w + 1,-w - 1,w + 1,-6103926*w - 27006379,-1442221487*w - 6381006422]
Isogeny class  27.1-a
Curve [w,w,w + 1,1098*w - 5919,192567*w - 1044499]
Isogeny class  27.1-b
Curve [1,w - 1,1,14553122*w + 64389262,-335439517595*w - 1484128296156]
Isogeny class  27.1-c
Curve [0,-w,1,265*w + 1179,-10183*w - 45051]
Isogeny class  27.1-d
Curve [1,-w - 1,1,-200533*w - 887240,7576900573*w + 33523457876]
Isogeny class  27.1-e
Curve [0,w,1,-335*w + 1827,2492*w - 13512]
Isogeny class  27.1-f
Curve [0,w,1,-8667*w - 38340,965449*w + 4271557]
Isogeny class  27.3-a
Curve [w,w + 1,1,-4131276*w - 18278534,-18659596769*w - 82558059224]
Isogeny class  27.3-b
Curve [w,-1,1,-w + 2,-6*w - 26]
Isogeny class  27.2-a
Curve [w + 1,w + 1,w,-1085*w - 4808,-198474*w - 878139]
Isogeny class  27.2-b
Curve [1,-w,1,844*w + 3741,146657*w + 648877]
Isogeny class  27.2-c
Curve [0,w - 1,1,-265*w + 1444,10183*w - 55234]
Isogeny class  27.2-d
Curve [1,w + 1,0,-11*w - 40,-3369*w - 14915]
Isogeny class  27.2-e
Curve [0,-w + 1,1,335*w + 1492,-2492*w - 11020]
Isogeny class  27.2-f
Curve [0,-w + 1,1,-w + 7,-w + 5]
Isogeny class  27.4-a
Curve [w + 1,w - 1,w,4131288*w - 22409823,18637186946*w - 101096095390]
Isogeny class  27.4-b
Curve [w + 1,-w - 1,1,1,6*w - 32]
Isogeny class  31.1-a
Curve [0,-w - 1,1,w + 8,-w - 4]
Isogeny class  31.2-a
Curve [0,w + 1,1,w + 8,w + 3]
Isogeny class  32.3-a
Curve [w,w - 1,0,2696*w - 14578,173915*w - 943329]
Isogeny class  32.3-b
Curve [w,w,w,-453*w + 2497,2528*w - 13643]
Isogeny class  32.3-c
Curve [w,1,0,-7176155*w - 31750376,-29078052146*w - 128653774289]
Isogeny class  32.3-d
Curve [w,-w,0,10*w - 53,-30*w + 163]
Isogeny class  32.4-a
Curve [w + 1,w,0,-2683*w - 11870,-188493*w - 833974]
Isogeny class  32.4-b
Curve [w + 1,w + 1,w + 1,466*w + 2056,-19*w - 87]
Isogeny class  32.4-c
Curve [w + 1,-w + 1,0,7176155*w - 38926531,29078052146*w - 157731826435]
Isogeny class  32.4-d
Curve [w + 1,-1,0,-10*w - 43,30*w + 133]
Isogeny class  33.1-a
Curve [w,1,1,1554*w - 8409,77816*w - 422086]
Isogeny class  33.2-a
Curve [1,w + 1,1,9020*w - 48914,1018587*w - 5525242]
Isogeny class  33.4-a
Curve [w + 1,-w + 1,1,-1555*w - 6855,-77816*w - 344270]
Isogeny class  33.3-a
Curve [1,-w - 1,0,-9018*w - 39895,-1009568*w - 4466760]
Isogeny class  36.1-a
Curve [1,1,1,-1090792915*w - 4826135698,-43195229167668*w - 191114220310345]
Isogeny class  36.1-b
Curve [1,0,1,-569*w - 2518,-16624*w - 73552]
Curve [1,0,1,569*w - 3087,16624*w - 90176]
Isogeny class  36.1-c
Curve [1,1,0,-2805*w - 12410,-161271*w - 713532]
Curve [1,1,0,2805*w - 15215,161271*w - 874803]
Isogeny class  36.1-d
Curve [1,-w + 1,0,-9349808*w - 41367550,-34459634704*w - 152464203692]
Isogeny class  36.1-e
Curve [1,w,1,w + 6,w + 4]
Isogeny class  36.1-f
Curve [1,-w + 1,1,-w + 7,-w + 5]
Isogeny class  36.1-g
Curve [1,w,0,9349808*w - 50717358,34459634704*w - 186923838396]
Isogeny class  36.1-h
Curve [1,1,w + 1,11*w - 75,-115*w + 591]
Isogeny class  36.1-i
Curve [1,1,1,17360*w - 94168,-2755668*w + 14947925]
Curve [1,1,1,-17360*w - 76808,2755668*w + 12192257]
Isogeny class  36.1-j
Curve [1,-w + 1,w,-3,w - 3]
Isogeny class  36.1-k
Curve [1,1,w,-12*w - 63,114*w + 477]
Isogeny class  36.1-l
Curve [1,w,w + 1,-w - 3,-2*w - 2]
Isogeny class  36.1-m
Curve [1,0,1,3676233*w - 19941465,-4469890590*w + 24246603700]
Curve [1,0,1,-3676233*w - 16265232,4469890590*w + 19776713110]
Isogeny class  36.2-a
Curve [0,-w - 1,w,167*w - 893,2774*w - 15063]
Isogeny class  36.4-a
Curve [1,-w,1,-106111*w + 575600,-279895719*w + 1518274422]
Isogeny class  36.4-b
Curve [1,-w,0,-465141*w - 2057976,342204369*w + 1514058904]
Isogeny class  36.4-c
Curve [1,-1,1,-4*w - 19,8*w + 35]
Isogeny class  36.4-d
Curve [1,-1,w + 1,32043*w - 173818,-6904434*w + 37452601]
Isogeny class  36.4-e
Curve [1,-1,0,9128*w - 49514,-152836*w + 829048]
Isogeny class  36.4-f
Curve [1,-w,w,-36370359*w - 160918058,-78082534947*w - 345470624276]
Isogeny class  36.4-g
Curve [1,w + 1,w,-2*w,2*w - 16]
Isogeny class  36.6-a
Curve [0,-w + 1,w + 1,-220788*w - 976851,125651712*w + 555937069]
Isogeny class  36.7-a
Curve [w + 1,w - 1,0,-32975019*w - 145895625,228549871084*w + 1011202654920]
Isogeny class  36.7-b
Curve [w + 1,-1,0,2924591*w - 15864207,6098686674*w - 33081892222]
Isogeny class  36.3-a
Curve [0,w + 1,w + 1,-165*w - 727,-2941*w - 13016]
Isogeny class  36.5-a
Curve [1,w - 1,1,-958284*w - 4239851,-7700783789*w - 34071570361]
Isogeny class  36.5-b
Curve [1,w - 1,0,465141*w - 2523117,-342204369*w + 1856263273]
Isogeny class  36.5-c
Curve [1,-1,1,4*w - 23,-8*w + 43]
Isogeny class  36.5-d
Curve [1,-1,w,-32044*w - 141774,6904433*w + 30548168]
Isogeny class  36.5-e
Curve [1,-1,0,-9128*w - 40386,152836*w + 676212]
Isogeny class  36.5-f
Curve [1,w - 1,w + 1,36370358*w - 197288417,78082534946*w - 423553159223]
Isogeny class  36.5-g
Curve [1,-w - 1,w,20451*w - 110925,3237965*w - 17564127]
Isogeny class  36.9-a
Curve [0,w,w,220788*w - 1197639,-125651713*w + 681588782]
Isogeny class  36.8-a
Curve [w,w + 1,w,32975032*w - 178870668,-228695766721*w + 1240543926604]
Isogeny class  36.8-b
Curve [w,-w,0,-2924591*w - 12939616,-6098686674*w - 26983205548]
Isogeny class  44.1-a
Curve [1,1,w,2874*w - 15592,-178325*w + 967304]
Isogeny class  44.1-b
Curve [1,-w + 1,w + 1,41549*w - 225377,4043497*w - 21933675]
Isogeny class  44.1-c
Curve [1,-w,0,13*w + 61,-45*w - 199]
Isogeny class  44.1-d
Curve [1,0,1,1213*w - 6428,50136*w - 272174]
Isogeny class  44.1-e
Curve [1,w + 1,0,5692*w - 30861,492450*w - 2671249]
Isogeny class  44.1-f
Curve [1,1,1,981142*w - 5322135,1076704946*w - 5840509427]
Isogeny class  44.2-a
Curve [1,1,w + 1,-2875*w - 12718,178324*w + 788979]
Isogeny class  44.2-b
Curve [1,w,w,-41550*w - 183827,-4043498*w - 17890177]
Isogeny class  44.2-c
Curve [1,w - 1,0,-13*w + 74,45*w - 244]
Isogeny class  44.2-d
Curve [1,0,1,-1213*w - 5215,-50136*w - 222038]
Isogeny class  44.2-e
Curve [1,-w - 1,1,-5690*w - 25171,-486759*w - 2153629]
Isogeny class  44.2-f
Curve [1,1,1,-981142*w - 4340993,-1076704946*w - 4763804481]
Isogeny class  48.1-a
Curve [0,w + 1,0,-4712*w - 20844,1576456*w + 6974916]
Isogeny class  48.3-a
Curve [w,w + 1,0,-633*w - 2800,16608*w + 73481]
Isogeny class  48.3-b
Curve [w,w + 1,w,4262680*w - 23122556,-10628670472*w + 57654467376]
Isogeny class  48.3-c
Curve [w,-w + 1,0,-1207909*w - 5344272,-1836785391*w - 8126726328]
Isogeny class  48.3-d
Curve [w,-w - 1,0,47865*w - 259640,-23984156*w + 130100349]
Isogeny class  48.3-e
Curve [w,w + 1,0,13445169*w - 72932300,-57890941847*w + 314025298152]
Isogeny class  48.3-f
Curve [w,w + 1,w,16778*w + 74224,-3064707*w - 13559583]
Isogeny class  48.3-g
Curve [w,w + 1,w,-5810*w - 25715,-11750984*w - 51991398]
Isogeny class  48.4-a
Curve [w + 1,-w + 1,w + 1,-107*w - 456,-1559*w - 6879]
Isogeny class  48.4-b
Curve [w + 1,1,0,2401641*w + 10625895,11161458319*w + 49383078765]
Isogeny class  48.4-c
Curve [w + 1,0,w + 1,346139701*w - 1877610183,7039319976245*w - 38184290721782]
Isogeny class  48.4-d
Curve [w + 1,-w + 1,w + 1,134*w - 736,-1550*w + 8405]
Isogeny class  48.4-e
Curve [w + 1,-w + 1,w + 1,3288103*w - 17836090,7219672027*w - 39162597601]
Isogeny class  48.4-f
Curve [w + 1,-w,w + 1,398739*w - 2162944,305121015*w - 1655107258]
Isogeny class  48.7-a
Curve [w,w - 1,w,83702*w - 454004,-29261857*w + 158728916]
Isogeny class  48.7-b
Curve [w,0,w,-546*w + 2965,19085*w - 103518]
Isogeny class  48.7-c
Curve [w,1,w,-16*w - 69,2649*w + 11723]
Isogeny class  48.7-d
Curve [w,0,w,-211785*w + 1148816,5518338109*w - 29933832716]
Isogeny class  48.8-a
Curve [0,w,w + 1,21220573*w + 93888923,-345215293838*w - 1527380523095]
Isogeny class  48.8-b
Curve [0,-w - 1,w + 1,w + 8,-2*w - 11]
Isogeny class  48.8-c
Curve [w + 1,-w - 1,0,-w + 10,-w + 7]
Isogeny class  48.8-d
Curve [0,w + 1,w + 1,-9665032*w - 42762243,-36318831571*w - 160690088054]
Isogeny class  48.8-e
Curve [w + 1,w - 1,w + 1,-8031692*w - 35535654,26903415567*w + 119032249364]
Isogeny class  48.2-a
Curve [0,-w - 1,0,4714*w - 25557,-1581169*w + 8576929]
Isogeny class  48.6-a
Curve [w + 1,w - 1,w + 1,645*w - 3447,-20055*w + 108895]
Isogeny class  48.6-b
Curve [w + 1,w - 1,0,-4262667*w - 18859865,10609810595*w + 46942352629]
Isogeny class  48.6-c
Curve [w + 1,0,0,1207909*w - 6552181,1836785391*w - 9963511719]
Isogeny class  48.6-d
Curve [w + 1,1,w + 1,-47865*w - 211776,23936291*w + 105904417]
Isogeny class  48.6-e
Curve [w + 1,w - 1,w + 1,-13445157*w - 59487145,57831454702*w + 255871159561]
Isogeny class  48.6-f
Curve [w + 1,w - 1,0,-16765*w + 91013,3155708*w - 17117795]
Isogeny class  48.6-g
Curve [w + 1,w - 1,0,5823*w - 31514,11719458*w - 63571248]
Isogeny class  48.5-a
Curve [w,1,w,105*w - 561,1558*w - 8437]
Isogeny class  48.5-b
Curve [w,-w - 1,w,-2401640*w + 13027511,-11159056679*w + 60531509549]
Isogeny class  48.5-c
Curve [w,-w + 1,w,-346139703*w - 1531470480,-7039319976246*w - 31144970745536]
Isogeny class  48.5-d
Curve [w,1,w,-136*w - 600,1549*w + 6856]
Isogeny class  48.5-e
Curve [w,1,w,-3288105*w - 14547985,-7219672028*w - 31942925573]
Isogeny class  48.5-f
Curve [w,0,w,-398741*w - 1764203,-305121016*w - 1349986242]
Isogeny class  48.10-a
Curve [w + 1,w,w + 1,-83691*w - 370290,28807864*w + 127458343]
Isogeny class  48.10-b
Curve [w + 1,-w,w + 1,544*w + 2419,-19086*w - 84433]
Isogeny class  48.10-c
Curve [w + 1,-w + 1,w + 1,14*w - 85,-2650*w + 14372]
Isogeny class  48.10-d
Curve [w + 1,-w,w + 1,211783*w + 937031,-5518338110*w - 24415494607]
Isogeny class  48.9-a
Curve [0,-w + 1,w,-21220573*w + 115109496,345215293837*w - 1872595816932]
Isogeny class  48.9-b
Curve [0,w + 1,w,w + 8,w - 4]
Isogeny class  48.9-c
Curve [w,-1,0,w + 9,w + 6]
Isogeny class  48.9-d
Curve [0,-w - 1,w,9665034*w - 52427276,36309166537*w - 196956492348]
Isogeny class  48.9-e
Curve [w,w + 1,0,8031704*w - 43567344,-26938951221*w + 146128425660]
Isogeny class  54.1-a
Curve [1,w - 1,w + 1,4399*w - 23858,347091*w - 1882777]
Isogeny class  54.1-b
Curve [1,w - 1,0,-2572671*w - 11382591,-1452653626*w - 6427162691]
Isogeny class  54.1-c
Curve [1,-w - 1,0,-42607578*w - 188514195,-335836021075*w - 1485882597605]
Isogeny class  54.1-d
Curve [1,-w - 1,w,77717*w + 343860,69191403*w + 306132440]
Isogeny class  54.1-e
Curve [1,-w - 1,w + 1,-56*w + 313,-3997*w + 21663]
Isogeny class  54.1-f
Curve [1,w - 1,w + 1,-3587097*w - 15870845,7561450670*w + 33455100869]
Isogeny class  54.1-g
Curve [1,w - 1,0,-8536*w - 37758,-955625*w - 4228100]
Isogeny class  54.2-a
Curve [w + 1,w + 1,w,-361*w + 2034,25159*w - 136308]
Isogeny class  54.2-b
Curve [1,-w,w,98*w - 481,-991*w + 4985]
Isogeny class  54.2-c
Curve [1,-w,0,-149*w - 652,896*w + 3968]
Isogeny class  54.2-d
Curve [1,w + 1,0,141*w - 750,-2104*w + 11424]
Isogeny class  54.5-a
Curve [w,w + 1,w + 1,-4723001*w + 25619629,12541181459*w - 68028747071]
Isogeny class  54.5-b
Curve [w,-1,w + 1,-15*w + 77,-89*w + 481]
Isogeny class  54.6-a
Curve [w,0,w + 1,-2918518*w + 15831294,4095482496*w - 22215653610]
Isogeny class  54.6-b
Curve [1,-w - 1,w + 1,-3189*w + 17308,493807*w - 2678640]
Isogeny class  54.6-c
Curve [1,w - 1,0,19*w + 93,-2*w - 14]
Isogeny class  54.6-d
Curve [w,w,1,-585*w - 2586,14804*w + 65499]
Isogeny class  54.4-a
Curve [1,-w,w,-4400*w - 19458,-347092*w - 1535685]
Isogeny class  54.4-b
Curve [1,-w,0,2572671*w - 13955262,1452653626*w - 7879816317]
Isogeny class  54.4-c
Curve [1,w + 1,1,42607580*w - 231121774,335878628654*w - 1821949740454]
Isogeny class  54.4-d
Curve [1,w + 1,w,-77716*w + 421577,-69269120*w + 375745420]
Isogeny class  54.4-e
Curve [1,w + 1,w + 1,57*w + 257,4052*w + 17924]
Isogeny class  54.4-f
Curve [1,-w,w,3587096*w - 19457941,-7561450671*w + 41016551540]
Isogeny class  54.4-g
Curve [1,-w,0,8536*w - 46294,955625*w - 5183725]
Isogeny class  54.3-a
Curve [w,w,w + 1,374*w + 1647,-23500*w - 103977]
Isogeny class  54.3-b
Curve [1,w - 1,w + 1,-99*w - 383,990*w + 3994]
Isogeny class  54.3-c
Curve [1,w - 1,0,149*w - 801,-896*w + 4864]
Isogeny class  54.3-d
Curve [1,-w - 1,1,-139*w - 611,2244*w + 9930]
Isogeny class  54.8-a
Curve [w + 1,w - 1,1,4723013*w + 20896639,-12520284832*w - 55395110059]
Isogeny class  54.8-b
Curve [w + 1,-w - 1,w,13*w + 63,88*w + 393]
Isogeny class  54.7-a
Curve [w + 1,-w,w,2918516*w + 12912777,-4095482497*w - 18120171113]
Isogeny class  54.7-b
Curve [1,w + 1,w + 1,3190*w + 14119,-490619*w - 2170713]
Isogeny class  54.7-c
Curve [1,-w,0,-19*w + 112,2*w - 16]
Isogeny class  54.7-d
Curve [w + 1,w + 1,1,599*w - 3159,-17389*w + 94499]
Isogeny class  62.2-a
Curve [w + 1,0,1,-8620*w - 38134,252116*w + 1115470]
Isogeny class  62.2-b
Curve [w + 1,w,w,-58636*w + 318132,-35903615*w + 194756744]
Isogeny class  62.3-a
Curve [w,-w + 1,1,8619*w - 46753,-252116*w + 1367586]
Isogeny class  62.3-b
Curve [w,w - 1,w + 1,58647*w + 259472,36163098*w + 160001053]
Isogeny class  64.1-a
Curve [0,w - 1,0,-23*w - 92,-163*w - 727]
Isogeny class  64.1-b
Curve [0,-w + 1,0,w,7*w - 40]
Isogeny class  64.1-c
Curve [0,w,0,-w + 1,-7*w - 33]
Isogeny class  64.1-d
Curve [0,-w,0,23*w - 115,163*w - 890]
Isogeny class  64.2-a
Curve [0,0,0,-1138*w + 6173,-1557917*w + 8450810]
Isogeny class  64.2-b
Curve [0,0,0,311*w - 1687,11863*w - 64350]
Isogeny class  64.2-c
Curve [0,-w - 1,0,63*w - 328,-605*w + 3272]
Isogeny class  64.3-a
Curve [0,0,0,1138*w + 5035,1557917*w + 6892893]
Isogeny class  64.3-b
Curve [0,0,0,311*w - 1687,-11863*w + 64350]
Isogeny class  64.3-c
Curve [0,w + 1,0,-61*w - 266,543*w + 2401]
Isogeny class  66.1-a
Curve [w,w + 1,w + 1,-108*w - 485,928*w + 4103]
Isogeny class  66.1-b
Curve [w,-w - 1,w + 1,-47183117*w - 208758331,391475510115*w + 1732055560965]
Isogeny class  66.1-c
Curve [1,w + 1,0,w + 7,0]
Isogeny class  66.1-d
Curve [w,w - 1,1,-2658861*w + 14422846,3047467973*w - 16530773287]
Isogeny class  66.1-e
Curve [1,w + 1,1,5*w + 25,-6*w - 28]
Isogeny class  66.1-f
Curve [w,-1,w + 1,-174657*w - 772760,-85855318*w - 379860751]
Isogeny class  66.2-a
Curve [w + 1,w + 1,w,-449431*w - 1988483,-375498355*w - 1661365779]
Isogeny class  66.2-b
Curve [w + 1,w,1,-7214326*w - 31919270,-23466541144*w - 103826042842]
Isogeny class  66.3-a
Curve [w + 1,w,1,w + 7,w + 4]
Isogeny class  66.3-b
Curve [1,-w - 1,w,-2*w - 2,7*w + 28]
Isogeny class  66.3-c
Curve [w + 1,-w - 1,w,2400*w - 13031,-137901*w + 748029]
Isogeny class  66.3-d
Curve [1,w,w,4183855*w + 18511177,-9847346273*w - 43568883455]
Isogeny class  66.4-a
Curve [1,-w + 1,1,-9558*w + 51852,-29481496*w + 159920276]
Isogeny class  66.4-b
Curve [w,0,1,443087021*w - 2403494027,-15630320590508*w + 84785562741468]
Isogeny class  66.4-c
Curve [1,w - 1,w,-37048295*w - 163917536,271187203217*w + 1199848499457]
Isogeny class  66.4-d
Curve [1,-w + 1,1,62*w - 331,2368*w - 12848]
Isogeny class  66.8-a
Curve [w + 1,w - 1,1,120*w - 582,-1522*w + 8373]
Isogeny class  66.8-b
Curve [w + 1,1,1,47183117*w - 255941424,-391428326999*w + 2123275129657]
Isogeny class  66.8-c
Curve [1,-w - 1,1,w + 6,-7]
Isogeny class  66.8-d
Curve [w + 1,w,1,2658873*w + 11763997,-3033045127*w - 13419492518]
Isogeny class  66.8-e
Curve [1,-w - 1,0,-3*w + 29,10*w - 63]
Isogeny class  66.8-f
Curve [w + 1,-w - 1,w,174655*w - 947416,85855317*w - 465716068]
Isogeny class  66.7-a
Curve [w,w,w + 1,449444*w - 2437940,373060427*w - 2023639695]
Isogeny class  66.7-b
Curve [w,w - 1,1,7214338*w - 39133620,23427407524*w - 127080306386]
Isogeny class  66.6-a
Curve [w,w - 1,1,11*w - 16,-17*w + 153]
Isogeny class  66.6-b
Curve [1,w + 1,w,3*w - 4,-5*w + 31]
Isogeny class  66.6-c
Curve [w,-1,w + 1,-2402*w - 10630,137900*w + 610128]
Isogeny class  66.6-d
Curve [1,-w + 1,w + 1,-4183856*w + 22695032,9847346272*w - 53416229728]
Isogeny class  66.5-a
Curve [1,w,1,9558*w + 42294,29481496*w + 130438780]
Isogeny class  66.5-b
Curve [w + 1,-w,1,-443087022*w - 1960407006,15630320590508*w + 69155242150960]
Isogeny class  66.5-c
Curve [1,-w,w + 1,37048294*w - 200965831,-271187203218*w + 1471035702674]
Isogeny class  66.5-d
Curve [1,w,1,-62*w - 269,-2368*w - 10480]
Isogeny class  72.1-a
Curve [w,-w - 1,w,-13348*w - 59044,-9484652*w - 41964152]
Isogeny class  72.1-b
Curve [w,-w - 1,0,663087*w - 3596868,609940017*w - 3308576256]
Isogeny class  72.1-c
Curve [w,1,w,7*w - 140,47*w - 996]
Isogeny class  72.1-d
Curve [w,-w + 1,w,-864*w - 3797,29612*w + 131052]
Isogeny class  72.1-e
Curve [w,w - 1,0,-145*w - 641,1626*w + 7194]
Isogeny class  72.1-f
Curve [w,-w - 1,0,76*w - 412,-556*w + 3016]
Isogeny class  72.3-a
Curve [w,-w + 1,w,-937*w - 4120,33495*w + 148232]
Isogeny class  72.3-b
Curve [w,-w - 1,w,178*w - 980,-2437*w + 13212]
Isogeny class  72.3-c
Curve [0,w + 1,w,4231*w - 22937,-349968*w + 1898379]
Isogeny class  72.3-d
Curve [w,w - 1,w,7*w - 8,11*w - 12]
Isogeny class  72.3-e
Curve [w,1,w,0,0]
Isogeny class  72.5-a
Curve [w,-w,0,1327*w - 7192,-55351*w + 300236]
Isogeny class  72.5-b
Curve [w,-1,w,-7230373*w - 31990276,-23499779351*w - 103973102928]
Isogeny class  72.5-c
Curve [w,-w,0,32821241*w - 178036487,227231461826*w - 1232600908722]
Isogeny class  72.5-d
Curve [w,-1,w,-8250247*w - 36502636,27301116767*w + 120791850048]
Isogeny class  72.5-e
Curve [w,w + 1,0,1060322*w - 5751578,1364207889*w - 7400048603]
Isogeny class  72.5-f
Curve [w,-w,0,5045*w - 27365,-506553*w + 2747761]
Isogeny class  72.5-g
Curve [w,w + 1,0,2107*w + 9323,-129843*w - 574481]
Isogeny class  72.5-h
Curve [w,w + 1,w,3*w + 4,2*w + 4]
Isogeny class  72.5-i
Curve [w,w + 1,0,1179458209*w - 6397887133,-48928232395096*w + 265407717873912]
Isogeny class  72.5-j
Curve [w,-w,w,1449074*w + 6411344,-7419201007*w - 32825727332]
Isogeny class  72.6-a
Curve [w,0,w,418854887*w - 2272048551,9652659214160*w - 52360163611802]
Isogeny class  72.6-b
Curve [w,-w,w,-3*w + 3,-2*w + 5]
Isogeny class  72.6-c
Curve [w,0,w,62*w - 333,-501*w + 2725]
Isogeny class  72.6-d
Curve [w,w,0,668312*w + 2956899,7825580864*w + 34623726141]
Isogeny class  72.6-e
Curve [w,0,0,-1019292*w - 4509777,-1603796532*w - 7095883723]
Isogeny class  72.6-f
Curve [w,0,0,-53530537*w - 236842047,191891562458*w + 849010574782]
Isogeny class  72.6-g
Curve [w,-w,0,-1324*w - 5829,-83842*w - 370923]
Isogeny class  72.6-h
Curve [w,0,0,-11837*w + 64227,-12666737*w + 68709829]
Isogeny class  72.10-a
Curve [w,-w,w,-4*w - 3,-2*w + 6]
Isogeny class  72.10-b
Curve [w,-w,w,35*w + 174,113*w + 525]
Isogeny class  72.10-c
Curve [w,-w,w,1298975*w - 7046211,-1784195698*w + 9678242702]
Isogeny class  72.2-a
Curve [w + 1,1,0,13349*w - 72368,9498000*w - 51521172]
Isogeny class  72.2-b
Curve [w + 1,1,w + 1,-663087*w - 2933782,-610603104*w - 2701570021]
Isogeny class  72.2-c
Curve [w + 1,-w + 1,w + 1,-9*w - 133,-48*w - 949]
Isogeny class  72.2-d
Curve [w + 1,0,w + 1,862*w - 4661,-29613*w + 160664]
Isogeny class  72.2-e
Curve [w + 1,w,0,158*w - 774,-2267*w + 12444]
Isogeny class  72.2-f
Curve [w + 1,1,w + 1,-76*w - 337,480*w + 2123]
Isogeny class  72.4-a
Curve [w + 1,0,w + 1,935*w - 5057,-33496*w + 181727]
Isogeny class  72.4-b
Curve [w + 1,1,0,-177*w - 778,2259*w + 9997]
Isogeny class  72.4-c
Curve [0,-w - 1,w + 1,-4229*w - 18707,354197*w + 1567118]
Isogeny class  72.4-d
Curve [w + 1,w,w + 1,4*w + 11,-8*w - 37]
Isogeny class  72.4-e
Curve [w + 1,-w + 1,w + 1,-2*w,-w]
Isogeny class  72.8-a
Curve [w + 1,-1,0,-1327*w - 5865,55351*w + 244885]
Isogeny class  72.8-b
Curve [w + 1,-w - 1,w + 1,7230371*w - 39220649,23499779350*w - 127472882279]
Isogeny class  72.8-c
Curve [w + 1,-1,0,-32821241*w - 145215246,-227231461826*w - 1005369446896]
Isogeny class  72.8-d
Curve [w + 1,-w - 1,w + 1,8250245*w - 44752883,-27301116768*w + 148092966815]
Isogeny class  72.8-e
Curve [w + 1,w - 1,w + 1,-1060310*w - 4691270,-1368899159*w - 6056597005]
Isogeny class  72.8-f
Curve [w + 1,-1,0,-5045*w - 22320,506553*w + 2241208]
Isogeny class  72.8-g
Curve [w + 1,w - 1,w + 1,-2095*w + 11416,141259*w - 766141]
Isogeny class  72.8-h
Curve [w + 1,w - 1,0,10*w + 18,4*w + 96]
Isogeny class  72.8-i
Curve [w + 1,w - 1,w + 1,-1179458197*w - 5218428938,48923013966158*w + 216456396910905]
Isogeny class  72.8-j
Curve [w + 1,-1,w + 1,-1449076*w + 7860418,7419201006*w - 40244928339]
Isogeny class  72.7-a
Curve [w + 1,-w,w + 1,-42355*w - 187390,10427661*w + 46136448]
Isogeny class  72.7-b
Curve [w + 1,-1,w + 1,w,w + 3]
Isogeny class  72.7-c
Curve [w + 1,-w,w + 1,-64*w - 271,500*w + 2224]
Isogeny class  72.7-d
Curve [w + 1,w + 1,0,-668297*w + 3625223,-7822623964*w + 42433267685]
Isogeny class  72.7-e
Curve [w + 1,-w,0,1019292*w - 5529069,1603796532*w - 8699680255]
Isogeny class  72.7-f
Curve [w + 1,-w,0,53530537*w - 290372584,-191891562458*w + 1040902137240]
Isogeny class  72.7-g
Curve [w + 1,-1,0,1324*w - 7153,83842*w - 454765]
Isogeny class  72.7-h
Curve [w + 1,-w,0,11837*w + 52390,12666737*w + 56043092]
Isogeny class  72.11-a
Curve [w + 1,-1,w + 1,2*w - 7,w + 4]
Isogeny class  72.11-b
Curve [w + 1,-1,w + 1,-37*w + 209,-114*w + 638]
Isogeny class  72.11-c
Curve [w + 1,-1,w + 1,-1298977*w - 5747236,1784195697*w + 7894047004]
Isogeny class  73.1-a
Curve [w + 1,0,1,43882354*w - 238036677,379078381491*w - 2056283728225]
Isogeny class  73.2-a
Curve [w,-w + 1,1,-43882355*w - 194154322,-379078381491*w - 1677205346734]
Isogeny class  75.1-a
Curve [0,w - 1,1,-20*w - 87,-144*w - 619]
Isogeny class  75.1-b
Curve [0,-w - 1,1,3576*w - 19384,-149719*w + 812130]
Isogeny class  75.1-c
Curve [0,1,1,-88*w - 390,924*w + 4088]
Isogeny class  75.2-a
Curve [0,-w,1,20*w - 107,144*w - 763]
Isogeny class  75.2-b
Curve [0,w + 1,1,-3574*w - 15809,146144*w + 646602]
Isogeny class  75.2-c
Curve [0,1,1,88*w - 478,-924*w + 5012]
Isogeny class  79.1-a
Curve [w,-w + 1,1,-2624*w - 11572,-358716*w - 1587073]
Isogeny class  79.2-a
Curve [w + 1,0,1,2623*w - 14196,358716*w - 1945789]
Isogeny class  81.1-a
Curve [0,0,1,-5783322*w + 31371219,-4521918072*w + 24528823077]
Isogeny class  81.1-b
Curve [w,-w,1,-5*w + 9,-91*w - 373]
Isogeny class  81.1-c
Curve [1,-1,w,w - 6,w - 13]
Isogeny class  81.1-d
Curve [1,-1,1,414*w - 2246,-10278*w + 55752]
Curve [1,-1,1,-414*w - 1832,10278*w + 45474]
Isogeny class  81.1-e
Curve [1,-1,1,-63102*w + 342292,5197374*w - 28192786]
Isogeny class  81.1-f
Curve [0,0,1,-2382*w + 12921,-261995*w + 1421173]
Isogeny class  81.1-g
Curve [0,0,1,5783322*w + 25587897,4521918072*w + 20006905005]
Isogeny class  81.1-h
Curve [1,-1,1,-1547082*w + 8392036,1133555040*w - 6148888720]
Curve [1,-1,1,1547082*w + 6844954,-1133555040*w - 5015333680]
Isogeny class  81.1-i
Curve [1,-1,w + 1,-2*w - 5,-2*w - 12]
Isogeny class  81.1-j
Curve [w + 1,-1,1,4*w + 4,91*w - 464]
Isogeny class  81.1-k
Curve [1,-1,1,63102*w + 279190,-5197374*w - 22995412]
Isogeny class  81.1-l
Curve [0,0,1,-470934*w + 2554548,-414824895*w + 2250188149]
Curve [0,0,1,470934*w + 2083614,414824895*w + 1835363254]
Isogeny class  81.1-m
Curve [0,0,1,2382*w + 10539,261995*w + 1159178]
Isogeny class  81.2-a
Curve [w,-1,1,-12316*w - 54484,3564682*w + 15771684]
Isogeny class  81.2-b
Curve [w,w + 1,w + 1,-660*w + 3626,-82705*w + 448714]
Isogeny class  81.2-c
Curve [w,-1,w + 1,86*w + 378,-4899*w - 21676]
Isogeny class  81.2-d
Curve [w,w + 1,1,23308*w - 126372,4849947*w - 26308096]
Isogeny class  81.4-a
Curve [w + 1,w + 1,w,16*w - 11,-9*w + 214]
Isogeny class  81.4-b
Curve [w + 1,-w,1,-65445*w - 289537,-18371825*w - 81284819]
Isogeny class  81.3-a
Curve [w + 1,-w - 1,1,12315*w - 66800,-3564682*w + 19336366]
Isogeny class  81.3-b
Curve [w + 1,w - 1,1,672*w + 2977,85670*w + 379040]
Isogeny class  81.3-c
Curve [w + 1,-w - 1,w,-88*w + 465,4898*w - 26574]
Isogeny class  81.3-d
Curve [w + 1,w - 1,w,-23296*w - 103077,-4953024*w - 21914308]
Isogeny class  81.5-a
Curve [w,w,w + 1,-3*w - 21,-3]
Isogeny class  81.5-b
Curve [w,0,1,65444*w - 354981,18371825*w - 99656644]
Isogeny class  86.1-a
Curve [1,w - 1,0,331422*w + 1466362,-50927514081*w - 225325165156]
Isogeny class  86.4-a
Curve [1,-w,0,-331422*w + 1797784,50927514081*w - 276252679237]
Isogeny class  88.1-a
Curve [w + 1,-w,0,39*w - 214,-54*w + 276]
Isogeny class  88.1-b
Curve [w + 1,1,0,10*w - 13,-265*w + 1485]
Isogeny class  88.1-c
Curve [w + 1,-w,0,-43482*w + 235873,9869496*w - 53536375]
Isogeny class  88.1-d
Curve [w + 1,0,w + 1,2658867*w + 11763965,14117330642*w + 62461125694]
Isogeny class  88.2-a
Curve [w + 1,0,w + 1,-8621*w - 38146,1123538*w + 4971012]
Isogeny class  88.5-a
Curve [w + 1,-w - 1,0,423*w + 1885,-31500*w - 139360]
Isogeny class  88.5-b
Curve [0,-w - 1,w + 1,162*w - 865,-27555*w + 149450]
Isogeny class  88.5-c
Curve [w + 1,-w - 1,w + 1,-6033*w - 26685,557793*w + 2467922]
Isogeny class  88.6-a
Curve [w + 1,-1,w + 1,-51492*w + 279323,-8836687*w + 47934000]
Isogeny class  88.4-a
Curve [w,0,0,-39*w - 175,54*w + 222]
Isogeny class  88.4-b
Curve [w,-w - 1,w,-9*w - 28,274*w + 1224]
Isogeny class  88.4-c
Curve [w,0,0,43482*w + 192391,-9869496*w - 43666879]
Isogeny class  88.4-d
Curve [w,-w + 1,w,-2658869*w + 14422834,-14117330643*w + 76578456337]
Isogeny class  88.3-a
Curve [w,-w + 1,w,8619*w - 46765,-1123539*w + 6094551]
Isogeny class  88.8-a
Curve [w,-1,0,-423*w + 2308,31500*w - 170860]
Isogeny class  88.8-b
Curve [0,w + 1,w,-160*w - 704,27393*w + 121192]
Isogeny class  88.8-c
Curve [w,-1,w,6031*w - 32716,-557794*w + 3025716]
Isogeny class  88.7-a
Curve [w,-w,w,51490*w + 227833,8836686*w + 39097314]
Isogeny class  93.1-a
Curve [w + 1,w,w,-90760*w - 401568,-33496668*w - 148203631]
Isogeny class  93.1-b
Curve [w,1,1,-1099222020*w - 4863429660,44982480490511*w + 199021786716307]
Isogeny class  93.2-a
Curve [w + 1,w,w,58*w - 248,-444*w + 2553]
Isogeny class  93.2-b
Curve [0,-w - 1,1,-8107115*w - 35869350,-27865296817*w - 123288024568]
Isogeny class  93.4-a
Curve [w,w - 1,w + 1,90771*w - 492352,33004327*w - 179029575]
Isogeny class  93.4-b
Curve [w + 1,-w + 1,1,1099222019*w - 5962651680,-44982480490511*w + 244004267206818]
Isogeny class  93.3-a
Curve [w,w - 1,w + 1,-47*w - 214,241*w + 1063]
Isogeny class  93.3-b
Curve [0,w + 1,1,8107117*w - 43976466,27873403933*w - 151197297851]
Isogeny class  94.1-a
Curve [1,-1,0,507*w - 2750,-13894*w + 75367]
Isogeny class  94.1-b
Curve [w,-w + 1,1,87108*w - 472511,-31096500*w + 168680754]
Isogeny class  94.4-a
Curve [1,-1,0,-507*w - 2243,13894*w + 61473]
Isogeny class  94.4-b
Curve [w + 1,0,1,-87109*w - 385403,31096500*w + 137584254]
Isogeny class  96.1-a
Curve [0,-1,0,-55270384*w - 244539884,77344056596*w + 342203279316]
Isogeny class  96.1-b
Curve [0,-w + 1,0,-14039887*w - 62118472,61955658030*w + 274118403968]
Isogeny class  96.2-a
Curve [0,-w - 1,0,-56*w - 244,-399*w - 1764]
Isogeny class  96.2-b
Curve [0,-w - 1,0,-29737*w + 161320,20007203*w - 108527660]
Isogeny class  96.2-c
Curve [0,-1,0,-161*w - 712,198*w + 876]
Isogeny class  96.2-d
Curve [0,1,0,-w - 4,0]
Isogeny class  96.2-e
Curve [0,w,0,-496*w - 2188,12608*w + 55780]
Isogeny class  96.2-f
Curve [0,w + 1,0,-976*w + 5308,-22579*w + 122488]
Isogeny class  96.5-a
Curve [w,w + 1,0,962*w - 5155,-35191*w + 190988]
Isogeny class  96.5-b
Curve [w,-w + 1,w,-17*w - 72,-72*w - 348]
Isogeny class  96.5-c
Curve [w,w - 1,w,4*w + 8,-217*w - 965]
Isogeny class  96.5-d
Curve [w,w - 1,w,-135868*w - 601148,-25088902*w - 111004068]
Isogeny class  96.5-e
Curve [w,-w + 1,w,-2591*w - 11438,202237*w + 894819]
Isogeny class  96.5-f
Curve [w,1,0,-9*w + 72,161*w - 852]
Isogeny class  96.5-g
Curve [w,1,w,1697*w + 7510,-995624*w - 4405065]
Isogeny class  96.5-h
Curve [w,-1,w,49546*w - 268760,13342817*w - 72377160]
Isogeny class  96.5-i
Curve [w,w + 1,w,717846*w - 3893856,-734305293*w + 3983186943]
Isogeny class  96.5-j
Curve [w,w - 1,w,-518208*w + 2811014,3663159549*w - 19870548473]
Isogeny class  96.5-k
Curve [w,-1,w,269465*w + 1192224,219273095*w + 970158216]
Isogeny class  96.5-l
Curve [w,w + 1,0,-19943*w - 88236,3252333*w + 14389716]
Isogeny class  96.5-m
Curve [w,-1,w,-3*w - 18,4*w + 15]
Isogeny class  96.5-n
Curve [w,w - 1,0,-144233034*w - 638148804,-2069780588648*w - 9157597054932]
Isogeny class  96.5-o
Curve [w,w + 1,w,5*w + 12,4*w + 12]
Isogeny class  96.5-p
Curve [w,w - 1,w,-99*w - 448,-1666*w - 7376]
Isogeny class  96.5-q
Curve [w,w + 1,0,1134*w - 6088,46917*w - 254401]
Isogeny class  96.6-a
Curve [w,w,w,23566076*w - 127832464,138286370077*w - 750124582376]
Isogeny class  96.6-b
Curve [w,w,w,488689*w - 2650819,280560873*w - 1521882438]
Isogeny class  96.6-c
Curve [w,-w + 1,w,882723*w - 4788280,926618552*w - 5026376460]
Isogeny class  96.6-d
Curve [w,-w + 1,w,30689*w + 135807,-6190749*w - 27390493]
Isogeny class  96.6-e
Curve [w,w - 1,w,-10*w - 56,8*w + 32]
Isogeny class  96.6-f
Curve [w,w,w,-111765*w + 606301,39544359*w - 214505494]
Isogeny class  96.6-g
Curve [w,-w - 1,0,2993720*w - 16239221,-6248582939*w + 33894993884]
Isogeny class  96.6-h
Curve [w,-w + 1,w,4474*w - 24281,377343*w - 2046877]
Isogeny class  96.6-i
Curve [w,1,w,-316511325*w - 1400381852,-6802674148649*w - 30097948106672]
Isogeny class  96.6-j
Curve [w,w - 1,0,-34176*w - 151209,-7767508*w - 34366787]
Isogeny class  96.6-k
Curve [w,0,w,-24428999*w - 108084371,145318390826*w + 642950888202]
Isogeny class  96.6-l
Curve [w,1,w,w - 24,w - 116]
Isogeny class  96.6-m
Curve [w,-w - 1,0,-1128*w - 4968,-13808*w - 61072]
Isogeny class  96.6-n
Curve [w,w - 1,0,91961*w + 406875,-40042841*w - 177166703]
Isogeny class  96.6-o
Curve [w,0,w,83308*w - 451895,29180608*w - 158288126]
Isogeny class  96.9-a
Curve [w,1,0,-50759*w - 224568,13673264*w + 60496392]
Isogeny class  96.9-b
Curve [0,1,w,62611623*w - 339632297,600749621824*w - 3258723610833]
Isogeny class  96.9-c
Curve [w,-w + 1,0,-92560*w + 502088,-1215186037*w + 6591690260]
Isogeny class  96.9-d
Curve [0,w + 1,w,-1,-w - 1]
Isogeny class  96.9-e
Curve [w,-w - 1,w,-3*w,-w + 12]
Isogeny class  96.9-f
Curve [0,1,w,-80403*w - 355737,-27565880*w - 121963281]
Isogeny class  96.9-g
Curve [w,1,0,-343*w - 1506,-11412*w - 50484]
Isogeny class  96.9-h
Curve [w,w - 1,0,47872*w - 259632,1555240447*w - 8436291168]
Isogeny class  96.9-i
Curve [0,w + 1,w,-300826*w + 1631823,-45190013*w + 245130015]
Isogeny class  96.9-j
Curve [w,-w + 1,0,2688*w - 14578,-145961*w + 791756]
Isogeny class  96.10-a
Curve [w + 1,0,w + 1,4*w - 7,9*w - 19]
Isogeny class  96.10-b
Curve [w + 1,-w + 1,w + 1,-1975644*w - 8741079,2396656418*w + 10603835940]
Isogeny class  96.10-c
Curve [w + 1,w + 1,0,-4935947*w + 26774787,38212766924*w - 207282437112]
Isogeny class  96.10-d
Curve [w + 1,-w,0,-w + 14,-w + 11]
Isogeny class  96.4-a
Curve [0,-1,0,55270384*w - 299810268,-77344056596*w + 419547335912]
Isogeny class  96.4-b
Curve [0,w,0,14039887*w - 76158359,-61955658030*w + 336074061998]
Isogeny class  96.3-a
Curve [0,w + 1,0,58*w - 301,456*w - 2464]
Isogeny class  96.3-b
Curve [0,w + 1,0,29739*w + 131582,-19977465*w - 88388875]
Isogeny class  96.3-c
Curve [0,-1,0,161*w - 873,-198*w + 1074]
Isogeny class  96.3-d
Curve [0,1,0,w - 5,0]
Isogeny class  96.3-e
Curve [0,-w + 1,0,496*w - 2684,-12608*w + 68388]
Isogeny class  96.3-f
Curve [0,-w - 1,0,978*w + 4331,21602*w + 95578]
Isogeny class  96.8-a
Curve [w + 1,w - 1,w + 1,-950*w - 4207,30984*w + 137083]
Isogeny class  96.8-b
Curve [w + 1,0,w + 1,15*w - 89,71*w - 420]
Isogeny class  96.8-c
Curve [w + 1,w,w + 1,7*w + 24,236*w - 1146]
Isogeny class  96.8-d
Curve [w + 1,w,w + 1,135879*w - 737004,24487765*w - 132832006]
Isogeny class  96.8-e
Curve [w + 1,0,w + 1,2589*w - 14029,-202238*w + 1097056]
Isogeny class  96.8-f
Curve [w + 1,-w + 1,0,9*w + 63,-161*w - 691]
Isogeny class  96.8-g
Curve [w + 1,-w + 1,w + 1,-1699*w + 9207,995623*w - 5400689]
Isogeny class  96.8-h
Curve [w + 1,-w - 1,w + 1,-49548*w - 219214,-13342818*w - 59034343]
Isogeny class  96.8-i
Curve [w + 1,w - 1,0,-717833*w - 3175999,731129282*w + 3234829525]
Isogeny class  96.8-j
Curve [w + 1,w,w + 1,518219*w + 2292818,-3660348524*w - 16194951800]
Isogeny class  96.8-k
Curve [w + 1,-w - 1,w + 1,-269467*w + 1461689,-219273096*w + 1189431311]
Isogeny class  96.8-l
Curve [w + 1,w - 1,w + 1,19955*w - 108193,-3360526*w + 18229041]
Isogeny class  96.8-m
Curve [w + 1,-w - 1,w + 1,w - 21,-5*w + 19]
Isogeny class  96.8-n
Curve [w + 1,w,0,-1854006*w - 8202917,-3049898233*w - 13494057887]
Isogeny class  96.8-o
Curve [w + 1,w - 1,0,8*w + 28,12*w + 48]
Isogeny class  96.8-p
Curve [w + 1,w,w + 1,110*w - 535,1229*w - 6534]
Isogeny class  96.8-q
Curve [w + 1,w - 1,w + 1,-1122*w - 4968,-51885*w - 229565]
Isogeny class  96.7-a
Curve [w + 1,w + 1,w + 1,-23566063*w - 104266376,-138414202529*w - 612403797967]
Isogeny class  96.7-b
Curve [w + 1,w + 1,w + 1,-488676*w - 2162118,-283211680*w - 1253049945]
Isogeny class  96.7-c
Curve [w + 1,0,w + 1,-882725*w - 3905557,-926618553*w - 4099757908]
Isogeny class  96.7-d
Curve [w + 1,0,w + 1,-30691*w + 166496,6190748*w - 33581242]
Isogeny class  96.7-e
Curve [w + 1,w,w + 1,21*w - 54,-53*w + 412]
Isogeny class  96.7-f
Curve [w + 1,w + 1,w + 1,111778*w + 494548,-38938046*w - 172278619]
Isogeny class  96.7-g
Curve [w + 1,1,w + 1,-2993720*w - 13245502,6245589219*w + 27633165443]
Isogeny class  96.7-h
Curve [w + 1,0,w + 1,-4476*w - 19807,-377344*w - 1669534]
Isogeny class  96.7-i
Curve [w + 1,-w + 1,w + 1,316511323*w - 1716893177,6802674148648*w - 36900622255321]
Isogeny class  96.7-j
Curve [w + 1,w,0,34189*w - 185373,7616299*w - 41313927]
Isogeny class  96.7-k
Curve [w + 1,-w,w + 1,24428997*w - 132513370,-145318390827*w + 788269279028]
Isogeny class  96.7-l
Curve [w + 1,-w + 1,w + 1,-3*w - 23,-2*w - 115]
Isogeny class  96.7-m
Curve [w + 1,1,w + 1,1128*w - 6097,14936*w - 80977]
Isogeny class  96.7-n
Curve [w + 1,w,0,-91948*w + 498848,40449716*w - 219416464]
Isogeny class  96.7-o
Curve [w + 1,-w,w + 1,-83310*w - 368587,-29180609*w - 129107518]
Isogeny class  96.12-a
Curve [w + 1,-w + 1,0,50759*w - 275327,-13673264*w + 74169656]
Isogeny class  96.12-b
Curve [0,1,w + 1,-62611623*w - 277020674,-600749621825*w - 2657973989009]
Isogeny class  96.12-c
Curve [w + 1,0,0,92560*w + 409528,1215186037*w + 5376504223]
Isogeny class  96.12-d
Curve [0,-w - 1,w + 1,2*w - 2,-w]
Isogeny class  96.12-e
Curve [w + 1,1,0,4*w + 21,4*w + 32]
Isogeny class  96.12-f
Curve [0,1,w + 1,80403*w - 436140,27565879*w - 149529161]
Isogeny class  96.12-g
Curve [w + 1,-w + 1,0,343*w - 1849,11412*w - 61896]
Isogeny class  96.12-h
Curve [w + 1,w,0,-47859*w - 211748,-1555500079*w - 6882199505]
Isogeny class  96.12-i
Curve [0,-w - 1,w + 1,300828*w + 1330996,44889185*w + 198609006]
Isogeny class  96.12-j
Curve [w + 1,0,0,-2688*w - 11890,145961*w + 645795]
Isogeny class  96.11-a
Curve [w,-w + 1,w,-6*w - 1,-10*w - 9]
Isogeny class  96.11-b
Curve [w,1,w,1975642*w - 10716721,-2396656419*w + 13000492359]
Isogeny class  96.11-c
Curve [w,w,0,4935962*w + 21838813,-38190928110*w - 168973046082]
Isogeny class  96.11-d
Curve [w,0,0,w + 13,w + 10]
Isogeny class  99.1-a
Curve [1,-w + 1,w + 1,13*w - 68,78*w - 436]
Isogeny class  99.3-a
Curve [1,-1,0,3254317*w - 17652811,7042246743*w - 38200166760]
Isogeny class  99.4-a
Curve [w,0,w + 1,-583948*w - 2583636,-349632603*w - 1546924592]
Isogeny class  99.2-a
Curve [1,w,w,-14*w - 54,-79*w - 357]
Isogeny class  99.6-a
Curve [1,-1,0,-3254317*w - 14398494,-7042246743*w - 31157920017]
Isogeny class  99.5-a
Curve [w + 1,-w,w,583946*w - 3167583,349632602*w - 1896557194]
Isogeny class  100.1-a
Curve [1,1,w + 1,-1044682*w - 4622119,6418350122*w + 28397533773]
Isogeny class  100.1-b
Curve [1,-w,w + 1,-4640577*w - 20531894,18353014285*w + 81201606822]
Isogeny class  100.1-c
Curve [1,0,w + 1,-1953848138*w - 8644662168,126089104605738*w + 557872278505982]
Isogeny class  100.1-d
Curve [1,1,1,6111629*w + 27040468,216734165752*w + 958924906765]
Isogeny class  100.1-e
Curve [1,-1,1,-15336502*w - 67855263,72553713958*w + 321008748903]
Isogeny class  100.1-f
Curve [1,-1,1,15336502*w - 83191765,-72553713958*w + 393562462861]
Isogeny class  100.1-g
Curve [1,0,w,1953848137*w - 10598510305,-126089104605739*w + 683961383111721]
Isogeny class  100.1-h
Curve [1,w - 1,w,4640576*w - 25172470,-18353014286*w + 99554621108]
Isogeny class  100.1-i
Curve [1,1,w,1044681*w - 5666800,-6418350123*w + 34815883896]
Isogeny class  100.2-a
Curve [0,-1,w,-540*w - 2389,15338*w + 67857]
Isogeny class  100.2-b
Curve [0,w,w,-5107038*w - 22595720,-13613217610*w - 60230713436]
Isogeny class  100.3-a
Curve [0,-1,w + 1,540*w - 2929,-15339*w + 83195]
Isogeny class  100.3-b
Curve [0,-w + 1,w + 1,5107038*w - 27702758,13613217609*w - 73843931046]
Isogeny class  101.1-a
Curve [1,0,1,159*w - 863,-2802*w + 15199]
Isogeny class  101.2-a
Curve [1,0,1,-159*w - 704,2802*w + 12397]

Total time: 1988.009 seconds, Total memory usage: 161.19MB
