Magma V2.21-4     Wed Jun  3 2015 15:54:48 on atkin    [Seed = 4190616696]
Type ? for help.  Type <Ctrl>-D to quit.
Field 2.2.376.1
Isogeny class  3.1-a
Curve [1,w - 1,w + 1,19741890244*w - 191404727345,-191575444061290060*w + 1857392842703009024]
Isogeny class  3.1-b
Curve [1,w - 1,w + 1,-w + 31,3*w - 32]
Isogeny class  3.2-a
Curve [1,-w - 1,w + 1,-19741890245*w - 191404727345,191575444061290059*w + 1857392842703009024]
Isogeny class  3.2-b
Curve [1,-w - 1,w + 1,31,-4*w - 32]
Isogeny class  6.1-a
Curve [1,w,0,5157*w - 49966,-3000340*w + 29089412]
Isogeny class  6.1-b
Curve [1,w,0,-10520721012*w - 102002174641,-2020637653196112*w - 19590808901071619]
Isogeny class  6.1-c
Curve [1,w,0,289*w - 2769,7414*w - 71845]
Isogeny class  6.1-d
Curve [w + 1,-w - 1,w + 1,-196890364*w + 1908922953,44840082747669*w - 434740731881329]
Isogeny class  6.1-e
Curve [w + 1,-w - 1,w + 1,-650009*w - 6301855,884330864*w + 8573906593]
Isogeny class  6.1-f
Curve [1,w,0,-10007200*w - 97023374,53705640624*w + 520695504534]
Isogeny class  6.2-a
Curve [1,-w,0,-5157*w - 49966,3000340*w + 29089412]
Isogeny class  6.2-b
Curve [1,-w,0,10520721012*w - 102002174641,2020637653196112*w - 19590808901071619]
Isogeny class  6.2-c
Curve [1,-w,0,-289*w - 2769,-7414*w - 71845]
Isogeny class  6.2-d
Curve [w + 1,-1,w + 1,196890362*w + 1908922953,-44840082747670*w - 434740731881329]
Isogeny class  6.2-e
Curve [w + 1,-1,w + 1,650007*w - 6301855,-884330865*w + 8573906593]
Isogeny class  6.2-f
Curve [1,-w,0,10007200*w - 97023374,-53705640624*w + 520695504534]
Isogeny class  9.1-a
Curve [0,-1,1,1031632*w - 10002043,-1772610285*w + 17186094347]
Isogeny class  9.1-b
Curve [1,w - 1,w + 1,-123*w - 1167,1585*w + 15352]
Isogeny class  9.1-c
Curve [1,-w - 1,w + 1,-14391315024747*w - 139528975934367,28074311605273920313*w + 272190549759431737888]
Isogeny class  9.1-d
Curve [1,-w - 1,w + 1,122*w - 1167,-1586*w + 15352]
Isogeny class  9.1-e
Curve [1,w - 1,w + 1,14391315024746*w - 139528975934367,-28074311605273920314*w + 272190549759431737888]
Isogeny class  9.1-f
Curve [0,-1,1,-1031632*w - 10002043,1772610285*w + 17186094347]
Isogeny class  9.2-a
Curve [w,-w,w + 1,-12*w + 128,-32*w + 379]
Curve [w,-w,w + 1,-18321600112*w - 177634503312,-3721842950300334*w - 36084606205274449]
Isogeny class  9.3-a
Curve [w,w,w + 1,11*w + 128,31*w + 379]
Curve [w,w,w + 1,18321600111*w - 177634503312,3721842950300333*w - 36084606205274449]

Total time: 142.550 seconds, Total memory usage: 88.09MB
