Magma V2.21-3     Sat May 30 2015 10:57:08 on atkin    [Seed = 2544369716]
Type ? for help.  Type <Ctrl>-D to quit.
Field 2.2.56.1
Isogeny class  1.1-a
Curve [w + 1,w,1,2*w + 10,2*w + 7]
Curve [-w + 1,-w,1,-2*w + 10,-2*w + 7]
Isogeny class  5.1-a
Curve [1,-1,w,-15*w - 54,-33*w - 127]
Isogeny class  5.1-b
Curve [1,-1,0,-8*w + 30,27*w - 101]
Isogeny class  5.2-a
Curve [1,-1,w,14*w - 54,33*w - 127]
Isogeny class  5.2-b
Curve [1,-1,0,8*w + 30,-27*w - 101]
Isogeny class  10.1-a
Curve [1,0,1,-2*w + 7,-30*w + 112]
Isogeny class  10.1-b
Curve [w + 1,w - 1,w + 1,-17217*w - 64432,-2427316*w - 9082191]
Isogeny class  10.1-c
Curve [w + 1,0,0,1285*w - 4941,-48650*w + 182431]
Isogeny class  10.1-d
Curve [1,-w - 1,0,3,1]
Isogeny class  10.2-a
Curve [1,0,1,2*w + 7,30*w + 112]
Isogeny class  10.2-b
Curve [w + 1,w - 1,1,17221*w - 64425,2362884*w - 8841125]
Isogeny class  10.2-c
Curve [w + 1,-w,0,-1285*w - 4941,48650*w + 182431]
Isogeny class  10.2-d
Curve [1,w - 1,0,3,1]
Isogeny class  14.1-a
Curve [1,0,1,4,-6]
Isogeny class  14.1-b
Curve [1,w - 1,0,-538*w + 2016,-21216*w + 79384]
Isogeny class  16.1-a
Curve [w,1,w,5*w - 19,-7*w + 26]
Curve [-w,1,-w,-5*w - 19,7*w + 26]
Isogeny class  18.1-a
Curve [-w + 1,-1,-w,w + 2,-38*w - 142]
Isogeny class  18.1-b
Curve [w + 1,-1,w,-w + 2,38*w - 142]
Isogeny class  20.1-a
Curve [w,-w + 1,0,-13*w - 26,-32*w - 99]
Isogeny class  20.1-b
Curve [w,-1,0,2,-2*w + 8]
Isogeny class  20.2-a
Curve [w,w + 1,0,13*w - 26,32*w - 99]
Isogeny class  20.2-b
Curve [w,-1,0,2,2*w + 8]
Isogeny class  22.1-a
Curve [w + 1,-w,w + 1,-28*w - 98,-2405*w - 8994]
Isogeny class  22.1-b
Curve [w + 1,w - 1,w,3*w + 3,3*w + 7]
Isogeny class  22.2-a
Curve [w + 1,0,w + 1,26*w - 98,2404*w - 8994]
Isogeny class  22.2-b
Curve [w + 1,w - 1,0,2*w + 10,0]
Isogeny class  25.1-a
Curve [0,0,-w + 1,4*w - 15,15*w - 58]
Isogeny class  25.1-b
Curve [0,0,w + 1,-4*w - 15,-15*w - 58]
Isogeny class  25.2-a
Curve [w,-w,w + 1,-2*w - 2,-w - 2]
Curve [w,w,w + 1,-74*w - 282,434*w + 1622]
Isogeny class  25.3-a
Curve [w,w,w + 1,w - 2,-2]
Curve [w,-w,w + 1,73*w - 282,-435*w + 1622]
Isogeny class  32.1-a
Curve [0,-w - 1,0,2*w,-8*w + 26]
Isogeny class  32.1-b
Curve [0,w - 1,0,-2*w,8*w + 26]
Isogeny class  32.1-c
Curve [0,0,0,-4*w - 15,0]
Isogeny class  32.1-d
Curve [0,0,0,-1,0]
Isogeny class  32.1-e
Curve [0,0,0,1,0]
Isogeny class  32.1-f
Curve [0,0,0,4*w - 15,0]
Isogeny class  32.1-g
Curve [0,w + 1,0,2*w,8*w - 26]
Isogeny class  32.1-h
Curve [0,-w + 1,0,-2*w,-8*w - 26]
Isogeny class  35.1-a
Curve [w,-w + 1,1,57*w - 215,659*w - 2466]
Isogeny class  35.1-b
Curve [w + 1,-w - 1,w + 1,-2*w - 4,-w - 2]
Isogeny class  35.1-c
Curve [w,0,w + 1,-6*w - 24,w + 3]
Isogeny class  35.1-d
Curve [w + 1,-w + 1,1,-62*w - 216,-60*w - 214]
Isogeny class  35.2-a
Curve [w,w + 1,1,-58*w - 215,-659*w - 2466]
Isogeny class  35.2-b
Curve [w + 1,-1,w + 1,-4,-2]
Isogeny class  35.2-c
Curve [w,0,w + 1,5*w - 24,-2*w + 3]
Isogeny class  35.2-d
Curve [w + 1,1,1,61*w - 216,60*w - 214]
Isogeny class  36.1-a
Curve [0,-w + 1,0,-6*w - 15,15*w + 60]
Isogeny class  36.1-b
Curve [0,w + 1,0,6*w - 15,-15*w + 60]
Isogeny class  44.1-a
Curve [w,w + 1,w,-2*w - 21,-29*w - 107]
Isogeny class  44.1-b
Curve [w,0,0,805*w - 3008,24988*w - 93495]
Isogeny class  44.2-a
Curve [w,-w + 1,w,2*w - 21,29*w - 107]
Isogeny class  44.2-b
Curve [w,0,0,-805*w - 3008,-24988*w - 93495]
Isogeny class  49.1-a
Curve [1,-1,0,-2,-1]
Curve [1,-1,w,-263*w - 982,5572*w + 20845]
Isogeny class  50.1-a
Curve [w + 1,1,1,23*w - 74,-105*w + 403]
Isogeny class  50.1-b
Curve [-w + 1,w - 1,1,42*w - 149,333*w - 1243]
Isogeny class  50.1-c
Curve [w + 1,-w - 1,w + 1,20*w - 86,142*w - 537]
Isogeny class  50.1-d
Curve [w + 1,-w + 1,1,-24*w - 74,105*w + 403]
Isogeny class  50.1-e
Curve [w + 1,-w - 1,1,-42*w - 149,-333*w - 1243]
Isogeny class  50.1-f
Curve [w + 1,-1,w + 1,-22*w - 86,-143*w - 537]
Isogeny class  50.2-a
Curve [1,w - 1,0,-16*w - 53,52*w + 191]
Isogeny class  50.2-b
Curve [w + 1,-1,w + 1,-544*w - 2039,-21680*w - 81121]
Isogeny class  50.2-c
Curve [w + 1,-w + 1,w,-2*w + 1,-w + 1]
Isogeny class  50.2-d
Curve [1,-w + 1,w,166*w - 840,836*w - 1702]
Isogeny class  50.2-e
Curve [1,-w - 1,w,42*w + 162,478*w + 1786]
Isogeny class  50.2-f
Curve [1,0,w + 1,-2,-w - 2]
Isogeny class  50.2-g
Curve [w + 1,1,w,-44*w - 167,-943*w - 3531]
Isogeny class  50.2-h
Curve [1,1,0,-17*w + 64,0]
Isogeny class  50.2-i
Curve [1,w + 1,0,-26289*w - 98364,-4532048*w - 16957370]
Isogeny class  50.2-j
Curve [w + 1,1,1,5*w - 11,-5*w + 25]
Isogeny class  50.3-a
Curve [1,-w - 1,0,16*w - 53,-52*w + 191]
Isogeny class  50.3-b
Curve [w + 1,-w - 1,w + 1,542*w - 2039,21679*w - 81121]
Isogeny class  50.3-c
Curve [w + 1,1,w,w + 1,w + 1]
Isogeny class  50.3-d
Curve [1,w + 1,w,-167*w - 840,-836*w - 1702]
Isogeny class  50.3-e
Curve [1,w - 1,w,-43*w + 162,-478*w + 1786]
Isogeny class  50.3-f
Curve [1,0,w + 1,-w - 2,-2]
Isogeny class  50.3-g
Curve [w + 1,-w + 1,w,43*w - 167,943*w - 3531]
Isogeny class  50.3-h
Curve [1,1,0,17*w + 64,0]
Isogeny class  50.3-i
Curve [1,-w + 1,0,26289*w - 98364,4532048*w - 16957370]
Isogeny class  50.3-j
Curve [w + 1,-w + 1,1,-6*w - 11,5*w + 25]
Isogeny class  55.1-a
Curve [0,w + 1,1,w + 6,w + 3]
Isogeny class  55.1-b
Curve [0,-1,1,-2*w - 9,-3*w - 10]
Isogeny class  55.1-c
Curve [0,-w,1,222*w - 826,3496*w - 13083]
Isogeny class  55.1-d
Curve [0,w - 1,1,29*w - 106,118*w - 441]
Isogeny class  55.4-a
Curve [0,-w + 1,1,-w + 6,-w + 3]
Isogeny class  55.4-b
Curve [0,-1,1,2*w - 9,3*w - 10]
Isogeny class  55.4-c
Curve [0,w,1,-222*w - 826,-3496*w - 13083]
Isogeny class  55.4-d
Curve [0,-w - 1,1,-29*w - 106,-118*w - 441]
Isogeny class  56.1-a
Curve [w,0,0,4,2]
Isogeny class  56.1-b
Curve [w,1,w,-30*w + 112,-944*w + 3532]
Isogeny class  56.1-c
Curve [w,-w + 1,w,7*w - 33,1856*w - 6948]
Isogeny class  56.1-d
Curve [w,1,w,0,0]
Isogeny class  63.1-a
Curve [1,w - 1,1,482*w - 1801,-3115*w + 11656]
Isogeny class  63.1-b
Curve [1,0,0,-4,-1]
Isogeny class  65.1-a
Curve [1,w,1,353*w + 1324,19082*w + 71397]
Isogeny class  65.1-b
Curve [w + 1,-w + 1,1,138*w - 516,2057*w - 7696]
Isogeny class  65.1-c
Curve [w + 1,1,1,-4*w - 12,0]
Isogeny class  65.1-d
Curve [1,w + 1,w,45*w - 159,291*w - 1088]
Isogeny class  65.4-a
Curve [1,-w,1,-353*w + 1324,-19082*w + 71397]
Isogeny class  65.4-b
Curve [w + 1,1,1,-139*w - 516,-2057*w - 7696]
Isogeny class  65.4-c
Curve [w + 1,-w + 1,1,3*w - 12,0]
Isogeny class  65.4-d
Curve [1,-w + 1,w,-46*w - 159,-291*w - 1088]
Isogeny class  67.1-a
Curve [w + 1,w,w + 1,3*w + 6,3*w + 9]
Isogeny class  67.1-b
Curve [w + 1,w,1,-87*w - 323,7643*w + 28597]
Isogeny class  67.2-a
Curve [w + 1,w,1,3*w + 13,3*w + 9]
Isogeny class  67.2-b
Curve [w + 1,w,w + 1,93*w - 330,-7973*w + 29857]
Isogeny class  70.1-a
Curve [1,-w,w + 1,9*w - 32,51*w - 198]
Isogeny class  70.1-b
Curve [1,0,w + 1,39*w - 162,280*w - 1074]
Isogeny class  70.1-c
Curve [1,-w - 1,w,-1647*w - 6158,72846*w + 272562]
Isogeny class  70.1-d
Curve [1,-w + 1,0,-3*w - 3,-2*w - 3]
Isogeny class  70.2-a
Curve [1,w,w + 1,-10*w - 32,-52*w - 198]
Isogeny class  70.2-b
Curve [1,0,w + 1,-40*w - 162,-281*w - 1074]
Isogeny class  70.2-c
Curve [1,w - 1,w,1646*w - 6158,-72846*w + 272562]
Isogeny class  70.2-d
Curve [1,w + 1,0,3*w - 3,2*w - 3]
Isogeny class  72.1-a
Curve [w,-w + 1,w,127*w - 482,-811*w + 3031]
Isogeny class  72.1-b
Curve [w,w - 1,0,13,-4*w + 24]
Isogeny class  72.1-c
Curve [w,0,0,3,0]
Isogeny class  72.1-d
Curve [-w,-w - 1,0,13,4*w + 24]
Isogeny class  77.1-a
Curve [w,w - 1,1,108*w - 393,1112*w - 4152]
Isogeny class  77.1-b
Curve [w,-w - 1,1,-4*w - 1,-3*w - 4]
Isogeny class  77.2-a
Curve [w,-w - 1,1,-109*w - 393,-1112*w - 4152]
Isogeny class  77.2-b
Curve [w,w - 1,1,3*w - 1,3*w - 4]
Isogeny class  80.1-a
Curve [w,w + 1,w,5138*w - 19783,-394339*w + 1479215]
Isogeny class  80.1-b
Curve [w,1,0,-32*w + 126,152*w - 566]
Isogeny class  80.1-c
Curve [w,w + 1,w,-7*w - 33,2*w + 4]
Isogeny class  80.1-d
Curve [w,w + 1,0,w + 4,-4*w - 15]
Isogeny class  80.1-e
Curve [w,0,w,-8*w + 27,-248*w + 926]
Isogeny class  80.1-f
Curve [w,-1,w,-68875*w - 257755,-19091923*w - 71435584]
Isogeny class  80.1-g
Curve [w,0,0,4,2*w - 6]
Isogeny class  80.1-h
Curve [w,1,0,-58*w - 210,-380*w - 1418]
Isogeny class  80.2-a
Curve [w,-w + 1,w,-5138*w - 19783,394339*w + 1479215]
Isogeny class  80.2-b
Curve [w,1,0,32*w + 126,-152*w - 566]
Isogeny class  80.2-c
Curve [w,-w + 1,w,7*w - 33,-2*w + 4]
Isogeny class  80.2-d
Curve [w,-w + 1,0,-w + 4,4*w - 15]
Isogeny class  80.2-e
Curve [w,0,w,8*w + 27,248*w + 926]
Isogeny class  80.2-f
Curve [w,-1,w,68875*w - 257755,19091923*w - 71435584]
Isogeny class  80.2-g
Curve [w,0,0,4,-2*w - 6]
Isogeny class  80.2-h
Curve [w,1,0,58*w - 210,380*w - 1418]
Isogeny class  81.1-a
Curve [w + 1,w,w,-8*w - 34,-80*w - 303]
Curve [-w + 1,-w,-w,8*w - 34,80*w - 303]
Isogeny class  86.1-a
Curve [1,-w + 1,w + 1,-w + 4,-w - 3]
Isogeny class  86.1-b
Curve [1,w + 1,1,68*w + 256,411*w + 1537]
Isogeny class  86.2-a
Curve [1,w + 1,w + 1,4,-3]
Isogeny class  86.2-b
Curve [1,-w + 1,1,-68*w + 256,-411*w + 1537]
Isogeny class  88.1-a
Curve [w,1,0,173*w + 654,-5240*w - 19603]
Isogeny class  88.1-b
Curve [w,1,0,7*w - 18,-8*w + 37]
Isogeny class  88.2-a
Curve [w,1,0,-173*w + 654,5240*w - 19603]
Isogeny class  88.2-b
Curve [w,1,0,-7*w - 18,8*w + 37]
Isogeny class  90.1-a
Curve [w + 1,0,1,-83*w - 308,-960*w - 3592]
Isogeny class  90.1-b
Curve [w + 1,w + 1,w,3*w + 15,-33*w + 159]
Isogeny class  90.2-a
Curve [w + 1,-w,1,82*w - 308,960*w - 3592]
Isogeny class  90.2-b
Curve [w + 1,w + 1,0,6*w + 22,48*w + 180]
Isogeny class  94.1-a
Curve [1,0,w,42*w - 159,-60*w + 221]
Isogeny class  94.1-b
Curve [1,-w - 1,w + 1,4,-w - 5]
Isogeny class  94.2-a
Curve [1,0,w,-43*w - 159,60*w + 221]
Isogeny class  94.2-b
Curve [1,w - 1,w + 1,-w + 4,-5]
Isogeny class  98.1-a
Curve [-w + 1,1,0,13*w - 46,-88*w + 330]
Isogeny class  98.1-b
Curve [w + 1,1,0,-13*w - 46,88*w + 330]
Isogeny class  100.1-a
Curve [0,w - 1,-w,2*w + 15,2*w]
Isogeny class  100.1-b
Curve [0,w,w,-1051*w - 3927,193543*w + 724165]
Isogeny class  100.1-c
Curve [0,-1,w,99*w + 362,473*w + 1715]
Isogeny class  100.1-d
Curve [0,-w,w,1051*w - 3927,-193543*w + 724165]
Isogeny class  100.1-e
Curve [0,-w - 1,w,-2*w + 15,-2*w]
Isogeny class  100.1-f
Curve [w,w + 1,0,-107*w + 423,-1257*w + 4724]
Isogeny class  100.1-g
Curve [0,-1,w,-99*w + 362,-473*w + 1715]
Isogeny class  100.1-h
Curve [w,-1,0,3,1]
Isogeny class  100.2-a
Curve [w,-1,w,-117*w - 443,-1723*w - 6450]
Isogeny class  100.2-b
Curve [0,-1,0,-830*w - 3098,-24856*w - 93011]
Isogeny class  100.2-c
Curve [0,-1,0,22*w - 82,-2094*w + 7835]
Isogeny class  100.2-d
Curve [0,w,0,-2*w - 3,-5*w - 21]
Isogeny class  100.2-e
Curve [w,w + 1,w,40*w - 135,209*w - 767]
Isogeny class  100.2-f
Curve [0,-w,0,-870*w + 3253,-22345*w + 83621]
Isogeny class  100.3-a
Curve [w,-1,w,117*w - 443,1723*w - 6450]
Isogeny class  100.3-b
Curve [0,-1,0,830*w - 3098,24856*w - 93011]
Isogeny class  100.3-c
Curve [0,-1,0,-22*w - 82,2094*w + 7835]
Isogeny class  100.3-d
Curve [0,-w,0,2*w - 3,5*w - 21]
Isogeny class  100.3-e
Curve [w,-w + 1,w,-40*w - 135,-209*w - 767]
Isogeny class  100.3-f
Curve [0,w,0,870*w + 3253,22345*w + 83621]
Isogeny class  107.1-a
Curve [1,w + 1,w,23*w + 90,81*w + 299]
Isogeny class  107.1-b
Curve [1,-w + 1,0,-w + 6,-w + 3]
Isogeny class  107.2-a
Curve [1,-w + 1,w,-24*w + 90,-81*w + 299]
Isogeny class  107.2-b
Curve [1,w + 1,0,w + 6,w + 3]
Isogeny class  110.1-a
Curve [w + 1,0,w + 1,w + 1,w + 2]
Isogeny class  110.1-b
Curve [1,0,0,-31*w + 116,0]
Isogeny class  110.1-c
Curve [w + 1,w - 1,w + 1,27*w + 100,899*w + 3361]
Isogeny class  110.1-d
Curve [1,-w - 1,1,-w - 1,1]
Isogeny class  110.1-e
Curve [w + 1,w + 1,0,24*w - 54,-28*w + 146]
Isogeny class  110.1-f
Curve [1,-w - 1,w,724*w - 2705,-19725*w + 73799]
Isogeny class  110.1-g
Curve [1,w + 1,w,-65*w + 244,-200*w + 734]
Isogeny class  110.1-h
Curve [1,1,w + 1,41*w - 164,310*w - 1179]
Isogeny class  110.1-i
Curve [1,w,1,-677*w - 2529,20854*w + 78026]
Isogeny class  110.1-j
Curve [w + 1,0,0,w + 7,w + 3]
Isogeny class  110.1-k
Curve [1,w - 1,w + 1,-1050*w - 3921,34537*w + 129221]
Isogeny class  110.1-l
Curve [1,1,w,-107*w - 404,-1214*w - 4554]
Isogeny class  110.1-m
Curve [w + 1,w - 1,0,22*w - 59,-111*w + 437]
Isogeny class  110.1-n
Curve [w + 1,-w,1,-w + 8,6]
Isogeny class  110.2-a
Curve [w + 1,-w + 1,w,33*w + 133,-19647*w - 73505]
Isogeny class  110.2-b
Curve [w + 1,-w - 1,0,-6*w + 23,-10*w + 43]
Isogeny class  110.4-a
Curve [w + 1,-w,w + 1,-3*w + 1,-2*w + 2]
Isogeny class  110.4-b
Curve [1,0,0,31*w + 116,0]
Isogeny class  110.4-c
Curve [w + 1,w - 1,1,-23*w + 107,-799*w + 3011]
Isogeny class  110.4-d
Curve [1,w - 1,1,w - 1,1]
Isogeny class  110.4-e
Curve [w + 1,w + 1,w,-15*w - 61,-33*w - 127]
Isogeny class  110.4-f
Curve [1,w - 1,w,-725*w - 2705,19725*w + 73799]
Isogeny class  110.4-g
Curve [1,-w + 1,w,64*w + 244,200*w + 734]
Isogeny class  110.4-h
Curve [1,1,w + 1,-42*w - 164,-311*w - 1179]
Isogeny class  110.4-i
Curve [1,-w,1,677*w - 2529,-20854*w + 78026]
Isogeny class  110.4-j
Curve [w + 1,-w,0,-w + 7,-w + 3]
Isogeny class  110.4-k
Curve [1,-w - 1,w + 1,1049*w - 3921,-34538*w + 129221]
Isogeny class  110.4-l
Curve [1,1,w,106*w - 404,1214*w - 4554]
Isogeny class  110.4-m
Curve [w + 1,w - 1,w,-17*w - 66,45*w + 164]
Isogeny class  110.4-n
Curve [w + 1,0,1,8,6]
Isogeny class  110.3-a
Curve [w + 1,1,w,-34*w + 133,19647*w - 73505]
Isogeny class  110.3-b
Curve [w + 1,-1,0,6*w + 23,10*w + 43]
Isogeny class  112.1-a
Curve [w,0,w,-5,-2]
Isogeny class  112.1-b
Curve [w,1,0,-30*w + 119,854*w - 3192]
Isogeny class  112.1-c
Curve [w,-1,0,2,0]
Isogeny class  112.1-d
Curve [w,w + 1,0,13*w - 26,-1826*w + 6853]
Isogeny class  112.1-e
Curve [w,1,0,7,4]
Isogeny class  112.1-f
Curve [w,-w + 1,0,247*w - 924,9108*w - 34079]
Isogeny class  113.1-a
Curve [1,w - 1,w,161*w + 611,647*w + 2414]
Isogeny class  113.1-b
Curve [w,w,1,2*w + 8,2*w + 6]
Isogeny class  113.1-c
Curve [1,1,w,0,-3]
Isogeny class  113.1-d
Curve [w,w - 1,w + 1,-14*w - 57,66*w + 245]
Isogeny class  113.2-a
Curve [1,-w - 1,w,-162*w + 611,-647*w + 2414]
Isogeny class  113.2-b
Curve [w,-w,1,-3*w + 8,-2*w + 6]
Isogeny class  113.2-c
Curve [1,1,w,-w,-3]
Isogeny class  113.2-d
Curve [w,-w - 1,w + 1,13*w - 57,-67*w + 245]
Isogeny class  121.1-a
Curve [0,-w,1,1240*w - 4635,-81728*w + 305796]
Isogeny class  121.1-b
Curve [0,-1,1,-10,-20]
Isogeny class  121.2-a
Curve [w,w + 1,1,5*w + 1,7*w - 9]
Curve [w,-1,1,-128*w - 475,1236*w + 4625]
Isogeny class  121.3-a
Curve [w,-w + 1,1,-6*w + 1,-7*w - 9]
Curve [w,-1,1,127*w - 475,-1236*w + 4625]
Isogeny class  122.1-a
Curve [1,w + 1,w,-8*w - 26,-8*w - 34]
Isogeny class  122.1-b
Curve [1,-w + 1,0,2,2*w - 8]
Isogeny class  122.2-a
Curve [1,-w + 1,w,7*w - 26,8*w - 34]
Isogeny class  122.2-b
Curve [1,w + 1,0,2,-2*w - 8]
Isogeny class  126.1-a
Curve [1,w - 1,1,-483*w - 1801,-25124*w - 94009]
Isogeny class  126.1-b
Curve [1,1,1,-4,5]
Isogeny class  130.1-a
Curve [1,-w,0,-1436*w + 5377,-411444*w + 1539481]
Isogeny class  130.1-b
Curve [1,-w,0,-40*w - 166,352*w + 1254]
Isogeny class  130.1-c
Curve [1,w,w,2597*w - 9714,-134706*w + 504022]
Isogeny class  130.1-d
Curve [1,-w + 1,w + 1,-13*w - 27,30*w + 21]
Isogeny class  130.2-a
Curve [w + 1,-w,w + 1,7*w + 33,-28*w - 100]
Isogeny class  130.2-b
Curve [w + 1,w - 1,w,-2*w + 22,14*w - 34]
Isogeny class  130.4-a
Curve [1,w,0,1436*w + 5377,411444*w + 1539481]
Isogeny class  130.4-b
Curve [1,w,0,40*w - 166,-352*w + 1254]
Isogeny class  130.4-c
Curve [1,-w,w,-2598*w - 9714,134706*w + 504022]
Isogeny class  130.4-d
Curve [1,w + 1,w + 1,12*w - 27,-31*w + 21]
Isogeny class  130.3-a
Curve [w + 1,0,w + 1,-9*w + 33,27*w - 100]
Isogeny class  130.3-b
Curve [w + 1,w - 1,0,7*w + 29,8*w + 29]
Isogeny class  143.1-a
Curve [1,w + 1,1,14*w - 45,-61*w + 232]
Isogeny class  143.1-b
Curve [1,w,w,-51*w - 185,-445*w - 1670]
Isogeny class  143.4-a
Curve [1,-w + 1,1,-14*w - 45,61*w + 232]
Isogeny class  143.4-b
Curve [1,-w,w,50*w - 185,445*w - 1670]
Isogeny class  144.1-a
Curve [w,-1,0,1,0]
Isogeny class  144.1-b
Curve [-w,-w - 1,-w,4*w + 21,-307*w - 1143]
Isogeny class  144.1-c
Curve [w,w,0,4*w + 15,0]
Isogeny class  144.1-d
Curve [0,w - 1,0,-6*w - 15,-15*w - 60]
Isogeny class  144.1-e
Curve [w,w - 1,w,-4*w + 21,307*w - 1143]
Isogeny class  144.1-f
Curve [w,w + 1,0,133*w - 475,1201*w - 4473]
Isogeny class  144.1-g
Curve [-w,-w,0,-4*w + 15,0]
Isogeny class  144.1-h
Curve [0,-w - 1,0,6*w - 15,15*w - 60]
Isogeny class  154.1-a
Curve [w + 1,w + 1,w,24*w - 63,533*w - 1957]
Isogeny class  154.1-b
Curve [w + 1,w - 1,w,6*w - 8,7*w - 8]
Isogeny class  154.1-c
Curve [w + 1,-w,1,-171455*w - 641516,105850859*w + 396057652]
Isogeny class  154.1-d
Curve [w + 1,-1,w,2411*w - 9023,-122833*w + 459599]
Isogeny class  154.1-e
Curve [w + 1,-w - 1,w,-12*w - 63,-47*w - 241]
Isogeny class  154.1-f
Curve [w + 1,w - 1,0,56*w - 1615,-1062*w - 29453]
Isogeny class  154.1-g
Curve [w + 1,-w,w + 1,-w + 3,-13*w - 44]
Isogeny class  154.1-h
Curve [w + 1,0,1,-14*w - 50,-85*w - 318]
Isogeny class  154.2-a
Curve [w + 1,w + 1,0,-15*w - 56,-596*w - 2230]
Isogeny class  154.2-b
Curve [w + 1,w - 1,0,-w - 1,-15*w - 57]
Isogeny class  154.2-c
Curve [w + 1,0,1,171454*w - 641516,-105850859*w + 396057652]
Isogeny class  154.2-d
Curve [w + 1,-w - 1,w,-2412*w - 9023,122833*w + 459599]
Isogeny class  154.2-e
Curve [w + 1,-1,w,11*w - 63,47*w - 241]
Isogeny class  154.2-f
Curve [w + 1,w - 1,w,-51*w - 1622,-560*w - 30202]
Isogeny class  154.2-g
Curve [w + 1,0,w + 1,-w + 3,12*w - 44]
Isogeny class  154.2-h
Curve [w + 1,-w,1,13*w - 50,85*w - 318]
Isogeny class  155.2-a
Curve [w,0,1,65*w - 241,4605*w - 17229]
Isogeny class  155.2-b
Curve [w,w + 1,w + 1,2*w + 2,w + 3]
Isogeny class  155.3-a
Curve [w,0,1,-66*w - 241,-4605*w - 17229]
Isogeny class  155.3-b
Curve [w,-w + 1,w + 1,-3*w + 2,-2*w + 3]
Isogeny class  162.1-a
Curve [-w + 1,-w,-w,-16*w + 56,-1068*w + 3992]
Isogeny class  162.1-b
Curve [w + 1,w,w,16*w + 56,1068*w + 3992]
Isogeny class  169.2-a
Curve [w,-1,1,-13*w - 45,31*w + 116]
Curve [w,w + 1,1,40*w - 129,-202*w + 776]
Isogeny class  169.3-a
Curve [w,-1,1,12*w - 45,-31*w + 116]
Curve [w,-w + 1,1,-41*w - 129,202*w + 776]
Isogeny class  172.1-a
Curve [w,-w + 1,w,38*w - 149,-571*w + 2133]
Isogeny class  172.1-b
Curve [w,0,0,-w,1]
Isogeny class  172.2-a
Curve [w,w + 1,w,-38*w - 149,571*w + 2133]
Isogeny class  172.2-b
Curve [w,0,0,w,1]
Isogeny class  175.1-a
Curve [0,w,w + 1,-w + 8,-37*w + 133]
Isogeny class  175.1-b
Curve [0,1,w + 1,49*w - 183,-4484*w + 16772]
Isogeny class  175.1-c
Curve [0,-w,w + 1,w + 8,36*w + 133]
Isogeny class  175.1-d
Curve [0,1,w + 1,-49*w - 183,4483*w + 16772]
Isogeny class  175.1-e
Curve [0,w,1,-1040*w + 3896,-4729*w + 17696]
Isogeny class  175.1-f
Curve [0,1,1,9,1]
Isogeny class  175.2-a
Curve [w,w - 1,1,2989*w - 11173,-173185*w + 648007]
Isogeny class  175.2-b
Curve [1,-w,w + 1,-489*w - 1823,11982*w + 44833]
Isogeny class  175.2-c
Curve [1,w,1,w - 3,-2*w + 1]
Isogeny class  175.2-d
Curve [w,-w - 1,1,-35*w - 141,256*w + 867]
Isogeny class  175.3-a
Curve [w,-w - 1,1,-2990*w - 11173,173185*w + 648007]
Isogeny class  175.3-b
Curve [1,w,w + 1,488*w - 1823,-11983*w + 44833]
Isogeny class  175.3-c
Curve [1,-w,1,-w - 3,2*w + 1]
Isogeny class  175.3-d
Curve [w,w - 1,1,34*w - 141,-256*w + 867]
Isogeny class  176.1-a
Curve [w,-1,w,-3*w - 17,-9*w - 32]
Isogeny class  176.1-b
Curve [w,-w + 1,0,-8*w - 14,14*w + 48]
Isogeny class  176.1-c
Curve [w,1,w,-7*w - 25,-29*w - 108]
Isogeny class  176.1-d
Curve [w,w + 1,w,106*w - 381,19129*w - 71557]
Isogeny class  176.1-e
Curve [w,-1,0,805*w - 3010,-23378*w + 87473]
Isogeny class  176.1-f
Curve [w,1,w,-173*w + 647,-5759*w + 21548]
Isogeny class  176.2-a
Curve [w,-1,w,3*w - 17,9*w - 32]
Isogeny class  176.2-b
Curve [w,w + 1,0,8*w - 14,-14*w + 48]
Isogeny class  176.2-c
Curve [w,1,w,7*w - 25,29*w - 108]
Isogeny class  176.2-d
Curve [w,-w + 1,w,-106*w - 381,-19129*w - 71557]
Isogeny class  176.2-e
Curve [w,-1,0,-805*w - 3010,23378*w + 87473]
Isogeny class  176.2-f
Curve [w,1,w,173*w + 647,5759*w + 21548]
Isogeny class  180.1-a
Curve [0,w,0,6*w - 18,-18*w + 69]
Isogeny class  180.1-b
Curve [w,0,w,3836*w + 14349,2774178*w + 10380020]
Isogeny class  180.1-c
Curve [w,-w + 1,0,131*w - 458,-1304*w + 4117]
Isogeny class  180.1-d
Curve [0,1,0,-26*w - 97,62*w + 232]
Isogeny class  180.2-a
Curve [0,-w,0,-6*w - 18,18*w + 69]
Isogeny class  180.2-b
Curve [w,0,w,-3836*w + 14349,-2774178*w + 10380020]
Isogeny class  180.2-c
Curve [w,w + 1,0,-131*w - 458,1304*w + 4117]
Isogeny class  180.2-d
Curve [0,1,0,26*w - 97,-62*w + 232]
Isogeny class  181.1-a
Curve [1,-w,1,3,-1]
Isogeny class  181.1-b
Curve [1,-w + 1,w,-69*w - 248,-557*w - 2083]
Isogeny class  181.2-a
Curve [1,w,1,3,-1]
Isogeny class  181.2-b
Curve [1,w + 1,w,68*w - 248,557*w - 2083]
Isogeny class  182.1-a
Curve [w + 1,w - 1,0,3*w + 14,4*w + 14]
Isogeny class  182.1-b
Curve [w + 1,-w + 1,0,-8*w + 32,0]
Isogeny class  182.1-c
Curve [w + 1,-w,0,65*w - 242,688*w - 2574]
Isogeny class  182.1-d
Curve [w + 1,w + 1,1,8*w + 31,35*w + 131]
Isogeny class  182.1-e
Curve [w + 1,1,0,-82*w - 304,592*w + 2216]
Isogeny class  182.1-f
Curve [w + 1,0,w + 1,-5*w + 18,-205*w + 768]
Isogeny class  182.2-a
Curve [w + 1,w - 1,w,2*w + 7,3*w + 7]
Isogeny class  182.2-b
Curve [w + 1,1,0,8*w + 32,0]
Isogeny class  182.2-c
Curve [w + 1,0,0,-65*w - 242,-688*w - 2574]
Isogeny class  182.2-d
Curve [w + 1,w + 1,w + 1,24,-11*w + 75]
Isogeny class  182.2-e
Curve [w + 1,-w + 1,0,82*w - 304,-592*w + 2216]
Isogeny class  182.2-f
Curve [w + 1,-w,w + 1,3*w + 18,204*w + 768]
Isogeny class  196.1-a
Curve [0,-1,0,-2,1]
Isogeny class  196.1-b
Curve [0,-w,0,280*w - 1043,1281*w - 4795]
Isogeny class  196.1-c
Curve [0,-w - 1,0,66*w - 240,-46*w + 169]
Isogeny class  196.1-d
Curve [0,w - 1,0,-66*w - 240,46*w + 169]
Isogeny class  198.1-a
Curve [w + 1,-w - 1,w + 1,-420475*w + 1573255,-270210774*w + 1011036123]
Isogeny class  198.1-b
Curve [w + 1,1,1,-11*w - 37,-71*w - 265]
Isogeny class  198.1-c
Curve [1,w + 1,1,-153*w - 572,-2268*w - 8485]
Isogeny class  198.1-d
Curve [1,-w + 1,w + 1,130*w - 488,3784*w - 14163]
Isogeny class  198.1-e
Curve [w + 1,-w + 1,1,-5*w + 19,-6*w + 23]
Isogeny class  198.1-f
Curve [w + 1,-w + 1,1,-1359*w - 1565,36024*w + 67571]
Isogeny class  198.2-a
Curve [w + 1,-1,w + 1,420473*w + 1573255,270210773*w + 1011036123]
Isogeny class  198.2-b
Curve [w + 1,-w + 1,1,10*w - 37,71*w - 265]
Isogeny class  198.2-c
Curve [1,-w + 1,1,153*w - 572,2268*w - 8485]
Isogeny class  198.2-d
Curve [1,w + 1,w + 1,-131*w - 488,-3785*w - 14163]
Isogeny class  198.2-e
Curve [w + 1,1,1,4*w + 19,6*w + 23]
Isogeny class  198.2-f
Curve [w + 1,1,1,1358*w - 1565,-36024*w + 67571]
Isogeny class  200.1-a
Curve [0,-w - 1,w,18*w - 60,-61*w + 221]
Isogeny class  200.1-b
Curve [w,1,w,-2,-2]
Isogeny class  200.1-c
Curve [-w,w - 1,0,-4*w + 28,-12*w + 54]
Isogeny class  200.1-d
Curve [0,w + 1,-w,-30*w + 120,-533*w + 1995]
Isogeny class  200.1-e
Curve [0,-w + 1,w,30*w + 120,533*w + 1995]
Isogeny class  200.1-f
Curve [w,-w - 1,0,4*w + 28,12*w + 54]
Isogeny class  200.1-g
Curve [w,1,w,210*w - 786,3012*w - 11270]
Isogeny class  200.1-h
Curve [0,w - 1,-w,-18*w - 60,61*w + 221]
Isogeny class  200.2-a
Curve [w,-w + 1,w,51*w - 199,-274*w + 1022]
Isogeny class  200.2-b
Curve [w,0,0,-164*w - 610,-2404*w - 8994]
Isogeny class  200.2-c
Curve [w,0,0,294*w - 1096,-4620*w + 17288]
Isogeny class  200.2-d
Curve [w,w + 1,w,-w - 13,2*w + 2]
Isogeny class  200.3-a
Curve [w,w + 1,w,-51*w - 199,274*w + 1022]
Isogeny class  200.3-b
Curve [w,0,0,164*w - 610,2404*w - 8994]
Isogeny class  200.3-c
Curve [w,0,0,-294*w - 1096,4620*w + 17288]
Isogeny class  200.3-d
Curve [w,-w + 1,w,w - 13,-2*w + 2]
Isogeny class  215.1-a
Curve [w + 1,-1,0,13*w - 44,49*w - 185]
Isogeny class  215.1-b
Curve [w + 1,-w - 1,0,-298*w - 1108,5305*w + 19853]
Isogeny class  215.4-a
Curve [w + 1,-w - 1,0,-13*w - 44,-49*w - 185]
Isogeny class  215.4-b
Curve [w + 1,-1,0,298*w - 1108,-5305*w + 19853]
Isogeny class  217.1-a
Curve [w,-w,1,9*w + 53,30*w + 126]
Isogeny class  217.1-b
Curve [w,-w - 1,w + 1,w - 12,-w - 2]
Isogeny class  217.2-a
Curve [w,w,1,-10*w + 53,-30*w + 126]
Isogeny class  217.2-b
Curve [w,w - 1,w + 1,-2*w - 12,-2]
Isogeny class  223.1-a
Curve [1,w + 1,1,2*w,w]
Isogeny class  223.1-b
Curve [1,w,w,-39*w - 140,232*w + 863]
Isogeny class  223.2-a
Curve [1,-w + 1,1,-2*w,-w]
Isogeny class  223.2-b
Curve [1,-w,w,38*w - 140,-232*w + 863]
Isogeny class  224.1-a
Curve [0,-1,0,2,0]
Isogeny class  224.1-b
Curve [0,-w + 1,0,14*w - 50,18*w - 68]
Isogeny class  224.1-c
Curve [0,-w,0,-200*w + 753,1881*w - 7040]
Isogeny class  224.1-d
Curve [0,-w - 1,0,-14*w - 50,18*w + 68]
Isogeny class  224.1-e
Curve [0,w - 1,0,14*w - 50,-18*w + 68]
Isogeny class  224.1-f
Curve [0,1,0,2,0]
Isogeny class  224.1-g
Curve [0,w + 1,0,-14*w - 50,-18*w - 68]
Isogeny class  224.1-h
Curve [0,w,0,-200*w + 753,-1881*w + 7040]
Isogeny class  225.1-a
Curve [1,-w - 1,1,1203*w - 4495,-19108*w + 71492]
Isogeny class  225.1-b
Curve [1,1,1,-10,-10]
Isogeny class  225.2-a
Curve [w,-w - 1,1,-137*w - 499,-1590*w - 5943]
Isogeny class  225.2-b
Curve [w,w,w + 1,w - 7,-5*w - 15]
Isogeny class  225.2-c
Curve [w,-w - 1,1,15*w - 58,-30*w + 112]
Isogeny class  225.2-d
Curve [w + 1,1,0,216*w + 811,9820*w + 36744]
Isogeny class  225.2-e
Curve [w + 1,-w + 1,0,-6*w + 27,0]
Isogeny class  225.2-f
Curve [w,-w,w + 1,-65*w - 231,518*w + 1950]
Isogeny class  225.2-g
Curve [w,-w,w + 1,673*w - 2527,20092*w - 75183]
Isogeny class  225.2-h
Curve [w,w - 1,1,151*w - 555,225*w - 835]
Isogeny class  225.3-a
Curve [w,w - 1,1,136*w - 499,1590*w - 5943]
Isogeny class  225.3-b
Curve [w,-w,w + 1,-2*w - 7,4*w - 15]
Isogeny class  225.3-c
Curve [w,w - 1,1,-16*w - 58,30*w + 112]
Isogeny class  225.3-d
Curve [w + 1,-w + 1,0,-216*w + 811,-9820*w + 36744]
Isogeny class  225.3-e
Curve [w + 1,1,0,6*w + 27,0]
Isogeny class  225.3-f
Curve [w,w,w + 1,64*w - 231,-519*w + 1950]
Isogeny class  225.3-g
Curve [w,w,w + 1,-674*w - 2527,-20093*w - 75183]
Isogeny class  225.3-h
Curve [w,-w - 1,1,-152*w - 555,-225*w - 835]
Isogeny class  226.1-a
Curve [1,w,w + 1,43*w - 158,-351*w + 1310]
Isogeny class  226.1-b
Curve [1,-w,1,-6*w - 18,-25*w - 92]
Isogeny class  226.2-a
Curve [1,-w,w + 1,-44*w - 158,350*w + 1310]
Isogeny class  226.2-b
Curve [1,w,1,6*w - 18,25*w - 92]
Isogeny class  235.2-a
Curve [w,1,1,-186*w - 696,2360*w + 8826]
Isogeny class  235.2-b
Curve [w,1,1,1040*w - 3888,21599*w - 80816]
Isogeny class  235.3-a
Curve [w,1,1,185*w - 696,-2360*w + 8826]
Isogeny class  235.3-b
Curve [w,1,1,-1041*w - 3888,-21599*w - 80816]
Isogeny class  242.1-a
Curve [-w + 1,1,-w + 1,-8*w + 29,-8*w + 29]
Isogeny class  242.1-b
Curve [w + 1,1,w + 1,8*w + 29,8*w + 29]
Isogeny class  242.2-a
Curve [1,w - 1,w,16*w - 129,-549*w + 1755]
Isogeny class  242.2-b
Curve [1,w - 1,1,3406*w - 12750,-214543*w + 802781]
Isogeny class  242.2-c
Curve [w + 1,w - 1,0,-2*w - 5,-22*w - 83]
Isogeny class  242.2-d
Curve [w + 1,0,w + 1,30*w - 113,-166*w + 622]
Isogeny class  242.2-e
Curve [1,0,0,-1004*w - 3785,-151944*w - 568583]
Isogeny class  242.2-f
Curve [1,0,w + 1,-8430*w - 31541,814190*w + 3046418]
Isogeny class  242.3-a
Curve [1,-w - 1,w,-17*w - 129,549*w + 1755]
Isogeny class  242.3-b
Curve [1,-w - 1,1,-3406*w - 12750,214543*w + 802781]
Isogeny class  242.3-c
Curve [w + 1,w - 1,w,7*w - 12,10*w - 20]
Isogeny class  242.3-d
Curve [w + 1,-w,w + 1,-32*w - 113,165*w + 622]
Isogeny class  242.3-e
Curve [1,0,0,1004*w - 3785,151944*w - 568583]
Isogeny class  242.3-f
Curve [1,0,w + 1,8429*w - 31541,-814191*w + 3046418]
Isogeny class  245.1-a
Curve [w + 1,w,w + 1,-1672*w + 6274,76992*w - 288053]
Isogeny class  245.1-b
Curve [1,-w - 1,w + 1,-14*w - 48,20*w + 74]
Isogeny class  245.1-c
Curve [w,-w,w + 1,10*w - 56,-25*w + 82]
Isogeny class  245.1-d
Curve [w,w,w + 1,-1166*w - 4368,21290*w + 79658]
Isogeny class  245.1-e
Curve [1,0,w,-4*w + 13,91*w - 344]
Isogeny class  245.1-f
Curve [w + 1,w,1,-2*w + 9,-4*w - 3]
Isogeny class  245.2-a
Curve [w + 1,w,1,1678*w + 6281,-70718*w - 264603]
Isogeny class  245.2-b
Curve [1,w - 1,w + 1,13*w - 48,-21*w + 74]
Isogeny class  245.2-c
Curve [w,w,w + 1,-11*w - 56,24*w + 82]
Isogeny class  245.2-d
Curve [w,-w,w + 1,1165*w - 4368,-21291*w + 79658]
Isogeny class  245.2-e
Curve [1,0,w,3*w + 13,-91*w - 344]
Isogeny class  245.2-f
Curve [w + 1,w,w + 1,8*w + 2,6*w + 67]
Isogeny class  250.1-a
Curve [1,0,w + 1,-41*w - 152,2532*w + 9472]
Isogeny class  250.1-b
Curve [1,-w + 1,0,-7*w - 21,-22*w - 85]
Isogeny class  250.1-c
Curve [w + 1,w + 1,1,-164*w - 612,-2970*w - 11113]
Isogeny class  250.1-d
Curve [1,0,w,4*w - 24,22*w - 100]
Isogeny class  250.1-e
Curve [w + 1,0,w + 1,-59*w - 224,729*w + 2726]
Isogeny class  250.1-f
Curve [1,-w - 1,w + 1,-862*w - 3221,50143*w + 187617]
Isogeny class  250.1-g
Curve [w + 1,w + 1,0,84*w - 279,1346*w - 4997]
Isogeny class  250.1-h
Curve [1,-w,w + 1,373*w - 1394,-7087*w + 26510]
Isogeny class  250.1-i
Curve [1,w - 1,w,-3*w + 12,6*w - 26]
Isogeny class  250.1-j
Curve [w + 1,-1,1,637*w + 2385,2697*w + 10091]
Isogeny class  250.1-k
Curve [w + 1,-w,0,-3*w + 11,-4*w + 15]
Isogeny class  250.1-l
Curve [1,w,w + 1,-59*w + 223,116*w - 438]
Isogeny class  250.1-m
Curve [w + 1,-w - 1,w + 1,-302*w - 1262,-6051*w - 22781]
Isogeny class  250.1-n
Curve [w + 1,1,w + 1,9*w - 25,-13*w + 65]
Isogeny class  250.1-o
Curve [w + 1,w - 1,w,-4116*w - 15406,-289792*w - 1084302]
Isogeny class  250.1-p
Curve [1,-w,1,-84*w - 309,-717*w - 2680]
Isogeny class  250.1-q
Curve [w + 1,0,1,349*w - 1332,7202*w - 26928]
Isogeny class  250.1-r
Curve [w + 1,-1,w + 1,16245*w - 60790,243945*w - 912763]
Isogeny class  250.2-a
Curve [1,0,w + 1,40*w - 152,-2533*w + 9472]
Isogeny class  250.2-b
Curve [1,w + 1,0,7*w - 21,22*w - 85]
Isogeny class  250.2-c
Curve [w + 1,w + 1,w + 1,172*w - 619,2351*w - 8761]
Isogeny class  250.2-d
Curve [1,0,w,-5*w - 24,-22*w - 100]
Isogeny class  250.2-e
Curve [w + 1,-w,w + 1,57*w - 224,-730*w + 2726]
Isogeny class  250.2-f
Curve [1,w - 1,w + 1,861*w - 3221,-50144*w + 187617]
Isogeny class  250.2-g
Curve [w + 1,w + 1,w,-75*w - 286,-1632*w - 6110]
Isogeny class  250.2-h
Curve [1,w,w + 1,-374*w - 1394,7086*w + 26510]
Isogeny class  250.2-i
Curve [1,-w - 1,w,2*w + 12,-6*w - 26]
Isogeny class  250.2-j
Curve [w + 1,-w - 1,1,-638*w + 2385,-2697*w + 10091]
Isogeny class  250.2-k
Curve [w + 1,0,0,3*w + 11,4*w + 15]
Isogeny class  250.2-l
Curve [1,-w,w + 1,58*w + 223,-117*w - 438]
Isogeny class  250.2-m
Curve [w + 1,-1,w + 1,300*w - 1262,6050*w - 22781]
Isogeny class  250.2-n
Curve [w + 1,-w + 1,w + 1,-11*w - 25,12*w + 65]
Isogeny class  250.2-o
Curve [w + 1,w - 1,0,4121*w - 15399,274386*w - 1026643]
Isogeny class  250.2-p
Curve [1,w,1,84*w - 309,717*w - 2680]
Isogeny class  250.2-q
Curve [w + 1,-w,1,-350*w - 1332,-7202*w - 26928]
Isogeny class  250.2-r
Curve [w + 1,-w - 1,w + 1,-16247*w - 60790,-243946*w - 912763]
Isogeny class  252.1-a
Curve [0,-w,0,160*w - 594,-8458*w + 31645]
Isogeny class  252.1-b
Curve [0,1,0,7,0]
Isogeny class  252.1-c
Curve [0,w,0,-800*w + 2998,-7126*w + 26665]
Isogeny class  252.1-d
Curve [0,-1,0,-1,-2]
Isogeny class  256.1-a
Curve [0,-1,0,-2,2]
Isogeny class  256.1-b
Curve [0,w + 1,0,-6*w - 20,-26*w - 98]
Curve [0,w - 1,0,6*w - 20,-26*w + 98]
Isogeny class  256.1-c
Curve [0,-w,0,280*w - 1043,4877*w - 18250]
Isogeny class  256.1-d
Curve [0,1,0,-2,-2]
Isogeny class  256.1-e
Curve [0,-w + 1,0,6*w - 20,26*w - 98]
Curve [0,-w - 1,0,-6*w - 20,26*w + 98]
Isogeny class  256.1-f
Curve [0,w,0,280*w - 1043,-4877*w + 18250]
Isogeny class  260.1-a
Curve [w,-w + 1,0,-5*w + 4,-6*w - 1]
Isogeny class  260.1-b
Curve [0,-1,0,36*w - 134,-242*w + 907]
Isogeny class  260.1-c
Curve [w,w,w,-4111*w - 15389,267844*w + 1002177]
Isogeny class  260.1-d
Curve [w,-w,w,w - 45,58*w - 295]
Isogeny class  260.1-e
Curve [0,w,0,44*w + 169,-5979*w - 22373]
Isogeny class  260.1-f
Curve [w,-1,0,-8*w + 32,1910*w - 7146]
Isogeny class  260.2-a
Curve [0,-w,w,-71*w - 261,-548*w - 2052]
Isogeny class  260.2-b
Curve [0,w,w,-9284*w + 34742,-1337337*w + 5003855]
Isogeny class  260.2-c
Curve [0,1,w,-36*w - 57,175*w + 302]
Isogeny class  260.2-d
Curve [0,1,w,w - 4,-2*w + 4]
Isogeny class  260.4-a
Curve [w,w + 1,0,5*w + 4,6*w - 1]
Isogeny class  260.4-b
Curve [0,-1,0,-36*w - 134,242*w + 907]
Isogeny class  260.4-c
Curve [w,-w,w,4111*w - 15389,-267844*w + 1002177]
Isogeny class  260.4-d
Curve [w,w,w,-w - 45,-58*w - 295]
Isogeny class  260.4-e
Curve [0,-w,0,-44*w + 169,5979*w - 22373]
Isogeny class  260.4-f
Curve [w,-1,0,8*w + 32,-1910*w - 7146]
Isogeny class  260.3-a
Curve [0,w,w,71*w - 261,548*w - 2052]
Isogeny class  260.3-b
Curve [0,-w,w,9284*w + 34742,1337337*w + 5003855]
Isogeny class  260.3-c
Curve [0,1,w,36*w - 57,-175*w + 302]
Isogeny class  260.3-d
Curve [0,1,w,-w - 4,2*w + 4]
Isogeny class  271.1-a
Curve [w + 1,-w,0,2*w + 18,6*w + 29]
Isogeny class  271.1-b
Curve [w + 1,w - 1,1,4*w + 6,2*w + 14]
Isogeny class  271.2-a
Curve [w + 1,0,0,-2*w + 18,-6*w + 29]
Isogeny class  271.2-b
Curve [w + 1,w - 1,w + 1,-1,-3*w - 14]
Isogeny class  274.1-a
Curve [1,0,w + 1,4*w - 6,7*w + 106]
Isogeny class  274.1-b
Curve [1,-w - 1,w,1358*w + 5086,-494214*w - 1849182]
Isogeny class  274.2-a
Curve [1,0,w + 1,-5*w - 6,-8*w + 106]
Isogeny class  274.2-b
Curve [1,w - 1,w,-1359*w + 5086,494214*w - 1849182]
Isogeny class  275.1-a
Curve [0,-w,w + 1,-5*w - 14,12*w + 45]
Isogeny class  275.1-b
Curve [1,w + 1,1,55*w - 198,200*w - 744]
Isogeny class  275.1-c
Curve [0,1,w + 1,-5*w + 19,-48*w + 174]
Isogeny class  275.1-d
Curve [1,w,w,-2*w - 2,2*w + 3]
Isogeny class  275.3-a
Curve [1,-w - 1,1,-6*w - 20,26*w + 98]
Isogeny class  275.3-b
Curve [0,-1,1,10*w - 38,-37*w + 139]
Isogeny class  275.3-c
Curve [w + 1,1,w + 1,-154*w + 579,89749*w - 335806]
Isogeny class  275.3-d
Curve [0,-w - 1,w + 1,594*w + 2225,-699351*w - 2616733]
Isogeny class  275.3-e
Curve [0,-w + 1,w + 1,6*w - 15,22*w + 101]
Isogeny class  275.3-f
Curve [w + 1,-1,1,-70*w - 259,-731*w - 2710]
Isogeny class  275.3-g
Curve [0,w,1,-110*w - 407,-2079*w - 7781]
Isogeny class  275.3-h
Curve [1,0,0,4*w - 15,31*w - 116]
Isogeny class  275.4-a
Curve [w + 1,-w + 1,w,8003*w - 29954,-736524*w + 2755817]
Isogeny class  275.4-b
Curve [w + 1,1,w,-399*w - 1562,-9574*w - 36099]
Isogeny class  275.2-a
Curve [0,w,w + 1,5*w - 14,-13*w + 45]
Isogeny class  275.2-b
Curve [1,-w + 1,1,-55*w - 198,-200*w - 744]
Isogeny class  275.2-c
Curve [0,1,w + 1,5*w + 19,47*w + 174]
Isogeny class  275.2-d
Curve [1,-w,w,w - 2,-2*w + 3]
Isogeny class  275.6-a
Curve [1,w - 1,1,6*w - 20,-26*w + 98]
Isogeny class  275.6-b
Curve [0,-1,1,-10*w - 38,37*w + 139]
Isogeny class  275.6-c
Curve [w + 1,-w + 1,w + 1,152*w + 579,-89750*w - 335806]
Isogeny class  275.6-d
Curve [0,w - 1,w + 1,-594*w + 2225,699350*w - 2616733]
Isogeny class  275.6-e
Curve [0,w + 1,w + 1,-6*w - 15,-23*w + 101]
Isogeny class  275.6-f
Curve [w + 1,-w - 1,1,69*w - 259,731*w - 2710]
Isogeny class  275.6-g
Curve [0,-w,1,110*w - 407,2079*w - 7781]
Isogeny class  275.6-h
Curve [1,0,0,-4*w - 15,-31*w - 116]
Isogeny class  275.5-a
Curve [w + 1,1,w,-8004*w - 29954,736524*w + 2755817]
Isogeny class  275.5-b
Curve [w + 1,-w + 1,w,398*w - 1562,9574*w - 36099]
Isogeny class  280.1-a
Curve [w,1,w,-28*w - 105,-12*w - 45]
Isogeny class  280.1-b
Curve [w,-w - 1,w,-9*w - 28,23*w + 91]
Isogeny class  280.1-c
Curve [w,1,w,-2*w + 7,-2*w + 7]
Isogeny class  280.1-d
Curve [w,w - 1,w,39*w - 140,285*w - 1061]
Isogeny class  280.2-a
Curve [w,1,w,28*w - 105,12*w - 45]
Isogeny class  280.2-b
Curve [w,w - 1,w,9*w - 28,-23*w + 91]
Isogeny class  280.2-c
Curve [w,1,w,2*w + 7,2*w + 7]
Isogeny class  280.2-d
Curve [w,-w - 1,w,-39*w - 140,-285*w - 1061]
Isogeny class  286.1-a
Curve [1,-w,w + 1,-9*w - 27,56*w + 210]
Isogeny class  286.1-b
Curve [1,w,1,w + 1,2]
Isogeny class  286.2-a
Curve [1,w,w + 1,186*w - 693,-2457*w + 9190]
Isogeny class  286.2-b
Curve [1,w - 1,w + 1,-2*w,2*w + 3]
Isogeny class  286.2-c
Curve [w + 1,0,0,56*w - 199,350*w - 1303]
Isogeny class  286.2-d
Curve [w + 1,w - 1,w + 1,2*w + 6,3*w + 9]
Isogeny class  286.2-e
Curve [1,1,w + 1,73*w - 275,-563*w + 2101]
Isogeny class  286.2-f
Curve [1,-w,1,w + 7,-10*w - 38]
Isogeny class  286.4-a
Curve [1,w,w + 1,8*w - 27,-57*w + 210]
Isogeny class  286.4-b
Curve [1,-w,1,-w + 1,2]
Isogeny class  286.3-a
Curve [1,-w,w + 1,-187*w - 693,2456*w + 9190]
Isogeny class  286.3-b
Curve [1,-w - 1,w + 1,w,-3*w + 3]
Isogeny class  286.3-c
Curve [w + 1,-w,0,-56*w - 199,-350*w - 1303]
Isogeny class  286.3-d
Curve [w + 1,w - 1,1,2*w + 13,3*w + 9]
Isogeny class  286.3-e
Curve [1,1,w + 1,-74*w - 275,562*w + 2101]
Isogeny class  286.3-f
Curve [1,w,1,-w + 7,10*w - 38]

Total time: 924.929 seconds, Total memory usage: 87.44MB
